[I 240110 17:36:17 policy_utils:158] {
      "env": "MovieLensEnv-v0",
      "user_model_name": "DeepFM",
      "seed": 2023,
      "cuda": 2,
      "remove_recommended_ids": false,
      "draw_bar": false,
      "is_userinfo": true,
      "is_all_item_ranking": false,
      "cpu": false,
      "is_save": false,
      "use_userEmbedding": false,
      "use_pretrained_embedding": true,
      "exploration_noise": true,
      "explore_eps": 0.01,
      "need_state_norm": false,
      "freeze_emb": false,
      "reward_handle": "cat",
      "which_tracker": "avg",
      "embedding_dim": 32,
      "window_size": 3,
      "random_init": true,
      "filter_sizes": [
        2,
        3,
        4
      ],
      "num_filters": 16,
      "dropout_rate": 0.1,
      "num_heads": 1,
      "dilations": "[1, 2, 1, 2, 1, 2]",
      "buffer_size": 100000,
      "lr": 0.001,
      "epoch": 100,
      "batch_size": 64,
      "hidden_sizes": [
        64,
        64
      ],
      "episode_per_collect": 100,
      "n_step": 3,
      "update_per_step": 0.125,
      "training_num": 100,
      "test_num": 100,
      "render": 0,
      "reward_threshold": null,
      "gamma": 0.9,
      "step_per_epoch": 1000,
      "step_per_collect": 100,
      "repeat_per_collect": 1,
      "logdir": "log",
      "read_message": "pointneg3",
      "all_item_ranking": false,
      "is_binarize": true,
      "need_transform": true,
      "use_auxiliary": true,
      "entropy_window": [
        1,
        2
      ],
      "rating_threshold": 4,
      "yfeat": "rating",
      "leave_threshold": 75.0,
      "num_leave_compute": 7,
      "max_turn": 30,
      "force_length": 10,
      "top_rate": 0.8,
      "model_name": "C51",
      "target_update_freq": 320,
      "reward_normalization": false,
      "is_double": true,
      "clip_loss_grad": false,
      "num_atoms": 51,
      "v_min": -10.0,
      "v_max": 10.0,
      "prioritized_replay": false,
      "alpha": 0.6,
      "beta": 0.4,
      "message": "C51-75-7",
      "hostname": "server3"
    }
[I 240110 17:38:12 loggers:84] Epoch: [1], Info: [{'num_test': 100, 'len_tra': 2.04, 'R_tra': 7.083092795610428, 'ctr': '3.47210', 'CV': '0.00177', 'CV_turn': '0.03431', 'Diversity': '0.12826', 'Novelty': '3.31830', 'ifeat_feat': 0.9950980392156863, 'NX_0_len_tra': 2.0, 'NX_0_R_tra': 7.739864476919174, 'NX_0_ctr': '3.86993', 'NX_0_CV': '0.00051', 'NX_0_CV_turn': '0.01000', 'NX_0_Diversity': '0.98474', 'NX_0_Novelty': '3.88790', 'NX_0_ifeat_feat': 1.0, 'NX_10_len_tra': 10.0, 'NX_10_R_tra': 28.21597989320755, 'NX_10_ctr': '2.82160', 'NX_10_CV': '0.00253', 'NX_10_CV_turn': '0.01000', 'NX_10_Diversity': '0.98761', 'NX_10_Novelty': '5.33793', 'NX_10_ifeat_feat': 0.9}]
[I 240110 17:38:59 loggers:84] Epoch: [2], Info: [{'num_test': 100, 'len_tra': 2.0, 'R_tra': 8.149178786277771, 'ctr': '4.07459', 'CV': '0.00076', 'CV_turn': '0.01500', 'Diversity': '0.01967', 'Novelty': '4.57067', 'ifeat_feat': 0.995, 'NX_0_len_tra': 2.11, 'NX_0_R_tra': 7.7786927938461305, 'NX_0_ctr': '3.68658', 'NX_0_CV': '0.00101', 'NX_0_CV_turn': '0.01896', 'NX_0_Diversity': '0.98557', 'NX_0_Novelty': '3.91246', 'NX_0_ifeat_feat': 1.0, 'NX_10_len_tra': 10.0, 'NX_10_R_tra': 26.933868728280068, 'NX_10_ctr': '2.69339', 'NX_10_CV': '0.00278', 'NX_10_CV_turn': '0.01100', 'NX_10_Diversity': '0.98918', 'NX_10_Novelty': '5.84238', 'NX_10_ifeat_feat': 1.0}]
[I 240110 17:39:48 loggers:84] Epoch: [3], Info: [{'num_test': 100, 'len_tra': 2.01, 'R_tra': 8.095255651473998, 'ctr': '4.02749', 'CV': '0.00101', 'CV_turn': '0.01990', 'Diversity': '0.02630', 'Novelty': '4.57159', 'ifeat_feat': 1.0, 'NX_0_len_tra': 3.2, 'NX_0_R_tra': 10.782094639837743, 'NX_0_ctr': '3.36940', 'NX_0_CV': '0.00152', 'NX_0_CV_turn': '0.01875', 'NX_0_Diversity': '0.98714', 'NX_0_Novelty': '3.93037', 'NX_0_ifeat_feat': 1.0, 'NX_10_len_tra': 10.0, 'NX_10_R_tra': 30.431999672353268, 'NX_10_ctr': '3.04320', 'NX_10_CV': '0.00278', 'NX_10_CV_turn': '0.01100', 'NX_10_Diversity': '0.98931', 'NX_10_Novelty': '4.51625', 'NX_10_ifeat_feat': 1.0}]
[I 240110 17:40:39 loggers:84] Epoch: [4], Info: [{'num_test': 100, 'len_tra': 2.43, 'R_tra': 8.778260947465897, 'ctr': '3.61245', 'CV': '0.00152', 'CV_turn': '0.02469', 'Diversity': '0.31115', 'Novelty': '4.93909', 'ifeat_feat': 1.0, 'NX_0_len_tra': 3.65, 'NX_0_R_tra': 11.035913897454739, 'NX_0_ctr': '3.02354', 'NX_0_CV': '0.00127', 'NX_0_CV_turn': '0.01370', 'NX_0_Diversity': '0.98936', 'NX_0_Novelty': '4.62208', 'NX_0_ifeat_feat': 1.0, 'NX_10_len_tra': 10.0, 'NX_10_R_tra': 27.951427462399007, 'NX_10_ctr': '2.79514', 'NX_10_CV': '0.00278', 'NX_10_CV_turn': '0.01100', 'NX_10_Diversity': '0.99066', 'NX_10_Novelty': '4.34428', 'NX_10_ifeat_feat': 0.9}]
[I 240110 17:41:31 loggers:84] Epoch: [5], Info: [{'num_test': 100, 'len_tra': 2.02, 'R_tra': 7.866832604408264, 'ctr': '3.89447', 'CV': '0.00152', 'CV_turn': '0.02970', 'Diversity': '0.03293', 'Novelty': '4.52150', 'ifeat_feat': 1.0, 'NX_0_len_tra': 5.15, 'NX_0_R_tra': 15.005371809080243, 'NX_0_ctr': '2.91366', 'NX_0_CV': '0.00177', 'NX_0_CV_turn': '0.01359', 'NX_0_Diversity': '0.99064', 'NX_0_Novelty': '4.52313', 'NX_0_ifeat_feat': 0.8563106796116505, 'NX_10_len_tra': 10.0, 'NX_10_R_tra': 28.136638581454754, 'NX_10_ctr': '2.81366', 'NX_10_CV': '0.00278', 'NX_10_CV_turn': '0.01100', 'NX_10_Diversity': '0.99132', 'NX_10_Novelty': '4.69714', 'NX_10_ifeat_feat': 0.9}]
[I 240110 17:42:19 loggers:84] Epoch: [6], Info: [{'num_test': 100, 'len_tra': 2.31, 'R_tra': 9.359641352891922, 'ctr': '4.05179', 'CV': '0.00152', 'CV_turn': '0.02597', 'Diversity': '0.21496', 'Novelty': '4.56045', 'ifeat_feat': 0.9956709956709957, 'NX_0_len_tra': 4.85, 'NX_0_R_tra': 14.357596501931548, 'NX_0_ctr': '2.96033', 'NX_0_CV': '0.00228', 'NX_0_CV_turn': '0.01856', 'NX_0_Diversity': '0.99144', 'NX_0_Novelty': '4.76250', 'NX_0_ifeat_feat': 0.8536082474226804, 'NX_10_len_tra': 10.0, 'NX_10_R_tra': 29.426593576222658, 'NX_10_ctr': '2.94266', 'NX_10_CV': '0.00253', 'NX_10_CV_turn': '0.01000', 'NX_10_Diversity': '0.99057', 'NX_10_Novelty': '4.64592', 'NX_10_ifeat_feat': 0.9}]
[I 240110 17:43:10 loggers:84] Epoch: [7], Info: [{'num_test': 100, 'len_tra': 2.35, 'R_tra': 9.470906822681426, 'ctr': '4.03017', 'CV': '0.00152', 'CV_turn': '0.02553', 'Diversity': '0.24102', 'Novelty': '4.85290', 'ifeat_feat': 0.9957446808510638, 'NX_0_len_tra': 8.0, 'NX_0_R_tra': 24.12779796477407, 'NX_0_ctr': '3.01597', 'NX_0_CV': '0.00228', 'NX_0_CV_turn': '0.01125', 'NX_0_Diversity': '0.99086', 'NX_0_Novelty': '4.64764', 'NX_0_ifeat_feat': 0.85, 'NX_10_len_tra': 10.0, 'NX_10_R_tra': 30.607480918243528, 'NX_10_ctr': '3.06075', 'NX_10_CV': '0.00278', 'NX_10_CV_turn': '0.01100', 'NX_10_Diversity': '0.98945', 'NX_10_Novelty': '4.56773', 'NX_10_ifeat_feat': 0.8}]
[I 240110 17:44:01 loggers:84] Epoch: [8], Info: [{'num_test': 100, 'len_tra': 2.8, 'R_tra': 9.489626529216766, 'ctr': '3.38915', 'CV': '0.00202', 'CV_turn': '0.02857', 'Diversity': '0.43247', 'Novelty': '4.59515', 'ifeat_feat': 0.8964285714285715, 'NX_0_len_tra': 7.39, 'NX_0_R_tra': 21.84002988874912, 'NX_0_ctr': '2.95535', 'NX_0_CV': '0.00278', 'NX_0_CV_turn': '0.01488', 'NX_0_Diversity': '0.99013', 'NX_0_Novelty': '4.66053', 'NX_0_ifeat_feat': 0.8755074424898511, 'NX_10_len_tra': 10.0, 'NX_10_R_tra': 30.128578458428382, 'NX_10_ctr': '3.01286', 'NX_10_CV': '0.00304', 'NX_10_CV_turn': '0.01200', 'NX_10_Diversity': '0.98996', 'NX_10_Novelty': '4.86602', 'NX_10_ifeat_feat': 0.894}]
[I 240110 17:44:50 loggers:84] Epoch: [9], Info: [{'num_test': 100, 'len_tra': 2.69, 'R_tra': 7.714549534022808, 'ctr': '2.86786', 'CV': '0.00177', 'CV_turn': '0.02602', 'Diversity': '0.45777', 'Novelty': '4.83256', 'ifeat_feat': 0.7732342007434945, 'NX_0_len_tra': 4.7, 'NX_0_R_tra': 12.591351193040609, 'NX_0_ctr': '2.67901', 'NX_0_CV': '0.00304', 'NX_0_CV_turn': '0.02553', 'NX_0_Diversity': '0.99140', 'NX_0_Novelty': '4.42728', 'NX_0_ifeat_feat': 0.8, 'NX_10_len_tra': 10.0, 'NX_10_R_tra': 26.41722663283348, 'NX_10_ctr': '2.64172', 'NX_10_CV': '0.00354', 'NX_10_CV_turn': '0.01400', 'NX_10_Diversity': '0.99078', 'NX_10_Novelty': '4.95201', 'NX_10_ifeat_feat': 0.857}]
[I 240110 17:45:41 loggers:84] Epoch: [10], Info: [{'num_test': 100, 'len_tra': 2.62, 'R_tra': 7.487344745770097, 'ctr': '2.85777', 'CV': '0.00177', 'CV_turn': '0.02672', 'Diversity': '0.35634', 'Novelty': '4.43546', 'ifeat_feat': 0.9007633587786259, 'NX_0_len_tra': 4.22, 'NX_0_R_tra': 9.857201278433203, 'NX_0_ctr': '2.33583', 'NX_0_CV': '0.00228', 'NX_0_CV_turn': '0.02133', 'NX_0_Diversity': '0.99223', 'NX_0_Novelty': '4.63186', 'NX_0_ifeat_feat': 0.7938388625592417, 'NX_10_len_tra': 10.0, 'NX_10_R_tra': 25.36760677136481, 'NX_10_ctr': '2.53676', 'NX_10_CV': '0.00354', 'NX_10_CV_turn': '0.01400', 'NX_10_Diversity': '0.99128', 'NX_10_Novelty': '4.68351', 'NX_10_ifeat_feat': 0.857}]
[I 240110 17:46:31 loggers:84] Epoch: [11], Info: [{'num_test': 100, 'len_tra': 2.9, 'R_tra': 10.596846987009048, 'ctr': '3.65409', 'CV': '0.00202', 'CV_turn': '0.02759', 'Diversity': '0.59410', 'Novelty': '4.54953', 'ifeat_feat': 1.0, 'NX_0_len_tra': 4.9, 'NX_0_R_tra': 11.786948373019696, 'NX_0_ctr': '2.40550', 'NX_0_CV': '0.00228', 'NX_0_CV_turn': '0.01837', 'NX_0_Diversity': '0.99202', 'NX_0_Novelty': '4.97599', 'NX_0_ifeat_feat': 0.8367346938775511, 'NX_10_len_tra': 10.0, 'NX_10_R_tra': 24.012712589185686, 'NX_10_ctr': '2.40127', 'NX_10_CV': '0.00354', 'NX_10_CV_turn': '0.01400', 'NX_10_Diversity': '0.99087', 'NX_10_Novelty': '4.86460', 'NX_10_ifeat_feat': 0.802}]
[I 240110 17:47:24 loggers:84] Epoch: [12], Info: [{'num_test': 100, 'len_tra': 2.9, 'R_tra': 8.825970275700092, 'ctr': '3.04344', 'CV': '0.00202', 'CV_turn': '0.02759', 'Diversity': '0.63454', 'Novelty': '6.53186', 'ifeat_feat': 1.0, 'NX_0_len_tra': 6.44, 'NX_0_R_tra': 19.768012235239148, 'NX_0_ctr': '3.06957', 'NX_0_CV': '0.00304', 'NX_0_CV_turn': '0.01863', 'NX_0_Diversity': '0.99055', 'NX_0_Novelty': '5.58290', 'NX_0_ifeat_feat': 1.0, 'NX_10_len_tra': 10.0, 'NX_10_R_tra': 27.86021407611668, 'NX_10_ctr': '2.78602', 'NX_10_CV': '0.00405', 'NX_10_CV_turn': '0.01600', 'NX_10_Diversity': '0.99096', 'NX_10_Novelty': '5.21900', 'NX_10_ifeat_feat': 0.944}]
[I 240110 17:48:11 loggers:84] Epoch: [13], Info: [{'num_test': 100, 'len_tra': 3.14, 'R_tra': 7.762357325255871, 'ctr': '2.47209', 'CV': '0.00253', 'CV_turn': '0.03185', 'Diversity': '0.48964', 'Novelty': '5.99256', 'ifeat_feat': 0.5987261146496815, 'NX_0_len_tra': 5.71, 'NX_0_R_tra': 15.901453962475061, 'NX_0_ctr': '2.78484', 'NX_0_CV': '0.00278', 'NX_0_CV_turn': '0.01926', 'NX_0_Diversity': '0.99234', 'NX_0_Novelty': '6.44722', 'NX_0_ifeat_feat': 0.7530647985989493, 'NX_10_len_tra': 10.0, 'NX_10_R_tra': 29.12824418567121, 'NX_10_ctr': '2.91282', 'NX_10_CV': '0.00380', 'NX_10_CV_turn': '0.01500', 'NX_10_Diversity': '0.99100', 'NX_10_Novelty': '5.80100', 'NX_10_ifeat_feat': 0.852}]
[I 240110 17:49:03 loggers:84] Epoch: [14], Info: [{'num_test': 100, 'len_tra': 3.18, 'R_tra': 7.602137752473355, 'ctr': '2.39061', 'CV': '0.00253', 'CV_turn': '0.03145', 'Diversity': '0.80589', 'Novelty': '4.87021', 'ifeat_feat': 1.0, 'NX_0_len_tra': 3.63, 'NX_0_R_tra': 10.521011400222779, 'NX_0_ctr': '2.89835', 'NX_0_CV': '0.00202', 'NX_0_CV_turn': '0.02204', 'NX_0_Diversity': '0.99042', 'NX_0_Novelty': '4.78418', 'NX_0_ifeat_feat': 1.0, 'NX_10_len_tra': 10.0, 'NX_10_R_tra': 32.76460244387388, 'NX_10_ctr': '3.27646', 'NX_10_CV': '0.00430', 'NX_10_CV_turn': '0.01700', 'NX_10_Diversity': '0.98916', 'NX_10_Novelty': '5.41458', 'NX_10_ifeat_feat': 1.0}]
[I 240110 17:49:54 loggers:84] Epoch: [15], Info: [{'num_test': 100, 'len_tra': 3.03, 'R_tra': 10.549051157832146, 'ctr': '3.48154', 'CV': '0.00354', 'CV_turn': '0.04620', 'Diversity': '0.71500', 'Novelty': '5.00291', 'ifeat_feat': 1.0, 'NX_0_len_tra': 3.79, 'NX_0_R_tra': 13.054685257971286, 'NX_0_ctr': '3.44451', 'NX_0_CV': '0.00329', 'NX_0_CV_turn': '0.03430', 'NX_0_Diversity': '0.98776', 'NX_0_Novelty': '5.39541', 'NX_0_ifeat_feat': 0.9973614775725593, 'NX_10_len_tra': 10.0, 'NX_10_R_tra': 28.643774605840445, 'NX_10_ctr': '2.86438', 'NX_10_CV': '0.00506', 'NX_10_CV_turn': '0.02000', 'NX_10_Diversity': '0.99038', 'NX_10_Novelty': '5.54692', 'NX_10_ifeat_feat': 0.952}]
[I 240110 17:50:43 loggers:84] Epoch: [16], Info: [{'num_test': 100, 'len_tra': 3.37, 'R_tra': 10.188307536840439, 'ctr': '3.02324', 'CV': '0.00329', 'CV_turn': '0.03858', 'Diversity': '0.66548', 'Novelty': '4.79017', 'ifeat_feat': 0.9940652818991098, 'NX_0_len_tra': 3.72, 'NX_0_R_tra': 11.746163541525602, 'NX_0_ctr': '3.15757', 'NX_0_CV': '0.00354', 'NX_0_CV_turn': '0.03763', 'NX_0_Diversity': '0.98931', 'NX_0_Novelty': '5.31358', 'NX_0_ifeat_feat': 0.9838709677419355, 'NX_10_len_tra': 10.0, 'NX_10_R_tra': 31.09409312132746, 'NX_10_ctr': '3.10941', 'NX_10_CV': '0.00506', 'NX_10_CV_turn': '0.02000', 'NX_10_Diversity': '0.98942', 'NX_10_Novelty': '5.50151', 'NX_10_ifeat_feat': 0.993}]
[I 240110 17:51:31 loggers:84] Epoch: [17], Info: [{'num_test': 100, 'len_tra': 2.51, 'R_tra': 9.366890586018563, 'ctr': '3.73183', 'CV': '0.00202', 'CV_turn': '0.03187', 'Diversity': '0.83403', 'Novelty': '6.23077', 'ifeat_feat': 0.9960159362549801, 'NX_0_len_tra': 2.96, 'NX_0_R_tra': 11.012502341270446, 'NX_0_ctr': '3.72044', 'NX_0_CV': '0.00202', 'NX_0_CV_turn': '0.02703', 'NX_0_Diversity': '0.98535', 'NX_0_Novelty': '6.02789', 'NX_0_ifeat_feat': 1.0, 'NX_10_len_tra': 10.0, 'NX_10_R_tra': 27.42244380414486, 'NX_10_ctr': '2.74224', 'NX_10_CV': '0.00304', 'NX_10_CV_turn': '0.01200', 'NX_10_Diversity': '0.99112', 'NX_10_Novelty': '5.83117', 'NX_10_ifeat_feat': 0.92}]
[I 240110 17:52:21 loggers:84] Epoch: [18], Info: [{'num_test': 100, 'len_tra': 2.8, 'R_tra': 10.250635541677475, 'ctr': '3.66094', 'CV': '0.00202', 'CV_turn': '0.02857', 'Diversity': '0.54418', 'Novelty': '4.99594', 'ifeat_feat': 1.0, 'NX_0_len_tra': 4.15, 'NX_0_R_tra': 13.376244384497404, 'NX_0_ctr': '3.22319', 'NX_0_CV': '0.00329', 'NX_0_CV_turn': '0.03133', 'NX_0_Diversity': '0.98871', 'NX_0_Novelty': '5.18659', 'NX_0_ifeat_feat': 0.9253012048192771, 'NX_10_len_tra': 10.0, 'NX_10_R_tra': 25.458867847770453, 'NX_10_ctr': '2.54589', 'NX_10_CV': '0.00506', 'NX_10_CV_turn': '0.02000', 'NX_10_Diversity': '0.99080', 'NX_10_Novelty': '5.41722', 'NX_10_ifeat_feat': 0.91}]
[I 240110 17:53:09 loggers:84] Epoch: [19], Info: [{'num_test': 100, 'len_tra': 2.98, 'R_tra': 10.147658377289773, 'ctr': '3.40525', 'CV': '0.00228', 'CV_turn': '0.03020', 'Diversity': '0.64648', 'Novelty': '4.75216', 'ifeat_feat': 1.0, 'NX_0_len_tra': 3.69, 'NX_0_R_tra': 12.792705139517784, 'NX_0_ctr': '3.46686', 'NX_0_CV': '0.00304', 'NX_0_CV_turn': '0.03252', 'NX_0_Diversity': '0.98730', 'NX_0_Novelty': '4.38192', 'NX_0_ifeat_feat': 1.0, 'NX_10_len_tra': 10.0, 'NX_10_R_tra': 30.43735898897052, 'NX_10_ctr': '3.04374', 'NX_10_CV': '0.00481', 'NX_10_CV_turn': '0.01900', 'NX_10_Diversity': '0.98741', 'NX_10_Novelty': '5.02835', 'NX_10_ifeat_feat': 0.995}]
[I 240110 17:53:55 loggers:84] Epoch: [20], Info: [{'num_test': 100, 'len_tra': 2.9, 'R_tra': 10.560273053646087, 'ctr': '3.64147', 'CV': '0.00304', 'CV_turn': '0.04138', 'Diversity': '0.77532', 'Novelty': '3.32695', 'ifeat_feat': 1.0, 'NX_0_len_tra': 3.14, 'NX_0_R_tra': 11.140291345119476, 'NX_0_ctr': '3.54786', 'NX_0_CV': '0.00228', 'NX_0_CV_turn': '0.02866', 'NX_0_Diversity': '0.98359', 'NX_0_Novelty': '3.31552', 'NX_0_ifeat_feat': 1.0, 'NX_10_len_tra': 10.0, 'NX_10_R_tra': 29.640698263645174, 'NX_10_ctr': '2.96407', 'NX_10_CV': '0.00481', 'NX_10_CV_turn': '0.01900', 'NX_10_Diversity': '0.98705', 'NX_10_Novelty': '3.79265', 'NX_10_ifeat_feat': 1.0}]
[I 240110 17:54:48 loggers:84] Epoch: [21], Info: [{'num_test': 100, 'len_tra': 2.97, 'R_tra': 9.791945371627808, 'ctr': '3.29695', 'CV': '0.00278', 'CV_turn': '0.03704', 'Diversity': '0.67949', 'Novelty': '3.92180', 'ifeat_feat': 0.9966329966329966, 'NX_0_len_tra': 3.17, 'NX_0_R_tra': 10.27183177471161, 'NX_0_ctr': '3.24033', 'NX_0_CV': '0.00202', 'NX_0_CV_turn': '0.02524', 'NX_0_Diversity': '0.98560', 'NX_0_Novelty': '3.99961', 'NX_0_ifeat_feat': 1.0, 'NX_10_len_tra': 10.0, 'NX_10_R_tra': 28.997381953094155, 'NX_10_ctr': '2.89974', 'NX_10_CV': '0.00430', 'NX_10_CV_turn': '0.01700', 'NX_10_Diversity': '0.98940', 'NX_10_Novelty': '4.60206', 'NX_10_ifeat_feat': 0.992}]
[I 240110 17:55:38 loggers:84] Epoch: [22], Info: [{'num_test': 100, 'len_tra': 2.96, 'R_tra': 6.878304344415665, 'ctr': '2.32375', 'CV': '0.00304', 'CV_turn': '0.04054', 'Diversity': '0.55912', 'Novelty': '4.87981', 'ifeat_feat': 1.0, 'NX_0_len_tra': 4.57, 'NX_0_R_tra': 13.282691750228405, 'NX_0_ctr': '2.90650', 'NX_0_CV': '0.00430', 'NX_0_CV_turn': '0.03720', 'NX_0_Diversity': '0.99013', 'NX_0_Novelty': '4.88702', 'NX_0_ifeat_feat': 1.0, 'NX_10_len_tra': 10.0, 'NX_10_R_tra': 29.708156185746194, 'NX_10_ctr': '2.97082', 'NX_10_CV': '0.00557', 'NX_10_CV_turn': '0.02200', 'NX_10_Diversity': '0.98922', 'NX_10_Novelty': '4.63813', 'NX_10_ifeat_feat': 0.999}]
[I 240110 17:56:28 loggers:84] Epoch: [23], Info: [{'num_test': 100, 'len_tra': 3.01, 'R_tra': 6.483530961871147, 'ctr': '2.15400', 'CV': '0.00177', 'CV_turn': '0.02326', 'Diversity': '0.65629', 'Novelty': '4.45993', 'ifeat_feat': 1.0, 'NX_0_len_tra': 5.03, 'NX_0_R_tra': 13.863912854790687, 'NX_0_ctr': '2.75625', 'NX_0_CV': '0.00253', 'NX_0_CV_turn': '0.01988', 'NX_0_Diversity': '0.99199', 'NX_0_Novelty': '4.55426', 'NX_0_ifeat_feat': 1.0, 'NX_10_len_tra': 10.0, 'NX_10_R_tra': 29.919192771017553, 'NX_10_ctr': '2.99192', 'NX_10_CV': '0.00405', 'NX_10_CV_turn': '0.01600', 'NX_10_Diversity': '0.99005', 'NX_10_Novelty': '5.32051', 'NX_10_ifeat_feat': 1.0}]
[I 240110 17:57:19 loggers:84] Epoch: [24], Info: [{'num_test': 100, 'len_tra': 3.19, 'R_tra': 9.714235259890556, 'ctr': '3.04521', 'CV': '0.00304', 'CV_turn': '0.03762', 'Diversity': '0.58260', 'Novelty': '5.07480', 'ifeat_feat': 1.0, 'NX_0_len_tra': 4.58, 'NX_0_R_tra': 13.499581530094147, 'NX_0_ctr': '2.94751', 'NX_0_CV': '0.00354', 'NX_0_CV_turn': '0.03057', 'NX_0_Diversity': '0.99073', 'NX_0_Novelty': '5.41162', 'NX_0_ifeat_feat': 1.0, 'NX_10_len_tra': 10.0, 'NX_10_R_tra': 30.78167166173458, 'NX_10_ctr': '3.07817', 'NX_10_CV': '0.00557', 'NX_10_CV_turn': '0.02200', 'NX_10_Diversity': '0.98998', 'NX_10_Novelty': '5.34202', 'NX_10_ifeat_feat': 0.993}]
[I 240110 17:58:09 loggers:84] Epoch: [25], Info: [{'num_test': 100, 'len_tra': 2.95, 'R_tra': 8.694516875743865, 'ctr': '2.94729', 'CV': '0.00278', 'CV_turn': '0.03729', 'Diversity': '0.52600', 'Novelty': '4.60928', 'ifeat_feat': 1.0, 'NX_0_len_tra': 4.01, 'NX_0_R_tra': 11.704883893728256, 'NX_0_ctr': '2.91892', 'NX_0_CV': '0.00304', 'NX_0_CV_turn': '0.02993', 'NX_0_Diversity': '0.99024', 'NX_0_Novelty': '4.47127', 'NX_0_ifeat_feat': 1.0, 'NX_10_len_tra': 10.0, 'NX_10_R_tra': 29.804743960797786, 'NX_10_ctr': '2.98047', 'NX_10_CV': '0.00455', 'NX_10_CV_turn': '0.01800', 'NX_10_Diversity': '0.98961', 'NX_10_Novelty': '4.79211', 'NX_10_ifeat_feat': 1.0}]
[I 240110 17:58:59 loggers:84] Epoch: [26], Info: [{'num_test': 100, 'len_tra': 4.52, 'R_tra': 14.616228780150413, 'ctr': '3.23368', 'CV': '0.00430', 'CV_turn': '0.03761', 'Diversity': '0.85585', 'Novelty': '4.48317', 'ifeat_feat': 1.0, 'NX_0_len_tra': 4.34, 'NX_0_R_tra': 13.456193036437035, 'NX_0_ctr': '3.10051', 'NX_0_CV': '0.00380', 'NX_0_CV_turn': '0.03456', 'NX_0_Diversity': '0.98944', 'NX_0_Novelty': '4.34780', 'NX_0_ifeat_feat': 1.0, 'NX_10_len_tra': 10.0, 'NX_10_R_tra': 29.354030552506448, 'NX_10_ctr': '2.93540', 'NX_10_CV': '0.00633', 'NX_10_CV_turn': '0.02500', 'NX_10_Diversity': '0.98947', 'NX_10_Novelty': '4.68026', 'NX_10_ifeat_feat': 1.0}]
[I 240110 17:59:49 loggers:84] Epoch: [27], Info: [{'num_test': 100, 'len_tra': 5.02, 'R_tra': 13.516586212217808, 'ctr': '2.69255', 'CV': '0.00354', 'CV_turn': '0.02789', 'Diversity': '0.78914', 'Novelty': '5.48516', 'ifeat_feat': 0.9960159362549801, 'NX_0_len_tra': 5.9, 'NX_0_R_tra': 17.081673936247824, 'NX_0_ctr': '2.89520', 'NX_0_CV': '0.00304', 'NX_0_CV_turn': '0.02034', 'NX_0_Diversity': '0.98939', 'NX_0_Novelty': '4.95929', 'NX_0_ifeat_feat': 1.0, 'NX_10_len_tra': 10.0, 'NX_10_R_tra': 29.066180410161614, 'NX_10_ctr': '2.90662', 'NX_10_CV': '0.00557', 'NX_10_CV_turn': '0.02200', 'NX_10_Diversity': '0.99002', 'NX_10_Novelty': '5.22789', 'NX_10_ifeat_feat': 0.995}]
[I 240110 18:00:37 loggers:84] Epoch: [28], Info: [{'num_test': 100, 'len_tra': 3.77, 'R_tra': 10.975564728379249, 'ctr': '2.91129', 'CV': '0.00329', 'CV_turn': '0.03448', 'Diversity': '0.95524', 'Novelty': '5.50060', 'ifeat_feat': 1.0, 'NX_0_len_tra': 3.93, 'NX_0_R_tra': 11.394934520125389, 'NX_0_ctr': '2.89947', 'NX_0_CV': '0.00177', 'NX_0_CV_turn': '0.01781', 'NX_0_Diversity': '0.99075', 'NX_0_Novelty': '5.42000', 'NX_0_ifeat_feat': 1.0, 'NX_10_len_tra': 10.0, 'NX_10_R_tra': 30.745153350681065, 'NX_10_ctr': '3.07452', 'NX_10_CV': '0.00455', 'NX_10_CV_turn': '0.01800', 'NX_10_Diversity': '0.98949', 'NX_10_Novelty': '5.23589', 'NX_10_ifeat_feat': 0.993}]
[I 240110 18:01:29 loggers:84] Epoch: [29], Info: [{'num_test': 100, 'len_tra': 3.12, 'R_tra': 9.324172435998916, 'ctr': '2.98852', 'CV': '0.00228', 'CV_turn': '0.02885', 'Diversity': '0.59328', 'Novelty': '7.27895', 'ifeat_feat': 1.0, 'NX_0_len_tra': 4.85, 'NX_0_R_tra': 14.25794868350029, 'NX_0_ctr': '2.93978', 'NX_0_CV': '0.00228', 'NX_0_CV_turn': '0.01856', 'NX_0_Diversity': '0.99066', 'NX_0_Novelty': '6.05073', 'NX_0_ifeat_feat': 1.0, 'NX_10_len_tra': 10.0, 'NX_10_R_tra': 31.83619011223316, 'NX_10_ctr': '3.18362', 'NX_10_CV': '0.00531', 'NX_10_CV_turn': '0.02100', 'NX_10_Diversity': '0.98898', 'NX_10_Novelty': '5.10369', 'NX_10_ifeat_feat': 0.977}]
[I 240110 18:02:23 loggers:84] Epoch: [30], Info: [{'num_test': 100, 'len_tra': 5.79, 'R_tra': 15.632643526792526, 'ctr': '2.69994', 'CV': '0.00253', 'CV_turn': '0.01727', 'Diversity': '0.85008', 'Novelty': '6.42295', 'ifeat_feat': 0.998272884283247, 'NX_0_len_tra': 4.83, 'NX_0_R_tra': 13.94532453775406, 'NX_0_ctr': '2.88723', 'NX_0_CV': '0.00329', 'NX_0_CV_turn': '0.02692', 'NX_0_Diversity': '0.99032', 'NX_0_Novelty': '5.94970', 'NX_0_ifeat_feat': 1.0, 'NX_10_len_tra': 10.0, 'NX_10_R_tra': 30.213190443217755, 'NX_10_ctr': '3.02132', 'NX_10_CV': '0.00455', 'NX_10_CV_turn': '0.01800', 'NX_10_Diversity': '0.99046', 'NX_10_Novelty': '5.56597', 'NX_10_ifeat_feat': 0.998}]
[I 240110 18:03:13 loggers:84] Epoch: [31], Info: [{'num_test': 100, 'len_tra': 6.2, 'R_tra': 17.3311948120594, 'ctr': '2.79535', 'CV': '0.00405', 'CV_turn': '0.02581', 'Diversity': '0.79478', 'Novelty': '6.22888', 'ifeat_feat': 0.9983870967741936, 'NX_0_len_tra': 6.06, 'NX_0_R_tra': 18.19997654557228, 'NX_0_ctr': '3.00330', 'NX_0_CV': '0.00278', 'NX_0_CV_turn': '0.01815', 'NX_0_Diversity': '0.99067', 'NX_0_Novelty': '5.73381', 'NX_0_ifeat_feat': 0.9405940594059405, 'NX_10_len_tra': 10.0, 'NX_10_R_tra': 32.11011064052582, 'NX_10_ctr': '3.21101', 'NX_10_CV': '0.00430', 'NX_10_CV_turn': '0.01700', 'NX_10_Diversity': '0.98883', 'NX_10_Novelty': '5.32073', 'NX_10_ifeat_feat': 0.947}]
[I 240110 18:04:04 loggers:84] Epoch: [32], Info: [{'num_test': 100, 'len_tra': 6.28, 'R_tra': 16.47708226084709, 'ctr': '2.62374', 'CV': '0.00430', 'CV_turn': '0.02707', 'Diversity': '0.79324', 'Novelty': '6.45397', 'ifeat_feat': 0.9952229299363057, 'NX_0_len_tra': 5.68, 'NX_0_R_tra': 16.28945801794529, 'NX_0_ctr': '2.86786', 'NX_0_CV': '0.00329', 'NX_0_CV_turn': '0.02289', 'NX_0_Diversity': '0.99074', 'NX_0_Novelty': '5.71897', 'NX_0_ifeat_feat': 0.9823943661971831, 'NX_10_len_tra': 10.0, 'NX_10_R_tra': 30.004432229846717, 'NX_10_ctr': '3.00044', 'NX_10_CV': '0.00531', 'NX_10_CV_turn': '0.02100', 'NX_10_Diversity': '0.98964', 'NX_10_Novelty': '5.71332', 'NX_10_ifeat_feat': 0.958}]
[I 240110 18:04:52 loggers:84] Epoch: [33], Info: [{'num_test': 100, 'len_tra': 4.03, 'R_tra': 11.971713907718659, 'ctr': '2.97065', 'CV': '0.00202', 'CV_turn': '0.01985', 'Diversity': '0.80939', 'Novelty': '6.68133', 'ifeat_feat': 1.0, 'NX_0_len_tra': 6.8, 'NX_0_R_tra': 19.96886401206255, 'NX_0_ctr': '2.93660', 'NX_0_CV': '0.00405', 'NX_0_CV_turn': '0.02353', 'NX_0_Diversity': '0.99110', 'NX_0_Novelty': '5.76085', 'NX_0_ifeat_feat': 0.9985294117647059, 'NX_10_len_tra': 10.0, 'NX_10_R_tra': 30.05839087843895, 'NX_10_ctr': '3.00584', 'NX_10_CV': '0.00455', 'NX_10_CV_turn': '0.01800', 'NX_10_Diversity': '0.99034', 'NX_10_Novelty': '5.51111', 'NX_10_ifeat_feat': 0.937}]
[I 240110 18:05:44 loggers:84] Epoch: [34], Info: [{'num_test': 100, 'len_tra': 5.78, 'R_tra': 15.983116929531098, 'ctr': '2.76525', 'CV': '0.00228', 'CV_turn': '0.01557', 'Diversity': '0.56157', 'Novelty': '6.90651', 'ifeat_feat': 1.0, 'NX_0_len_tra': 6.36, 'NX_0_R_tra': 18.517408356666564, 'NX_0_ctr': '2.91154', 'NX_0_CV': '0.00329', 'NX_0_CV_turn': '0.02044', 'NX_0_Diversity': '0.99114', 'NX_0_Novelty': '5.75160', 'NX_0_ifeat_feat': 0.9937106918238994, 'NX_10_len_tra': 10.0, 'NX_10_R_tra': 30.016114947497844, 'NX_10_ctr': '3.00161', 'NX_10_CV': '0.00531', 'NX_10_CV_turn': '0.02100', 'NX_10_Diversity': '0.99069', 'NX_10_Novelty': '5.78005', 'NX_10_ifeat_feat': 0.95}]
[I 240110 18:06:34 loggers:84] Epoch: [35], Info: [{'num_test': 100, 'len_tra': 5.33, 'R_tra': 13.940781576633453, 'ctr': '2.61553', 'CV': '0.00354', 'CV_turn': '0.02627', 'Diversity': '0.74414', 'Novelty': '6.79113', 'ifeat_feat': 0.9943714821763602, 'NX_0_len_tra': 5.01, 'NX_0_R_tra': 14.005578283295035, 'NX_0_ctr': '2.79552', 'NX_0_CV': '0.00278', 'NX_0_CV_turn': '0.02196', 'NX_0_Diversity': '0.99107', 'NX_0_Novelty': '5.89716', 'NX_0_ifeat_feat': 0.9960079840319361, 'NX_10_len_tra': 10.0, 'NX_10_R_tra': 29.479325147271155, 'NX_10_ctr': '2.94793', 'NX_10_CV': '0.00481', 'NX_10_CV_turn': '0.01900', 'NX_10_Diversity': '0.99080', 'NX_10_Novelty': '5.58589', 'NX_10_ifeat_feat': 0.887}]
[I 240110 18:07:26 loggers:84] Epoch: [36], Info: [{'num_test': 100, 'len_tra': 6.76, 'R_tra': 18.594811136722566, 'ctr': '2.75071', 'CV': '0.00228', 'CV_turn': '0.01331', 'Diversity': '0.70211', 'Novelty': '5.98685', 'ifeat_feat': 1.0, 'NX_0_len_tra': 6.35, 'NX_0_R_tra': 19.13382587313652, 'NX_0_ctr': '3.01320', 'NX_0_CV': '0.00380', 'NX_0_CV_turn': '0.02362', 'NX_0_Diversity': '0.99008', 'NX_0_Novelty': '6.04463', 'NX_0_ifeat_feat': 0.952755905511811, 'NX_10_len_tra': 10.0, 'NX_10_R_tra': 30.425671193897724, 'NX_10_ctr': '3.04257', 'NX_10_CV': '0.00506', 'NX_10_CV_turn': '0.02000', 'NX_10_Diversity': '0.99064', 'NX_10_Novelty': '5.82132', 'NX_10_ifeat_feat': 0.819}]
[I 240110 18:08:18 loggers:84] Epoch: [37], Info: [{'num_test': 100, 'len_tra': 6.45, 'R_tra': 17.492976425886155, 'ctr': '2.71209', 'CV': '0.00430', 'CV_turn': '0.02636', 'Diversity': '0.67387', 'Novelty': '6.64664', 'ifeat_feat': 0.9968992248062015, 'NX_0_len_tra': 6.32, 'NX_0_R_tra': 18.637570997178553, 'NX_0_ctr': '2.94898', 'NX_0_CV': '0.00405', 'NX_0_CV_turn': '0.02532', 'NX_0_Diversity': '0.99051', 'NX_0_Novelty': '6.09844', 'NX_0_ifeat_feat': 0.9636075949367089, 'NX_10_len_tra': 10.0, 'NX_10_R_tra': 30.281080034971236, 'NX_10_ctr': '3.02811', 'NX_10_CV': '0.00582', 'NX_10_CV_turn': '0.02300', 'NX_10_Diversity': '0.99022', 'NX_10_Novelty': '5.97294', 'NX_10_ifeat_feat': 0.894}]
[I 240110 18:09:12 loggers:84] Epoch: [38], Info: [{'num_test': 100, 'len_tra': 5.52, 'R_tra': 15.757871544659137, 'ctr': '2.85469', 'CV': '0.00329', 'CV_turn': '0.02355', 'Diversity': '0.77752', 'Novelty': '6.71184', 'ifeat_feat': 0.9184782608695652, 'NX_0_len_tra': 8.89, 'NX_0_R_tra': 25.797612649202346, 'NX_0_ctr': '2.90187', 'NX_0_CV': '0.00405', 'NX_0_CV_turn': '0.01800', 'NX_0_Diversity': '0.98990', 'NX_0_Novelty': '5.97841', 'NX_0_ifeat_feat': 0.7840269966254219, 'NX_10_len_tra': 10.0, 'NX_10_R_tra': 29.956441012993455, 'NX_10_ctr': '2.99564', 'NX_10_CV': '0.00557', 'NX_10_CV_turn': '0.02200', 'NX_10_Diversity': '0.98972', 'NX_10_Novelty': '6.00239', 'NX_10_ifeat_feat': 0.802}]
[I 240110 18:10:02 loggers:84] Epoch: [39], Info: [{'num_test': 100, 'len_tra': 6.73, 'R_tra': 17.51910855412483, 'ctr': '2.60314', 'CV': '0.00430', 'CV_turn': '0.02526', 'Diversity': '0.86550', 'Novelty': '5.64262', 'ifeat_feat': 0.8380386329866271, 'NX_0_len_tra': 7.93, 'NX_0_R_tra': 22.622609262242914, 'NX_0_ctr': '2.85279', 'NX_0_CV': '0.00430', 'NX_0_CV_turn': '0.02144', 'NX_0_Diversity': '0.99023', 'NX_0_Novelty': '5.52561', 'NX_0_ifeat_feat': 0.7414880201765448, 'NX_10_len_tra': 10.0, 'NX_10_R_tra': 29.139446493797003, 'NX_10_ctr': '2.91394', 'NX_10_CV': '0.00582', 'NX_10_CV_turn': '0.02300', 'NX_10_Diversity': '0.99001', 'NX_10_Novelty': '5.45169', 'NX_10_ifeat_feat': 0.789}]
[I 240110 18:10:52 loggers:84] Epoch: [40], Info: [{'num_test': 100, 'len_tra': 5.26, 'R_tra': 14.010606594085694, 'ctr': '2.66361', 'CV': '0.00455', 'CV_turn': '0.03422', 'Diversity': '0.73979', 'Novelty': '6.91405', 'ifeat_feat': 0.6673003802281369, 'NX_0_len_tra': 8.06, 'NX_0_R_tra': 23.379673531353475, 'NX_0_ctr': '2.90070', 'NX_0_CV': '0.00455', 'NX_0_CV_turn': '0.02233', 'NX_0_Diversity': '0.99129', 'NX_0_Novelty': '6.14519', 'NX_0_ifeat_feat': 0.8411910669975186, 'NX_10_len_tra': 10.0, 'NX_10_R_tra': 28.62287134051323, 'NX_10_ctr': '2.86229', 'NX_10_CV': '0.00582', 'NX_10_CV_turn': '0.02300', 'NX_10_Diversity': '0.99084', 'NX_10_Novelty': '6.09561', 'NX_10_ifeat_feat': 0.848}]
[I 240110 18:11:43 loggers:84] Epoch: [41], Info: [{'num_test': 100, 'len_tra': 7.6, 'R_tra': 20.38650753468275, 'ctr': '2.68244', 'CV': '0.00380', 'CV_turn': '0.01974', 'Diversity': '0.83571', 'Novelty': '6.14787', 'ifeat_feat': 0.9644736842105263, 'NX_0_len_tra': 6.87, 'NX_0_R_tra': 17.309604794234037, 'NX_0_ctr': '2.51959', 'NX_0_CV': '0.00405', 'NX_0_CV_turn': '0.02329', 'NX_0_Diversity': '0.99205', 'NX_0_Novelty': '6.25633', 'NX_0_ifeat_feat': 0.9199417758369723, 'NX_10_len_tra': 10.0, 'NX_10_R_tra': 28.43353936046362, 'NX_10_ctr': '2.84335', 'NX_10_CV': '0.00481', 'NX_10_CV_turn': '0.01900', 'NX_10_Diversity': '0.99090', 'NX_10_Novelty': '5.99260', 'NX_10_ifeat_feat': 0.895}]
[I 240110 18:12:33 loggers:84] Epoch: [42], Info: [{'num_test': 100, 'len_tra': 7.68, 'R_tra': 20.38957450687885, 'ctr': '2.65489', 'CV': '0.00329', 'CV_turn': '0.01693', 'Diversity': '0.84612', 'Novelty': '6.09986', 'ifeat_feat': 0.953125, 'NX_0_len_tra': 8.03, 'NX_0_R_tra': 20.172593026459218, 'NX_0_ctr': '2.51215', 'NX_0_CV': '0.00481', 'NX_0_CV_turn': '0.02366', 'NX_0_Diversity': '0.99148', 'NX_0_Novelty': '6.03182', 'NX_0_ifeat_feat': 0.8107098381070984, 'NX_10_len_tra': 10.0, 'NX_10_R_tra': 25.561996819339694, 'NX_10_ctr': '2.55620', 'NX_10_CV': '0.00582', 'NX_10_CV_turn': '0.02300', 'NX_10_Diversity': '0.99108', 'NX_10_Novelty': '5.89979', 'NX_10_ifeat_feat': 0.825}]
[I 240110 18:13:25 loggers:84] Epoch: [43], Info: [{'num_test': 100, 'len_tra': 6.74, 'R_tra': 17.152737918496133, 'ctr': '2.54492', 'CV': '0.00354', 'CV_turn': '0.02077', 'Diversity': '0.84880', 'Novelty': '6.06024', 'ifeat_feat': 0.9925816023738873, 'NX_0_len_tra': 5.81, 'NX_0_R_tra': 15.661073458194732, 'NX_0_ctr': '2.69554', 'NX_0_CV': '0.00354', 'NX_0_CV_turn': '0.02410', 'NX_0_Diversity': '0.99107', 'NX_0_Novelty': '5.83715', 'NX_0_ifeat_feat': 0.9862306368330465, 'NX_10_len_tra': 10.0, 'NX_10_R_tra': 28.70509112864733, 'NX_10_ctr': '2.87051', 'NX_10_CV': '0.00582', 'NX_10_CV_turn': '0.02300', 'NX_10_Diversity': '0.99087', 'NX_10_Novelty': '5.76114', 'NX_10_ifeat_feat': 0.929}]
[I 240110 18:14:12 loggers:84] Epoch: [44], Info: [{'num_test': 100, 'len_tra': 7.46, 'R_tra': 19.834731104373933, 'ctr': '2.65881', 'CV': '0.00455', 'CV_turn': '0.02413', 'Diversity': '0.88843', 'Novelty': '6.03822', 'ifeat_feat': 0.9986595174262735, 'NX_0_len_tra': 5.83, 'NX_0_R_tra': 16.615790691673755, 'NX_0_ctr': '2.85005', 'NX_0_CV': '0.00380', 'NX_0_CV_turn': '0.02573', 'NX_0_Diversity': '0.99125', 'NX_0_Novelty': '5.88535', 'NX_0_ifeat_feat': 0.9931389365351629, 'NX_10_len_tra': 10.0, 'NX_10_R_tra': 28.340511909723283, 'NX_10_ctr': '2.83405', 'NX_10_CV': '0.00633', 'NX_10_CV_turn': '0.02500', 'NX_10_Diversity': '0.99033', 'NX_10_Novelty': '5.81722', 'NX_10_ifeat_feat': 0.942}]
[I 240110 18:15:00 loggers:84] Epoch: [45], Info: [{'num_test': 100, 'len_tra': 7.47, 'R_tra': 20.02946259021759, 'ctr': '2.68132', 'CV': '0.00430', 'CV_turn': '0.02276', 'Diversity': '0.84708', 'Novelty': '6.14938', 'ifeat_feat': 0.998661311914324, 'NX_0_len_tra': 6.81, 'NX_0_R_tra': 19.40183407366276, 'NX_0_ctr': '2.84902', 'NX_0_CV': '0.00430', 'NX_0_CV_turn': '0.02496', 'NX_0_Diversity': '0.99072', 'NX_0_Novelty': '5.79352', 'NX_0_ifeat_feat': 0.9574155653450808, 'NX_10_len_tra': 10.0, 'NX_10_R_tra': 29.212740932404994, 'NX_10_ctr': '2.92127', 'NX_10_CV': '0.00633', 'NX_10_CV_turn': '0.02500', 'NX_10_Diversity': '0.99088', 'NX_10_Novelty': '5.87643', 'NX_10_ifeat_feat': 0.899}]
[I 240110 18:15:55 loggers:84] Epoch: [46], Info: [{'num_test': 100, 'len_tra': 7.21, 'R_tra': 17.872529665827752, 'ctr': '2.47885', 'CV': '0.00506', 'CV_turn': '0.02774', 'Diversity': '0.87133', 'Novelty': '5.80282', 'ifeat_feat': 0.9944521497919556, 'NX_0_len_tra': 6.26, 'NX_0_R_tra': 17.436308339089155, 'NX_0_ctr': '2.78535', 'NX_0_CV': '0.00506', 'NX_0_CV_turn': '0.03195', 'NX_0_Diversity': '0.99077', 'NX_0_Novelty': '5.95171', 'NX_0_ifeat_feat': 0.8690095846645367, 'NX_10_len_tra': 10.0, 'NX_10_R_tra': 28.155991749763487, 'NX_10_ctr': '2.81560', 'NX_10_CV': '0.00607', 'NX_10_CV_turn': '0.02400', 'NX_10_Diversity': '0.99088', 'NX_10_Novelty': '5.94025', 'NX_10_ifeat_feat': 0.847}]
[I 240110 18:16:47 loggers:84] Epoch: [47], Info: [{'num_test': 100, 'len_tra': 7.59, 'R_tra': 20.878392785787582, 'ctr': '2.75078', 'CV': '0.00481', 'CV_turn': '0.02503', 'Diversity': '0.86648', 'Novelty': '6.31888', 'ifeat_feat': 1.0, 'NX_0_len_tra': 6.06, 'NX_0_R_tra': 17.101773216426373, 'NX_0_ctr': '2.82207', 'NX_0_CV': '0.00481', 'NX_0_CV_turn': '0.03135', 'NX_0_Diversity': '0.99125', 'NX_0_Novelty': '5.91791', 'NX_0_ifeat_feat': 0.9455445544554455, 'NX_10_len_tra': 10.0, 'NX_10_R_tra': 27.976169353723527, 'NX_10_ctr': '2.79762', 'NX_10_CV': '0.00683', 'NX_10_CV_turn': '0.02700', 'NX_10_Diversity': '0.99105', 'NX_10_Novelty': '6.12242', 'NX_10_ifeat_feat': 0.855}]
[I 240110 18:17:36 loggers:84] Epoch: [48], Info: [{'num_test': 100, 'len_tra': 6.71, 'R_tra': 18.94553619340062, 'ctr': '2.82348', 'CV': '0.00405', 'CV_turn': '0.02385', 'Diversity': '0.93992', 'Novelty': '5.79594', 'ifeat_feat': 0.9985096870342772, 'NX_0_len_tra': 6.21, 'NX_0_R_tra': 18.371455113887787, 'NX_0_ctr': '2.95837', 'NX_0_CV': '0.00557', 'NX_0_CV_turn': '0.03543', 'NX_0_Diversity': '0.99050', 'NX_0_Novelty': '5.78205', 'NX_0_ifeat_feat': 0.964573268921095, 'NX_10_len_tra': 10.0, 'NX_10_R_tra': 28.187812270820142, 'NX_10_ctr': '2.81878', 'NX_10_CV': '0.00683', 'NX_10_CV_turn': '0.02700', 'NX_10_Diversity': '0.99088', 'NX_10_Novelty': '5.77428', 'NX_10_ifeat_feat': 0.9}]
[I 240110 18:18:26 loggers:84] Epoch: [49], Info: [{'num_test': 100, 'len_tra': 6.08, 'R_tra': 18.304722075760363, 'ctr': '3.01065', 'CV': '0.00481', 'CV_turn': '0.03125', 'Diversity': '0.86917', 'Novelty': '6.64175', 'ifeat_feat': 0.9983552631578947, 'NX_0_len_tra': 7.78, 'NX_0_R_tra': 22.046015785634516, 'NX_0_ctr': '2.83368', 'NX_0_CV': '0.00506', 'NX_0_CV_turn': '0.02571', 'NX_0_Diversity': '0.99110', 'NX_0_Novelty': '6.13013', 'NX_0_ifeat_feat': 0.9125964010282777, 'NX_10_len_tra': 10.0, 'NX_10_R_tra': 26.531765307486058, 'NX_10_ctr': '2.65318', 'NX_10_CV': '0.00531', 'NX_10_CV_turn': '0.02100', 'NX_10_Diversity': '0.99136', 'NX_10_Novelty': '5.97202', 'NX_10_ifeat_feat': 0.941}]
[I 240110 18:19:18 loggers:84] Epoch: [50], Info: [{'num_test': 100, 'len_tra': 6.25, 'R_tra': 16.481396926045417, 'ctr': '2.63702', 'CV': '0.00455', 'CV_turn': '0.02880', 'Diversity': '0.72355', 'Novelty': '6.90667', 'ifeat_feat': 0.88, 'NX_0_len_tra': 8.16, 'NX_0_R_tra': 21.663474108874798, 'NX_0_ctr': '2.65484', 'NX_0_CV': '0.00481', 'NX_0_CV_turn': '0.02328', 'NX_0_Diversity': '0.99166', 'NX_0_Novelty': '6.20858', 'NX_0_ifeat_feat': 0.8823529411764706, 'NX_10_len_tra': 10.0, 'NX_10_R_tra': 25.575788209587337, 'NX_10_ctr': '2.55758', 'NX_10_CV': '0.00506', 'NX_10_CV_turn': '0.02000', 'NX_10_Diversity': '0.99184', 'NX_10_Novelty': '6.10079', 'NX_10_ifeat_feat': 0.878}]
[I 240110 18:20:11 loggers:84] Epoch: [51], Info: [{'num_test': 100, 'len_tra': 7.7, 'R_tra': 20.34168481424451, 'ctr': '2.64178', 'CV': '0.00304', 'CV_turn': '0.01558', 'Diversity': '0.87898', 'Novelty': '6.39214', 'ifeat_feat': 0.7428571428571429, 'NX_0_len_tra': 8.2, 'NX_0_R_tra': 23.288390593528746, 'NX_0_ctr': '2.84005', 'NX_0_CV': '0.00405', 'NX_0_CV_turn': '0.01951', 'NX_0_Diversity': '0.99082', 'NX_0_Novelty': '6.06466', 'NX_0_ifeat_feat': 0.8682926829268293, 'NX_10_len_tra': 10.0, 'NX_10_R_tra': 28.017665703594684, 'NX_10_ctr': '2.80177', 'NX_10_CV': '0.00531', 'NX_10_CV_turn': '0.02100', 'NX_10_Diversity': '0.99111', 'NX_10_Novelty': '6.23686', 'NX_10_ifeat_feat': 0.804}]
[I 240110 18:20:59 loggers:84] Epoch: [52], Info: [{'num_test': 100, 'len_tra': 7.3, 'R_tra': 19.788097314834594, 'ctr': '2.71070', 'CV': '0.00380', 'CV_turn': '0.02055', 'Diversity': '0.82904', 'Novelty': '6.43485', 'ifeat_feat': 0.9972602739726028, 'NX_0_len_tra': 7.81, 'NX_0_R_tra': 22.073587262928484, 'NX_0_ctr': '2.82632', 'NX_0_CV': '0.00405', 'NX_0_CV_turn': '0.02049', 'NX_0_Diversity': '0.99059', 'NX_0_Novelty': '5.72132', 'NX_0_ifeat_feat': 0.8412291933418694, 'NX_10_len_tra': 10.0, 'NX_10_R_tra': 28.019411839842796, 'NX_10_ctr': '2.80194', 'NX_10_CV': '0.00506', 'NX_10_CV_turn': '0.02000', 'NX_10_Diversity': '0.99069', 'NX_10_Novelty': '5.63208', 'NX_10_ifeat_feat': 0.852}]
[I 240110 18:21:52 loggers:84] Epoch: [53], Info: [{'num_test': 100, 'len_tra': 7.65, 'R_tra': 20.64413478434086, 'ctr': '2.69858', 'CV': '0.00405', 'CV_turn': '0.02092', 'Diversity': '0.86479', 'Novelty': '6.29759', 'ifeat_feat': 0.9673202614379085, 'NX_0_len_tra': 8.14, 'NX_0_R_tra': 23.129951483607293, 'NX_0_ctr': '2.84152', 'NX_0_CV': '0.00557', 'NX_0_CV_turn': '0.02703', 'NX_0_Diversity': '0.99064', 'NX_0_Novelty': '6.03165', 'NX_0_ifeat_feat': 0.8452088452088452, 'NX_10_len_tra': 10.0, 'NX_10_R_tra': 28.763549120426177, 'NX_10_ctr': '2.87635', 'NX_10_CV': '0.00531', 'NX_10_CV_turn': '0.02100', 'NX_10_Diversity': '0.99110', 'NX_10_Novelty': '5.91830', 'NX_10_ifeat_feat': 0.795}]
[I 240110 18:22:46 loggers:84] Epoch: [54], Info: [{'num_test': 100, 'len_tra': 7.8, 'R_tra': 20.650827614367007, 'ctr': '2.64754', 'CV': '0.00557', 'CV_turn': '0.02821', 'Diversity': '0.94680', 'Novelty': '5.77763', 'ifeat_feat': 0.9371794871794872, 'NX_0_len_tra': 7.99, 'NX_0_R_tra': 21.85152938634157, 'NX_0_ctr': '2.73486', 'NX_0_CV': '0.00455', 'NX_0_CV_turn': '0.02253', 'NX_0_Diversity': '0.99114', 'NX_0_Novelty': '5.97596', 'NX_0_ifeat_feat': 0.8397997496871089, 'NX_10_len_tra': 10.0, 'NX_10_R_tra': 27.05268486469984, 'NX_10_ctr': '2.70527', 'NX_10_CV': '0.00557', 'NX_10_CV_turn': '0.02200', 'NX_10_Diversity': '0.99146', 'NX_10_Novelty': '5.94620', 'NX_10_ifeat_feat': 0.763}]
[I 240110 18:23:32 loggers:84] Epoch: [55], Info: [{'num_test': 100, 'len_tra': 7.65, 'R_tra': 21.35711153745651, 'ctr': '2.79178', 'CV': '0.00633', 'CV_turn': '0.03268', 'Diversity': '0.87604', 'Novelty': '6.31193', 'ifeat_feat': 0.9647058823529412, 'NX_0_len_tra': 8.17, 'NX_0_R_tra': 23.27637770742178, 'NX_0_ctr': '2.84901', 'NX_0_CV': '0.00455', 'NX_0_CV_turn': '0.02203', 'NX_0_Diversity': '0.99108', 'NX_0_Novelty': '5.85739', 'NX_0_ifeat_feat': 0.824969400244798, 'NX_10_len_tra': 10.0, 'NX_10_R_tra': 28.928939394950866, 'NX_10_ctr': '2.89289', 'NX_10_CV': '0.00531', 'NX_10_CV_turn': '0.02100', 'NX_10_Diversity': '0.99127', 'NX_10_Novelty': '6.05313', 'NX_10_ifeat_feat': 0.784}]
[I 240110 18:24:25 loggers:84] Epoch: [56], Info: [{'num_test': 100, 'len_tra': 7.24, 'R_tra': 19.867492666840555, 'ctr': '2.74413', 'CV': '0.00430', 'CV_turn': '0.02348', 'Diversity': '0.87097', 'Novelty': '6.24931', 'ifeat_feat': 0.9640883977900553, 'NX_0_len_tra': 7.3, 'NX_0_R_tra': 20.807522321045397, 'NX_0_ctr': '2.85035', 'NX_0_CV': '0.00380', 'NX_0_CV_turn': '0.02055', 'NX_0_Diversity': '0.99065', 'NX_0_Novelty': '5.84070', 'NX_0_ifeat_feat': 0.915068493150685, 'NX_10_len_tra': 10.0, 'NX_10_R_tra': 28.578748461157083, 'NX_10_ctr': '2.85787', 'NX_10_CV': '0.00531', 'NX_10_CV_turn': '0.02100', 'NX_10_Diversity': '0.99139', 'NX_10_Novelty': '6.01354', 'NX_10_ifeat_feat': 0.784}]
[I 240110 18:25:16 loggers:84] Epoch: [57], Info: [{'num_test': 100, 'len_tra': 7.41, 'R_tra': 20.505672342181207, 'ctr': '2.76730', 'CV': '0.00582', 'CV_turn': '0.03104', 'Diversity': '0.86624', 'Novelty': '6.32454', 'ifeat_feat': 0.9676113360323887, 'NX_0_len_tra': 7.38, 'NX_0_R_tra': 20.598113876134157, 'NX_0_ctr': '2.79107', 'NX_0_CV': '0.00405', 'NX_0_CV_turn': '0.02168', 'NX_0_Diversity': '0.99127', 'NX_0_Novelty': '5.96877', 'NX_0_ifeat_feat': 0.8712737127371274, 'NX_10_len_tra': 10.0, 'NX_10_R_tra': 27.71427459359169, 'NX_10_ctr': '2.77143', 'NX_10_CV': '0.00455', 'NX_10_CV_turn': '0.01800', 'NX_10_Diversity': '0.99128', 'NX_10_Novelty': '5.95288', 'NX_10_ifeat_feat': 0.797}]
[I 240110 18:26:09 loggers:84] Epoch: [58], Info: [{'num_test': 100, 'len_tra': 6.9, 'R_tra': 19.19727848753333, 'ctr': '2.78221', 'CV': '0.00329', 'CV_turn': '0.01884', 'Diversity': '0.85482', 'Novelty': '6.40858', 'ifeat_feat': 0.9231884057971015, 'NX_0_len_tra': 7.64, 'NX_0_R_tra': 21.258435843884946, 'NX_0_ctr': '2.78252', 'NX_0_CV': '0.00405', 'NX_0_CV_turn': '0.02094', 'NX_0_Diversity': '0.99129', 'NX_0_Novelty': '5.80561', 'NX_0_ifeat_feat': 0.8390052356020943, 'NX_10_len_tra': 10.0, 'NX_10_R_tra': 27.138830799907446, 'NX_10_ctr': '2.71388', 'NX_10_CV': '0.00455', 'NX_10_CV_turn': '0.01800', 'NX_10_Diversity': '0.99121', 'NX_10_Novelty': '5.71364', 'NX_10_ifeat_feat': 0.814}]
[I 240110 18:27:00 loggers:84] Epoch: [59], Info: [{'num_test': 100, 'len_tra': 7.75, 'R_tra': 20.664786804318428, 'ctr': '2.66642', 'CV': '0.00506', 'CV_turn': '0.02581', 'Diversity': '0.94119', 'Novelty': '5.62595', 'ifeat_feat': 0.9858064516129033, 'NX_0_len_tra': 7.93, 'NX_0_R_tra': 21.263556368350983, 'NX_0_ctr': '2.68141', 'NX_0_CV': '0.00455', 'NX_0_CV_turn': '0.02270', 'NX_0_Diversity': '0.99079', 'NX_0_Novelty': '5.85285', 'NX_0_ifeat_feat': 0.9066834804539723, 'NX_10_len_tra': 10.0, 'NX_10_R_tra': 27.858830497413873, 'NX_10_ctr': '2.78588', 'NX_10_CV': '0.00481', 'NX_10_CV_turn': '0.01900', 'NX_10_Diversity': '0.99102', 'NX_10_Novelty': '5.76577', 'NX_10_ifeat_feat': 0.824}]
[I 240110 18:27:52 loggers:84] Epoch: [60], Info: [{'num_test': 100, 'len_tra': 7.61, 'R_tra': 19.722929949462415, 'ctr': '2.59171', 'CV': '0.00557', 'CV_turn': '0.02891', 'Diversity': '0.86114', 'Novelty': '6.06461', 'ifeat_feat': 0.9553219448094612, 'NX_0_len_tra': 8.48, 'NX_0_R_tra': 22.250660260915755, 'NX_0_ctr': '2.62390', 'NX_0_CV': '0.00481', 'NX_0_CV_turn': '0.02241', 'NX_0_Diversity': '0.99164', 'NX_0_Novelty': '5.84379', 'NX_0_ifeat_feat': 0.8573113207547169, 'NX_10_len_tra': 10.0, 'NX_10_R_tra': 27.988306882679463, 'NX_10_ctr': '2.79883', 'NX_10_CV': '0.00582', 'NX_10_CV_turn': '0.02300', 'NX_10_Diversity': '0.99154', 'NX_10_Novelty': '5.83941', 'NX_10_ifeat_feat': 0.837}]
[I 240110 18:28:42 loggers:84] Epoch: [61], Info: [{'num_test': 100, 'len_tra': 8.14, 'R_tra': 22.900462179630996, 'ctr': '2.81332', 'CV': '0.00430', 'CV_turn': '0.02088', 'Diversity': '0.91146', 'Novelty': '5.62539', 'ifeat_feat': 0.9877149877149877, 'NX_0_len_tra': 8.91, 'NX_0_R_tra': 24.37722494393587, 'NX_0_ctr': '2.73594', 'NX_0_CV': '0.00531', 'NX_0_CV_turn': '0.02357', 'NX_0_Diversity': '0.99133', 'NX_0_Novelty': '5.45392', 'NX_0_ifeat_feat': 0.8597081930415263, 'NX_10_len_tra': 10.0, 'NX_10_R_tra': 27.541314806491137, 'NX_10_ctr': '2.75413', 'NX_10_CV': '0.00633', 'NX_10_CV_turn': '0.02500', 'NX_10_Diversity': '0.99115', 'NX_10_Novelty': '5.60131', 'NX_10_ifeat_feat': 0.835}]
[I 240110 18:29:31 loggers:84] Epoch: [62], Info: [{'num_test': 100, 'len_tra': 7.98, 'R_tra': 20.908829164505004, 'ctr': '2.62015', 'CV': '0.00455', 'CV_turn': '0.02256', 'Diversity': '0.90187', 'Novelty': '4.70266', 'ifeat_feat': 0.9047619047619048, 'NX_0_len_tra': 9.26, 'NX_0_R_tra': 24.97792340233922, 'NX_0_ctr': '2.69740', 'NX_0_CV': '0.00481', 'NX_0_CV_turn': '0.02052', 'NX_0_Diversity': '0.99158', 'NX_0_Novelty': '5.50986', 'NX_0_ifeat_feat': 0.8315334773218143, 'NX_10_len_tra': 10.0, 'NX_10_R_tra': 26.587229139059783, 'NX_10_ctr': '2.65872', 'NX_10_CV': '0.00557', 'NX_10_CV_turn': '0.02200', 'NX_10_Diversity': '0.99175', 'NX_10_Novelty': '5.59517', 'NX_10_ifeat_feat': 0.849}]
[I 240110 18:30:22 loggers:84] Epoch: [63], Info: [{'num_test': 100, 'len_tra': 7.81, 'R_tra': 20.690265038013457, 'ctr': '2.64920', 'CV': '0.00506', 'CV_turn': '0.02561', 'Diversity': '0.89453', 'Novelty': '5.51766', 'ifeat_feat': 0.9961587708066582, 'NX_0_len_tra': 9.87, 'NX_0_R_tra': 27.944432156085966, 'NX_0_ctr': '2.83125', 'NX_0_CV': '0.00582', 'NX_0_CV_turn': '0.02330', 'NX_0_Diversity': '0.99144', 'NX_0_Novelty': '5.74930', 'NX_0_ifeat_feat': 0.9148936170212766, 'NX_10_len_tra': 10.0, 'NX_10_R_tra': 27.577641845941542, 'NX_10_ctr': '2.75776', 'NX_10_CV': '0.00607', 'NX_10_CV_turn': '0.02400', 'NX_10_Diversity': '0.99163', 'NX_10_Novelty': '5.78076', 'NX_10_ifeat_feat': 0.91}]
[I 240110 18:31:10 loggers:84] Epoch: [64], Info: [{'num_test': 100, 'len_tra': 7.34, 'R_tra': 18.816672607660294, 'ctr': '2.56358', 'CV': '0.00633', 'CV_turn': '0.03406', 'Diversity': '0.89945', 'Novelty': '5.57920', 'ifeat_feat': 0.9904632152588556, 'NX_0_len_tra': 8.98, 'NX_0_R_tra': 24.168585658818483, 'NX_0_ctr': '2.69138', 'NX_0_CV': '0.00607', 'NX_0_CV_turn': '0.02673', 'NX_0_Diversity': '0.99172', 'NX_0_Novelty': '5.78770', 'NX_0_ifeat_feat': 0.9031180400890868, 'NX_10_len_tra': 10.0, 'NX_10_R_tra': 27.01851442992687, 'NX_10_ctr': '2.70185', 'NX_10_CV': '0.00683', 'NX_10_CV_turn': '0.02700', 'NX_10_Diversity': '0.99204', 'NX_10_Novelty': '6.04051', 'NX_10_ifeat_feat': 0.825}]
[I 240110 18:31:59 loggers:84] Epoch: [65], Info: [{'num_test': 100, 'len_tra': 3.64, 'R_tra': 9.133664231300354, 'ctr': '2.50925', 'CV': '0.00430', 'CV_turn': '0.04670', 'Diversity': '0.60759', 'Novelty': '6.20573', 'ifeat_feat': 0.989010989010989, 'NX_0_len_tra': 6.82, 'NX_0_R_tra': 17.27520707458258, 'NX_0_ctr': '2.53302', 'NX_0_CV': '0.00557', 'NX_0_CV_turn': '0.03226', 'NX_0_Diversity': '0.99208', 'NX_0_Novelty': '6.51470', 'NX_0_ifeat_feat': 0.9134897360703812, 'NX_10_len_tra': 10.0, 'NX_10_R_tra': 26.239589205011725, 'NX_10_ctr': '2.62396', 'NX_10_CV': '0.00582', 'NX_10_CV_turn': '0.02300', 'NX_10_Diversity': '0.99141', 'NX_10_Novelty': '6.00437', 'NX_10_ifeat_feat': 0.934}]
[I 240110 18:32:45 loggers:84] Epoch: [66], Info: [{'num_test': 100, 'len_tra': 4.83, 'R_tra': 15.111150883734226, 'ctr': '3.12860', 'CV': '0.00481', 'CV_turn': '0.03934', 'Diversity': '0.78505', 'Novelty': '6.60241', 'ifeat_feat': 0.9089026915113871, 'NX_0_len_tra': 6.02, 'NX_0_R_tra': 16.963172002732755, 'NX_0_ctr': '2.81780', 'NX_0_CV': '0.00481', 'NX_0_CV_turn': '0.03156', 'NX_0_Diversity': '0.99072', 'NX_0_Novelty': '6.57576', 'NX_0_ifeat_feat': 0.8571428571428571, 'NX_10_len_tra': 10.0, 'NX_10_R_tra': 27.516972939223052, 'NX_10_ctr': '2.75170', 'NX_10_CV': '0.00607', 'NX_10_CV_turn': '0.02400', 'NX_10_Diversity': '0.99130', 'NX_10_Novelty': '6.23705', 'NX_10_ifeat_feat': 0.89}]
[I 240110 18:33:34 loggers:84] Epoch: [67], Info: [{'num_test': 100, 'len_tra': 3.69, 'R_tra': 13.136124376654625, 'ctr': '3.55993', 'CV': '0.00329', 'CV_turn': '0.03523', 'Diversity': '0.81518', 'Novelty': '6.37883', 'ifeat_feat': 0.7154471544715447, 'NX_0_len_tra': 4.37, 'NX_0_R_tra': 15.22182980298996, 'NX_0_ctr': '3.48326', 'NX_0_CV': '0.00380', 'NX_0_CV_turn': '0.03432', 'NX_0_Diversity': '0.98779', 'NX_0_Novelty': '6.10494', 'NX_0_ifeat_feat': 0.7574370709382151, 'NX_10_len_tra': 10.0, 'NX_10_R_tra': 27.571774148792027, 'NX_10_ctr': '2.75718', 'NX_10_CV': '0.00607', 'NX_10_CV_turn': '0.02400', 'NX_10_Diversity': '0.99084', 'NX_10_Novelty': '5.91665', 'NX_10_ifeat_feat': 0.829}]
[I 240110 18:34:24 loggers:84] Epoch: [68], Info: [{'num_test': 100, 'len_tra': 4.03, 'R_tra': 13.306318163871765, 'ctr': '3.30182', 'CV': '0.00405', 'CV_turn': '0.03970', 'Diversity': '0.83732', 'Novelty': '6.60343', 'ifeat_feat': 0.8436724565756824, 'NX_0_len_tra': 5.85, 'NX_0_R_tra': 16.42901387900114, 'NX_0_ctr': '2.80838', 'NX_0_CV': '0.00481', 'NX_0_CV_turn': '0.03248', 'NX_0_Diversity': '0.98994', 'NX_0_Novelty': '5.88434', 'NX_0_ifeat_feat': 0.747008547008547, 'NX_10_len_tra': 10.0, 'NX_10_R_tra': 25.710709769278765, 'NX_10_ctr': '2.57107', 'NX_10_CV': '0.00709', 'NX_10_CV_turn': '0.02800', 'NX_10_Diversity': '0.99143', 'NX_10_Novelty': '5.31164', 'NX_10_ifeat_feat': 0.755}]
[I 240110 18:35:12 loggers:84] Epoch: [69], Info: [{'num_test': 100, 'len_tra': 5.38, 'R_tra': 16.014839166402815, 'ctr': '2.97674', 'CV': '0.00658', 'CV_turn': '0.04833', 'Diversity': '0.88692', 'Novelty': '6.98762', 'ifeat_feat': 0.7936802973977695, 'NX_0_len_tra': 5.58, 'NX_0_R_tra': 16.94617317408323, 'NX_0_ctr': '3.03695', 'NX_0_CV': '0.00709', 'NX_0_CV_turn': '0.05018', 'NX_0_Diversity': '0.99006', 'NX_0_Novelty': '6.59095', 'NX_0_ifeat_feat': 0.8888888888888888, 'NX_10_len_tra': 10.0, 'NX_10_R_tra': 27.76438761115074, 'NX_10_ctr': '2.77644', 'NX_10_CV': '0.00759', 'NX_10_CV_turn': '0.03000', 'NX_10_Diversity': '0.99114', 'NX_10_Novelty': '5.78421', 'NX_10_ifeat_feat': 0.869}]
[I 240110 18:36:01 loggers:84] Epoch: [70], Info: [{'num_test': 100, 'len_tra': 6.08, 'R_tra': 17.61092503964901, 'ctr': '2.89653', 'CV': '0.00683', 'CV_turn': '0.04441', 'Diversity': '0.88597', 'Novelty': '6.49680', 'ifeat_feat': 0.975328947368421, 'NX_0_len_tra': 6.58, 'NX_0_R_tra': 18.85833286166191, 'NX_0_ctr': '2.86601', 'NX_0_CV': '0.00734', 'NX_0_CV_turn': '0.04407', 'NX_0_Diversity': '0.99046', 'NX_0_Novelty': '6.05538', 'NX_0_ifeat_feat': 0.9483282674772037, 'NX_10_len_tra': 10.0, 'NX_10_R_tra': 27.253464697599412, 'NX_10_ctr': '2.72535', 'NX_10_CV': '0.00633', 'NX_10_CV_turn': '0.02500', 'NX_10_Diversity': '0.99109', 'NX_10_Novelty': '5.86946', 'NX_10_ifeat_feat': 0.919}]
[I 240110 18:36:53 loggers:84] Epoch: [71], Info: [{'num_test': 100, 'len_tra': 6.35, 'R_tra': 18.807086427509784, 'ctr': '2.96175', 'CV': '0.00607', 'CV_turn': '0.03780', 'Diversity': '0.92356', 'Novelty': '6.22995', 'ifeat_feat': 0.9118110236220472, 'NX_0_len_tra': 5.84, 'NX_0_R_tra': 16.764789692759514, 'NX_0_ctr': '2.87068', 'NX_0_CV': '0.00709', 'NX_0_CV_turn': '0.04795', 'NX_0_Diversity': '0.98982', 'NX_0_Novelty': '5.99104', 'NX_0_ifeat_feat': 0.8767123287671232, 'NX_10_len_tra': 10.0, 'NX_10_R_tra': 26.617887802422047, 'NX_10_ctr': '2.66179', 'NX_10_CV': '0.00759', 'NX_10_CV_turn': '0.03000', 'NX_10_Diversity': '0.99141', 'NX_10_Novelty': '5.74063', 'NX_10_ifeat_feat': 0.844}]
[I 240110 18:37:45 loggers:84] Epoch: [72], Info: [{'num_test': 100, 'len_tra': 5.16, 'R_tra': 13.388053800463677, 'ctr': '2.59458', 'CV': '0.00430', 'CV_turn': '0.03295', 'Diversity': '0.91711', 'Novelty': '5.80003', 'ifeat_feat': 0.937984496124031, 'NX_0_len_tra': 5.18, 'NX_0_R_tra': 14.301178147792816, 'NX_0_ctr': '2.76085', 'NX_0_CV': '0.00607', 'NX_0_CV_turn': '0.04633', 'NX_0_Diversity': '0.99147', 'NX_0_Novelty': '5.63460', 'NX_0_ifeat_feat': 0.88996138996139, 'NX_10_len_tra': 10.0, 'NX_10_R_tra': 25.640672724097968, 'NX_10_ctr': '2.56407', 'NX_10_CV': '0.00633', 'NX_10_CV_turn': '0.02500', 'NX_10_Diversity': '0.99159', 'NX_10_Novelty': '5.59227', 'NX_10_ifeat_feat': 0.822}]
[I 240110 18:38:31 loggers:84] Epoch: [73], Info: [{'num_test': 100, 'len_tra': 7.23, 'R_tra': 20.062380119860173, 'ctr': '2.77488', 'CV': '0.00430', 'CV_turn': '0.02351', 'Diversity': '0.90497', 'Novelty': '5.98480', 'ifeat_feat': 0.975103734439834, 'NX_0_len_tra': 7.47, 'NX_0_R_tra': 19.5562244156003, 'NX_0_ctr': '2.61797', 'NX_0_CV': '0.00582', 'NX_0_CV_turn': '0.03079', 'NX_0_Diversity': '0.99146', 'NX_0_Novelty': '5.67569', 'NX_0_ifeat_feat': 0.9196787148594378, 'NX_10_len_tra': 10.0, 'NX_10_R_tra': 26.776903626471757, 'NX_10_ctr': '2.67769', 'NX_10_CV': '0.00784', 'NX_10_CV_turn': '0.03100', 'NX_10_Diversity': '0.99152', 'NX_10_Novelty': '5.68834', 'NX_10_ifeat_feat': 0.893}]
[I 240110 18:39:21 loggers:84] Epoch: [74], Info: [{'num_test': 100, 'len_tra': 7.69, 'R_tra': 21.835556997954846, 'ctr': '2.83947', 'CV': '0.00481', 'CV_turn': '0.02471', 'Diversity': '0.91275', 'Novelty': '5.95501', 'ifeat_feat': 0.9583875162548765, 'NX_0_len_tra': 6.75, 'NX_0_R_tra': 18.57229983046651, 'NX_0_ctr': '2.75145', 'NX_0_CV': '0.00531', 'NX_0_CV_turn': '0.03111', 'NX_0_Diversity': '0.99094', 'NX_0_Novelty': '5.78309', 'NX_0_ifeat_feat': 0.9037037037037037, 'NX_10_len_tra': 10.0, 'NX_10_R_tra': 27.290200322419405, 'NX_10_ctr': '2.72902', 'NX_10_CV': '0.00759', 'NX_10_CV_turn': '0.03000', 'NX_10_Diversity': '0.99131', 'NX_10_Novelty': '5.71361', 'NX_10_ifeat_feat': 0.915}]
[I 240110 18:40:14 loggers:84] Epoch: [75], Info: [{'num_test': 100, 'len_tra': 6.38, 'R_tra': 14.900767529904842, 'ctr': '2.33554', 'CV': '0.00709', 'CV_turn': '0.04389', 'Diversity': '0.85311', 'Novelty': '5.76211', 'ifeat_feat': 0.7962382445141066, 'NX_0_len_tra': 7.87, 'NX_0_R_tra': 19.30658031821251, 'NX_0_ctr': '2.45319', 'NX_0_CV': '0.00759', 'NX_0_CV_turn': '0.03812', 'NX_0_Diversity': '0.99184', 'NX_0_Novelty': '5.60285', 'NX_0_ifeat_feat': 0.8119440914866582, 'NX_10_len_tra': 10.0, 'NX_10_R_tra': 26.011321726292373, 'NX_10_ctr': '2.60113', 'NX_10_CV': '0.00759', 'NX_10_CV_turn': '0.03000', 'NX_10_Diversity': '0.99187', 'NX_10_Novelty': '5.49680', 'NX_10_ifeat_feat': 0.849}]
[I 240110 18:41:03 loggers:84] Epoch: [76], Info: [{'num_test': 100, 'len_tra': 4.5, 'R_tra': 12.478824045956134, 'ctr': '2.77307', 'CV': '0.00531', 'CV_turn': '0.04667', 'Diversity': '0.84564', 'Novelty': '5.77632', 'ifeat_feat': 0.7066666666666667, 'NX_0_len_tra': 8.25, 'NX_0_R_tra': 21.661604196727275, 'NX_0_ctr': '2.62565', 'NX_0_CV': '0.00607', 'NX_0_CV_turn': '0.02909', 'NX_0_Diversity': '0.99180', 'NX_0_Novelty': '5.44461', 'NX_0_ifeat_feat': 0.7757575757575758, 'NX_10_len_tra': 10.0, 'NX_10_R_tra': 26.948882882893084, 'NX_10_ctr': '2.69489', 'NX_10_CV': '0.00683', 'NX_10_CV_turn': '0.02700', 'NX_10_Diversity': '0.99135', 'NX_10_Novelty': '5.41638', 'NX_10_ifeat_feat': 0.779}]
[I 240110 18:41:53 loggers:84] Epoch: [77], Info: [{'num_test': 100, 'len_tra': 4.16, 'R_tra': 10.2991271930933, 'ctr': '2.47575', 'CV': '0.00531', 'CV_turn': '0.05048', 'Diversity': '0.62310', 'Novelty': '4.22138', 'ifeat_feat': 0.5168269230769231, 'NX_0_len_tra': 7.15, 'NX_0_R_tra': 18.74551774919033, 'NX_0_ctr': '2.62175', 'NX_0_CV': '0.00658', 'NX_0_CV_turn': '0.03636', 'NX_0_Diversity': '0.99127', 'NX_0_Novelty': '5.23444', 'NX_0_ifeat_feat': 0.7020979020979021, 'NX_10_len_tra': 10.0, 'NX_10_R_tra': 26.102431552410124, 'NX_10_ctr': '2.61024', 'NX_10_CV': '0.00759', 'NX_10_CV_turn': '0.03000', 'NX_10_Diversity': '0.99205', 'NX_10_Novelty': '5.64378', 'NX_10_ifeat_feat': 0.77}]
[I 240110 18:42:48 loggers:84] Epoch: [78], Info: [{'num_test': 100, 'len_tra': 5.76, 'R_tra': 16.503754177391528, 'ctr': '2.86524', 'CV': '0.00734', 'CV_turn': '0.05035', 'Diversity': '0.79392', 'Novelty': '5.56618', 'ifeat_feat': 0.7881944444444444, 'NX_0_len_tra': 9.14, 'NX_0_R_tra': 24.31009258337319, 'NX_0_ctr': '2.65975', 'NX_0_CV': '0.00810', 'NX_0_CV_turn': '0.03501', 'NX_0_Diversity': '0.99194', 'NX_0_Novelty': '5.31927', 'NX_0_ifeat_feat': 0.799781181619256, 'NX_10_len_tra': 10.0, 'NX_10_R_tra': 26.169972786605356, 'NX_10_ctr': '2.61700', 'NX_10_CV': '0.00784', 'NX_10_CV_turn': '0.03100', 'NX_10_Diversity': '0.99195', 'NX_10_Novelty': '5.32063', 'NX_10_ifeat_feat': 0.798}]
[I 240110 18:43:39 loggers:84] Epoch: [79], Info: [{'num_test': 100, 'len_tra': 3.57, 'R_tra': 11.321300168037414, 'ctr': '3.17123', 'CV': '0.00506', 'CV_turn': '0.05602', 'Diversity': '0.69118', 'Novelty': '6.25517', 'ifeat_feat': 0.9523809523809523, 'NX_0_len_tra': 6.38, 'NX_0_R_tra': 19.830447852015496, 'NX_0_ctr': '3.10822', 'NX_0_CV': '0.00709', 'NX_0_CV_turn': '0.04389', 'NX_0_Diversity': '0.99107', 'NX_0_Novelty': '6.45419', 'NX_0_ifeat_feat': 0.8683385579937304, 'NX_10_len_tra': 10.0, 'NX_10_R_tra': 28.571686279326677, 'NX_10_ctr': '2.85717', 'NX_10_CV': '0.00734', 'NX_10_CV_turn': '0.02900', 'NX_10_Diversity': '0.99163', 'NX_10_Novelty': '6.21661', 'NX_10_ifeat_feat': 0.8}]
[I 240110 18:44:25 loggers:84] Epoch: [80], Info: [{'num_test': 100, 'len_tra': 6.23, 'R_tra': 18.279067520797252, 'ctr': '2.93404', 'CV': '0.00607', 'CV_turn': '0.03852', 'Diversity': '0.86186', 'Novelty': '6.56842', 'ifeat_feat': 0.9101123595505618, 'NX_0_len_tra': 8.22, 'NX_0_R_tra': 22.068106549978257, 'NX_0_ctr': '2.68468', 'NX_0_CV': '0.00709', 'NX_0_CV_turn': '0.03406', 'NX_0_Diversity': '0.99085', 'NX_0_Novelty': '6.16982', 'NX_0_ifeat_feat': 0.902676399026764, 'NX_10_len_tra': 10.0, 'NX_10_R_tra': 27.098773425519468, 'NX_10_ctr': '2.70988', 'NX_10_CV': '0.00709', 'NX_10_CV_turn': '0.02800', 'NX_10_Diversity': '0.99196', 'NX_10_Novelty': '6.07442', 'NX_10_ifeat_feat': 0.85}]
[I 240110 18:45:13 loggers:84] Epoch: [81], Info: [{'num_test': 100, 'len_tra': 7.5, 'R_tra': 20.161734929084776, 'ctr': '2.68823', 'CV': '0.00582', 'CV_turn': '0.03067', 'Diversity': '0.90217', 'Novelty': '6.11854', 'ifeat_feat': 0.9693333333333334, 'NX_0_len_tra': 7.79, 'NX_0_R_tra': 20.11962861776352, 'NX_0_ctr': '2.58275', 'NX_0_CV': '0.00709', 'NX_0_CV_turn': '0.03594', 'NX_0_Diversity': '0.99162', 'NX_0_Novelty': '6.07308', 'NX_0_ifeat_feat': 0.8780487804878049, 'NX_10_len_tra': 10.0, 'NX_10_R_tra': 27.413648571670056, 'NX_10_ctr': '2.74136', 'NX_10_CV': '0.00911', 'NX_10_CV_turn': '0.03600', 'NX_10_Diversity': '0.99179', 'NX_10_Novelty': '6.02738', 'NX_10_ifeat_feat': 0.865}]
[I 240110 18:46:03 loggers:84] Epoch: [82], Info: [{'num_test': 100, 'len_tra': 5.96, 'R_tra': 17.530990970805288, 'ctr': '2.94144', 'CV': '0.00633', 'CV_turn': '0.04195', 'Diversity': '0.94217', 'Novelty': '6.65632', 'ifeat_feat': 0.9345637583892618, 'NX_0_len_tra': 8.13, 'NX_0_R_tra': 21.097778573036194, 'NX_0_ctr': '2.59505', 'NX_0_CV': '0.00835', 'NX_0_CV_turn': '0.04059', 'NX_0_Diversity': '0.99124', 'NX_0_Novelty': '6.00970', 'NX_0_ifeat_feat': 0.8917589175891759, 'NX_10_len_tra': 10.0, 'NX_10_R_tra': 26.410207166522742, 'NX_10_ctr': '2.64102', 'NX_10_CV': '0.00784', 'NX_10_CV_turn': '0.03100', 'NX_10_Diversity': '0.99176', 'NX_10_Novelty': '5.66083', 'NX_10_ifeat_feat': 0.897}]
[I 240110 18:46:53 loggers:84] Epoch: [83], Info: [{'num_test': 100, 'len_tra': 7.66, 'R_tra': 21.221361777186395, 'ctr': '2.77041', 'CV': '0.00709', 'CV_turn': '0.03655', 'Diversity': '0.88881', 'Novelty': '5.74393', 'ifeat_feat': 0.8067885117493473, 'NX_0_len_tra': 8.31, 'NX_0_R_tra': 22.674113808572294, 'NX_0_ctr': '2.72853', 'NX_0_CV': '0.00709', 'NX_0_CV_turn': '0.03369', 'NX_0_Diversity': '0.99096', 'NX_0_Novelty': '5.76179', 'NX_0_ifeat_feat': 0.8808664259927798, 'NX_10_len_tra': 10.0, 'NX_10_R_tra': 26.898606961965562, 'NX_10_ctr': '2.68986', 'NX_10_CV': '0.00860', 'NX_10_CV_turn': '0.03400', 'NX_10_Diversity': '0.99162', 'NX_10_Novelty': '5.60514', 'NX_10_ifeat_feat': 0.889}]
[I 240110 18:47:34 loggers:84] Epoch: [84], Info: [{'num_test': 100, 'len_tra': 7.71, 'R_tra': 23.70071032345295, 'ctr': '3.07402', 'CV': '0.00709', 'CV_turn': '0.03632', 'Diversity': '0.88097', 'Novelty': '6.30039', 'ifeat_feat': 0.8988326848249028, 'NX_0_len_tra': 8.2, 'NX_0_R_tra': 23.049210409373046, 'NX_0_ctr': '2.81088', 'NX_0_CV': '0.00759', 'NX_0_CV_turn': '0.03659', 'NX_0_Diversity': '0.99130', 'NX_0_Novelty': '5.79301', 'NX_0_ifeat_feat': 0.8987804878048781, 'NX_10_len_tra': 10.0, 'NX_10_R_tra': 28.250923667699098, 'NX_10_ctr': '2.82509', 'NX_10_CV': '0.00784', 'NX_10_CV_turn': '0.03100', 'NX_10_Diversity': '0.99121', 'NX_10_Novelty': '5.76537', 'NX_10_ifeat_feat': 0.892}]
[I 240110 18:48:17 loggers:84] Epoch: [85], Info: [{'num_test': 100, 'len_tra': 6.19, 'R_tra': 17.818112142384052, 'ctr': '2.87853', 'CV': '0.00683', 'CV_turn': '0.04362', 'Diversity': '0.86517', 'Novelty': '6.48259', 'ifeat_feat': 0.9176090468497576, 'NX_0_len_tra': 7.75, 'NX_0_R_tra': 21.087106619924306, 'NX_0_ctr': '2.72092', 'NX_0_CV': '0.00683', 'NX_0_CV_turn': '0.03484', 'NX_0_Diversity': '0.99120', 'NX_0_Novelty': '6.34873', 'NX_0_ifeat_feat': 0.863225806451613, 'NX_10_len_tra': 10.0, 'NX_10_R_tra': 26.700355460941793, 'NX_10_ctr': '2.67004', 'NX_10_CV': '0.00886', 'NX_10_CV_turn': '0.03500', 'NX_10_Diversity': '0.99145', 'NX_10_Novelty': '6.20781', 'NX_10_ifeat_feat': 0.853}]
[I 240110 18:49:02 loggers:84] Epoch: [86], Info: [{'num_test': 100, 'len_tra': 7.18, 'R_tra': 19.52742873251438, 'ctr': '2.71970', 'CV': '0.00734', 'CV_turn': '0.04039', 'Diversity': '0.93799', 'Novelty': '6.39653', 'ifeat_feat': 0.9610027855153204, 'NX_0_len_tra': 7.8, 'NX_0_R_tra': 21.519555044472217, 'NX_0_ctr': '2.75892', 'NX_0_CV': '0.00709', 'NX_0_CV_turn': '0.03590', 'NX_0_Diversity': '0.99077', 'NX_0_Novelty': '6.26880', 'NX_0_ifeat_feat': 0.9692307692307692, 'NX_10_len_tra': 10.0, 'NX_10_R_tra': 26.470257854014633, 'NX_10_ctr': '2.64703', 'NX_10_CV': '0.00784', 'NX_10_CV_turn': '0.03100', 'NX_10_Diversity': '0.99114', 'NX_10_Novelty': '6.26554', 'NX_10_ifeat_feat': 0.904}]
[I 240110 18:49:42 loggers:84] Epoch: [87], Info: [{'num_test': 100, 'len_tra': 4.97, 'R_tra': 11.480406317710877, 'ctr': '2.30994', 'CV': '0.00557', 'CV_turn': '0.04427', 'Diversity': '0.75776', 'Novelty': '7.37180', 'ifeat_feat': 0.9496981891348089, 'NX_0_len_tra': 8.31, 'NX_0_R_tra': 22.068486152738334, 'NX_0_ctr': '2.65565', 'NX_0_CV': '0.00835', 'NX_0_CV_turn': '0.03971', 'NX_0_Diversity': '0.99189', 'NX_0_Novelty': '6.23103', 'NX_0_ifeat_feat': 0.914560770156438, 'NX_10_len_tra': 10.0, 'NX_10_R_tra': 26.15390095219016, 'NX_10_ctr': '2.61539', 'NX_10_CV': '0.00784', 'NX_10_CV_turn': '0.03100', 'NX_10_Diversity': '0.99193', 'NX_10_Novelty': '6.28153', 'NX_10_ifeat_feat': 0.898}]
[I 240110 18:50:25 loggers:84] Epoch: [88], Info: [{'num_test': 100, 'len_tra': 5.17, 'R_tra': 12.94862290173769, 'ctr': '2.50457', 'CV': '0.00633', 'CV_turn': '0.04836', 'Diversity': '0.78538', 'Novelty': '7.43180', 'ifeat_feat': 0.8588007736943907, 'NX_0_len_tra': 8.18, 'NX_0_R_tra': 21.793915856927633, 'NX_0_ctr': '2.66429', 'NX_0_CV': '0.00633', 'NX_0_CV_turn': '0.03056', 'NX_0_Diversity': '0.99171', 'NX_0_Novelty': '6.17634', 'NX_0_ifeat_feat': 0.9095354523227384, 'NX_10_len_tra': 10.0, 'NX_10_R_tra': 26.914499172270297, 'NX_10_ctr': '2.69145', 'NX_10_CV': '0.00911', 'NX_10_CV_turn': '0.03600', 'NX_10_Diversity': '0.99182', 'NX_10_Novelty': '6.06010', 'NX_10_ifeat_feat': 0.903}]
[I 240110 18:51:08 loggers:84] Epoch: [89], Info: [{'num_test': 100, 'len_tra': 6.41, 'R_tra': 18.65803207293153, 'ctr': '2.91077', 'CV': '0.00658', 'CV_turn': '0.04056', 'Diversity': '0.88924', 'Novelty': '6.31163', 'ifeat_feat': 0.9126365054602185, 'NX_0_len_tra': 8.35, 'NX_0_R_tra': 23.350587147027255, 'NX_0_ctr': '2.79648', 'NX_0_CV': '0.00734', 'NX_0_CV_turn': '0.03473', 'NX_0_Diversity': '0.99119', 'NX_0_Novelty': '6.04862', 'NX_0_ifeat_feat': 0.8694610778443114, 'NX_10_len_tra': 10.0, 'NX_10_R_tra': 28.764183833897114, 'NX_10_ctr': '2.87642', 'NX_10_CV': '0.00810', 'NX_10_CV_turn': '0.03200', 'NX_10_Diversity': '0.99144', 'NX_10_Novelty': '6.28387', 'NX_10_ifeat_feat': 0.872}]
[I 240110 18:51:54 loggers:84] Epoch: [90], Info: [{'num_test': 100, 'len_tra': 6.94, 'R_tra': 19.465374229550363, 'ctr': '2.80481', 'CV': '0.00911', 'CV_turn': '0.05187', 'Diversity': '0.90073', 'Novelty': '6.10942', 'ifeat_feat': 0.760806916426513, 'NX_0_len_tra': 8.03, 'NX_0_R_tra': 22.379006339013575, 'NX_0_ctr': '2.78692', 'NX_0_CV': '0.00860', 'NX_0_CV_turn': '0.04234', 'NX_0_Diversity': '0.99130', 'NX_0_Novelty': '5.77812', 'NX_0_ifeat_feat': 0.8231631382316313, 'NX_10_len_tra': 10.0, 'NX_10_R_tra': 28.91219175249338, 'NX_10_ctr': '2.89122', 'NX_10_CV': '0.01012', 'NX_10_CV_turn': '0.04000', 'NX_10_Diversity': '0.99157', 'NX_10_Novelty': '5.82629', 'NX_10_ifeat_feat': 0.741}]
[I 240110 18:52:32 loggers:84] Epoch: [91], Info: [{'num_test': 100, 'len_tra': 7.98, 'R_tra': 24.24526721984148, 'ctr': '3.03825', 'CV': '0.00810', 'CV_turn': '0.04010', 'Diversity': '0.93872', 'Novelty': '6.25574', 'ifeat_feat': 0.8408521303258145, 'NX_0_len_tra': 7.91, 'NX_0_R_tra': 22.908174471259116, 'NX_0_ctr': '2.89610', 'NX_0_CV': '0.00734', 'NX_0_CV_turn': '0.03666', 'NX_0_Diversity': '0.99113', 'NX_0_Novelty': '6.09664', 'NX_0_ifeat_feat': 0.8470290771175727, 'NX_10_len_tra': 10.0, 'NX_10_R_tra': 27.833421921730043, 'NX_10_ctr': '2.78334', 'NX_10_CV': '0.00911', 'NX_10_CV_turn': '0.03600', 'NX_10_Diversity': '0.99142', 'NX_10_Novelty': '5.89471', 'NX_10_ifeat_feat': 0.824}]
[I 240110 18:53:07 loggers:84] Epoch: [92], Info: [{'num_test': 100, 'len_tra': 6.73, 'R_tra': 19.141704547703267, 'ctr': '2.84424', 'CV': '0.00633', 'CV_turn': '0.03715', 'Diversity': '0.89386', 'Novelty': '6.28925', 'ifeat_feat': 0.5735512630014858, 'NX_0_len_tra': 7.65, 'NX_0_R_tra': 22.082377732694148, 'NX_0_ctr': '2.88659', 'NX_0_CV': '0.00911', 'NX_0_CV_turn': '0.04706', 'NX_0_Diversity': '0.99099', 'NX_0_Novelty': '5.99775', 'NX_0_ifeat_feat': 0.7019607843137254, 'NX_10_len_tra': 10.0, 'NX_10_R_tra': 29.23856250986457, 'NX_10_ctr': '2.92386', 'NX_10_CV': '0.00810', 'NX_10_CV_turn': '0.03200', 'NX_10_Diversity': '0.99106', 'NX_10_Novelty': '5.97706', 'NX_10_ifeat_feat': 0.753}]
[I 240110 18:53:52 loggers:84] Epoch: [93], Info: [{'num_test': 100, 'len_tra': 7.46, 'R_tra': 20.639707970023156, 'ctr': '2.76672', 'CV': '0.00734', 'CV_turn': '0.03887', 'Diversity': '0.90403', 'Novelty': '5.76553', 'ifeat_feat': 0.8431635388739946, 'NX_0_len_tra': 8.45, 'NX_0_R_tra': 21.185698247253896, 'NX_0_ctr': '2.50718', 'NX_0_CV': '0.00810', 'NX_0_CV_turn': '0.03787', 'NX_0_Diversity': '0.99168', 'NX_0_Novelty': '5.16344', 'NX_0_ifeat_feat': 0.7585798816568048, 'NX_10_len_tra': 10.0, 'NX_10_R_tra': 26.206196032762527, 'NX_10_ctr': '2.62062', 'NX_10_CV': '0.00987', 'NX_10_CV_turn': '0.03900', 'NX_10_Diversity': '0.99193', 'NX_10_Novelty': '5.35224', 'NX_10_ifeat_feat': 0.79}]
[I 240110 18:54:35 loggers:84] Epoch: [94], Info: [{'num_test': 100, 'len_tra': 6.98, 'R_tra': 21.241078188121318, 'ctr': '3.04313', 'CV': '0.00810', 'CV_turn': '0.04585', 'Diversity': '0.87371', 'Novelty': '6.00358', 'ifeat_feat': 0.8868194842406877, 'NX_0_len_tra': 7.91, 'NX_0_R_tra': 22.04275320202112, 'NX_0_ctr': '2.78669', 'NX_0_CV': '0.00784', 'NX_0_CV_turn': '0.03919', 'NX_0_Diversity': '0.99077', 'NX_0_Novelty': '5.55507', 'NX_0_ifeat_feat': 0.8672566371681416, 'NX_10_len_tra': 10.0, 'NX_10_R_tra': 26.58180746883154, 'NX_10_ctr': '2.65818', 'NX_10_CV': '0.00936', 'NX_10_CV_turn': '0.03700', 'NX_10_Diversity': '0.99154', 'NX_10_Novelty': '5.47220', 'NX_10_ifeat_feat': 0.789}]
[I 240110 18:55:13 loggers:84] Epoch: [95], Info: [{'num_test': 100, 'len_tra': 5.8, 'R_tra': 17.022093794345857, 'ctr': '2.93484', 'CV': '0.00709', 'CV_turn': '0.04828', 'Diversity': '0.85108', 'Novelty': '6.15414', 'ifeat_feat': 0.9758620689655172, 'NX_0_len_tra': 7.81, 'NX_0_R_tra': 22.76853680431843, 'NX_0_ctr': '2.91531', 'NX_0_CV': '0.00911', 'NX_0_CV_turn': '0.04609', 'NX_0_Diversity': '0.99068', 'NX_0_Novelty': '5.75579', 'NX_0_ifeat_feat': 0.8565941101152369, 'NX_10_len_tra': 10.0, 'NX_10_R_tra': 29.26876029968262, 'NX_10_ctr': '2.92688', 'NX_10_CV': '0.00810', 'NX_10_CV_turn': '0.03200', 'NX_10_Diversity': '0.99051', 'NX_10_Novelty': '5.64510', 'NX_10_ifeat_feat': 0.843}]
[I 240110 18:55:53 loggers:84] Epoch: [96], Info: [{'num_test': 100, 'len_tra': 7.12, 'R_tra': 21.577066416144373, 'ctr': '3.03049', 'CV': '0.00936', 'CV_turn': '0.05197', 'Diversity': '0.94107', 'Novelty': '6.32340', 'ifeat_feat': 0.9030898876404494, 'NX_0_len_tra': 8.09, 'NX_0_R_tra': 22.97603405714035, 'NX_0_ctr': '2.84005', 'NX_0_CV': '0.00936', 'NX_0_CV_turn': '0.04574', 'NX_0_Diversity': '0.99118', 'NX_0_Novelty': '5.74473', 'NX_0_ifeat_feat': 0.8294190358467244, 'NX_10_len_tra': 10.0, 'NX_10_R_tra': 28.70169816762209, 'NX_10_ctr': '2.87017', 'NX_10_CV': '0.01012', 'NX_10_CV_turn': '0.04000', 'NX_10_Diversity': '0.99122', 'NX_10_Novelty': '5.68405', 'NX_10_ifeat_feat': 0.858}]
[I 240110 18:56:35 loggers:84] Epoch: [97], Info: [{'num_test': 100, 'len_tra': 6.75, 'R_tra': 18.316391690820456, 'ctr': '2.71354', 'CV': '0.00987', 'CV_turn': '0.05778', 'Diversity': '0.90058', 'Novelty': '5.59400', 'ifeat_feat': 0.7674074074074074, 'NX_0_len_tra': 9.13, 'NX_0_R_tra': 25.38089412242174, 'NX_0_ctr': '2.77994', 'NX_0_CV': '0.01113', 'NX_0_CV_turn': '0.04819', 'NX_0_Diversity': '0.99170', 'NX_0_Novelty': '5.61763', 'NX_0_ifeat_feat': 0.7524644030668127, 'NX_10_len_tra': 10.0, 'NX_10_R_tra': 27.183259511440994, 'NX_10_ctr': '2.71833', 'NX_10_CV': '0.01037', 'NX_10_CV_turn': '0.04100', 'NX_10_Diversity': '0.99227', 'NX_10_Novelty': '5.50070', 'NX_10_ifeat_feat': 0.756}]
[I 240110 18:57:18 loggers:84] Epoch: [98], Info: [{'num_test': 100, 'len_tra': 5.51, 'R_tra': 15.757570194005966, 'ctr': '2.85981', 'CV': '0.00658', 'CV_turn': '0.04719', 'Diversity': '0.90371', 'Novelty': '5.85944', 'ifeat_feat': 0.8076225045372051, 'NX_0_len_tra': 7.13, 'NX_0_R_tra': 20.11911491185427, 'NX_0_ctr': '2.82176', 'NX_0_CV': '0.00835', 'NX_0_CV_turn': '0.04628', 'NX_0_Diversity': '0.99146', 'NX_0_Novelty': '5.50982', 'NX_0_ifeat_feat': 0.7405329593267882, 'NX_10_len_tra': 10.0, 'NX_10_R_tra': 29.075947378873824, 'NX_10_ctr': '2.90759', 'NX_10_CV': '0.01063', 'NX_10_CV_turn': '0.04200', 'NX_10_Diversity': '0.99116', 'NX_10_Novelty': '5.51631', 'NX_10_ifeat_feat': 0.765}]
[I 240110 18:57:53 loggers:84] Epoch: [99], Info: [{'num_test': 100, 'len_tra': 6.8, 'R_tra': 19.653887055516243, 'ctr': '2.89028', 'CV': '0.00607', 'CV_turn': '0.03529', 'Diversity': '0.93429', 'Novelty': '5.77434', 'ifeat_feat': 0.6558823529411765, 'NX_0_len_tra': 6.96, 'NX_0_R_tra': 19.850850469321013, 'NX_0_ctr': '2.85213', 'NX_0_CV': '0.00784', 'NX_0_CV_turn': '0.04454', 'NX_0_Diversity': '0.99131', 'NX_0_Novelty': '5.44308', 'NX_0_ifeat_feat': 0.7399425287356322, 'NX_10_len_tra': 10.0, 'NX_10_R_tra': 26.54739630661905, 'NX_10_ctr': '2.65474', 'NX_10_CV': '0.00936', 'NX_10_CV_turn': '0.03700', 'NX_10_Diversity': '0.99176', 'NX_10_Novelty': '5.69655', 'NX_10_ifeat_feat': 0.77}]
[I 240110 18:58:25 loggers:84] Epoch: [100], Info: [{'num_test': 100, 'len_tra': 7.56, 'R_tra': 21.02526273012161, 'ctr': '2.78112', 'CV': '0.00962', 'CV_turn': '0.05026', 'Diversity': '0.90835', 'Novelty': '5.92888', 'ifeat_feat': 0.8121693121693122, 'NX_0_len_tra': 8.68, 'NX_0_R_tra': 23.48483579620719, 'NX_0_ctr': '2.70563', 'NX_0_CV': '0.00810', 'NX_0_CV_turn': '0.03687', 'NX_0_Diversity': '0.99133', 'NX_0_Novelty': '5.39594', 'NX_0_ifeat_feat': 0.8859447004608295, 'NX_10_len_tra': 10.0, 'NX_10_R_tra': 27.429092069268226, 'NX_10_ctr': '2.74291', 'NX_10_CV': '0.00886', 'NX_10_CV_turn': '0.03500', 'NX_10_Diversity': '0.99176', 'NX_10_Novelty': '5.47771', 'NX_10_ifeat_feat': 0.887}]
[I 240110 18:58:25 policy_utils:407] {'duration': '4868.62s', 'train_time/model': '4397.44s', 'test_step': 54675, 'test_episode': 10100, 'test_time': '192.93s', 'test_speed': '283.39 step/s', 'best_reward': 24.24526721984148, 'best_result': '24.25  6.98', 'train_step': 100000, 'train_episode': 21729, 'train_time/collector': '278.25s', 'train_speed': '21.39 step/s'}
