[I 240110 08:36:05 policy_utils:158] {
      "env": "MovieLensEnv-v0",
      "user_model_name": "DeepFM",
      "seed": 2023,
      "cuda": 1,
      "remove_recommended_ids": false,
      "draw_bar": false,
      "is_userinfo": true,
      "is_all_item_ranking": false,
      "cpu": false,
      "is_save": false,
      "use_userEmbedding": false,
      "use_pretrained_embedding": true,
      "exploration_noise": false,
      "explore_eps": 0.01,
      "need_state_norm": false,
      "freeze_emb": false,
      "reward_handle": "cat",
      "which_tracker": "avg",
      "embedding_dim": 32,
      "window_size": 3,
      "random_init": true,
      "filter_sizes": [
        2,
        3,
        4
      ],
      "num_filters": 16,
      "dropout_rate": 0.1,
      "num_heads": 1,
      "dilations": "[1, 2, 1, 2, 1, 2]",
      "buffer_size": 100000,
      "lr": 0.001,
      "epoch": 100,
      "batch_size": 1024,
      "hidden_sizes": [
        64,
        64
      ],
      "episode_per_collect": 100,
      "n_step": 3,
      "update_per_step": 0.125,
      "training_num": 100,
      "test_num": 100,
      "render": 0,
      "reward_threshold": null,
      "gamma": 0.9,
      "step_per_epoch": 100000,
      "step_per_collect": 100,
      "repeat_per_collect": 1,
      "logdir": "log",
      "read_message": "pointneg3",
      "all_item_ranking": false,
      "is_binarize": true,
      "need_transform": true,
      "use_auxiliary": true,
      "entropy_window": [
        1,
        2
      ],
      "rating_threshold": 4,
      "yfeat": "rating",
      "leave_threshold": 75.0,
      "num_leave_compute": 7,
      "max_turn": 30,
      "force_length": 10,
      "top_rate": 0.8,
      "model_name": "DORL",
      "vf_coef": 0.5,
      "ent_coef": 0.0,
      "max_grad_norm": null,
      "gae_lambda": 1.0,
      "rew_norm": false,
      "use_exposure_intervention": false,
      "use_feature_level": false,
      "is_sorted": true,
      "version": "v1",
      "tau": 0,
      "gamma_exposure": 10,
      "lambda_entropy": 5.0,
      "message": "DORL-75-7",
      "feature_level": true,
      "hostname": "server3"
    }
[I 240110 08:54:18 loggers:84] Epoch: [1], Info: [{'num_test': 100, 'len_tra': 8.3, 'R_tra': 15.786368217989802, 'ctr': '1.90197', 'CV': '0.03087', 'CV_turn': '0.14699', 'Diversity': '0.89456', 'Novelty': '5.63256', 'ifeat_feat': 0.43493975903614457, 'NX_0_len_tra': 13.97, 'NX_0_R_tra': 27.76307579934597, 'NX_0_ctr': '1.98734', 'NX_0_CV': '0.04276', 'NX_0_CV_turn': '0.12097', 'NX_0_Diversity': '0.99280', 'NX_0_Novelty': '5.55210', 'NX_0_ifeat_feat': 0.49391553328561205, 'NX_10_len_tra': 10.0, 'NX_10_R_tra': 18.61380937933922, 'NX_10_ctr': '1.86138', 'NX_10_CV': '0.03669', 'NX_10_CV_turn': '0.14500', 'NX_10_Diversity': '0.99314', 'NX_10_Novelty': '5.71123', 'NX_10_ifeat_feat': 0.494}]
[I 240110 09:07:50 loggers:84] Epoch: [2], Info: [{'num_test': 100, 'len_tra': 9.03, 'R_tra': 17.394226988404988, 'ctr': '1.92627', 'CV': '0.02100', 'CV_turn': '0.09192', 'Diversity': '0.92542', 'Novelty': '5.75034', 'ifeat_feat': 0.3709856035437431, 'NX_0_len_tra': 19.92, 'NX_0_R_tra': 40.77604893255979, 'NX_0_ctr': '2.04699', 'NX_0_CV': '0.04124', 'NX_0_CV_turn': '0.08183', 'NX_0_Diversity': '0.99305', 'NX_0_Novelty': '5.83407', 'NX_0_ifeat_feat': 0.4608433734939759, 'NX_10_len_tra': 10.0, 'NX_10_R_tra': 19.7091568903625, 'NX_10_ctr': '1.97092', 'NX_10_CV': '0.02328', 'NX_10_CV_turn': '0.09200', 'NX_10_Diversity': '0.99318', 'NX_10_Novelty': '5.91515', 'NX_10_ifeat_feat': 0.399}]
[I 240110 09:21:19 loggers:84] Epoch: [3], Info: [{'num_test': 100, 'len_tra': 9.64, 'R_tra': 18.32782003775239, 'ctr': '1.90123', 'CV': '0.02024', 'CV_turn': '0.08299', 'Diversity': '0.91101', 'Novelty': '5.72123', 'ifeat_feat': 0.37863070539419086, 'NX_0_len_tra': 24.74, 'NX_0_R_tra': 50.495523896440865, 'NX_0_ctr': '2.04105', 'NX_0_CV': '0.03568', 'NX_0_CV_turn': '0.05699', 'NX_0_Diversity': '0.99323', 'NX_0_Novelty': '5.79020', 'NX_0_ifeat_feat': 0.4822150363783347, 'NX_10_len_tra': 10.0, 'NX_10_R_tra': 19.56491475984454, 'NX_10_ctr': '1.95649', 'NX_10_CV': '0.01847', 'NX_10_CV_turn': '0.07300', 'NX_10_Diversity': '0.99332', 'NX_10_Novelty': '5.88331', 'NX_10_ifeat_feat': 0.408}]
[I 240110 09:34:49 loggers:84] Epoch: [4], Info: [{'num_test': 100, 'len_tra': 9.9, 'R_tra': 18.618415395319463, 'ctr': '1.88065', 'CV': '0.01999', 'CV_turn': '0.07980', 'Diversity': '0.90179', 'Novelty': '5.79171', 'ifeat_feat': 0.34444444444444444, 'NX_0_len_tra': 25.04, 'NX_0_R_tra': 49.10141338095069, 'NX_0_ctr': '1.96092', 'NX_0_CV': '0.03315', 'NX_0_CV_turn': '0.05232', 'NX_0_Diversity': '0.99333', 'NX_0_Novelty': '5.80362', 'NX_0_ifeat_feat': 0.43889776357827476, 'NX_10_len_tra': 10.0, 'NX_10_R_tra': 19.80565701492131, 'NX_10_ctr': '1.98057', 'NX_10_CV': '0.01974', 'NX_10_CV_turn': '0.07800', 'NX_10_Diversity': '0.99339', 'NX_10_Novelty': '5.69864', 'NX_10_ifeat_feat': 0.398}]
[I 240110 09:48:16 loggers:84] Epoch: [5], Info: [{'num_test': 100, 'len_tra': 8.83, 'R_tra': 17.476784378886222, 'ctr': '1.97925', 'CV': '0.01847', 'CV_turn': '0.08267', 'Diversity': '0.91727', 'Novelty': '5.80371', 'ifeat_feat': 0.362400906002265, 'NX_0_len_tra': 25.41, 'NX_0_R_tra': 50.43085442367941, 'NX_0_ctr': '1.98469', 'NX_0_CV': '0.03138', 'NX_0_CV_turn': '0.04880', 'NX_0_Diversity': '0.99322', 'NX_0_Novelty': '5.83451', 'NX_0_ifeat_feat': 0.4313262495080677, 'NX_10_len_tra': 10.0, 'NX_10_R_tra': 19.10899340003729, 'NX_10_ctr': '1.91090', 'NX_10_CV': '0.01999', 'NX_10_CV_turn': '0.07900', 'NX_10_Diversity': '0.99334', 'NX_10_Novelty': '5.87055', 'NX_10_ifeat_feat': 0.385}]
[I 240110 10:01:38 loggers:84] Epoch: [6], Info: [{'num_test': 100, 'len_tra': 9.72, 'R_tra': 19.170489622801544, 'ctr': '1.97227', 'CV': '0.01898', 'CV_turn': '0.07716', 'Diversity': '0.90733', 'Novelty': '5.89218', 'ifeat_feat': 0.36213991769547327, 'NX_0_len_tra': 24.33, 'NX_0_R_tra': 48.62518801890314, 'NX_0_ctr': '1.99857', 'NX_0_CV': '0.02834', 'NX_0_CV_turn': '0.04603', 'NX_0_Diversity': '0.99324', 'NX_0_Novelty': '5.81216', 'NX_0_ifeat_feat': 0.43732018084669133, 'NX_10_len_tra': 10.0, 'NX_10_R_tra': 20.407668954506516, 'NX_10_ctr': '2.04077', 'NX_10_CV': '0.02277', 'NX_10_CV_turn': '0.09000', 'NX_10_Diversity': '0.99329', 'NX_10_Novelty': '5.79731', 'NX_10_ifeat_feat': 0.386}]
[I 240110 10:15:15 loggers:84] Epoch: [7], Info: [{'num_test': 100, 'len_tra': 9.65, 'R_tra': 19.416615681052207, 'ctr': '2.01208', 'CV': '0.01923', 'CV_turn': '0.07876', 'Diversity': '0.87477', 'Novelty': '5.70886', 'ifeat_feat': 0.35958549222797925, 'NX_0_len_tra': 25.53, 'NX_0_R_tra': 52.45236520942301, 'NX_0_ctr': '2.05454', 'NX_0_CV': '0.03036', 'NX_0_CV_turn': '0.04700', 'NX_0_Diversity': '0.99323', 'NX_0_Novelty': '5.73551', 'NX_0_ifeat_feat': 0.4426165295730513, 'NX_10_len_tra': 10.0, 'NX_10_R_tra': 20.641918392404914, 'NX_10_ctr': '2.06419', 'NX_10_CV': '0.02126', 'NX_10_CV_turn': '0.08400', 'NX_10_Diversity': '0.99334', 'NX_10_Novelty': '5.68222', 'NX_10_ifeat_feat': 0.418}]
[I 240110 10:29:00 loggers:84] Epoch: [8], Info: [{'num_test': 100, 'len_tra': 10.34, 'R_tra': 20.80141316369176, 'ctr': '2.01174', 'CV': '0.02126', 'CV_turn': '0.08124', 'Diversity': '0.89704', 'Novelty': '5.77148', 'ifeat_feat': 0.3713733075435203, 'NX_0_len_tra': 25.63, 'NX_0_R_tra': 51.16876165315509, 'NX_0_ctr': '1.99644', 'NX_0_CV': '0.02859', 'NX_0_CV_turn': '0.04409', 'NX_0_Diversity': '0.99324', 'NX_0_Novelty': '5.87346', 'NX_0_ifeat_feat': 0.43620756925477955, 'NX_10_len_tra': 10.0, 'NX_10_R_tra': 20.084023059159517, 'NX_10_ctr': '2.00840', 'NX_10_CV': '0.01898', 'NX_10_CV_turn': '0.07500', 'NX_10_Diversity': '0.99326', 'NX_10_Novelty': '5.93482', 'NX_10_ifeat_feat': 0.393}]
[I 240110 10:42:12 loggers:84] Epoch: [9], Info: [{'num_test': 100, 'len_tra': 10.66, 'R_tra': 19.33644421413541, 'ctr': '1.81393', 'CV': '0.01822', 'CV_turn': '0.06754', 'Diversity': '0.94080', 'Novelty': '5.67984', 'ifeat_feat': 0.3714821763602251, 'NX_0_len_tra': 27.12, 'NX_0_R_tra': 56.783547221049666, 'NX_0_ctr': '2.09379', 'NX_0_CV': '0.02885', 'NX_0_CV_turn': '0.04204', 'NX_0_Diversity': '0.99331', 'NX_0_Novelty': '5.78250', 'NX_0_ifeat_feat': 0.4325221238938053, 'NX_10_len_tra': 10.0, 'NX_10_R_tra': 19.575492724105715, 'NX_10_ctr': '1.95755', 'NX_10_CV': '0.02126', 'NX_10_CV_turn': '0.08400', 'NX_10_Diversity': '0.99336', 'NX_10_Novelty': '5.77593', 'NX_10_ifeat_feat': 0.389}]
[I 240110 10:55:13 loggers:84] Epoch: [10], Info: [{'num_test': 100, 'len_tra': 9.35, 'R_tra': 19.303361645042898, 'ctr': '2.06453', 'CV': '0.01923', 'CV_turn': '0.08128', 'Diversity': '0.88154', 'Novelty': '5.56022', 'ifeat_feat': 0.3390374331550802, 'NX_0_len_tra': 26.92, 'NX_0_R_tra': 54.02089169871062, 'NX_0_ctr': '2.00672', 'NX_0_CV': '0.02935', 'NX_0_CV_turn': '0.04309', 'NX_0_Diversity': '0.99334', 'NX_0_Novelty': '5.83180', 'NX_0_ifeat_feat': 0.41419019316493316, 'NX_10_len_tra': 10.0, 'NX_10_R_tra': 19.844880583509802, 'NX_10_ctr': '1.98449', 'NX_10_CV': '0.02024', 'NX_10_CV_turn': '0.08000', 'NX_10_Diversity': '0.99345', 'NX_10_Novelty': '5.84408', 'NX_10_ifeat_feat': 0.38}]
[I 240110 11:08:53 loggers:84] Epoch: [11], Info: [{'num_test': 100, 'len_tra': 9.48, 'R_tra': 17.323408692106604, 'ctr': '1.82736', 'CV': '0.01797', 'CV_turn': '0.07489', 'Diversity': '0.88103', 'Novelty': '5.55451', 'ifeat_feat': 0.310126582278481, 'NX_0_len_tra': 28.44, 'NX_0_R_tra': 57.13216242965311, 'NX_0_ctr': '2.00887', 'NX_0_CV': '0.02809', 'NX_0_CV_turn': '0.03903', 'NX_0_Diversity': '0.99331', 'NX_0_Novelty': '5.85288', 'NX_0_ifeat_feat': 0.4149085794655415, 'NX_10_len_tra': 10.0, 'NX_10_R_tra': 19.19801724344492, 'NX_10_ctr': '1.91980', 'NX_10_CV': '0.01974', 'NX_10_CV_turn': '0.07800', 'NX_10_Diversity': '0.99334', 'NX_10_Novelty': '5.70060', 'NX_10_ifeat_feat': 0.347}]
[I 240110 11:22:15 loggers:84] Epoch: [12], Info: [{'num_test': 100, 'len_tra': 9.87, 'R_tra': 18.30043794631958, 'ctr': '1.85415', 'CV': '0.01923', 'CV_turn': '0.07700', 'Diversity': '0.88278', 'Novelty': '5.71818', 'ifeat_feat': 0.3323201621073962, 'NX_0_len_tra': 25.47, 'NX_0_R_tra': 50.74055781528354, 'NX_0_ctr': '1.99217', 'NX_0_CV': '0.02885', 'NX_0_CV_turn': '0.04476', 'NX_0_Diversity': '0.99332', 'NX_0_Novelty': '5.86735', 'NX_0_ifeat_feat': 0.4244208873184138, 'NX_10_len_tra': 10.0, 'NX_10_R_tra': 19.151346817612648, 'NX_10_ctr': '1.91513', 'NX_10_CV': '0.02075', 'NX_10_CV_turn': '0.08200', 'NX_10_Diversity': '0.99323', 'NX_10_Novelty': '5.93476', 'NX_10_ifeat_feat': 0.361}]
[I 240110 11:35:02 loggers:84] Epoch: [13], Info: [{'num_test': 100, 'len_tra': 10.32, 'R_tra': 20.21271508514881, 'ctr': '1.95860', 'CV': '0.02227', 'CV_turn': '0.08527', 'Diversity': '0.89254', 'Novelty': '6.04784', 'ifeat_feat': 0.3624031007751938, 'NX_0_len_tra': 26.1, 'NX_0_R_tra': 54.60392498239875, 'NX_0_ctr': '2.09210', 'NX_0_CV': '0.03214', 'NX_0_CV_turn': '0.04866', 'NX_0_Diversity': '0.99326', 'NX_0_Novelty': '5.92842', 'NX_0_ifeat_feat': 0.43524904214559385, 'NX_10_len_tra': 10.0, 'NX_10_R_tra': 21.02496628474444, 'NX_10_ctr': '2.10250', 'NX_10_CV': '0.02252', 'NX_10_CV_turn': '0.08900', 'NX_10_Diversity': '0.99337', 'NX_10_Novelty': '6.05468', 'NX_10_ifeat_feat': 0.383}]
[I 240110 11:46:40 loggers:84] Epoch: [14], Info: [{'num_test': 100, 'len_tra': 10.41, 'R_tra': 21.445916565433144, 'ctr': '2.06013', 'CV': '0.02100', 'CV_turn': '0.07973', 'Diversity': '0.91597', 'Novelty': '5.93670', 'ifeat_feat': 0.3659942363112392, 'NX_0_len_tra': 25.88, 'NX_0_R_tra': 52.34650254689157, 'NX_0_ctr': '2.02266', 'NX_0_CV': '0.02783', 'NX_0_CV_turn': '0.04250', 'NX_0_Diversity': '0.99320', 'NX_0_Novelty': '5.86601', 'NX_0_ifeat_feat': 0.4215610510046368, 'NX_10_len_tra': 10.0, 'NX_10_R_tra': 19.649107125997542, 'NX_10_ctr': '1.96491', 'NX_10_CV': '0.02176', 'NX_10_CV_turn': '0.08600', 'NX_10_Diversity': '0.99329', 'NX_10_Novelty': '5.99020', 'NX_10_ifeat_feat': 0.374}]
[I 240110 11:57:45 loggers:84] Epoch: [15], Info: [{'num_test': 100, 'len_tra': 10.6, 'R_tra': 20.923306246250867, 'ctr': '1.97390', 'CV': '0.02176', 'CV_turn': '0.08113', 'Diversity': '0.91156', 'Novelty': '5.69605', 'ifeat_feat': 0.36981132075471695, 'NX_0_len_tra': 27.9, 'NX_0_R_tra': 55.179048173725604, 'NX_0_ctr': '1.97774', 'NX_0_CV': '0.03264', 'NX_0_CV_turn': '0.04624', 'NX_0_Diversity': '0.99327', 'NX_0_Novelty': '5.96626', 'NX_0_ifeat_feat': 0.44516129032258067, 'NX_10_len_tra': 10.0, 'NX_10_R_tra': 19.73701480075717, 'NX_10_ctr': '1.97370', 'NX_10_CV': '0.02176', 'NX_10_CV_turn': '0.08600', 'NX_10_Diversity': '0.99328', 'NX_10_Novelty': '5.91036', 'NX_10_ifeat_feat': 0.381}]
[I 240110 12:06:09 loggers:84] Epoch: [16], Info: [{'num_test': 100, 'len_tra': 10.94, 'R_tra': 22.18839136004448, 'ctr': '2.02819', 'CV': '0.01923', 'CV_turn': '0.06947', 'Diversity': '0.91907', 'Novelty': '5.91742', 'ifeat_feat': 0.3583180987202925, 'NX_0_len_tra': 27.51, 'NX_0_R_tra': 55.19050125166774, 'NX_0_ctr': '2.00620', 'NX_0_CV': '0.02935', 'NX_0_CV_turn': '0.04217', 'NX_0_Diversity': '0.99329', 'NX_0_Novelty': '5.92250', 'NX_0_ifeat_feat': 0.391130498000727, 'NX_10_len_tra': 10.0, 'NX_10_R_tra': 19.919041918963195, 'NX_10_ctr': '1.99190', 'NX_10_CV': '0.02151', 'NX_10_CV_turn': '0.08500', 'NX_10_Diversity': '0.99336', 'NX_10_Novelty': '5.79959', 'NX_10_ifeat_feat': 0.367}]
[I 240110 12:14:02 loggers:84] Epoch: [17], Info: [{'num_test': 100, 'len_tra': 10.77, 'R_tra': 22.19261926561594, 'ctr': '2.06060', 'CV': '0.02252', 'CV_turn': '0.08264', 'Diversity': '0.93615', 'Novelty': '6.05684', 'ifeat_feat': 0.3370473537604457, 'NX_0_len_tra': 26.41, 'NX_0_R_tra': 55.57890922069549, 'NX_0_ctr': '2.10446', 'NX_0_CV': '0.02859', 'NX_0_CV_turn': '0.04279', 'NX_0_Diversity': '0.99334', 'NX_0_Novelty': '5.95393', 'NX_0_ifeat_feat': 0.39606209769026884, 'NX_10_len_tra': 10.0, 'NX_10_R_tra': 20.14090753518045, 'NX_10_ctr': '2.01409', 'NX_10_CV': '0.01974', 'NX_10_CV_turn': '0.07800', 'NX_10_Diversity': '0.99341', 'NX_10_Novelty': '5.96850', 'NX_10_ifeat_feat': 0.354}]
[I 240110 12:21:50 loggers:84] Epoch: [18], Info: [{'num_test': 100, 'len_tra': 11.69, 'R_tra': 23.390189653411507, 'ctr': '2.00087', 'CV': '0.02277', 'CV_turn': '0.07699', 'Diversity': '0.91433', 'Novelty': '5.87484', 'ifeat_feat': 0.3609923011120616, 'NX_0_len_tra': 27.06, 'NX_0_R_tra': 55.122893704846504, 'NX_0_ctr': '2.03706', 'NX_0_CV': '0.03011', 'NX_0_CV_turn': '0.04398', 'NX_0_Diversity': '0.99325', 'NX_0_Novelty': '5.97431', 'NX_0_ifeat_feat': 0.4124168514412417, 'NX_10_len_tra': 10.0, 'NX_10_R_tra': 20.29382819391787, 'NX_10_ctr': '2.02938', 'NX_10_CV': '0.02227', 'NX_10_CV_turn': '0.08800', 'NX_10_Diversity': '0.99326', 'NX_10_Novelty': '5.80613', 'NX_10_ifeat_feat': 0.373}]
[I 240110 12:29:28 loggers:84] Epoch: [19], Info: [{'num_test': 100, 'len_tra': 11.44, 'R_tra': 23.58710249170661, 'ctr': '2.06181', 'CV': '0.02252', 'CV_turn': '0.07780', 'Diversity': '0.92161', 'Novelty': '5.82634', 'ifeat_feat': 0.3356643356643357, 'NX_0_len_tra': 27.22, 'NX_0_R_tra': 57.802206562832, 'NX_0_ctr': '2.12352', 'NX_0_CV': '0.03011', 'NX_0_CV_turn': '0.04372', 'NX_0_Diversity': '0.99328', 'NX_0_Novelty': '6.07913', 'NX_0_ifeat_feat': 0.40595150624540777, 'NX_10_len_tra': 10.0, 'NX_10_R_tra': 21.41907132342458, 'NX_10_ctr': '2.14191', 'NX_10_CV': '0.02353', 'NX_10_CV_turn': '0.09300', 'NX_10_Diversity': '0.99335', 'NX_10_Novelty': '5.92618', 'NX_10_ifeat_feat': 0.353}]
[I 240110 12:36:41 loggers:84] Epoch: [20], Info: [{'num_test': 100, 'len_tra': 11.11, 'R_tra': 22.844540909081697, 'ctr': '2.05621', 'CV': '0.02176', 'CV_turn': '0.07741', 'Diversity': '0.91747', 'Novelty': '5.98038', 'ifeat_feat': 0.39603960396039606, 'NX_0_len_tra': 26.7, 'NX_0_R_tra': 56.33157077420503, 'NX_0_ctr': '2.10980', 'NX_0_CV': '0.02859', 'NX_0_CV_turn': '0.04232', 'NX_0_Diversity': '0.99324', 'NX_0_Novelty': '5.91647', 'NX_0_ifeat_feat': 0.4247191011235955, 'NX_10_len_tra': 10.0, 'NX_10_R_tra': 20.713763523995876, 'NX_10_ctr': '2.07138', 'NX_10_CV': '0.02227', 'NX_10_CV_turn': '0.08800', 'NX_10_Diversity': '0.99343', 'NX_10_Novelty': '5.94354', 'NX_10_ifeat_feat': 0.377}]
[I 240110 12:43:05 loggers:84] Epoch: [21], Info: [{'num_test': 100, 'len_tra': 10.94, 'R_tra': 21.22604788839817, 'ctr': '1.94022', 'CV': '0.02075', 'CV_turn': '0.07495', 'Diversity': '0.90341', 'Novelty': '5.85097', 'ifeat_feat': 0.3272394881170018, 'NX_0_len_tra': 27.2, 'NX_0_R_tra': 55.68389198362827, 'NX_0_ctr': '2.04720', 'NX_0_CV': '0.02885', 'NX_0_CV_turn': '0.04191', 'NX_0_Diversity': '0.99322', 'NX_0_Novelty': '5.96492', 'NX_0_ifeat_feat': 0.3889705882352941, 'NX_10_len_tra': 10.0, 'NX_10_R_tra': 20.436017131134868, 'NX_10_ctr': '2.04360', 'NX_10_CV': '0.01999', 'NX_10_CV_turn': '0.07900', 'NX_10_Diversity': '0.99332', 'NX_10_Novelty': '6.01546', 'NX_10_ifeat_feat': 0.343}]
[I 240110 12:49:14 loggers:84] Epoch: [22], Info: [{'num_test': 100, 'len_tra': 10.2, 'R_tra': 21.542396821975707, 'ctr': '2.11200', 'CV': '0.01872', 'CV_turn': '0.07255', 'Diversity': '0.90732', 'Novelty': '6.05055', 'ifeat_feat': 0.35490196078431374, 'NX_0_len_tra': 26.63, 'NX_0_R_tra': 55.82966783599928, 'NX_0_ctr': '2.09650', 'NX_0_CV': '0.03062', 'NX_0_CV_turn': '0.04544', 'NX_0_Diversity': '0.99332', 'NX_0_Novelty': '5.98552', 'NX_0_ifeat_feat': 0.41344348479158843, 'NX_10_len_tra': 10.0, 'NX_10_R_tra': 21.32810613028705, 'NX_10_ctr': '2.13281', 'NX_10_CV': '0.02151', 'NX_10_CV_turn': '0.08500', 'NX_10_Diversity': '0.99335', 'NX_10_Novelty': '6.06868', 'NX_10_ifeat_feat': 0.346}]
[I 240110 12:55:36 loggers:84] Epoch: [23], Info: [{'num_test': 100, 'len_tra': 10.3, 'R_tra': 21.03460971131921, 'ctr': '2.04220', 'CV': '0.02024', 'CV_turn': '0.07767', 'Diversity': '0.91054', 'Novelty': '5.88944', 'ifeat_feat': 0.3262135922330097, 'NX_0_len_tra': 27.51, 'NX_0_R_tra': 59.16789942502975, 'NX_0_ctr': '2.15078', 'NX_0_CV': '0.02733', 'NX_0_CV_turn': '0.03926', 'NX_0_Diversity': '0.99332', 'NX_0_Novelty': '5.91758', 'NX_0_ifeat_feat': 0.40130861504907306, 'NX_10_len_tra': 10.0, 'NX_10_R_tra': 21.04673217639327, 'NX_10_ctr': '2.10467', 'NX_10_CV': '0.02050', 'NX_10_CV_turn': '0.08100', 'NX_10_Diversity': '0.99336', 'NX_10_Novelty': '5.89034', 'NX_10_ifeat_feat': 0.366}]
[I 240110 13:01:35 loggers:84] Epoch: [24], Info: [{'num_test': 100, 'len_tra': 10.24, 'R_tra': 21.022102782055736, 'ctr': '2.05294', 'CV': '0.01999', 'CV_turn': '0.07715', 'Diversity': '0.88606', 'Novelty': '5.68182', 'ifeat_feat': 0.3251953125, 'NX_0_len_tra': 27.33, 'NX_0_R_tra': 56.60836425468326, 'NX_0_ctr': '2.07129', 'NX_0_CV': '0.02834', 'NX_0_CV_turn': '0.04098', 'NX_0_Diversity': '0.99324', 'NX_0_Novelty': '5.93683', 'NX_0_ifeat_feat': 0.41602634467618005, 'NX_10_len_tra': 10.0, 'NX_10_R_tra': 20.76879087805748, 'NX_10_ctr': '2.07688', 'NX_10_CV': '0.02050', 'NX_10_CV_turn': '0.08100', 'NX_10_Diversity': '0.99333', 'NX_10_Novelty': '5.83140', 'NX_10_ifeat_feat': 0.378}]
[I 240110 13:07:30 loggers:84] Epoch: [25], Info: [{'num_test': 100, 'len_tra': 10.75, 'R_tra': 21.592061043083667, 'ctr': '2.00856', 'CV': '0.02075', 'CV_turn': '0.07628', 'Diversity': '0.89744', 'Novelty': '5.83308', 'ifeat_feat': 0.3544186046511628, 'NX_0_len_tra': 27.42, 'NX_0_R_tra': 57.58804124340415, 'NX_0_ctr': '2.10022', 'NX_0_CV': '0.02682', 'NX_0_CV_turn': '0.03866', 'NX_0_Diversity': '0.99328', 'NX_0_Novelty': '5.92889', 'NX_0_ifeat_feat': 0.4084609773887673, 'NX_10_len_tra': 10.0, 'NX_10_R_tra': 19.81693844690919, 'NX_10_ctr': '1.98169', 'NX_10_CV': '0.01999', 'NX_10_CV_turn': '0.07900', 'NX_10_Diversity': '0.99335', 'NX_10_Novelty': '5.81263', 'NX_10_ifeat_feat': 0.371}]
[I 240110 13:13:39 loggers:84] Epoch: [26], Info: [{'num_test': 100, 'len_tra': 10.96, 'R_tra': 21.615596271306277, 'ctr': '1.97223', 'CV': '0.01974', 'CV_turn': '0.07117', 'Diversity': '0.91370', 'Novelty': '5.85762', 'ifeat_feat': 0.354014598540146, 'NX_0_len_tra': 28.57, 'NX_0_R_tra': 59.959673924520615, 'NX_0_ctr': '2.09869', 'NX_0_CV': '0.02505', 'NX_0_CV_turn': '0.03465', 'NX_0_Diversity': '0.99328', 'NX_0_Novelty': '5.90262', 'NX_0_ifeat_feat': 0.41617080854042704, 'NX_10_len_tra': 10.0, 'NX_10_R_tra': 21.243760574758053, 'NX_10_ctr': '2.12438', 'NX_10_CV': '0.01872', 'NX_10_CV_turn': '0.07400', 'NX_10_Diversity': '0.99335', 'NX_10_Novelty': '5.90770', 'NX_10_ifeat_feat': 0.372}]
[I 240110 13:20:11 loggers:84] Epoch: [27], Info: [{'num_test': 100, 'len_tra': 9.73, 'R_tra': 20.055177667587994, 'ctr': '2.06117', 'CV': '0.02075', 'CV_turn': '0.08428', 'Diversity': '0.86304', 'Novelty': '5.75943', 'ifeat_feat': 0.34121274409044194, 'NX_0_len_tra': 28.53, 'NX_0_R_tra': 59.71015635602176, 'NX_0_ctr': '2.09289', 'NX_0_CV': '0.02758', 'NX_0_CV_turn': '0.03821', 'NX_0_Diversity': '0.99335', 'NX_0_Novelty': '5.91563', 'NX_0_ifeat_feat': 0.39397125832457064, 'NX_10_len_tra': 10.0, 'NX_10_R_tra': 20.448726181536912, 'NX_10_ctr': '2.04487', 'NX_10_CV': '0.02050', 'NX_10_CV_turn': '0.08100', 'NX_10_Diversity': '0.99332', 'NX_10_Novelty': '5.77963', 'NX_10_ifeat_feat': 0.327}]
[I 240110 13:26:28 loggers:84] Epoch: [28], Info: [{'num_test': 100, 'len_tra': 10.82, 'R_tra': 24.134395055025816, 'ctr': '2.23054', 'CV': '0.01999', 'CV_turn': '0.07301', 'Diversity': '0.91108', 'Novelty': '6.13419', 'ifeat_feat': 0.32717190388170053, 'NX_0_len_tra': 28.48, 'NX_0_R_tra': 63.23097733903676, 'NX_0_ctr': '2.22019', 'NX_0_CV': '0.02834', 'NX_0_CV_turn': '0.03933', 'NX_0_Diversity': '0.99341', 'NX_0_Novelty': '6.04081', 'NX_0_ifeat_feat': 0.38939606741573035, 'NX_10_len_tra': 10.0, 'NX_10_R_tra': 22.968007586747408, 'NX_10_ctr': '2.29680', 'NX_10_CV': '0.02024', 'NX_10_CV_turn': '0.08000', 'NX_10_Diversity': '0.99349', 'NX_10_Novelty': '6.09219', 'NX_10_ifeat_feat': 0.349}]
[I 240110 13:32:57 loggers:84] Epoch: [29], Info: [{'num_test': 100, 'len_tra': 10.66, 'R_tra': 22.86574228696525, 'ctr': '2.14500', 'CV': '0.02201', 'CV_turn': '0.08161', 'Diversity': '0.89696', 'Novelty': '5.85531', 'ifeat_feat': 0.32833020637898686, 'NX_0_len_tra': 27.49, 'NX_0_R_tra': 60.451597496271134, 'NX_0_ctr': '2.19904', 'NX_0_CV': '0.02657', 'NX_0_CV_turn': '0.03820', 'NX_0_Diversity': '0.99332', 'NX_0_Novelty': '6.01968', 'NX_0_ifeat_feat': 0.4037831938886868, 'NX_10_len_tra': 10.0, 'NX_10_R_tra': 21.818139418400825, 'NX_10_ctr': '2.18181', 'NX_10_CV': '0.02126', 'NX_10_CV_turn': '0.08400', 'NX_10_Diversity': '0.99340', 'NX_10_Novelty': '5.99317', 'NX_10_ifeat_feat': 0.358}]
[I 240110 13:39:34 loggers:84] Epoch: [30], Info: [{'num_test': 100, 'len_tra': 10.87, 'R_tra': 24.328001380711793, 'ctr': '2.23809', 'CV': '0.01898', 'CV_turn': '0.06900', 'Diversity': '0.94437', 'Novelty': '5.87037', 'ifeat_feat': 0.33670653173873044, 'NX_0_len_tra': 28.45, 'NX_0_R_tra': 62.33381506279111, 'NX_0_ctr': '2.19100', 'NX_0_CV': '0.02733', 'NX_0_CV_turn': '0.03796', 'NX_0_Diversity': '0.99335', 'NX_0_Novelty': '5.90849', 'NX_0_ifeat_feat': 0.4031634446397188, 'NX_10_len_tra': 10.0, 'NX_10_R_tra': 22.867119244784117, 'NX_10_ctr': '2.28671', 'NX_10_CV': '0.02024', 'NX_10_CV_turn': '0.08000', 'NX_10_Diversity': '0.99338', 'NX_10_Novelty': '5.95466', 'NX_10_ifeat_feat': 0.357}]
[I 240110 13:45:47 loggers:84] Epoch: [31], Info: [{'num_test': 100, 'len_tra': 11.53, 'R_tra': 25.21750289402902, 'ctr': '2.18712', 'CV': '0.01974', 'CV_turn': '0.06765', 'Diversity': '0.92656', 'Novelty': '5.99597', 'ifeat_feat': 0.3547267996530789, 'NX_0_len_tra': 27.13, 'NX_0_R_tra': 59.90244589023292, 'NX_0_ctr': '2.20798', 'NX_0_CV': '0.02733', 'NX_0_CV_turn': '0.03981', 'NX_0_Diversity': '0.99341', 'NX_0_Novelty': '5.96142', 'NX_0_ifeat_feat': 0.4098783634353115, 'NX_10_len_tra': 10.0, 'NX_10_R_tra': 21.631593841314317, 'NX_10_ctr': '2.16316', 'NX_10_CV': '0.01948', 'NX_10_CV_turn': '0.07700', 'NX_10_Diversity': '0.99347', 'NX_10_Novelty': '6.04272', 'NX_10_ifeat_feat': 0.364}]
[I 240110 13:52:04 loggers:84] Epoch: [32], Info: [{'num_test': 100, 'len_tra': 10.29, 'R_tra': 22.89159273445606, 'ctr': '2.22464', 'CV': '0.02024', 'CV_turn': '0.07775', 'Diversity': '0.91989', 'Novelty': '5.78513', 'ifeat_feat': 0.3362487852283771, 'NX_0_len_tra': 29.05, 'NX_0_R_tra': 63.19260329794139, 'NX_0_ctr': '2.17530', 'NX_0_CV': '0.02606', 'NX_0_CV_turn': '0.03546', 'NX_0_Diversity': '0.99340', 'NX_0_Novelty': '5.88901', 'NX_0_ifeat_feat': 0.410671256454389, 'NX_10_len_tra': 10.0, 'NX_10_R_tra': 22.460626994669436, 'NX_10_ctr': '2.24606', 'NX_10_CV': '0.02024', 'NX_10_CV_turn': '0.08000', 'NX_10_Diversity': '0.99352', 'NX_10_Novelty': '5.84530', 'NX_10_ifeat_feat': 0.37}]
[I 240110 13:58:28 loggers:84] Epoch: [33], Info: [{'num_test': 100, 'len_tra': 10.75, 'R_tra': 24.197381959334017, 'ctr': '2.25092', 'CV': '0.01797', 'CV_turn': '0.06605', 'Diversity': '0.90294', 'Novelty': '5.76381', 'ifeat_feat': 0.3041860465116279, 'NX_0_len_tra': 29.46, 'NX_0_R_tra': 63.437622243687514, 'NX_0_ctr': '2.15335', 'NX_0_CV': '0.02530', 'NX_0_CV_turn': '0.03394', 'NX_0_Diversity': '0.99343', 'NX_0_Novelty': '6.03492', 'NX_0_ifeat_feat': 0.37202987101154106, 'NX_10_len_tra': 10.0, 'NX_10_R_tra': 21.820972012206912, 'NX_10_ctr': '2.18210', 'NX_10_CV': '0.01746', 'NX_10_CV_turn': '0.06900', 'NX_10_Diversity': '0.99344', 'NX_10_Novelty': '5.93906', 'NX_10_ifeat_feat': 0.302}]
[I 240110 14:04:41 loggers:84] Epoch: [34], Info: [{'num_test': 100, 'len_tra': 9.38, 'R_tra': 22.75366399399936, 'ctr': '2.42576', 'CV': '0.01847', 'CV_turn': '0.07783', 'Diversity': '0.91627', 'Novelty': '5.34435', 'ifeat_feat': 0.2622601279317697, 'NX_0_len_tra': 28.6, 'NX_0_R_tra': 61.12521131291985, 'NX_0_ctr': '2.13725', 'NX_0_CV': '0.03112', 'NX_0_CV_turn': '0.04301', 'NX_0_Diversity': '0.99344', 'NX_0_Novelty': '5.84459', 'NX_0_ifeat_feat': 0.40314685314685317, 'NX_10_len_tra': 10.0, 'NX_10_R_tra': 21.492181404605507, 'NX_10_ctr': '2.14922', 'NX_10_CV': '0.01923', 'NX_10_CV_turn': '0.07600', 'NX_10_Diversity': '0.99355', 'NX_10_Novelty': '5.68244', 'NX_10_ifeat_feat': 0.31}]
[I 240110 14:10:33 loggers:84] Epoch: [35], Info: [{'num_test': 100, 'len_tra': 9.92, 'R_tra': 23.815767090320588, 'ctr': '2.40078', 'CV': '0.01746', 'CV_turn': '0.06956', 'Diversity': '0.92564', 'Novelty': '5.63148', 'ifeat_feat': 0.24596774193548387, 'NX_0_len_tra': 28.34, 'NX_0_R_tra': 60.43816771671176, 'NX_0_ctr': '2.13261', 'NX_0_CV': '0.02556', 'NX_0_CV_turn': '0.03564', 'NX_0_Diversity': '0.99336', 'NX_0_Novelty': '5.88338', 'NX_0_ifeat_feat': 0.3853211009174312, 'NX_10_len_tra': 10.0, 'NX_10_R_tra': 22.551857633255423, 'NX_10_ctr': '2.25519', 'NX_10_CV': '0.01771', 'NX_10_CV_turn': '0.07000', 'NX_10_Diversity': '0.99345', 'NX_10_Novelty': '5.83290', 'NX_10_ifeat_feat': 0.332}]
[I 240110 14:16:36 loggers:84] Epoch: [36], Info: [{'num_test': 100, 'len_tra': 11.04, 'R_tra': 26.225954171568155, 'ctr': '2.37554', 'CV': '0.01518', 'CV_turn': '0.05435', 'Diversity': '0.93250', 'Novelty': '5.71698', 'ifeat_feat': 0.27445652173913043, 'NX_0_len_tra': 28.37, 'NX_0_R_tra': 60.895985314399006, 'NX_0_ctr': '2.14649', 'NX_0_CV': '0.02505', 'NX_0_CV_turn': '0.03490', 'NX_0_Diversity': '0.99341', 'NX_0_Novelty': '5.95447', 'NX_0_ifeat_feat': 0.40148043708142406, 'NX_10_len_tra': 10.0, 'NX_10_R_tra': 23.22227388441563, 'NX_10_ctr': '2.32223', 'NX_10_CV': '0.01670', 'NX_10_CV_turn': '0.06600', 'NX_10_Diversity': '0.99338', 'NX_10_Novelty': '5.71483', 'NX_10_ifeat_feat': 0.329}]
[I 240110 14:22:20 loggers:84] Epoch: [37], Info: [{'num_test': 100, 'len_tra': 9.93, 'R_tra': 22.291379167437555, 'ctr': '2.24485', 'CV': '0.01544', 'CV_turn': '0.06143', 'Diversity': '0.93080', 'Novelty': '5.64755', 'ifeat_feat': 0.23766364551863042, 'NX_0_len_tra': 29.42, 'NX_0_R_tra': 63.80708305478096, 'NX_0_ctr': '2.16883', 'NX_0_CV': '0.02379', 'NX_0_CV_turn': '0.03195', 'NX_0_Diversity': '0.99341', 'NX_0_Novelty': '5.98242', 'NX_0_ifeat_feat': 0.37559483344663497, 'NX_10_len_tra': 10.0, 'NX_10_R_tra': 22.017929295003412, 'NX_10_ctr': '2.20179', 'NX_10_CV': '0.01594', 'NX_10_CV_turn': '0.06300', 'NX_10_Diversity': '0.99345', 'NX_10_Novelty': '5.87018', 'NX_10_ifeat_feat': 0.275}]
[I 240110 14:28:39 loggers:84] Epoch: [38], Info: [{'num_test': 100, 'len_tra': 11.01, 'R_tra': 26.142122356295587, 'ctr': '2.37440', 'CV': '0.01594', 'CV_turn': '0.05722', 'Diversity': '0.93020', 'Novelty': '5.63775', 'ifeat_feat': 0.28973660308810173, 'NX_0_len_tra': 29.41, 'NX_0_R_tra': 64.12765025772154, 'NX_0_ctr': '2.18047', 'NX_0_CV': '0.02201', 'NX_0_CV_turn': '0.02958', 'NX_0_Diversity': '0.99341', 'NX_0_Novelty': '5.95980', 'NX_0_ifeat_feat': 0.4124447466848011, 'NX_10_len_tra': 10.0, 'NX_10_R_tra': 22.599295688569544, 'NX_10_ctr': '2.25993', 'NX_10_CV': '0.01619', 'NX_10_CV_turn': '0.06400', 'NX_10_Diversity': '0.99350', 'NX_10_Novelty': '5.79185', 'NX_10_ifeat_feat': 0.342}]
[I 240110 14:35:15 loggers:84] Epoch: [39], Info: [{'num_test': 100, 'len_tra': 11.35, 'R_tra': 27.160636415630577, 'ctr': '2.39301', 'CV': '0.01594', 'CV_turn': '0.05551', 'Diversity': '0.93885', 'Novelty': '5.61003', 'ifeat_feat': 0.32158590308370044, 'NX_0_len_tra': 29.21, 'NX_0_R_tra': 65.24476050108672, 'NX_0_ctr': '2.23364', 'NX_0_CV': '0.02277', 'NX_0_CV_turn': '0.03081', 'NX_0_Diversity': '0.99342', 'NX_0_Novelty': '5.93942', 'NX_0_ifeat_feat': 0.4245121533721328, 'NX_10_len_tra': 10.0, 'NX_10_R_tra': 23.036148475781083, 'NX_10_ctr': '2.30361', 'NX_10_CV': '0.01569', 'NX_10_CV_turn': '0.06200', 'NX_10_Diversity': '0.99349', 'NX_10_Novelty': '5.66812', 'NX_10_ifeat_feat': 0.364}]
[I 240110 14:41:30 loggers:84] Epoch: [40], Info: [{'num_test': 100, 'len_tra': 10.95, 'R_tra': 25.768649376481772, 'ctr': '2.35330', 'CV': '0.01569', 'CV_turn': '0.05662', 'Diversity': '0.92962', 'Novelty': '5.52938', 'ifeat_feat': 0.26210045662100456, 'NX_0_len_tra': 29.57, 'NX_0_R_tra': 64.82469436183572, 'NX_0_ctr': '2.19225', 'NX_0_CV': '0.02176', 'NX_0_CV_turn': '0.02908', 'NX_0_Diversity': '0.99346', 'NX_0_Novelty': '5.88158', 'NX_0_ifeat_feat': 0.3868785931687521, 'NX_10_len_tra': 10.0, 'NX_10_R_tra': 22.569348850250243, 'NX_10_ctr': '2.25693', 'NX_10_CV': '0.01493', 'NX_10_CV_turn': '0.05900', 'NX_10_Diversity': '0.99349', 'NX_10_Novelty': '5.72139', 'NX_10_ifeat_feat': 0.324}]
[I 240110 14:47:33 loggers:84] Epoch: [41], Info: [{'num_test': 100, 'len_tra': 10.55, 'R_tra': 24.905581180974842, 'ctr': '2.36072', 'CV': '0.01518', 'CV_turn': '0.05687', 'Diversity': '0.93530', 'Novelty': '5.44535', 'ifeat_feat': 0.2909952606635071, 'NX_0_len_tra': 29.58, 'NX_0_R_tra': 64.8430785176903, 'NX_0_ctr': '2.19213', 'NX_0_CV': '0.02201', 'NX_0_CV_turn': '0.02941', 'NX_0_Diversity': '0.99343', 'NX_0_Novelty': '5.89639', 'NX_0_ifeat_feat': 0.4066937119675456, 'NX_10_len_tra': 10.0, 'NX_10_R_tra': 22.77845915351063, 'NX_10_ctr': '2.27785', 'NX_10_CV': '0.01493', 'NX_10_CV_turn': '0.05900', 'NX_10_Diversity': '0.99348', 'NX_10_Novelty': '5.75261', 'NX_10_ifeat_feat': 0.318}]
[I 240110 14:54:33 loggers:84] Epoch: [42], Info: [{'num_test': 100, 'len_tra': 10.79, 'R_tra': 25.3572428278625, 'ctr': '2.35007', 'CV': '0.01518', 'CV_turn': '0.05561', 'Diversity': '0.93624', 'Novelty': '5.63378', 'ifeat_feat': 0.26506024096385544, 'NX_0_len_tra': 29.55, 'NX_0_R_tra': 63.606444774232806, 'NX_0_ctr': '2.15250', 'NX_0_CV': '0.02024', 'NX_0_CV_turn': '0.02707', 'NX_0_Diversity': '0.99341', 'NX_0_Novelty': '5.97604', 'NX_0_ifeat_feat': 0.3962774957698816, 'NX_10_len_tra': 10.0, 'NX_10_R_tra': 23.262775482088326, 'NX_10_ctr': '2.32628', 'NX_10_CV': '0.01468', 'NX_10_CV_turn': '0.05800', 'NX_10_Diversity': '0.99348', 'NX_10_Novelty': '5.66519', 'NX_10_ifeat_feat': 0.331}]
[I 240110 15:01:44 loggers:84] Epoch: [43], Info: [{'num_test': 100, 'len_tra': 11.6, 'R_tra': 27.87680891148746, 'ctr': '2.40317', 'CV': '0.01518', 'CV_turn': '0.05172', 'Diversity': '0.94644', 'Novelty': '5.62312', 'ifeat_feat': 0.2767241379310345, 'NX_0_len_tra': 29.77, 'NX_0_R_tra': 64.62423794269561, 'NX_0_ctr': '2.17078', 'NX_0_CV': '0.02024', 'NX_0_CV_turn': '0.02687', 'NX_0_Diversity': '0.99344', 'NX_0_Novelty': '5.98603', 'NX_0_ifeat_feat': 0.40241854215653344, 'NX_10_len_tra': 10.0, 'NX_10_R_tra': 22.22870558615774, 'NX_10_ctr': '2.22287', 'NX_10_CV': '0.01594', 'NX_10_CV_turn': '0.06300', 'NX_10_Diversity': '0.99345', 'NX_10_Novelty': '5.82417', 'NX_10_ifeat_feat': 0.327}]
[I 240110 15:08:30 loggers:84] Epoch: [44], Info: [{'num_test': 100, 'len_tra': 11.26, 'R_tra': 25.143747655302285, 'ctr': '2.23301', 'CV': '0.01518', 'CV_turn': '0.05329', 'Diversity': '0.94032', 'Novelty': '5.60182', 'ifeat_feat': 0.32326820603907636, 'NX_0_len_tra': 29.44, 'NX_0_R_tra': 63.09487672258169, 'NX_0_ctr': '2.14317', 'NX_0_CV': '0.02075', 'NX_0_CV_turn': '0.02785', 'NX_0_Diversity': '0.99343', 'NX_0_Novelty': '5.87933', 'NX_0_ifeat_feat': 0.40591032608695654, 'NX_10_len_tra': 10.0, 'NX_10_R_tra': 21.833983844667674, 'NX_10_ctr': '2.18340', 'NX_10_CV': '0.01366', 'NX_10_CV_turn': '0.05400', 'NX_10_Diversity': '0.99347', 'NX_10_Novelty': '5.72061', 'NX_10_ifeat_feat': 0.336}]
[I 240110 15:14:51 loggers:84] Epoch: [45], Info: [{'num_test': 100, 'len_tra': 10.92, 'R_tra': 27.435703675448895, 'ctr': '2.51243', 'CV': '0.01417', 'CV_turn': '0.05128', 'Diversity': '0.92483', 'Novelty': '5.66008', 'ifeat_feat': 0.2774725274725275, 'NX_0_len_tra': 29.72, 'NX_0_R_tra': 66.0979651947692, 'NX_0_ctr': '2.22402', 'NX_0_CV': '0.01898', 'NX_0_CV_turn': '0.02524', 'NX_0_Diversity': '0.99344', 'NX_0_Novelty': '6.02745', 'NX_0_ifeat_feat': 0.3866083445491252, 'NX_10_len_tra': 10.0, 'NX_10_R_tra': 23.951836377456786, 'NX_10_ctr': '2.39518', 'NX_10_CV': '0.01569', 'NX_10_CV_turn': '0.06200', 'NX_10_Diversity': '0.99350', 'NX_10_Novelty': '5.80931', 'NX_10_ifeat_feat': 0.357}]
[I 240110 15:21:58 loggers:84] Epoch: [46], Info: [{'num_test': 100, 'len_tra': 11.05, 'R_tra': 25.696391775421798, 'ctr': '2.32547', 'CV': '0.01366', 'CV_turn': '0.04887', 'Diversity': '0.93648', 'Novelty': '5.74456', 'ifeat_feat': 0.25972850678733034, 'NX_0_len_tra': 29.8, 'NX_0_R_tra': 64.97458373367786, 'NX_0_ctr': '2.18036', 'NX_0_CV': '0.02126', 'NX_0_CV_turn': '0.02819', 'NX_0_Diversity': '0.99340', 'NX_0_Novelty': '6.04604', 'NX_0_ifeat_feat': 0.3953020134228188, 'NX_10_len_tra': 10.0, 'NX_10_R_tra': 22.611456706523896, 'NX_10_ctr': '2.26115', 'NX_10_CV': '0.01493', 'NX_10_CV_turn': '0.05900', 'NX_10_Diversity': '0.99343', 'NX_10_Novelty': '5.93889', 'NX_10_ifeat_feat': 0.324}]
[I 240110 15:29:46 loggers:84] Epoch: [47], Info: [{'num_test': 100, 'len_tra': 11.3, 'R_tra': 27.712407546937467, 'ctr': '2.45243', 'CV': '0.01442', 'CV_turn': '0.05044', 'Diversity': '0.94581', 'Novelty': '5.68879', 'ifeat_feat': 0.29557522123893804, 'NX_0_len_tra': 29.38, 'NX_0_R_tra': 65.49518132798374, 'NX_0_ctr': '2.22924', 'NX_0_CV': '0.01898', 'NX_0_CV_turn': '0.02553', 'NX_0_Diversity': '0.99339', 'NX_0_Novelty': '5.91066', 'NX_0_ifeat_feat': 0.3965282505105514, 'NX_10_len_tra': 10.0, 'NX_10_R_tra': 23.19207951016724, 'NX_10_ctr': '2.31921', 'NX_10_CV': '0.01468', 'NX_10_CV_turn': '0.05800', 'NX_10_Diversity': '0.99355', 'NX_10_Novelty': '5.81958', 'NX_10_ifeat_feat': 0.342}]
[I 240110 15:39:46 loggers:84] Epoch: [48], Info: [{'num_test': 100, 'len_tra': 10.46, 'R_tra': 25.18153139576316, 'ctr': '2.40741', 'CV': '0.01366', 'CV_turn': '0.05163', 'Diversity': '0.93283', 'Novelty': '5.62139', 'ifeat_feat': 0.34608030592734224, 'NX_0_len_tra': 29.79, 'NX_0_R_tra': 66.92551250159741, 'NX_0_ctr': '2.24658', 'NX_0_CV': '0.01923', 'NX_0_CV_turn': '0.02551', 'NX_0_Diversity': '0.99348', 'NX_0_Novelty': '5.90949', 'NX_0_ifeat_feat': 0.4273246055723397, 'NX_10_len_tra': 10.0, 'NX_10_R_tra': 23.826395735442638, 'NX_10_ctr': '2.38264', 'NX_10_CV': '0.01493', 'NX_10_CV_turn': '0.05900', 'NX_10_Diversity': '0.99350', 'NX_10_Novelty': '5.80582', 'NX_10_ifeat_feat': 0.391}]
[I 240110 15:50:25 loggers:84] Epoch: [49], Info: [{'num_test': 100, 'len_tra': 11.14, 'R_tra': 27.143244949281215, 'ctr': '2.43656', 'CV': '0.01493', 'CV_turn': '0.05296', 'Diversity': '0.94073', 'Novelty': '5.51661', 'ifeat_feat': 0.2755834829443447, 'NX_0_len_tra': 29.49, 'NX_0_R_tra': 65.31856635712087, 'NX_0_ctr': '2.21494', 'NX_0_CV': '0.01822', 'NX_0_CV_turn': '0.02442', 'NX_0_Diversity': '0.99340', 'NX_0_Novelty': '5.81451', 'NX_0_ifeat_feat': 0.38691081722617837, 'NX_10_len_tra': 10.0, 'NX_10_R_tra': 23.973688867092132, 'NX_10_ctr': '2.39737', 'NX_10_CV': '0.01366', 'NX_10_CV_turn': '0.05400', 'NX_10_Diversity': '0.99351', 'NX_10_Novelty': '5.73031', 'NX_10_ifeat_feat': 0.34}]
[I 240110 16:00:58 loggers:84] Epoch: [50], Info: [{'num_test': 100, 'len_tra': 10.63, 'R_tra': 26.99611349374056, 'ctr': '2.53962', 'CV': '0.01442', 'CV_turn': '0.05362', 'Diversity': '0.93065', 'Novelty': '5.58790', 'ifeat_feat': 0.3367826904985889, 'NX_0_len_tra': 29.39, 'NX_0_R_tra': 65.27487087409943, 'NX_0_ctr': '2.22099', 'NX_0_CV': '0.02328', 'NX_0_CV_turn': '0.03130', 'NX_0_Diversity': '0.99337', 'NX_0_Novelty': '5.96487', 'NX_0_ifeat_feat': 0.4089826471588976, 'NX_10_len_tra': 10.0, 'NX_10_R_tra': 24.56055898807943, 'NX_10_ctr': '2.45606', 'NX_10_CV': '0.01442', 'NX_10_CV_turn': '0.05700', 'NX_10_Diversity': '0.99353', 'NX_10_Novelty': '5.71492', 'NX_10_ifeat_feat': 0.38}]
[I 240110 16:11:30 loggers:84] Epoch: [51], Info: [{'num_test': 100, 'len_tra': 10.82, 'R_tra': 26.410043608620764, 'ctr': '2.44085', 'CV': '0.01417', 'CV_turn': '0.05176', 'Diversity': '0.94141', 'Novelty': '5.57262', 'ifeat_feat': 0.3123844731977819, 'NX_0_len_tra': 29.29, 'NX_0_R_tra': 61.71624670907855, 'NX_0_ctr': '2.10708', 'NX_0_CV': '0.01999', 'NX_0_CV_turn': '0.02697', 'NX_0_Diversity': '0.99340', 'NX_0_Novelty': '5.93957', 'NX_0_ifeat_feat': 0.38272447934448617, 'NX_10_len_tra': 10.0, 'NX_10_R_tra': 23.80513647712767, 'NX_10_ctr': '2.38051', 'NX_10_CV': '0.01493', 'NX_10_CV_turn': '0.05900', 'NX_10_Diversity': '0.99355', 'NX_10_Novelty': '5.66149', 'NX_10_ifeat_feat': 0.375}]
[I 240110 16:22:13 loggers:84] Epoch: [52], Info: [{'num_test': 100, 'len_tra': 10.38, 'R_tra': 25.912980723828078, 'ctr': '2.49643', 'CV': '0.01468', 'CV_turn': '0.05588', 'Diversity': '0.93861', 'Novelty': '5.63168', 'ifeat_feat': 0.313102119460501, 'NX_0_len_tra': 29.05, 'NX_0_R_tra': 62.19896449014544, 'NX_0_ctr': '2.14110', 'NX_0_CV': '0.02176', 'NX_0_CV_turn': '0.02960', 'NX_0_Diversity': '0.99337', 'NX_0_Novelty': '6.02073', 'NX_0_ifeat_feat': 0.3865748709122203, 'NX_10_len_tra': 10.0, 'NX_10_R_tra': 24.084382408857344, 'NX_10_ctr': '2.40844', 'NX_10_CV': '0.01493', 'NX_10_CV_turn': '0.05900', 'NX_10_Diversity': '0.99354', 'NX_10_Novelty': '5.78529', 'NX_10_ifeat_feat': 0.361}]
[I 240110 16:32:43 loggers:84] Epoch: [53], Info: [{'num_test': 100, 'len_tra': 11.55, 'R_tra': 28.452112846970557, 'ctr': '2.46339', 'CV': '0.01544', 'CV_turn': '0.05281', 'Diversity': '0.94764', 'Novelty': '5.81468', 'ifeat_feat': 0.3393939393939394, 'NX_0_len_tra': 29.36, 'NX_0_R_tra': 61.554745472073556, 'NX_0_ctr': '2.09655', 'NX_0_CV': '0.01898', 'NX_0_CV_turn': '0.02554', 'NX_0_Diversity': '0.99336', 'NX_0_Novelty': '5.98861', 'NX_0_ifeat_feat': 0.3787465940054496, 'NX_10_len_tra': 10.0, 'NX_10_R_tra': 23.494155230522157, 'NX_10_ctr': '2.34942', 'NX_10_CV': '0.01569', 'NX_10_CV_turn': '0.06200', 'NX_10_Diversity': '0.99346', 'NX_10_Novelty': '5.86023', 'NX_10_ifeat_feat': 0.338}]
[I 240110 16:42:50 loggers:84] Epoch: [54], Info: [{'num_test': 100, 'len_tra': 11.32, 'R_tra': 27.360280928909777, 'ctr': '2.41699', 'CV': '0.01341', 'CV_turn': '0.04682', 'Diversity': '0.94364', 'Novelty': '5.50279', 'ifeat_feat': 0.3551236749116608, 'NX_0_len_tra': 29.41, 'NX_0_R_tra': 62.244926339834926, 'NX_0_ctr': '2.11645', 'NX_0_CV': '0.01872', 'NX_0_CV_turn': '0.02516', 'NX_0_Diversity': '0.99340', 'NX_0_Novelty': '5.92034', 'NX_0_ifeat_feat': 0.40666439986399183, 'NX_10_len_tra': 10.0, 'NX_10_R_tra': 23.431704942360522, 'NX_10_ctr': '2.34317', 'NX_10_CV': '0.01518', 'NX_10_CV_turn': '0.06000', 'NX_10_Diversity': '0.99363', 'NX_10_Novelty': '5.67914', 'NX_10_ifeat_feat': 0.385}]
[I 240110 16:53:26 loggers:84] Epoch: [55], Info: [{'num_test': 100, 'len_tra': 11.54, 'R_tra': 28.483908282220362, 'ctr': '2.46828', 'CV': '0.01544', 'CV_turn': '0.05286', 'Diversity': '0.94371', 'Novelty': '5.80974', 'ifeat_feat': 0.3483535528596187, 'NX_0_len_tra': 29.78, 'NX_0_R_tra': 63.088306163623926, 'NX_0_ctr': '2.11848', 'NX_0_CV': '0.01822', 'NX_0_CV_turn': '0.02418', 'NX_0_Diversity': '0.99336', 'NX_0_Novelty': '6.03267', 'NX_0_ifeat_feat': 0.39657488247145734, 'NX_10_len_tra': 10.0, 'NX_10_R_tra': 23.885795362964274, 'NX_10_ctr': '2.38858', 'NX_10_CV': '0.01493', 'NX_10_CV_turn': '0.05900', 'NX_10_Diversity': '0.99347', 'NX_10_Novelty': '5.83306', 'NX_10_ifeat_feat': 0.34}]
[I 240110 17:04:11 loggers:84] Epoch: [56], Info: [{'num_test': 100, 'len_tra': 12.69, 'R_tra': 31.1730749104172, 'ctr': '2.45651', 'CV': '0.01366', 'CV_turn': '0.04255', 'Diversity': '0.94255', 'Novelty': '5.55216', 'ifeat_feat': 0.36879432624113473, 'NX_0_len_tra': 29.88, 'NX_0_R_tra': 63.25653685610742, 'NX_0_ctr': '2.11702', 'NX_0_CV': '0.01721', 'NX_0_CV_turn': '0.02276', 'NX_0_Diversity': '0.99342', 'NX_0_Novelty': '5.93423', 'NX_0_ifeat_feat': 0.3985943775100402, 'NX_10_len_tra': 10.0, 'NX_10_R_tra': 24.584037548080087, 'NX_10_ctr': '2.45840', 'NX_10_CV': '0.01366', 'NX_10_CV_turn': '0.05400', 'NX_10_Diversity': '0.99356', 'NX_10_Novelty': '5.76779', 'NX_10_ifeat_feat': 0.347}]
[I 240110 17:14:51 loggers:84] Epoch: [57], Info: [{'num_test': 100, 'len_tra': 11.4, 'R_tra': 28.64490060970187, 'ctr': '2.51271', 'CV': '0.01341', 'CV_turn': '0.04649', 'Diversity': '0.94881', 'Novelty': '5.63183', 'ifeat_feat': 0.4026315789473684, 'NX_0_len_tra': 29.76, 'NX_0_R_tra': 64.69432674694806, 'NX_0_ctr': '2.17387', 'NX_0_CV': '0.01695', 'NX_0_CV_turn': '0.02251', 'NX_0_Diversity': '0.99337', 'NX_0_Novelty': '5.90836', 'NX_0_ifeat_feat': 0.4254032258064516, 'NX_10_len_tra': 10.0, 'NX_10_R_tra': 24.240904578119515, 'NX_10_ctr': '2.42409', 'NX_10_CV': '0.01468', 'NX_10_CV_turn': '0.05800', 'NX_10_Diversity': '0.99345', 'NX_10_Novelty': '5.77105', 'NX_10_ifeat_feat': 0.386}]
[I 240110 17:25:32 loggers:84] Epoch: [58], Info: [{'num_test': 100, 'len_tra': 11.38, 'R_tra': 29.9244420067966, 'ctr': '2.62956', 'CV': '0.01290', 'CV_turn': '0.04482', 'Diversity': '0.93063', 'Novelty': '5.62709', 'ifeat_feat': 0.38927943760984185, 'NX_0_len_tra': 29.68, 'NX_0_R_tra': 66.42028293408454, 'NX_0_ctr': '2.23788', 'NX_0_CV': '0.01569', 'NX_0_CV_turn': '0.02089', 'NX_0_Diversity': '0.99338', 'NX_0_Novelty': '5.85071', 'NX_0_ifeat_feat': 0.4225067385444744, 'NX_10_len_tra': 10.0, 'NX_10_R_tra': 24.713665391653777, 'NX_10_ctr': '2.47137', 'NX_10_CV': '0.01290', 'NX_10_CV_turn': '0.05100', 'NX_10_Diversity': '0.99345', 'NX_10_Novelty': '5.65491', 'NX_10_ifeat_feat': 0.395}]
[I 240110 17:36:41 loggers:84] Epoch: [59], Info: [{'num_test': 100, 'len_tra': 12.17, 'R_tra': 33.55007454648614, 'ctr': '2.75679', 'CV': '0.01240', 'CV_turn': '0.04026', 'Diversity': '0.93587', 'Novelty': '5.88793', 'ifeat_feat': 0.4059161873459326, 'NX_0_len_tra': 29.93, 'NX_0_R_tra': 66.82498435370624, 'NX_0_ctr': '2.23271', 'NX_0_CV': '0.01619', 'NX_0_CV_turn': '0.02138', 'NX_0_Diversity': '0.99337', 'NX_0_Novelty': '5.88613', 'NX_0_ifeat_feat': 0.4306715669896425, 'NX_10_len_tra': 10.0, 'NX_10_R_tra': 25.258677498847245, 'NX_10_ctr': '2.52587', 'NX_10_CV': '0.01341', 'NX_10_CV_turn': '0.05300', 'NX_10_Diversity': '0.99345', 'NX_10_Novelty': '5.85731', 'NX_10_ifeat_feat': 0.434}]
[I 240110 17:49:42 loggers:84] Epoch: [60], Info: [{'num_test': 100, 'len_tra': 16.16, 'R_tra': 42.284932640716434, 'ctr': '2.61664', 'CV': '0.01189', 'CV_turn': '0.02908', 'Diversity': '0.94277', 'Novelty': '5.99728', 'ifeat_feat': 0.4405940594059406, 'NX_0_len_tra': 30.0, 'NX_0_R_tra': 63.77093045458198, 'NX_0_ctr': '2.12570', 'NX_0_CV': '0.01493', 'NX_0_CV_turn': '0.01967', 'NX_0_Diversity': '0.99337', 'NX_0_Novelty': '5.89116', 'NX_0_ifeat_feat': 0.45866666666666667, 'NX_10_len_tra': 10.0, 'NX_10_R_tra': 24.94413507334888, 'NX_10_ctr': '2.49441', 'NX_10_CV': '0.01265', 'NX_10_CV_turn': '0.05000', 'NX_10_Diversity': '0.99351', 'NX_10_Novelty': '5.87475', 'NX_10_ifeat_feat': 0.473}]
[I 240110 18:02:31 loggers:84] Epoch: [61], Info: [{'num_test': 100, 'len_tra': 16.98, 'R_tra': 45.600086714178325, 'ctr': '2.68552', 'CV': '0.01139', 'CV_turn': '0.02650', 'Diversity': '0.93933', 'Novelty': '5.94325', 'ifeat_feat': 0.4293286219081272, 'NX_0_len_tra': 30.0, 'NX_0_R_tra': 65.03336891610175, 'NX_0_ctr': '2.16778', 'NX_0_CV': '0.01468', 'NX_0_CV_turn': '0.01933', 'NX_0_Diversity': '0.99339', 'NX_0_Novelty': '5.89909', 'NX_0_ifeat_feat': 0.45166666666666666, 'NX_10_len_tra': 10.0, 'NX_10_R_tra': 25.452212605029345, 'NX_10_ctr': '2.54522', 'NX_10_CV': '0.01240', 'NX_10_CV_turn': '0.04900', 'NX_10_Diversity': '0.99341', 'NX_10_Novelty': '5.85989', 'NX_10_ifeat_feat': 0.456}]
[I 240110 18:15:01 loggers:84] Epoch: [62], Info: [{'num_test': 100, 'len_tra': 16.53, 'R_tra': 44.259485260248184, 'ctr': '2.67752', 'CV': '0.01113', 'CV_turn': '0.02662', 'Diversity': '0.93106', 'Novelty': '5.94582', 'ifeat_feat': 0.4452510586811857, 'NX_0_len_tra': 29.81, 'NX_0_R_tra': 64.45679965421557, 'NX_0_ctr': '2.16225', 'NX_0_CV': '0.01468', 'NX_0_CV_turn': '0.01946', 'NX_0_Diversity': '0.99336', 'NX_0_Novelty': '5.92784', 'NX_0_ifeat_feat': 0.4609191546460919, 'NX_10_len_tra': 10.0, 'NX_10_R_tra': 25.51993407256901, 'NX_10_ctr': '2.55199', 'NX_10_CV': '0.01265', 'NX_10_CV_turn': '0.05000', 'NX_10_Diversity': '0.99339', 'NX_10_Novelty': '5.90332', 'NX_10_ifeat_feat': 0.481}]
[I 240110 18:27:21 loggers:84] Epoch: [63], Info: [{'num_test': 100, 'len_tra': 16.7, 'R_tra': 44.65911781005561, 'ctr': '2.67420', 'CV': '0.01164', 'CV_turn': '0.02754', 'Diversity': '0.93792', 'Novelty': '5.88377', 'ifeat_feat': 0.44011976047904194, 'NX_0_len_tra': 30.0, 'NX_0_R_tra': 65.76649681709706, 'NX_0_ctr': '2.19222', 'NX_0_CV': '0.01392', 'NX_0_CV_turn': '0.01833', 'NX_0_Diversity': '0.99339', 'NX_0_Novelty': '5.85113', 'NX_0_ifeat_feat': 0.4646666666666667, 'NX_10_len_tra': 10.0, 'NX_10_R_tra': 25.550208300463854, 'NX_10_ctr': '2.55502', 'NX_10_CV': '0.01240', 'NX_10_CV_turn': '0.04900', 'NX_10_Diversity': '0.99338', 'NX_10_Novelty': '5.82969', 'NX_10_ifeat_feat': 0.466}]
[I 240110 18:39:17 loggers:84] Epoch: [64], Info: [{'num_test': 100, 'len_tra': 17.1, 'R_tra': 45.77293919995427, 'ctr': '2.67678', 'CV': '0.01113', 'CV_turn': '0.02573', 'Diversity': '0.93772', 'Novelty': '5.79373', 'ifeat_feat': 0.4263157894736842, 'NX_0_len_tra': 30.0, 'NX_0_R_tra': 65.15123841550201, 'NX_0_ctr': '2.17171', 'NX_0_CV': '0.01392', 'NX_0_CV_turn': '0.01833', 'NX_0_Diversity': '0.99339', 'NX_0_Novelty': '5.97922', 'NX_0_ifeat_feat': 0.474, 'NX_10_len_tra': 10.0, 'NX_10_R_tra': 25.658259794861078, 'NX_10_ctr': '2.56583', 'NX_10_CV': '0.01215', 'NX_10_CV_turn': '0.04800', 'NX_10_Diversity': '0.99338', 'NX_10_Novelty': '5.93615', 'NX_10_ifeat_feat': 0.497}]
[I 240110 18:50:28 loggers:84] Epoch: [65], Info: [{'num_test': 100, 'len_tra': 16.41, 'R_tra': 42.43824257418513, 'ctr': '2.58612', 'CV': '0.01113', 'CV_turn': '0.02681', 'Diversity': '0.93456', 'Novelty': '6.02311', 'ifeat_feat': 0.42778793418647165, 'NX_0_len_tra': 30.0, 'NX_0_R_tra': 65.48868099108338, 'NX_0_ctr': '2.18296', 'NX_0_CV': '0.01417', 'NX_0_CV_turn': '0.01867', 'NX_0_Diversity': '0.99339', 'NX_0_Novelty': '5.89876', 'NX_0_ifeat_feat': 0.471, 'NX_10_len_tra': 10.0, 'NX_10_R_tra': 24.239647713601588, 'NX_10_ctr': '2.42396', 'NX_10_CV': '0.01215', 'NX_10_CV_turn': '0.04800', 'NX_10_Diversity': '0.99352', 'NX_10_Novelty': '5.94864', 'NX_10_ifeat_feat': 0.444}]
[I 240110 19:00:19 loggers:84] Epoch: [66], Info: [{'num_test': 100, 'len_tra': 16.02, 'R_tra': 42.23255450636148, 'ctr': '2.63624', 'CV': '0.01189', 'CV_turn': '0.02934', 'Diversity': '0.93564', 'Novelty': '6.04119', 'ifeat_feat': 0.4332084893882647, 'NX_0_len_tra': 30.0, 'NX_0_R_tra': 63.8845074730739, 'NX_0_ctr': '2.12948', 'NX_0_CV': '0.01442', 'NX_0_CV_turn': '0.01900', 'NX_0_Diversity': '0.99339', 'NX_0_Novelty': '6.01592', 'NX_0_ifeat_feat': 0.4666666666666667, 'NX_10_len_tra': 10.0, 'NX_10_R_tra': 25.289626750461757, 'NX_10_ctr': '2.52896', 'NX_10_CV': '0.01240', 'NX_10_CV_turn': '0.04900', 'NX_10_Diversity': '0.99339', 'NX_10_Novelty': '6.04502', 'NX_10_ifeat_feat': 0.471}]
[I 240110 19:09:27 loggers:84] Epoch: [67], Info: [{'num_test': 100, 'len_tra': 15.75, 'R_tra': 41.415463289171456, 'ctr': '2.62955', 'CV': '0.01088', 'CV_turn': '0.02730', 'Diversity': '0.93482', 'Novelty': '6.00349', 'ifeat_feat': 0.43174603174603177, 'NX_0_len_tra': 29.75, 'NX_0_R_tra': 64.87715746369213, 'NX_0_ctr': '2.18074', 'NX_0_CV': '0.01366', 'NX_0_CV_turn': '0.01815', 'NX_0_Diversity': '0.99338', 'NX_0_Novelty': '5.95879', 'NX_0_ifeat_feat': 0.4685714285714286, 'NX_10_len_tra': 10.0, 'NX_10_R_tra': 24.683340973705054, 'NX_10_ctr': '2.46833', 'NX_10_CV': '0.01215', 'NX_10_CV_turn': '0.04800', 'NX_10_Diversity': '0.99342', 'NX_10_Novelty': '5.92058', 'NX_10_ifeat_feat': 0.467}]
[I 240110 19:18:30 loggers:84] Epoch: [68], Info: [{'num_test': 100, 'len_tra': 17.02, 'R_tra': 42.92841419227421, 'ctr': '2.52223', 'CV': '0.01113', 'CV_turn': '0.02585', 'Diversity': '0.93595', 'Novelty': '6.03443', 'ifeat_feat': 0.44594594594594594, 'NX_0_len_tra': 30.0, 'NX_0_R_tra': 65.3335651973635, 'NX_0_ctr': '2.17779', 'NX_0_CV': '0.01341', 'NX_0_CV_turn': '0.01767', 'NX_0_Diversity': '0.99337', 'NX_0_Novelty': '6.05998', 'NX_0_ifeat_feat': 0.48933333333333334, 'NX_10_len_tra': 10.0, 'NX_10_R_tra': 25.47856093943119, 'NX_10_ctr': '2.54786', 'NX_10_CV': '0.01189', 'NX_10_CV_turn': '0.04700', 'NX_10_Diversity': '0.99338', 'NX_10_Novelty': '6.09183', 'NX_10_ifeat_feat': 0.483}]
[I 240110 19:27:24 loggers:84] Epoch: [69], Info: [{'num_test': 100, 'len_tra': 17.04, 'R_tra': 44.388190610855816, 'ctr': '2.60494', 'CV': '0.01113', 'CV_turn': '0.02582', 'Diversity': '0.93958', 'Novelty': '6.04312', 'ifeat_feat': 0.4336854460093897, 'NX_0_len_tra': 29.89, 'NX_0_R_tra': 64.86501403164118, 'NX_0_ctr': '2.17012', 'NX_0_CV': '0.01341', 'NX_0_CV_turn': '0.01773', 'NX_0_Diversity': '0.99337', 'NX_0_Novelty': '5.99469', 'NX_0_ifeat_feat': 0.4767480762796922, 'NX_10_len_tra': 10.0, 'NX_10_R_tra': 24.063119221627712, 'NX_10_ctr': '2.40631', 'NX_10_CV': '0.01240', 'NX_10_CV_turn': '0.04900', 'NX_10_Diversity': '0.99343', 'NX_10_Novelty': '5.91795', 'NX_10_ifeat_feat': 0.463}]
[I 240110 19:36:02 loggers:84] Epoch: [70], Info: [{'num_test': 100, 'len_tra': 14.99, 'R_tra': 39.68172652900219, 'ctr': '2.64721', 'CV': '0.01113', 'CV_turn': '0.02935', 'Diversity': '0.93560', 'Novelty': '6.04615', 'ifeat_feat': 0.44896597731821214, 'NX_0_len_tra': 30.0, 'NX_0_R_tra': 66.48706504149362, 'NX_0_ctr': '2.21624', 'NX_0_CV': '0.01417', 'NX_0_CV_turn': '0.01867', 'NX_0_Diversity': '0.99342', 'NX_0_Novelty': '6.07280', 'NX_0_ifeat_feat': 0.479, 'NX_10_len_tra': 10.0, 'NX_10_R_tra': 24.76993800148368, 'NX_10_ctr': '2.47699', 'NX_10_CV': '0.01215', 'NX_10_CV_turn': '0.04800', 'NX_10_Diversity': '0.99341', 'NX_10_Novelty': '6.01028', 'NX_10_ifeat_feat': 0.49}]
[I 240110 19:45:02 loggers:84] Epoch: [71], Info: [{'num_test': 100, 'len_tra': 17.39, 'R_tra': 44.565648380517956, 'ctr': '2.56272', 'CV': '0.01088', 'CV_turn': '0.02473', 'Diversity': '0.93753', 'Novelty': '5.99000', 'ifeat_feat': 0.437607820586544, 'NX_0_len_tra': 29.99, 'NX_0_R_tra': 64.50265501409768, 'NX_0_ctr': '2.15081', 'NX_0_CV': '0.01468', 'NX_0_CV_turn': '0.01934', 'NX_0_Diversity': '0.99338', 'NX_0_Novelty': '5.94897', 'NX_0_ifeat_feat': 0.47415805268422806, 'NX_10_len_tra': 10.0, 'NX_10_R_tra': 25.235202093422412, 'NX_10_ctr': '2.52352', 'NX_10_CV': '0.01189', 'NX_10_CV_turn': '0.04700', 'NX_10_Diversity': '0.99339', 'NX_10_Novelty': '5.82397', 'NX_10_ifeat_feat': 0.469}]
[I 240110 19:53:54 loggers:84] Epoch: [72], Info: [{'num_test': 100, 'len_tra': 17.11, 'R_tra': 44.733482225835324, 'ctr': '2.61446', 'CV': '0.01113', 'CV_turn': '0.02572', 'Diversity': '0.94098', 'Novelty': '5.87429', 'ifeat_feat': 0.42840444184687315, 'NX_0_len_tra': 29.95, 'NX_0_R_tra': 64.21577962972223, 'NX_0_ctr': '2.14410', 'NX_0_CV': '0.01417', 'NX_0_CV_turn': '0.01870', 'NX_0_Diversity': '0.99335', 'NX_0_Novelty': '5.96002', 'NX_0_ifeat_feat': 0.49248747913188645, 'NX_10_len_tra': 10.0, 'NX_10_R_tra': 24.368089897483586, 'NX_10_ctr': '2.43681', 'NX_10_CV': '0.01215', 'NX_10_CV_turn': '0.04800', 'NX_10_Diversity': '0.99345', 'NX_10_Novelty': '5.84354', 'NX_10_ifeat_feat': 0.465}]
[I 240110 20:02:44 loggers:84] Epoch: [73], Info: [{'num_test': 100, 'len_tra': 16.99, 'R_tra': 43.52897950723767, 'ctr': '2.56204', 'CV': '0.01088', 'CV_turn': '0.02531', 'Diversity': '0.93831', 'Novelty': '6.01521', 'ifeat_feat': 0.47027663331371394, 'NX_0_len_tra': 29.98, 'NX_0_R_tra': 65.1848001088947, 'NX_0_ctr': '2.17428', 'NX_0_CV': '0.01366', 'NX_0_CV_turn': '0.01801', 'NX_0_Diversity': '0.99338', 'NX_0_Novelty': '6.02987', 'NX_0_ifeat_feat': 0.49566377585056703, 'NX_10_len_tra': 10.0, 'NX_10_R_tra': 25.476349478065966, 'NX_10_ctr': '2.54763', 'NX_10_CV': '0.01189', 'NX_10_CV_turn': '0.04700', 'NX_10_Diversity': '0.99339', 'NX_10_Novelty': '5.92614', 'NX_10_ifeat_feat': 0.489}]
[I 240110 20:10:33 loggers:84] Epoch: [74], Info: [{'num_test': 100, 'len_tra': 16.79, 'R_tra': 43.55078757494688, 'ctr': '2.59385', 'CV': '0.01139', 'CV_turn': '0.02680', 'Diversity': '0.93613', 'Novelty': '5.95765', 'ifeat_feat': 0.4478856462179869, 'NX_0_len_tra': 29.95, 'NX_0_R_tra': 65.69301550894976, 'NX_0_ctr': '2.19342', 'NX_0_CV': '0.01392', 'NX_0_CV_turn': '0.01836', 'NX_0_Diversity': '0.99340', 'NX_0_Novelty': '6.05660', 'NX_0_ifeat_feat': 0.4954924874791319, 'NX_10_len_tra': 10.0, 'NX_10_R_tra': 25.33566063173115, 'NX_10_ctr': '2.53357', 'NX_10_CV': '0.01189', 'NX_10_CV_turn': '0.04700', 'NX_10_Diversity': '0.99340', 'NX_10_Novelty': '6.00052', 'NX_10_ifeat_feat': 0.493}]
[I 240110 20:17:25 loggers:84] Epoch: [75], Info: [{'num_test': 100, 'len_tra': 17.34, 'R_tra': 46.100301834754646, 'ctr': '2.65861', 'CV': '0.01088', 'CV_turn': '0.02480', 'Diversity': '0.93976', 'Novelty': '6.01483', 'ifeat_feat': 0.45213379469434833, 'NX_0_len_tra': 29.88, 'NX_0_R_tra': 65.24995517771691, 'NX_0_ctr': '2.18373', 'NX_0_CV': '0.01341', 'NX_0_CV_turn': '0.01774', 'NX_0_Diversity': '0.99339', 'NX_0_Novelty': '5.98616', 'NX_0_ifeat_feat': 0.48895582329317266, 'NX_10_len_tra': 10.0, 'NX_10_R_tra': 25.00210393950343, 'NX_10_ctr': '2.50021', 'NX_10_CV': '0.01189', 'NX_10_CV_turn': '0.04700', 'NX_10_Diversity': '0.99339', 'NX_10_Novelty': '5.89900', 'NX_10_ifeat_feat': 0.47}]
[I 240110 20:23:57 loggers:84] Epoch: [76], Info: [{'num_test': 100, 'len_tra': 17.1, 'R_tra': 44.041453174613416, 'ctr': '2.57552', 'CV': '0.01088', 'CV_turn': '0.02515', 'Diversity': '0.93759', 'Novelty': '5.97444', 'ifeat_feat': 0.4409356725146199, 'NX_0_len_tra': 30.0, 'NX_0_R_tra': 65.06018764402717, 'NX_0_ctr': '2.16867', 'NX_0_CV': '0.01341', 'NX_0_CV_turn': '0.01767', 'NX_0_Diversity': '0.99338', 'NX_0_Novelty': '5.96001', 'NX_0_ifeat_feat': 0.49433333333333335, 'NX_10_len_tra': 10.0, 'NX_10_R_tra': 24.995884856656193, 'NX_10_ctr': '2.49959', 'NX_10_CV': '0.01215', 'NX_10_CV_turn': '0.04800', 'NX_10_Diversity': '0.99336', 'NX_10_Novelty': '5.80084', 'NX_10_ifeat_feat': 0.487}]
[I 240110 20:30:15 loggers:84] Epoch: [77], Info: [{'num_test': 100, 'len_tra': 17.13, 'R_tra': 45.879415913149714, 'ctr': '2.67831', 'CV': '0.01088', 'CV_turn': '0.02510', 'Diversity': '0.93789', 'Novelty': '5.97466', 'ifeat_feat': 0.4395796847635727, 'NX_0_len_tra': 29.91, 'NX_0_R_tra': 64.32056662045419, 'NX_0_ctr': '2.15047', 'NX_0_CV': '0.01366', 'NX_0_CV_turn': '0.01805', 'NX_0_Diversity': '0.99338', 'NX_0_Novelty': '5.93044', 'NX_0_ifeat_feat': 0.4928117686392511, 'NX_10_len_tra': 10.0, 'NX_10_R_tra': 25.098909414187073, 'NX_10_ctr': '2.50989', 'NX_10_CV': '0.01215', 'NX_10_CV_turn': '0.04800', 'NX_10_Diversity': '0.99342', 'NX_10_Novelty': '5.79751', 'NX_10_ifeat_feat': 0.467}]
[I 240110 20:36:38 loggers:84] Epoch: [78], Info: [{'num_test': 100, 'len_tra': 15.91, 'R_tra': 42.57201453924179, 'ctr': '2.67580', 'CV': '0.01088', 'CV_turn': '0.02703', 'Diversity': '0.93778', 'Novelty': '6.01100', 'ifeat_feat': 0.43243243243243246, 'NX_0_len_tra': 29.94, 'NX_0_R_tra': 65.3184347423166, 'NX_0_ctr': '2.18164', 'NX_0_CV': '0.01442', 'NX_0_CV_turn': '0.01904', 'NX_0_Diversity': '0.99339', 'NX_0_Novelty': '6.00927', 'NX_0_ifeat_feat': 0.47160988643954577, 'NX_10_len_tra': 10.0, 'NX_10_R_tra': 25.570749112591148, 'NX_10_ctr': '2.55707', 'NX_10_CV': '0.01215', 'NX_10_CV_turn': '0.04800', 'NX_10_Diversity': '0.99338', 'NX_10_Novelty': '6.01441', 'NX_10_ifeat_feat': 0.458}]
[I 240110 20:43:03 loggers:84] Epoch: [79], Info: [{'num_test': 100, 'len_tra': 17.95, 'R_tra': 46.888559497147796, 'ctr': '2.61218', 'CV': '0.01088', 'CV_turn': '0.02396', 'Diversity': '0.93813', 'Novelty': '5.97027', 'ifeat_feat': 0.445125348189415, 'NX_0_len_tra': 29.8, 'NX_0_R_tra': 66.9273317758739, 'NX_0_ctr': '2.24588', 'NX_0_CV': '0.01417', 'NX_0_CV_turn': '0.01879', 'NX_0_Diversity': '0.99334', 'NX_0_Novelty': '5.99520', 'NX_0_ifeat_feat': 0.48590604026845635, 'NX_10_len_tra': 10.0, 'NX_10_R_tra': 25.01215442493558, 'NX_10_ctr': '2.50122', 'NX_10_CV': '0.01215', 'NX_10_CV_turn': '0.04800', 'NX_10_Diversity': '0.99346', 'NX_10_Novelty': '5.98129', 'NX_10_ifeat_feat': 0.469}]
[I 240110 20:49:14 loggers:84] Epoch: [80], Info: [{'num_test': 100, 'len_tra': 16.88, 'R_tra': 44.60884012669325, 'ctr': '2.64270', 'CV': '0.01113', 'CV_turn': '0.02607', 'Diversity': '0.93354', 'Novelty': '5.93522', 'ifeat_feat': 0.47571090047393366, 'NX_0_len_tra': 30.0, 'NX_0_R_tra': 65.05855319485069, 'NX_0_ctr': '2.16862', 'NX_0_CV': '0.01341', 'NX_0_CV_turn': '0.01767', 'NX_0_Diversity': '0.99339', 'NX_0_Novelty': '5.99988', 'NX_0_ifeat_feat': 0.5066666666666667, 'NX_10_len_tra': 10.0, 'NX_10_R_tra': 24.9055317318812, 'NX_10_ctr': '2.49055', 'NX_10_CV': '0.01215', 'NX_10_CV_turn': '0.04800', 'NX_10_Diversity': '0.99337', 'NX_10_Novelty': '5.91575', 'NX_10_ifeat_feat': 0.496}]
[I 240110 20:54:16 loggers:84] Epoch: [81], Info: [{'num_test': 100, 'len_tra': 16.86, 'R_tra': 44.88544037148356, 'ctr': '2.66224', 'CV': '0.01088', 'CV_turn': '0.02550', 'Diversity': '0.93871', 'Novelty': '5.90741', 'ifeat_feat': 0.44958481613285883, 'NX_0_len_tra': 29.99, 'NX_0_R_tra': 65.07270433187485, 'NX_0_ctr': '2.16981', 'NX_0_CV': '0.01366', 'NX_0_CV_turn': '0.01801', 'NX_0_Diversity': '0.99337', 'NX_0_Novelty': '6.05276', 'NX_0_ifeat_feat': 0.5141713904634878, 'NX_10_len_tra': 10.0, 'NX_10_R_tra': 25.439403247386217, 'NX_10_ctr': '2.54394', 'NX_10_CV': '0.01139', 'NX_10_CV_turn': '0.04500', 'NX_10_Diversity': '0.99336', 'NX_10_Novelty': '5.95197', 'NX_10_ifeat_feat': 0.511}]
[I 240110 20:59:23 loggers:84] Epoch: [82], Info: [{'num_test': 100, 'len_tra': 18.33, 'R_tra': 47.90143535003066, 'ctr': '2.61328', 'CV': '0.01088', 'CV_turn': '0.02346', 'Diversity': '0.93700', 'Novelty': '5.97564', 'ifeat_feat': 0.46808510638297873, 'NX_0_len_tra': 30.0, 'NX_0_R_tra': 65.96183136168867, 'NX_0_ctr': '2.19873', 'NX_0_CV': '0.01366', 'NX_0_CV_turn': '0.01800', 'NX_0_Diversity': '0.99334', 'NX_0_Novelty': '5.96722', 'NX_0_ifeat_feat': 0.5046666666666667, 'NX_10_len_tra': 10.0, 'NX_10_R_tra': 25.518028769809753, 'NX_10_ctr': '2.55180', 'NX_10_CV': '0.01164', 'NX_10_CV_turn': '0.04600', 'NX_10_Diversity': '0.99330', 'NX_10_Novelty': '5.96019', 'NX_10_ifeat_feat': 0.479}]
[I 240110 21:04:27 loggers:84] Epoch: [83], Info: [{'num_test': 100, 'len_tra': 16.99, 'R_tra': 45.58632233411074, 'ctr': '2.68313', 'CV': '0.01113', 'CV_turn': '0.02590', 'Diversity': '0.93730', 'Novelty': '5.95264', 'ifeat_feat': 0.44849911712772217, 'NX_0_len_tra': 30.0, 'NX_0_R_tra': 65.38175093714148, 'NX_0_ctr': '2.17939', 'NX_0_CV': '0.01366', 'NX_0_CV_turn': '0.01800', 'NX_0_Diversity': '0.99338', 'NX_0_Novelty': '5.98976', 'NX_0_ifeat_feat': 0.49933333333333335, 'NX_10_len_tra': 10.0, 'NX_10_R_tra': 25.810016177892685, 'NX_10_ctr': '2.58100', 'NX_10_CV': '0.01189', 'NX_10_CV_turn': '0.04700', 'NX_10_Diversity': '0.99336', 'NX_10_Novelty': '5.91086', 'NX_10_ifeat_feat': 0.476}]
[I 240110 21:09:35 loggers:84] Epoch: [84], Info: [{'num_test': 100, 'len_tra': 17.76, 'R_tra': 45.53605583533645, 'ctr': '2.56397', 'CV': '0.01088', 'CV_turn': '0.02421', 'Diversity': '0.93903', 'Novelty': '6.07764', 'ifeat_feat': 0.4177927927927928, 'NX_0_len_tra': 30.0, 'NX_0_R_tra': 63.38506148740649, 'NX_0_ctr': '2.11284', 'NX_0_CV': '0.01442', 'NX_0_CV_turn': '0.01900', 'NX_0_Diversity': '0.99339', 'NX_0_Novelty': '6.07515', 'NX_0_ifeat_feat': 0.4836666666666667, 'NX_10_len_tra': 10.0, 'NX_10_R_tra': 24.42131971530616, 'NX_10_ctr': '2.44213', 'NX_10_CV': '0.01164', 'NX_10_CV_turn': '0.04600', 'NX_10_Diversity': '0.99348', 'NX_10_Novelty': '6.00193', 'NX_10_ifeat_feat': 0.449}]
[I 240110 21:14:49 loggers:84] Epoch: [85], Info: [{'num_test': 100, 'len_tra': 17.01, 'R_tra': 44.46531081914902, 'ctr': '2.61407', 'CV': '0.01088', 'CV_turn': '0.02528', 'Diversity': '0.93714', 'Novelty': '5.90342', 'ifeat_feat': 0.43562610229276894, 'NX_0_len_tra': 29.81, 'NX_0_R_tra': 64.41893534101546, 'NX_0_ctr': '2.16098', 'NX_0_CV': '0.01392', 'NX_0_CV_turn': '0.01845', 'NX_0_Diversity': '0.99337', 'NX_0_Novelty': '5.98604', 'NX_0_ifeat_feat': 0.4833948339483395, 'NX_10_len_tra': 10.0, 'NX_10_R_tra': 25.42055685393512, 'NX_10_ctr': '2.54206', 'NX_10_CV': '0.01164', 'NX_10_CV_turn': '0.04600', 'NX_10_Diversity': '0.99332', 'NX_10_Novelty': '5.83592', 'NX_10_ifeat_feat': 0.467}]
[I 240110 21:20:35 loggers:84] Epoch: [86], Info: [{'num_test': 100, 'len_tra': 16.39, 'R_tra': 43.65060598745942, 'ctr': '2.66325', 'CV': '0.01088', 'CV_turn': '0.02624', 'Diversity': '0.93653', 'Novelty': '5.96833', 'ifeat_feat': 0.4521049420378279, 'NX_0_len_tra': 30.0, 'NX_0_R_tra': 66.48388265203684, 'NX_0_ctr': '2.21613', 'NX_0_CV': '0.01366', 'NX_0_CV_turn': '0.01800', 'NX_0_Diversity': '0.99335', 'NX_0_Novelty': '6.08649', 'NX_0_ifeat_feat': 0.5, 'NX_10_len_tra': 10.0, 'NX_10_R_tra': 25.15826841391623, 'NX_10_ctr': '2.51583', 'NX_10_CV': '0.01215', 'NX_10_CV_turn': '0.04800', 'NX_10_Diversity': '0.99335', 'NX_10_Novelty': '5.93250', 'NX_10_ifeat_feat': 0.473}]
[I 240110 21:26:32 loggers:84] Epoch: [87], Info: [{'num_test': 100, 'len_tra': 17.69, 'R_tra': 46.06070467416197, 'ctr': '2.60377', 'CV': '0.01088', 'CV_turn': '0.02431', 'Diversity': '0.93667', 'Novelty': '5.99205', 'ifeat_feat': 0.44092707744488413, 'NX_0_len_tra': 30.0, 'NX_0_R_tra': 64.99603302348405, 'NX_0_ctr': '2.16653', 'NX_0_CV': '0.01392', 'NX_0_CV_turn': '0.01833', 'NX_0_Diversity': '0.99337', 'NX_0_Novelty': '6.08322', 'NX_0_ifeat_feat': 0.497, 'NX_10_len_tra': 10.0, 'NX_10_R_tra': 25.904387473613024, 'NX_10_ctr': '2.59044', 'NX_10_CV': '0.01164', 'NX_10_CV_turn': '0.04600', 'NX_10_Diversity': '0.99337', 'NX_10_Novelty': '5.94679', 'NX_10_ifeat_feat': 0.472}]
[I 240110 21:32:05 loggers:84] Epoch: [88], Info: [{'num_test': 100, 'len_tra': 16.51, 'R_tra': 44.27773145735264, 'ctr': '2.68187', 'CV': '0.01088', 'CV_turn': '0.02604', 'Diversity': '0.93802', 'Novelty': '5.81616', 'ifeat_feat': 0.44700181708055725, 'NX_0_len_tra': 29.98, 'NX_0_R_tra': 67.00383674263954, 'NX_0_ctr': '2.23495', 'NX_0_CV': '0.01341', 'NX_0_CV_turn': '0.01768', 'NX_0_Diversity': '0.99337', 'NX_0_Novelty': '5.99318', 'NX_0_ifeat_feat': 0.5020013342228152, 'NX_10_len_tra': 10.0, 'NX_10_R_tra': 25.743423013836146, 'NX_10_ctr': '2.57434', 'NX_10_CV': '0.01164', 'NX_10_CV_turn': '0.04600', 'NX_10_Diversity': '0.99327', 'NX_10_Novelty': '5.88944', 'NX_10_ifeat_feat': 0.466}]
[I 240110 21:37:32 loggers:84] Epoch: [89], Info: [{'num_test': 100, 'len_tra': 16.86, 'R_tra': 44.51857481025159, 'ctr': '2.64048', 'CV': '0.01113', 'CV_turn': '0.02610', 'Diversity': '0.94085', 'Novelty': '6.03200', 'ifeat_feat': 0.4412811387900356, 'NX_0_len_tra': 30.0, 'NX_0_R_tra': 64.3066091000475, 'NX_0_ctr': '2.14355', 'NX_0_CV': '0.01341', 'NX_0_CV_turn': '0.01767', 'NX_0_Diversity': '0.99336', 'NX_0_Novelty': '5.95663', 'NX_0_ifeat_feat': 0.485, 'NX_10_len_tra': 10.0, 'NX_10_R_tra': 25.14559231951833, 'NX_10_ctr': '2.51456', 'NX_10_CV': '0.01215', 'NX_10_CV_turn': '0.04800', 'NX_10_Diversity': '0.99342', 'NX_10_Novelty': '5.80909', 'NX_10_ifeat_feat': 0.465}]
[I 240110 21:43:43 loggers:84] Epoch: [90], Info: [{'num_test': 100, 'len_tra': 16.52, 'R_tra': 42.81757813900709, 'ctr': '2.59186', 'CV': '0.01113', 'CV_turn': '0.02663', 'Diversity': '0.93807', 'Novelty': '6.14691', 'ifeat_feat': 0.41707021791767557, 'NX_0_len_tra': 30.0, 'NX_0_R_tra': 64.1530788983032, 'NX_0_ctr': '2.13844', 'NX_0_CV': '0.01316', 'NX_0_CV_turn': '0.01733', 'NX_0_Diversity': '0.99340', 'NX_0_Novelty': '6.06463', 'NX_0_ifeat_feat': 0.4806666666666667, 'NX_10_len_tra': 10.0, 'NX_10_R_tra': 25.443470963910222, 'NX_10_ctr': '2.54435', 'NX_10_CV': '0.01164', 'NX_10_CV_turn': '0.04600', 'NX_10_Diversity': '0.99343', 'NX_10_Novelty': '6.06373', 'NX_10_ifeat_feat': 0.426}]
[I 240110 21:50:06 loggers:84] Epoch: [91], Info: [{'num_test': 100, 'len_tra': 17.15, 'R_tra': 45.42228711128235, 'ctr': '2.64853', 'CV': '0.01088', 'CV_turn': '0.02507', 'Diversity': '0.93811', 'Novelty': '6.09068', 'ifeat_feat': 0.4326530612244898, 'NX_0_len_tra': 30.0, 'NX_0_R_tra': 65.02180538309739, 'NX_0_ctr': '2.16739', 'NX_0_CV': '0.01316', 'NX_0_CV_turn': '0.01733', 'NX_0_Diversity': '0.99337', 'NX_0_Novelty': '6.04667', 'NX_0_ifeat_feat': 0.5056666666666667, 'NX_10_len_tra': 10.0, 'NX_10_R_tra': 24.789069652929903, 'NX_10_ctr': '2.47891', 'NX_10_CV': '0.01164', 'NX_10_CV_turn': '0.04600', 'NX_10_Diversity': '0.99342', 'NX_10_Novelty': '5.98239', 'NX_10_ifeat_feat': 0.452}]
[I 240110 21:56:15 loggers:84] Epoch: [92], Info: [{'num_test': 100, 'len_tra': 17.03, 'R_tra': 47.803639727309346, 'ctr': '2.80703', 'CV': '0.01088', 'CV_turn': '0.02525', 'Diversity': '0.93483', 'Novelty': '5.97895', 'ifeat_feat': 0.4556664709336465, 'NX_0_len_tra': 30.0, 'NX_0_R_tra': 67.18795699238777, 'NX_0_ctr': '2.23960', 'NX_0_CV': '0.01392', 'NX_0_CV_turn': '0.01833', 'NX_0_Diversity': '0.99337', 'NX_0_Novelty': '6.02774', 'NX_0_ifeat_feat': 0.49066666666666664, 'NX_10_len_tra': 10.0, 'NX_10_R_tra': 25.5043199403584, 'NX_10_ctr': '2.55043', 'NX_10_CV': '0.01164', 'NX_10_CV_turn': '0.04600', 'NX_10_Diversity': '0.99337', 'NX_10_Novelty': '5.88218', 'NX_10_ifeat_feat': 0.465}]
[I 240110 22:01:39 loggers:84] Epoch: [93], Info: [{'num_test': 100, 'len_tra': 18.32, 'R_tra': 49.38980480581522, 'ctr': '2.69595', 'CV': '0.01088', 'CV_turn': '0.02347', 'Diversity': '0.93767', 'Novelty': '5.94497', 'ifeat_feat': 0.42139737991266374, 'NX_0_len_tra': 30.0, 'NX_0_R_tra': 65.15603328838944, 'NX_0_ctr': '2.17187', 'NX_0_CV': '0.01316', 'NX_0_CV_turn': '0.01733', 'NX_0_Diversity': '0.99337', 'NX_0_Novelty': '6.05799', 'NX_0_ifeat_feat': 0.485, 'NX_10_len_tra': 10.0, 'NX_10_R_tra': 25.551767705380918, 'NX_10_ctr': '2.55518', 'NX_10_CV': '0.01189', 'NX_10_CV_turn': '0.04700', 'NX_10_Diversity': '0.99333', 'NX_10_Novelty': '5.77624', 'NX_10_ifeat_feat': 0.429}]
[I 240110 22:07:18 loggers:84] Epoch: [94], Info: [{'num_test': 100, 'len_tra': 16.31, 'R_tra': 43.78591908115894, 'ctr': '2.68461', 'CV': '0.01088', 'CV_turn': '0.02636', 'Diversity': '0.93350', 'Novelty': '5.81084', 'ifeat_feat': 0.45248313917841815, 'NX_0_len_tra': 30.0, 'NX_0_R_tra': 63.897154928557576, 'NX_0_ctr': '2.12991', 'NX_0_CV': '0.01366', 'NX_0_CV_turn': '0.01800', 'NX_0_Diversity': '0.99337', 'NX_0_Novelty': '6.03668', 'NX_0_ifeat_feat': 0.51, 'NX_10_len_tra': 10.0, 'NX_10_R_tra': 24.895181893706322, 'NX_10_ctr': '2.48952', 'NX_10_CV': '0.01189', 'NX_10_CV_turn': '0.04700', 'NX_10_Diversity': '0.99342', 'NX_10_Novelty': '5.87594', 'NX_10_ifeat_feat': 0.439}]
[I 240110 22:13:36 loggers:84] Epoch: [95], Info: [{'num_test': 100, 'len_tra': 18.67, 'R_tra': 49.35412481084466, 'ctr': '2.64350', 'CV': '0.01113', 'CV_turn': '0.02357', 'Diversity': '0.93929', 'Novelty': '6.09341', 'ifeat_feat': 0.43599357257632565, 'NX_0_len_tra': 29.96, 'NX_0_R_tra': 65.9729851707071, 'NX_0_ctr': '2.20204', 'NX_0_CV': '0.01290', 'NX_0_CV_turn': '0.01702', 'NX_0_Diversity': '0.99336', 'NX_0_Novelty': '6.11888', 'NX_0_ifeat_feat': 0.5033377837116155, 'NX_10_len_tra': 10.0, 'NX_10_R_tra': 26.514133616760372, 'NX_10_ctr': '2.65141', 'NX_10_CV': '0.01164', 'NX_10_CV_turn': '0.04600', 'NX_10_Diversity': '0.99330', 'NX_10_Novelty': '5.83497', 'NX_10_ifeat_feat': 0.438}]
[I 240110 22:19:46 loggers:84] Epoch: [96], Info: [{'num_test': 100, 'len_tra': 17.16, 'R_tra': 46.19383031509817, 'ctr': '2.69195', 'CV': '0.01088', 'CV_turn': '0.02506', 'Diversity': '0.93972', 'Novelty': '6.02173', 'ifeat_feat': 0.43006993006993005, 'NX_0_len_tra': 30.0, 'NX_0_R_tra': 64.53933015272021, 'NX_0_ctr': '2.15131', 'NX_0_CV': '0.01316', 'NX_0_CV_turn': '0.01733', 'NX_0_Diversity': '0.99334', 'NX_0_Novelty': '5.98446', 'NX_0_ifeat_feat': 0.49666666666666665, 'NX_10_len_tra': 10.0, 'NX_10_R_tra': 25.097924413979054, 'NX_10_ctr': '2.50979', 'NX_10_CV': '0.01139', 'NX_10_CV_turn': '0.04500', 'NX_10_Diversity': '0.99332', 'NX_10_Novelty': '5.83712', 'NX_10_ifeat_feat': 0.427}]
[I 240110 22:25:02 loggers:84] Epoch: [97], Info: [{'num_test': 100, 'len_tra': 17.02, 'R_tra': 44.08064768064767, 'ctr': '2.58993', 'CV': '0.01088', 'CV_turn': '0.02526', 'Diversity': '0.93616', 'Novelty': '5.91783', 'ifeat_feat': 0.44653349001175086, 'NX_0_len_tra': 30.0, 'NX_0_R_tra': 65.7065551134199, 'NX_0_ctr': '2.19022', 'NX_0_CV': '0.01290', 'NX_0_CV_turn': '0.01700', 'NX_0_Diversity': '0.99333', 'NX_0_Novelty': '5.95536', 'NX_0_ifeat_feat': 0.5106666666666667, 'NX_10_len_tra': 10.0, 'NX_10_R_tra': 25.87208924934268, 'NX_10_ctr': '2.58721', 'NX_10_CV': '0.01164', 'NX_10_CV_turn': '0.04600', 'NX_10_Diversity': '0.99319', 'NX_10_Novelty': '5.75719', 'NX_10_ifeat_feat': 0.457}]
[I 240110 22:30:29 loggers:84] Epoch: [98], Info: [{'num_test': 100, 'len_tra': 19.0, 'R_tra': 48.87102911736816, 'ctr': '2.57216', 'CV': '0.01088', 'CV_turn': '0.02263', 'Diversity': '0.93818', 'Novelty': '5.95425', 'ifeat_feat': 0.4236842105263158, 'NX_0_len_tra': 30.0, 'NX_0_R_tra': 63.79868657149375, 'NX_0_ctr': '2.12662', 'NX_0_CV': '0.01316', 'NX_0_CV_turn': '0.01733', 'NX_0_Diversity': '0.99336', 'NX_0_Novelty': '6.03732', 'NX_0_ifeat_feat': 0.5036666666666667, 'NX_10_len_tra': 10.0, 'NX_10_R_tra': 24.425015774294735, 'NX_10_ctr': '2.44250', 'NX_10_CV': '0.01164', 'NX_10_CV_turn': '0.04600', 'NX_10_Diversity': '0.99338', 'NX_10_Novelty': '5.80737', 'NX_10_ifeat_feat': 0.431}]
[I 240110 22:36:37 loggers:84] Epoch: [99], Info: [{'num_test': 100, 'len_tra': 18.78, 'R_tra': 48.007724173311146, 'ctr': '2.55632', 'CV': '0.01088', 'CV_turn': '0.02290', 'Diversity': '0.94198', 'Novelty': '6.04378', 'ifeat_feat': 0.4488817891373802, 'NX_0_len_tra': 30.0, 'NX_0_R_tra': 65.33127102263272, 'NX_0_ctr': '2.17771', 'NX_0_CV': '0.01290', 'NX_0_CV_turn': '0.01700', 'NX_0_Diversity': '0.99334', 'NX_0_Novelty': '6.04805', 'NX_0_ifeat_feat': 0.5126666666666667, 'NX_10_len_tra': 10.0, 'NX_10_R_tra': 24.805216481983663, 'NX_10_ctr': '2.48052', 'NX_10_CV': '0.01164', 'NX_10_CV_turn': '0.04600', 'NX_10_Diversity': '0.99337', 'NX_10_Novelty': '5.87582', 'NX_10_ifeat_feat': 0.449}]
[I 240110 22:42:51 loggers:84] Epoch: [100], Info: [{'num_test': 100, 'len_tra': 18.27, 'R_tra': 47.67108657419681, 'ctr': '2.60925', 'CV': '0.01113', 'CV_turn': '0.02408', 'Diversity': '0.93846', 'Novelty': '5.92499', 'ifeat_feat': 0.4302134646962233, 'NX_0_len_tra': 30.0, 'NX_0_R_tra': 64.05925765633583, 'NX_0_ctr': '2.13531', 'NX_0_CV': '0.01392', 'NX_0_CV_turn': '0.01833', 'NX_0_Diversity': '0.99335', 'NX_0_Novelty': '6.04992', 'NX_0_ifeat_feat': 0.494, 'NX_10_len_tra': 10.0, 'NX_10_R_tra': 25.355338791757823, 'NX_10_ctr': '2.53553', 'NX_10_CV': '0.01189', 'NX_10_CV_turn': '0.04700', 'NX_10_Diversity': '0.99338', 'NX_10_Novelty': '5.79337', 'NX_10_ifeat_feat': 0.413}]
[I 240110 22:42:51 policy_utils:407] {'duration': '50527.75s', 'train_time/model': '11662.32s', 'test_step': 133003, 'test_episode': 10100, 'test_time': '409.77s', 'test_speed': '324.58 step/s', 'best_reward': 49.38980480581522, 'best_result': '49.39  23.74', 'train_step': 10062735, 'train_episode': 809900, 'train_time/collector': '38455.66s', 'train_speed': '200.78 step/s'}
