[I 240111 08:44:53 policy_utils:158] {
      "env": "MovieLensEnv-v0",
      "user_model_name": "DeepFM",
      "seed": 2023,
      "cuda": 0,
      "remove_recommended_ids": false,
      "draw_bar": false,
      "is_userinfo": true,
      "is_all_item_ranking": false,
      "cpu": false,
      "is_save": false,
      "use_userEmbedding": false,
      "use_pretrained_embedding": true,
      "exploration_noise": true,
      "explore_eps": 0.01,
      "need_state_norm": false,
      "freeze_emb": false,
      "reward_handle": "cat",
      "which_tracker": "avg",
      "embedding_dim": 32,
      "window_size": 3,
      "random_init": true,
      "filter_sizes": [
        2,
        3,
        4
      ],
      "num_filters": 16,
      "dropout_rate": 0.1,
      "num_heads": 1,
      "dilations": "[1, 2, 1, 2, 1, 2]",
      "buffer_size": 100000,
      "lr": 0.001,
      "epoch": 100,
      "batch_size": 64,
      "hidden_sizes": [
        64,
        64
      ],
      "episode_per_collect": 100,
      "n_step": 3,
      "update_per_step": 0.125,
      "training_num": 100,
      "test_num": 100,
      "render": 0,
      "reward_threshold": null,
      "gamma": 0.9,
      "step_per_epoch": 3000,
      "step_per_collect": 100,
      "repeat_per_collect": 1,
      "logdir": "log",
      "read_message": "pointneg3",
      "all_item_ranking": false,
      "is_binarize": true,
      "need_transform": true,
      "use_auxiliary": true,
      "entropy_window": [
        1,
        2
      ],
      "rating_threshold": 4,
      "yfeat": "rating",
      "leave_threshold": 75.0,
      "num_leave_compute": 7,
      "max_turn": 30,
      "force_length": 10,
      "top_rate": 0.8,
      "model_name": "DQN",
      "target_update_freq": 320,
      "reward_normalization": false,
      "is_double": true,
      "clip_loss_grad": false,
      "prioritized_replay": false,
      "alpha": 0.6,
      "beta": 0.4,
      "message": "DQN-75-7",
      "hostname": "server3"
    }
[I 240111 08:46:32 loggers:84] Epoch: [1], Info: [{'num_test': 100, 'len_tra': 2.07, 'R_tra': 7.036077036857605, 'ctr': '3.39907', 'CV': '0.00101', 'CV_turn': '0.01932', 'Diversity': '0.04624', 'Novelty': '5.15939', 'ifeat_feat': 0.033816425120772944, 'NX_0_len_tra': 4.0, 'NX_0_R_tra': 12.724016756415367, 'NX_0_ctr': '3.18100', 'NX_0_CV': '0.00101', 'NX_0_CV_turn': '0.01000', 'NX_0_Diversity': '0.98886', 'NX_0_Novelty': '4.65178', 'NX_0_ifeat_feat': 0.5, 'NX_10_len_tra': 10.0, 'NX_10_R_tra': 34.25313707411289, 'NX_10_ctr': '3.42531', 'NX_10_CV': '0.00253', 'NX_10_CV_turn': '0.01000', 'NX_10_Diversity': '0.98857', 'NX_10_Novelty': '5.46598', 'NX_10_ifeat_feat': 0.8}]
[I 240111 08:47:29 loggers:84] Epoch: [2], Info: [{'num_test': 100, 'len_tra': 2.02, 'R_tra': 6.742889609336853, 'ctr': '3.33806', 'CV': '0.00101', 'CV_turn': '0.01980', 'Diversity': '0.02291', 'Novelty': '5.19725', 'ifeat_feat': 0.01485148514851485, 'NX_0_len_tra': 4.0, 'NX_0_R_tra': 13.724094935655593, 'NX_0_ctr': '3.43102', 'NX_0_CV': '0.00101', 'NX_0_CV_turn': '0.01000', 'NX_0_Diversity': '0.98876', 'NX_0_Novelty': '5.78075', 'NX_0_ifeat_feat': 0.75, 'NX_10_len_tra': 10.0, 'NX_10_R_tra': 31.702567245662213, 'NX_10_ctr': '3.17026', 'NX_10_CV': '0.00253', 'NX_10_CV_turn': '0.01000', 'NX_10_Diversity': '0.98801', 'NX_10_Novelty': '5.58781', 'NX_10_ifeat_feat': 0.7}]
[I 240111 08:48:25 loggers:84] Epoch: [3], Info: [{'num_test': 100, 'len_tra': 2.01, 'R_tra': 6.699559905529022, 'ctr': '3.33311', 'CV': '0.00051', 'CV_turn': '0.00995', 'Diversity': '0.00658', 'Novelty': '5.19155', 'ifeat_feat': 0.004975124378109453, 'NX_0_len_tra': 2.7, 'NX_0_R_tra': 8.948302854895593, 'NX_0_ctr': '3.31419', 'NX_0_CV': '0.00101', 'NX_0_CV_turn': '0.01481', 'NX_0_Diversity': '0.98564', 'NX_0_Novelty': '5.50410', 'NX_0_ifeat_feat': 0.6296296296296297, 'NX_10_len_tra': 10.0, 'NX_10_R_tra': 30.89869064718485, 'NX_10_ctr': '3.08987', 'NX_10_CV': '0.00253', 'NX_10_CV_turn': '0.01000', 'NX_10_Diversity': '0.98874', 'NX_10_Novelty': '5.61452', 'NX_10_ifeat_feat': 0.7}]
[I 240111 08:49:26 loggers:84] Epoch: [4], Info: [{'num_test': 100, 'len_tra': 2.01, 'R_tra': 8.080859186649322, 'ctr': '4.02033', 'CV': '0.00051', 'CV_turn': '0.00995', 'Diversity': '0.00661', 'Novelty': '5.66106', 'ifeat_feat': 1.0, 'NX_0_len_tra': 6.0, 'NX_0_R_tra': 20.152857142984868, 'NX_0_ctr': '3.35881', 'NX_0_CV': '0.00152', 'NX_0_CV_turn': '0.01000', 'NX_0_Diversity': '0.98786', 'NX_0_Novelty': '5.04483', 'NX_0_ifeat_feat': 0.6666666666666666, 'NX_10_len_tra': 10.0, 'NX_10_R_tra': 33.32195249706507, 'NX_10_ctr': '3.33220', 'NX_10_CV': '0.00253', 'NX_10_CV_turn': '0.01000', 'NX_10_Diversity': '0.98846', 'NX_10_Novelty': '5.15110', 'NX_10_ifeat_feat': 0.7}]
[I 240111 08:50:21 loggers:84] Epoch: [5], Info: [{'num_test': 100, 'len_tra': 2.02, 'R_tra': 8.739823904037475, 'ctr': '4.32665', 'CV': '0.00127', 'CV_turn': '0.02475', 'Diversity': '0.03294', 'Novelty': '3.82150', 'ifeat_feat': 1.0, 'NX_0_len_tra': 3.0, 'NX_0_R_tra': 7.988748588562012, 'NX_0_ctr': '2.66292', 'NX_0_CV': '0.00101', 'NX_0_CV_turn': '0.01333', 'NX_0_Diversity': '0.99176', 'NX_0_Novelty': '4.06394', 'NX_0_ifeat_feat': 0.9433333333333334, 'NX_10_len_tra': 10.0, 'NX_10_R_tra': 32.98488268971443, 'NX_10_ctr': '3.29849', 'NX_10_CV': '0.00253', 'NX_10_CV_turn': '0.01000', 'NX_10_Diversity': '0.98760', 'NX_10_Novelty': '4.78608', 'NX_10_ifeat_feat': 0.8}]
[I 240111 08:51:23 loggers:84] Epoch: [6], Info: [{'num_test': 100, 'len_tra': 2.02, 'R_tra': 8.347709600925446, 'ctr': '4.13253', 'CV': '0.00101', 'CV_turn': '0.01980', 'Diversity': '0.02308', 'Novelty': '3.83083', 'ifeat_feat': 0.995049504950495, 'NX_0_len_tra': 5.0, 'NX_0_R_tra': 13.361467284560204, 'NX_0_ctr': '2.67229', 'NX_0_CV': '0.00127', 'NX_0_CV_turn': '0.01000', 'NX_0_Diversity': '0.99229', 'NX_0_Novelty': '5.27168', 'NX_0_ifeat_feat': 1.0, 'NX_10_len_tra': 10.0, 'NX_10_R_tra': 26.33032801143825, 'NX_10_ctr': '2.63303', 'NX_10_CV': '0.00253', 'NX_10_CV_turn': '0.01000', 'NX_10_Diversity': '0.99061', 'NX_10_Novelty': '4.70876', 'NX_10_ifeat_feat': 0.9}]
[I 240111 08:52:18 loggers:84] Epoch: [7], Info: [{'num_test': 100, 'len_tra': 2.01, 'R_tra': 8.418071603775024, 'ctr': '4.18810', 'CV': '0.00076', 'CV_turn': '0.01493', 'Diversity': '0.01638', 'Novelty': '3.80708', 'ifeat_feat': 1.0, 'NX_0_len_tra': 8.0, 'NX_0_R_tra': 21.959898307919502, 'NX_0_ctr': '2.74499', 'NX_0_CV': '0.00202', 'NX_0_CV_turn': '0.01000', 'NX_0_Diversity': '0.99146', 'NX_0_Novelty': '4.05287', 'NX_0_ifeat_feat': 0.75, 'NX_10_len_tra': 10.0, 'NX_10_R_tra': 26.200723727047443, 'NX_10_ctr': '2.62007', 'NX_10_CV': '0.00253', 'NX_10_CV_turn': '0.01000', 'NX_10_Diversity': '0.99173', 'NX_10_Novelty': '4.71962', 'NX_10_ifeat_feat': 0.7}]
[I 240111 08:53:14 loggers:84] Epoch: [8], Info: [{'num_test': 100, 'len_tra': 2.01, 'R_tra': 8.300254781246185, 'ctr': '4.12948', 'CV': '0.00051', 'CV_turn': '0.00995', 'Diversity': '0.00659', 'Novelty': '3.81349', 'ifeat_feat': 1.0, 'NX_0_len_tra': 8.67, 'NX_0_R_tra': 24.386546567976474, 'NX_0_ctr': '2.81275', 'NX_0_CV': '0.00228', 'NX_0_CV_turn': '0.01038', 'NX_0_Diversity': '0.99153', 'NX_0_Novelty': '5.36087', 'NX_0_ifeat_feat': 0.8973471741637832, 'NX_10_len_tra': 10.0, 'NX_10_R_tra': 25.454150037020444, 'NX_10_ctr': '2.54542', 'NX_10_CV': '0.00253', 'NX_10_CV_turn': '0.01000', 'NX_10_Diversity': '0.99198', 'NX_10_Novelty': '5.18939', 'NX_10_ifeat_feat': 0.9}]
[I 240111 08:54:12 loggers:84] Epoch: [9], Info: [{'num_test': 100, 'len_tra': 2.0, 'R_tra': 8.414762930870056, 'ctr': '4.20738', 'CV': '0.00051', 'CV_turn': '0.01000', 'Diversity': '0.00981', 'Novelty': '3.83477', 'ifeat_feat': 1.0, 'NX_0_len_tra': 7.0, 'NX_0_R_tra': 20.427174990326165, 'NX_0_ctr': '2.91817', 'NX_0_CV': '0.00177', 'NX_0_CV_turn': '0.01000', 'NX_0_Diversity': '0.99183', 'NX_0_Novelty': '5.28814', 'NX_0_ifeat_feat': 0.8571428571428571, 'NX_10_len_tra': 10.0, 'NX_10_R_tra': 27.998589024841785, 'NX_10_ctr': '2.79986', 'NX_10_CV': '0.00253', 'NX_10_CV_turn': '0.01000', 'NX_10_Diversity': '0.99166', 'NX_10_Novelty': '5.35058', 'NX_10_ifeat_feat': 0.9}]
[I 240111 08:55:10 loggers:84] Epoch: [10], Info: [{'num_test': 100, 'len_tra': 2.03, 'R_tra': 8.363919534683227, 'ctr': '4.12016', 'CV': '0.00101', 'CV_turn': '0.01970', 'Diversity': '0.01988', 'Novelty': '3.84374', 'ifeat_feat': 0.9901477832512315, 'NX_0_len_tra': 4.02, 'NX_0_R_tra': 14.706732822060586, 'NX_0_ctr': '3.65839', 'NX_0_CV': '0.00127', 'NX_0_CV_turn': '0.01244', 'NX_0_Diversity': '0.98691', 'NX_0_Novelty': '4.27506', 'NX_0_ifeat_feat': 0.5024875621890548, 'NX_10_len_tra': 10.0, 'NX_10_R_tra': 30.313021798729896, 'NX_10_ctr': '3.03130', 'NX_10_CV': '0.00304', 'NX_10_CV_turn': '0.01200', 'NX_10_Diversity': '0.98993', 'NX_10_Novelty': '4.92955', 'NX_10_ifeat_feat': 0.8}]
[I 240111 08:56:09 loggers:84] Epoch: [11], Info: [{'num_test': 100, 'len_tra': 2.01, 'R_tra': 8.122811089754105, 'ctr': '4.04120', 'CV': '0.00076', 'CV_turn': '0.01493', 'Diversity': '0.18322', 'Novelty': '3.82120', 'ifeat_feat': 1.0, 'NX_0_len_tra': 2.0, 'NX_0_R_tra': 7.96614363193512, 'NX_0_ctr': '3.98307', 'NX_0_CV': '0.00051', 'NX_0_CV_turn': '0.01000', 'NX_0_Diversity': '0.98105', 'NX_0_Novelty': '3.85897', 'NX_0_ifeat_feat': 1.0, 'NX_10_len_tra': 10.0, 'NX_10_R_tra': 29.942017214894296, 'NX_10_ctr': '2.99420', 'NX_10_CV': '0.00329', 'NX_10_CV_turn': '0.01300', 'NX_10_Diversity': '0.98956', 'NX_10_Novelty': '4.13328', 'NX_10_ifeat_feat': 0.701}]
[I 240111 08:57:04 loggers:84] Epoch: [12], Info: [{'num_test': 100, 'len_tra': 2.01, 'R_tra': 6.9837140583992, 'ctr': '3.47448', 'CV': '0.00101', 'CV_turn': '0.01990', 'Diversity': '0.02617', 'Novelty': '2.56772', 'ifeat_feat': 0.9950248756218906, 'NX_0_len_tra': 4.33, 'NX_0_R_tra': 14.52624137699604, 'NX_0_ctr': '3.35479', 'NX_0_CV': '0.00177', 'NX_0_CV_turn': '0.01617', 'NX_0_Diversity': '0.98785', 'NX_0_Novelty': '4.74902', 'NX_0_ifeat_feat': 0.7251732101616628, 'NX_10_len_tra': 10.0, 'NX_10_R_tra': 28.801411482840777, 'NX_10_ctr': '2.88014', 'NX_10_CV': '0.00304', 'NX_10_CV_turn': '0.01200', 'NX_10_Diversity': '0.99046', 'NX_10_Novelty': '4.93165', 'NX_10_ifeat_feat': 0.783}]
[I 240111 08:58:00 loggers:84] Epoch: [13], Info: [{'num_test': 100, 'len_tra': 2.49, 'R_tra': 7.732311177253723, 'ctr': '3.10535', 'CV': '0.00051', 'CV_turn': '0.00803', 'Diversity': '0.32567', 'Novelty': '4.90799', 'ifeat_feat': 1.0, 'NX_0_len_tra': 4.09, 'NX_0_R_tra': 12.040655547380448, 'NX_0_ctr': '2.94393', 'NX_0_CV': '0.00202', 'NX_0_CV_turn': '0.01956', 'NX_0_Diversity': '0.99077', 'NX_0_Novelty': '5.79431', 'NX_0_ifeat_feat': 0.9853300733496333, 'NX_10_len_tra': 10.0, 'NX_10_R_tra': 30.851016675680874, 'NX_10_ctr': '3.08510', 'NX_10_CV': '0.00278', 'NX_10_CV_turn': '0.01100', 'NX_10_Diversity': '0.98938', 'NX_10_Novelty': '4.89451', 'NX_10_ifeat_feat': 0.8}]
[I 240111 08:58:56 loggers:84] Epoch: [14], Info: [{'num_test': 100, 'len_tra': 2.03, 'R_tra': 7.136693558692932, 'ctr': '3.51561', 'CV': '0.00127', 'CV_turn': '0.02463', 'Diversity': '0.36469', 'Novelty': '6.54432', 'ifeat_feat': 1.0, 'NX_0_len_tra': 2.02, 'NX_0_R_tra': 6.925655323266983, 'NX_0_ctr': '3.42854', 'NX_0_CV': '0.00127', 'NX_0_CV_turn': '0.02475', 'NX_0_Diversity': '0.98463', 'NX_0_Novelty': '4.97977', 'NX_0_ifeat_feat': 0.7475247524752475, 'NX_10_len_tra': 10.0, 'NX_10_R_tra': 29.248622958883644, 'NX_10_ctr': '2.92486', 'NX_10_CV': '0.00329', 'NX_10_CV_turn': '0.01300', 'NX_10_Diversity': '0.99023', 'NX_10_Novelty': '4.63541', 'NX_10_ifeat_feat': 0.851}]
[I 240111 08:59:42 loggers:84] Epoch: [15], Info: [{'num_test': 100, 'len_tra': 2.4, 'R_tra': 7.652685988545418, 'ctr': '3.18862', 'CV': '0.00177', 'CV_turn': '0.02917', 'Diversity': '0.25984', 'Novelty': '4.34823', 'ifeat_feat': 0.32916666666666666, 'NX_0_len_tra': 3.76, 'NX_0_R_tra': 11.055927278995513, 'NX_0_ctr': '2.94041', 'NX_0_CV': '0.00152', 'NX_0_CV_turn': '0.01596', 'NX_0_Diversity': '0.99015', 'NX_0_Novelty': '4.93599', 'NX_0_ifeat_feat': 0.675531914893617, 'NX_10_len_tra': 10.0, 'NX_10_R_tra': 29.613616244643925, 'NX_10_ctr': '2.96136', 'NX_10_CV': '0.00354', 'NX_10_CV_turn': '0.01400', 'NX_10_Diversity': '0.99047', 'NX_10_Novelty': '5.46349', 'NX_10_ifeat_feat': 0.877}]
[I 240111 09:00:34 loggers:84] Epoch: [16], Info: [{'num_test': 100, 'len_tra': 2.33, 'R_tra': 7.803029129505157, 'ctr': '3.34894', 'CV': '0.00202', 'CV_turn': '0.03433', 'Diversity': '0.22584', 'Novelty': '6.19187', 'ifeat_feat': 0.9914163090128756, 'NX_0_len_tra': 5.93, 'NX_0_R_tra': 15.266203139945866, 'NX_0_ctr': '2.57440', 'NX_0_CV': '0.00202', 'NX_0_CV_turn': '0.01349', 'NX_0_Diversity': '0.99053', 'NX_0_Novelty': '5.43747', 'NX_0_ifeat_feat': 0.8313659359190556, 'NX_10_len_tra': 10.0, 'NX_10_R_tra': 23.21568351358175, 'NX_10_ctr': '2.32157', 'NX_10_CV': '0.00304', 'NX_10_CV_turn': '0.01200', 'NX_10_Diversity': '0.99135', 'NX_10_Novelty': '5.31767', 'NX_10_ifeat_feat': 0.898}]
[I 240111 09:01:14 loggers:84] Epoch: [17], Info: [{'num_test': 100, 'len_tra': 2.16, 'R_tra': 8.368304302692414, 'ctr': '3.87421', 'CV': '0.00127', 'CV_turn': '0.02315', 'Diversity': '0.68969', 'Novelty': '3.76807', 'ifeat_feat': 0.9537037037037037, 'NX_0_len_tra': 2.11, 'NX_0_R_tra': 8.531391698122025, 'NX_0_ctr': '4.04331', 'NX_0_CV': '0.00101', 'NX_0_CV_turn': '0.01896', 'NX_0_Diversity': '0.95927', 'NX_0_Novelty': '3.75243', 'NX_0_ifeat_feat': 0.957345971563981, 'NX_10_len_tra': 10.0, 'NX_10_R_tra': 30.635369383096695, 'NX_10_ctr': '3.06354', 'NX_10_CV': '0.00278', 'NX_10_CV_turn': '0.01100', 'NX_10_Diversity': '0.98983', 'NX_10_Novelty': '5.38935', 'NX_10_ifeat_feat': 0.887}]
[I 240111 09:02:08 loggers:84] Epoch: [18], Info: [{'num_test': 100, 'len_tra': 2.25, 'R_tra': 8.080985522270202, 'ctr': '3.59155', 'CV': '0.00202', 'CV_turn': '0.03556', 'Diversity': '0.21344', 'Novelty': '3.90435', 'ifeat_feat': 0.9288888888888889, 'NX_0_len_tra': 3.51, 'NX_0_R_tra': 7.690539336949587, 'NX_0_ctr': '2.19104', 'NX_0_CV': '0.00202', 'NX_0_CV_turn': '0.02279', 'NX_0_Diversity': '0.98848', 'NX_0_Novelty': '5.00141', 'NX_0_ifeat_feat': 0.9544159544159544, 'NX_10_len_tra': 10.0, 'NX_10_R_tra': 23.933344863653183, 'NX_10_ctr': '2.39333', 'NX_10_CV': '0.00405', 'NX_10_CV_turn': '0.01600', 'NX_10_Diversity': '0.99035', 'NX_10_Novelty': '5.19019', 'NX_10_ifeat_feat': 0.774}]
[I 240111 09:03:00 loggers:84] Epoch: [19], Info: [{'num_test': 100, 'len_tra': 2.09, 'R_tra': 8.577634702920914, 'ctr': '4.10413', 'CV': '0.00177', 'CV_turn': '0.03349', 'Diversity': '0.43445', 'Novelty': '6.47286', 'ifeat_feat': 0.9712918660287081, 'NX_0_len_tra': 2.03, 'NX_0_R_tra': 8.34608322352171, 'NX_0_ctr': '4.11137', 'NX_0_CV': '0.00076', 'NX_0_CV_turn': '0.01478', 'NX_0_Diversity': '0.96966', 'NX_0_Novelty': '6.24281', 'NX_0_ifeat_feat': 0.9852216748768473, 'NX_10_len_tra': 10.0, 'NX_10_R_tra': 24.48636437162757, 'NX_10_ctr': '2.44864', 'NX_10_CV': '0.00329', 'NX_10_CV_turn': '0.01300', 'NX_10_Diversity': '0.99073', 'NX_10_Novelty': '5.57037', 'NX_10_ifeat_feat': 0.608}]
[I 240111 09:03:50 loggers:84] Epoch: [20], Info: [{'num_test': 100, 'len_tra': 2.92, 'R_tra': 11.650787150859832, 'ctr': '3.99000', 'CV': '0.00177', 'CV_turn': '0.02397', 'Diversity': '0.66394', 'Novelty': '3.89366', 'ifeat_feat': 1.0, 'NX_0_len_tra': 3.34, 'NX_0_R_tra': 13.176727136969566, 'NX_0_ctr': '3.94513', 'NX_0_CV': '0.00127', 'NX_0_CV_turn': '0.01497', 'NX_0_Diversity': '0.98316', 'NX_0_Novelty': '5.50079', 'NX_0_ifeat_feat': 1.0, 'NX_10_len_tra': 10.0, 'NX_10_R_tra': 30.09518286034465, 'NX_10_ctr': '3.00952', 'NX_10_CV': '0.00329', 'NX_10_CV_turn': '0.01300', 'NX_10_Diversity': '0.99012', 'NX_10_Novelty': '5.50757', 'NX_10_ifeat_feat': 0.792}]
[I 240111 09:04:41 loggers:84] Epoch: [21], Info: [{'num_test': 100, 'len_tra': 2.64, 'R_tra': 10.220535006523132, 'ctr': '3.87141', 'CV': '0.00152', 'CV_turn': '0.02273', 'Diversity': '0.42839', 'Novelty': '4.59487', 'ifeat_feat': 0.9962121212121212, 'NX_0_len_tra': 3.05, 'NX_0_R_tra': 12.19290963768959, 'NX_0_ctr': '3.99768', 'NX_0_CV': '0.00127', 'NX_0_CV_turn': '0.01639', 'NX_0_Diversity': '0.98235', 'NX_0_Novelty': '5.58759', 'NX_0_ifeat_feat': 1.0, 'NX_10_len_tra': 10.0, 'NX_10_R_tra': 34.40004423588514, 'NX_10_ctr': '3.44000', 'NX_10_CV': '0.00304', 'NX_10_CV_turn': '0.01200', 'NX_10_Diversity': '0.98839', 'NX_10_Novelty': '6.05002', 'NX_10_ifeat_feat': 0.906}]
[I 240111 09:05:21 loggers:84] Epoch: [22], Info: [{'num_test': 100, 'len_tra': 3.06, 'R_tra': 11.633234688043594, 'ctr': '3.80171', 'CV': '0.00127', 'CV_turn': '0.01634', 'Diversity': '0.88733', 'Novelty': '4.43464', 'ifeat_feat': 1.0, 'NX_0_len_tra': 3.18, 'NX_0_R_tra': 11.030408575534821, 'NX_0_ctr': '3.46868', 'NX_0_CV': '0.00101', 'NX_0_CV_turn': '0.01258', 'NX_0_Diversity': '0.98744', 'NX_0_Novelty': '4.42500', 'NX_0_ifeat_feat': 1.0, 'NX_10_len_tra': 10.0, 'NX_10_R_tra': 30.68545424103737, 'NX_10_ctr': '3.06855', 'NX_10_CV': '0.00329', 'NX_10_CV_turn': '0.01300', 'NX_10_Diversity': '0.98937', 'NX_10_Novelty': '4.99729', 'NX_10_ifeat_feat': 0.901}]
[I 240111 09:06:19 loggers:84] Epoch: [23], Info: [{'num_test': 100, 'len_tra': 3.72, 'R_tra': 13.06675266623497, 'ctr': '3.51257', 'CV': '0.00202', 'CV_turn': '0.02151', 'Diversity': '0.84260', 'Novelty': '4.75956', 'ifeat_feat': 1.0, 'NX_0_len_tra': 5.32, 'NX_0_R_tra': 18.676351159512997, 'NX_0_ctr': '3.51059', 'NX_0_CV': '0.00253', 'NX_0_CV_turn': '0.01880', 'NX_0_Diversity': '0.98719', 'NX_0_Novelty': '5.61158', 'NX_0_ifeat_feat': 1.0, 'NX_10_len_tra': 10.0, 'NX_10_R_tra': 31.552494509518148, 'NX_10_ctr': '3.15525', 'NX_10_CV': '0.00278', 'NX_10_CV_turn': '0.01100', 'NX_10_Diversity': '0.98949', 'NX_10_Novelty': '5.88284', 'NX_10_ifeat_feat': 1.0}]
[I 240111 09:07:01 loggers:84] Epoch: [24], Info: [{'num_test': 100, 'len_tra': 3.88, 'R_tra': 14.313686265945435, 'ctr': '3.68909', 'CV': '0.00253', 'CV_turn': '0.02577', 'Diversity': '0.84045', 'Novelty': '4.85219', 'ifeat_feat': 0.9948453608247423, 'NX_0_len_tra': 4.24, 'NX_0_R_tra': 15.519009076356888, 'NX_0_ctr': '3.66014', 'NX_0_CV': '0.00152', 'NX_0_CV_turn': '0.01415', 'NX_0_Diversity': '0.98680', 'NX_0_Novelty': '5.71472', 'NX_0_ifeat_feat': 1.0, 'NX_10_len_tra': 10.0, 'NX_10_R_tra': 31.75547080218792, 'NX_10_ctr': '3.17555', 'NX_10_CV': '0.00304', 'NX_10_CV_turn': '0.01200', 'NX_10_Diversity': '0.98957', 'NX_10_Novelty': '5.74567', 'NX_10_ifeat_feat': 1.0}]
[I 240111 09:07:52 loggers:84] Epoch: [25], Info: [{'num_test': 100, 'len_tra': 3.87, 'R_tra': 14.320972185134888, 'ctr': '3.70051', 'CV': '0.00228', 'CV_turn': '0.02326', 'Diversity': '0.81465', 'Novelty': '4.74408', 'ifeat_feat': 1.0, 'NX_0_len_tra': 4.01, 'NX_0_R_tra': 13.98562681555748, 'NX_0_ctr': '3.48769', 'NX_0_CV': '0.00304', 'NX_0_CV_turn': '0.02993', 'NX_0_Diversity': '0.98833', 'NX_0_Novelty': '5.75766', 'NX_0_ifeat_feat': 1.0, 'NX_10_len_tra': 10.0, 'NX_10_R_tra': 29.552528942376377, 'NX_10_ctr': '2.95525', 'NX_10_CV': '0.00405', 'NX_10_CV_turn': '0.01600', 'NX_10_Diversity': '0.98993', 'NX_10_Novelty': '6.38615', 'NX_10_ifeat_feat': 0.973}]
[I 240111 09:08:42 loggers:84] Epoch: [26], Info: [{'num_test': 100, 'len_tra': 3.94, 'R_tra': 15.126646939516068, 'ctr': '3.83925', 'CV': '0.00202', 'CV_turn': '0.02030', 'Diversity': '0.87462', 'Novelty': '5.02626', 'ifeat_feat': 0.9974619289340102, 'NX_0_len_tra': 4.0, 'NX_0_R_tra': 14.54686442911625, 'NX_0_ctr': '3.63672', 'NX_0_CV': '0.00127', 'NX_0_CV_turn': '0.01250', 'NX_0_Diversity': '0.98627', 'NX_0_Novelty': '5.77226', 'NX_0_ifeat_feat': 1.0, 'NX_10_len_tra': 10.0, 'NX_10_R_tra': 30.46721916347742, 'NX_10_ctr': '3.04672', 'NX_10_CV': '0.00405', 'NX_10_CV_turn': '0.01600', 'NX_10_Diversity': '0.98951', 'NX_10_Novelty': '6.37818', 'NX_10_ifeat_feat': 0.938}]
[I 240111 09:09:32 loggers:84] Epoch: [27], Info: [{'num_test': 100, 'len_tra': 3.95, 'R_tra': 14.73287881076336, 'ctr': '3.72984', 'CV': '0.00380', 'CV_turn': '0.03797', 'Diversity': '0.81369', 'Novelty': '4.72749', 'ifeat_feat': 0.9949367088607595, 'NX_0_len_tra': 5.43, 'NX_0_R_tra': 16.991804552823304, 'NX_0_ctr': '3.12925', 'NX_0_CV': '0.00329', 'NX_0_CV_turn': '0.02394', 'NX_0_Diversity': '0.98867', 'NX_0_Novelty': '5.22432', 'NX_0_ifeat_feat': 1.0, 'NX_10_len_tra': 10.0, 'NX_10_R_tra': 30.94473639458418, 'NX_10_ctr': '3.09447', 'NX_10_CV': '0.00354', 'NX_10_CV_turn': '0.01400', 'NX_10_Diversity': '0.98985', 'NX_10_Novelty': '5.44666', 'NX_10_ifeat_feat': 1.0}]
[I 240111 09:10:31 loggers:84] Epoch: [28], Info: [{'num_test': 100, 'len_tra': 3.32, 'R_tra': 9.875762375593185, 'ctr': '2.97463', 'CV': '0.00329', 'CV_turn': '0.03916', 'Diversity': '0.61179', 'Novelty': '7.14440', 'ifeat_feat': 1.0, 'NX_0_len_tra': 6.38, 'NX_0_R_tra': 20.095551202297212, 'NX_0_ctr': '3.14977', 'NX_0_CV': '0.00304', 'NX_0_CV_turn': '0.01881', 'NX_0_Diversity': '0.99072', 'NX_0_Novelty': '5.97562', 'NX_0_ifeat_feat': 1.0, 'NX_10_len_tra': 10.0, 'NX_10_R_tra': 34.36985953092575, 'NX_10_ctr': '3.43699', 'NX_10_CV': '0.00354', 'NX_10_CV_turn': '0.01400', 'NX_10_Diversity': '0.98972', 'NX_10_Novelty': '5.83770', 'NX_10_ifeat_feat': 1.0}]
[I 240111 09:11:09 loggers:84] Epoch: [29], Info: [{'num_test': 100, 'len_tra': 3.19, 'R_tra': 9.561163883209229, 'ctr': '2.99723', 'CV': '0.00304', 'CV_turn': '0.03762', 'Diversity': '0.56827', 'Novelty': '6.37024', 'ifeat_feat': 0.9968652037617555, 'NX_0_len_tra': 4.6, 'NX_0_R_tra': 14.543756194114685, 'NX_0_ctr': '3.16169', 'NX_0_CV': '0.00228', 'NX_0_CV_turn': '0.01957', 'NX_0_Diversity': '0.98785', 'NX_0_Novelty': '5.11864', 'NX_0_ifeat_feat': 0.9934782608695653, 'NX_10_len_tra': 10.0, 'NX_10_R_tra': 30.025982776284216, 'NX_10_ctr': '3.00260', 'NX_10_CV': '0.00354', 'NX_10_CV_turn': '0.01400', 'NX_10_Diversity': '0.98789', 'NX_10_Novelty': '5.66797', 'NX_10_ifeat_feat': 0.9}]
[I 240111 09:12:11 loggers:84] Epoch: [30], Info: [{'num_test': 100, 'len_tra': 3.33, 'R_tra': 10.697519091963768, 'ctr': '3.21247', 'CV': '0.00127', 'CV_turn': '0.01502', 'Diversity': '0.71309', 'Novelty': '5.67424', 'ifeat_feat': 0.963963963963964, 'NX_0_len_tra': 3.93, 'NX_0_R_tra': 13.053803436905145, 'NX_0_ctr': '3.32158', 'NX_0_CV': '0.00278', 'NX_0_CV_turn': '0.02799', 'NX_0_Diversity': '0.98438', 'NX_0_Novelty': '5.49552', 'NX_0_ifeat_feat': 0.7353689567430025, 'NX_10_len_tra': 10.0, 'NX_10_R_tra': 32.34192166298628, 'NX_10_ctr': '3.23419', 'NX_10_CV': '0.00506', 'NX_10_CV_turn': '0.02000', 'NX_10_Diversity': '0.98826', 'NX_10_Novelty': '5.37399', 'NX_10_ifeat_feat': 0.741}]
[I 240111 09:12:54 loggers:84] Epoch: [31], Info: [{'num_test': 100, 'len_tra': 4.03, 'R_tra': 15.203899839818478, 'ctr': '3.77268', 'CV': '0.00202', 'CV_turn': '0.01985', 'Diversity': '0.82595', 'Novelty': '4.46638', 'ifeat_feat': 0.9900744416873449, 'NX_0_len_tra': 4.23, 'NX_0_R_tra': 14.65408248603344, 'NX_0_ctr': '3.46432', 'NX_0_CV': '0.00177', 'NX_0_CV_turn': '0.01655', 'NX_0_Diversity': '0.98885', 'NX_0_Novelty': '5.57908', 'NX_0_ifeat_feat': 0.9810874704491725, 'NX_10_len_tra': 10.0, 'NX_10_R_tra': 30.857158093750478, 'NX_10_ctr': '3.08572', 'NX_10_CV': '0.00506', 'NX_10_CV_turn': '0.02000', 'NX_10_Diversity': '0.98855', 'NX_10_Novelty': '5.53771', 'NX_10_ifeat_feat': 0.845}]
[I 240111 09:13:48 loggers:84] Epoch: [32], Info: [{'num_test': 100, 'len_tra': 3.54, 'R_tra': 12.683829432725906, 'ctr': '3.58300', 'CV': '0.00380', 'CV_turn': '0.04237', 'Diversity': '0.83618', 'Novelty': '5.22108', 'ifeat_feat': 0.9491525423728814, 'NX_0_len_tra': 3.46, 'NX_0_R_tra': 12.657921184301376, 'NX_0_ctr': '3.65836', 'NX_0_CV': '0.00202', 'NX_0_CV_turn': '0.02312', 'NX_0_Diversity': '0.98717', 'NX_0_Novelty': '5.93586', 'NX_0_ifeat_feat': 0.9624277456647399, 'NX_10_len_tra': 10.0, 'NX_10_R_tra': 32.22808177992702, 'NX_10_ctr': '3.22281', 'NX_10_CV': '0.00455', 'NX_10_CV_turn': '0.01800', 'NX_10_Diversity': '0.98876', 'NX_10_Novelty': '5.96936', 'NX_10_ifeat_feat': 0.877}]
[I 240111 09:14:42 loggers:84] Epoch: [33], Info: [{'num_test': 100, 'len_tra': 3.59, 'R_tra': 12.912703934013843, 'ctr': '3.59685', 'CV': '0.00304', 'CV_turn': '0.03343', 'Diversity': '0.86511', 'Novelty': '5.31749', 'ifeat_feat': 0.9916434540389972, 'NX_0_len_tra': 3.52, 'NX_0_R_tra': 13.352657469511032, 'NX_0_ctr': '3.79337', 'NX_0_CV': '0.00228', 'NX_0_CV_turn': '0.02557', 'NX_0_Diversity': '0.98765', 'NX_0_Novelty': '5.96692', 'NX_0_ifeat_feat': 0.9886363636363636, 'NX_10_len_tra': 10.0, 'NX_10_R_tra': 32.19416105031967, 'NX_10_ctr': '3.21942', 'NX_10_CV': '0.00430', 'NX_10_CV_turn': '0.01700', 'NX_10_Diversity': '0.98829', 'NX_10_Novelty': '5.69435', 'NX_10_ifeat_feat': 0.849}]
[I 240111 09:15:32 loggers:84] Epoch: [34], Info: [{'num_test': 100, 'len_tra': 4.69, 'R_tra': 10.238835097253322, 'ctr': '2.18312', 'CV': '0.00253', 'CV_turn': '0.02132', 'Diversity': '0.83636', 'Novelty': '5.43233', 'ifeat_feat': 0.5778251599147122, 'NX_0_len_tra': 6.42, 'NX_0_R_tra': 18.156486503779888, 'NX_0_ctr': '2.82811', 'NX_0_CV': '0.00278', 'NX_0_CV_turn': '0.01713', 'NX_0_Diversity': '0.99139', 'NX_0_Novelty': '5.43517', 'NX_0_ifeat_feat': 0.8130841121495327, 'NX_10_len_tra': 10.0, 'NX_10_R_tra': 26.01426762223244, 'NX_10_ctr': '2.60143', 'NX_10_CV': '0.00405', 'NX_10_CV_turn': '0.01600', 'NX_10_Diversity': '0.99199', 'NX_10_Novelty': '5.73726', 'NX_10_ifeat_feat': 0.764}]
[I 240111 09:16:22 loggers:84] Epoch: [35], Info: [{'num_test': 100, 'len_tra': 3.4, 'R_tra': 10.227463002800942, 'ctr': '3.00808', 'CV': '0.00278', 'CV_turn': '0.03235', 'Diversity': '0.57772', 'Novelty': '6.66557', 'ifeat_feat': 0.9970588235294118, 'NX_0_len_tra': 4.03, 'NX_0_R_tra': 13.046932436525822, 'NX_0_ctr': '3.23745', 'NX_0_CV': '0.00278', 'NX_0_CV_turn': '0.02730', 'NX_0_Diversity': '0.98721', 'NX_0_Novelty': '6.45032', 'NX_0_ifeat_feat': 1.0, 'NX_10_len_tra': 10.0, 'NX_10_R_tra': 32.08816615432501, 'NX_10_ctr': '3.20882', 'NX_10_CV': '0.00405', 'NX_10_CV_turn': '0.01600', 'NX_10_Diversity': '0.98919', 'NX_10_Novelty': '6.14330', 'NX_10_ifeat_feat': 0.874}]
[I 240111 09:17:08 loggers:84] Epoch: [36], Info: [{'num_test': 100, 'len_tra': 6.97, 'R_tra': 24.678161917328836, 'ctr': '3.54063', 'CV': '0.00329', 'CV_turn': '0.01865', 'Diversity': '0.84429', 'Novelty': '4.85172', 'ifeat_feat': 1.0, 'NX_0_len_tra': 4.93, 'NX_0_R_tra': 17.038286747634412, 'NX_0_ctr': '3.45604', 'NX_0_CV': '0.00304', 'NX_0_CV_turn': '0.02434', 'NX_0_Diversity': '0.98956', 'NX_0_Novelty': '5.07026', 'NX_0_ifeat_feat': 1.0, 'NX_10_len_tra': 10.0, 'NX_10_R_tra': 33.53303723707795, 'NX_10_ctr': '3.35330', 'NX_10_CV': '0.00380', 'NX_10_CV_turn': '0.01500', 'NX_10_Diversity': '0.98922', 'NX_10_Novelty': '6.36308', 'NX_10_ifeat_feat': 0.95}]
[I 240111 09:18:00 loggers:84] Epoch: [37], Info: [{'num_test': 100, 'len_tra': 7.78, 'R_tra': 27.145728803873062, 'ctr': '3.48917', 'CV': '0.00304', 'CV_turn': '0.01542', 'Diversity': '0.85243', 'Novelty': '4.65193', 'ifeat_feat': 0.9961439588688946, 'NX_0_len_tra': 7.21, 'NX_0_R_tra': 22.30924071893096, 'NX_0_ctr': '3.09421', 'NX_0_CV': '0.00354', 'NX_0_CV_turn': '0.01942', 'NX_0_Diversity': '0.99045', 'NX_0_Novelty': '5.50454', 'NX_0_ifeat_feat': 0.7905686546463245, 'NX_10_len_tra': 10.0, 'NX_10_R_tra': 29.39399863280356, 'NX_10_ctr': '2.93940', 'NX_10_CV': '0.00405', 'NX_10_CV_turn': '0.01600', 'NX_10_Diversity': '0.99061', 'NX_10_Novelty': '5.48959', 'NX_10_ifeat_feat': 0.709}]
[I 240111 09:18:36 loggers:84] Epoch: [38], Info: [{'num_test': 100, 'len_tra': 4.34, 'R_tra': 14.316099106669427, 'ctr': '3.29864', 'CV': '0.00253', 'CV_turn': '0.02304', 'Diversity': '0.63114', 'Novelty': '4.14798', 'ifeat_feat': 0.9907834101382489, 'NX_0_len_tra': 6.22, 'NX_0_R_tra': 19.647391597926617, 'NX_0_ctr': '3.15874', 'NX_0_CV': '0.00304', 'NX_0_CV_turn': '0.01929', 'NX_0_Diversity': '0.98928', 'NX_0_Novelty': '4.71555', 'NX_0_ifeat_feat': 0.815112540192926, 'NX_10_len_tra': 10.0, 'NX_10_R_tra': 31.42335624590516, 'NX_10_ctr': '3.14234', 'NX_10_CV': '0.00405', 'NX_10_CV_turn': '0.01600', 'NX_10_Diversity': '0.98899', 'NX_10_Novelty': '5.38822', 'NX_10_ifeat_feat': 0.8}]
[I 240111 09:19:18 loggers:84] Epoch: [39], Info: [{'num_test': 100, 'len_tra': 7.02, 'R_tra': 22.94096552863717, 'ctr': '3.26794', 'CV': '0.00455', 'CV_turn': '0.02564', 'Diversity': '0.85571', 'Novelty': '5.08877', 'ifeat_feat': 0.8988603988603988, 'NX_0_len_tra': 9.03, 'NX_0_R_tra': 27.039973856210707, 'NX_0_ctr': '2.99446', 'NX_0_CV': '0.00304', 'NX_0_CV_turn': '0.01329', 'NX_0_Diversity': '0.99141', 'NX_0_Novelty': '5.67050', 'NX_0_ifeat_feat': 0.82281284606866, 'NX_10_len_tra': 10.0, 'NX_10_R_tra': 29.616154050305486, 'NX_10_ctr': '2.96162', 'NX_10_CV': '0.00380', 'NX_10_CV_turn': '0.01500', 'NX_10_Diversity': '0.99108', 'NX_10_Novelty': '5.68929', 'NX_10_ifeat_feat': 0.785}]
[I 240111 09:19:57 loggers:84] Epoch: [40], Info: [{'num_test': 100, 'len_tra': 7.77, 'R_tra': 26.713480204492807, 'ctr': '3.43803', 'CV': '0.00481', 'CV_turn': '0.02445', 'Diversity': '0.86874', 'Novelty': '4.84051', 'ifeat_feat': 0.9459459459459459, 'NX_0_len_tra': 7.92, 'NX_0_R_tra': 24.622550214082004, 'NX_0_ctr': '3.10891', 'NX_0_CV': '0.00380', 'NX_0_CV_turn': '0.01894', 'NX_0_Diversity': '0.99055', 'NX_0_Novelty': '5.42705', 'NX_0_ifeat_feat': 0.696969696969697, 'NX_10_len_tra': 10.0, 'NX_10_R_tra': 30.503914937749506, 'NX_10_ctr': '3.05039', 'NX_10_CV': '0.00455', 'NX_10_CV_turn': '0.01800', 'NX_10_Diversity': '0.98944', 'NX_10_Novelty': '5.69741', 'NX_10_ifeat_feat': 0.648}]
[I 240111 09:20:33 loggers:84] Epoch: [41], Info: [{'num_test': 100, 'len_tra': 4.8, 'R_tra': 16.089159841537477, 'ctr': '3.35191', 'CV': '0.00354', 'CV_turn': '0.02917', 'Diversity': '0.70072', 'Novelty': '4.62388', 'ifeat_feat': 0.94375, 'NX_0_len_tra': 6.63, 'NX_0_R_tra': 21.4145090547204, 'NX_0_ctr': '3.22994', 'NX_0_CV': '0.00430', 'NX_0_CV_turn': '0.02564', 'NX_0_Diversity': '0.98856', 'NX_0_Novelty': '5.60209', 'NX_0_ifeat_feat': 0.7948717948717948, 'NX_10_len_tra': 10.0, 'NX_10_R_tra': 32.50720904946327, 'NX_10_ctr': '3.25072', 'NX_10_CV': '0.00531', 'NX_10_CV_turn': '0.02100', 'NX_10_Diversity': '0.98969', 'NX_10_Novelty': '5.55751', 'NX_10_ifeat_feat': 0.809}]
[I 240111 09:21:10 loggers:84] Epoch: [42], Info: [{'num_test': 100, 'len_tra': 6.77, 'R_tra': 22.429585478007795, 'ctr': '3.31309', 'CV': '0.00304', 'CV_turn': '0.01773', 'Diversity': '0.88961', 'Novelty': '5.70785', 'ifeat_feat': 0.9955686853766618, 'NX_0_len_tra': 6.13, 'NX_0_R_tra': 20.555368131995202, 'NX_0_ctr': '3.35324', 'NX_0_CV': '0.00253', 'NX_0_CV_turn': '0.01631', 'NX_0_Diversity': '0.98962', 'NX_0_Novelty': '5.65444', 'NX_0_ifeat_feat': 0.8287112561174551, 'NX_10_len_tra': 10.0, 'NX_10_R_tra': 32.27677214235067, 'NX_10_ctr': '3.22768', 'NX_10_CV': '0.00405', 'NX_10_CV_turn': '0.01600', 'NX_10_Diversity': '0.98859', 'NX_10_Novelty': '6.03299', 'NX_10_ifeat_feat': 0.792}]
[I 240111 09:21:43 loggers:84] Epoch: [43], Info: [{'num_test': 100, 'len_tra': 6.83, 'R_tra': 23.23962477326393, 'ctr': '3.40258', 'CV': '0.00430', 'CV_turn': '0.02489', 'Diversity': '0.89890', 'Novelty': '4.80410', 'ifeat_feat': 0.9399707174231332, 'NX_0_len_tra': 8.12, 'NX_0_R_tra': 23.896650119125844, 'NX_0_ctr': '2.94294', 'NX_0_CV': '0.00430', 'NX_0_CV_turn': '0.02094', 'NX_0_Diversity': '0.99052', 'NX_0_Novelty': '5.70077', 'NX_0_ifeat_feat': 0.7253694581280788, 'NX_10_len_tra': 10.0, 'NX_10_R_tra': 29.787380461394786, 'NX_10_ctr': '2.97874', 'NX_10_CV': '0.00506', 'NX_10_CV_turn': '0.02000', 'NX_10_Diversity': '0.99064', 'NX_10_Novelty': '5.76999', 'NX_10_ifeat_feat': 0.694}]
[I 240111 09:22:30 loggers:84] Epoch: [44], Info: [{'num_test': 100, 'len_tra': 6.58, 'R_tra': 21.884940332174303, 'ctr': '3.32598', 'CV': '0.00430', 'CV_turn': '0.02584', 'Diversity': '0.88047', 'Novelty': '4.88434', 'ifeat_feat': 0.8708206686930091, 'NX_0_len_tra': 7.97, 'NX_0_R_tra': 23.4258640165627, 'NX_0_ctr': '2.93926', 'NX_0_CV': '0.00506', 'NX_0_CV_turn': '0.02509', 'NX_0_Diversity': '0.99060', 'NX_0_Novelty': '5.31313', 'NX_0_ifeat_feat': 0.8306148055207027, 'NX_10_len_tra': 10.0, 'NX_10_R_tra': 28.613261990100145, 'NX_10_ctr': '2.86133', 'NX_10_CV': '0.00582', 'NX_10_CV_turn': '0.02300', 'NX_10_Diversity': '0.99102', 'NX_10_Novelty': '5.36146', 'NX_10_ifeat_feat': 0.801}]
[I 240111 09:23:06 loggers:84] Epoch: [45], Info: [{'num_test': 100, 'len_tra': 7.68, 'R_tra': 25.081533462405204, 'ctr': '3.26582', 'CV': '0.00481', 'CV_turn': '0.02474', 'Diversity': '0.88748', 'Novelty': '4.65104', 'ifeat_feat': 0.7825520833333334, 'NX_0_len_tra': 9.15, 'NX_0_R_tra': 25.17764489732683, 'NX_0_ctr': '2.75166', 'NX_0_CV': '0.00557', 'NX_0_CV_turn': '0.02404', 'NX_0_Diversity': '0.99129', 'NX_0_Novelty': '5.16952', 'NX_0_ifeat_feat': 0.8765027322404372, 'NX_10_len_tra': 10.0, 'NX_10_R_tra': 27.06496431455016, 'NX_10_ctr': '2.70650', 'NX_10_CV': '0.00531', 'NX_10_CV_turn': '0.02100', 'NX_10_Diversity': '0.99103', 'NX_10_Novelty': '5.09647', 'NX_10_ifeat_feat': 0.883}]
[I 240111 09:23:53 loggers:84] Epoch: [46], Info: [{'num_test': 100, 'len_tra': 6.41, 'R_tra': 21.520651990175246, 'ctr': '3.35736', 'CV': '0.00481', 'CV_turn': '0.02964', 'Diversity': '0.91344', 'Novelty': '5.06245', 'ifeat_feat': 0.7987519500780031, 'NX_0_len_tra': 5.59, 'NX_0_R_tra': 16.431526387631894, 'NX_0_ctr': '2.93945', 'NX_0_CV': '0.00430', 'NX_0_CV_turn': '0.03041', 'NX_0_Diversity': '0.99069', 'NX_0_Novelty': '5.23919', 'NX_0_ifeat_feat': 0.6994633273703041, 'NX_10_len_tra': 10.0, 'NX_10_R_tra': 26.606174462884663, 'NX_10_ctr': '2.66062', 'NX_10_CV': '0.00455', 'NX_10_CV_turn': '0.01800', 'NX_10_Diversity': '0.99156', 'NX_10_Novelty': '5.29351', 'NX_10_ifeat_feat': 0.756}]
[I 240111 09:24:32 loggers:84] Epoch: [47], Info: [{'num_test': 100, 'len_tra': 5.83, 'R_tra': 18.390264109969138, 'ctr': '3.15442', 'CV': '0.00481', 'CV_turn': '0.03259', 'Diversity': '0.81536', 'Novelty': '6.08518', 'ifeat_feat': 0.8730703259005146, 'NX_0_len_tra': 8.92, 'NX_0_R_tra': 22.243200767487288, 'NX_0_ctr': '2.49363', 'NX_0_CV': '0.00506', 'NX_0_CV_turn': '0.02242', 'NX_0_Diversity': '0.99203', 'NX_0_Novelty': '5.77962', 'NX_0_ifeat_feat': 0.7219730941704036, 'NX_10_len_tra': 10.0, 'NX_10_R_tra': 24.000087409093975, 'NX_10_ctr': '2.40001', 'NX_10_CV': '0.00506', 'NX_10_CV_turn': '0.02000', 'NX_10_Diversity': '0.99263', 'NX_10_Novelty': '5.77370', 'NX_10_ifeat_feat': 0.658}]
[I 240111 09:25:13 loggers:84] Epoch: [48], Info: [{'num_test': 100, 'len_tra': 6.06, 'R_tra': 18.958442061543465, 'ctr': '3.12846', 'CV': '0.00380', 'CV_turn': '0.02475', 'Diversity': '0.77201', 'Novelty': '5.12869', 'ifeat_feat': 0.8844884488448845, 'NX_0_len_tra': 7.81, 'NX_0_R_tra': 19.608693623542784, 'NX_0_ctr': '2.51072', 'NX_0_CV': '0.00455', 'NX_0_CV_turn': '0.02305', 'NX_0_Diversity': '0.99225', 'NX_0_Novelty': '5.66727', 'NX_0_ifeat_feat': 0.8476312419974392, 'NX_10_len_tra': 10.0, 'NX_10_R_tra': 24.15255310550332, 'NX_10_ctr': '2.41526', 'NX_10_CV': '0.00455', 'NX_10_CV_turn': '0.01800', 'NX_10_Diversity': '0.99231', 'NX_10_Novelty': '5.70619', 'NX_10_ifeat_feat': 0.79}]
[I 240111 09:25:48 loggers:84] Epoch: [49], Info: [{'num_test': 100, 'len_tra': 7.59, 'R_tra': 21.54025362536311, 'ctr': '2.83798', 'CV': '0.00481', 'CV_turn': '0.02503', 'Diversity': '0.88351', 'Novelty': '5.59742', 'ifeat_feat': 0.9986824769433466, 'NX_0_len_tra': 8.81, 'NX_0_R_tra': 22.821445758417248, 'NX_0_ctr': '2.59040', 'NX_0_CV': '0.00430', 'NX_0_CV_turn': '0.01930', 'NX_0_Diversity': '0.99224', 'NX_0_Novelty': '6.00980', 'NX_0_ifeat_feat': 0.8898978433598184, 'NX_10_len_tra': 10.0, 'NX_10_R_tra': 26.32404661543667, 'NX_10_ctr': '2.63240', 'NX_10_CV': '0.00405', 'NX_10_CV_turn': '0.01600', 'NX_10_Diversity': '0.99194', 'NX_10_Novelty': '5.91398', 'NX_10_ifeat_feat': 0.85}]
[I 240111 09:26:25 loggers:84] Epoch: [50], Info: [{'num_test': 100, 'len_tra': 7.62, 'R_tra': 25.869010076522827, 'ctr': '3.39488', 'CV': '0.00405', 'CV_turn': '0.02100', 'Diversity': '0.85280', 'Novelty': '5.25077', 'ifeat_feat': 0.9960629921259843, 'NX_0_len_tra': 7.31, 'NX_0_R_tra': 19.595574698485436, 'NX_0_ctr': '2.68065', 'NX_0_CV': '0.00430', 'NX_0_CV_turn': '0.02326', 'NX_0_Diversity': '0.99097', 'NX_0_Novelty': '5.58309', 'NX_0_ifeat_feat': 0.8673050615595075, 'NX_10_len_tra': 10.0, 'NX_10_R_tra': 27.226146578863265, 'NX_10_ctr': '2.72261', 'NX_10_CV': '0.00531', 'NX_10_CV_turn': '0.02100', 'NX_10_Diversity': '0.99024', 'NX_10_Novelty': '5.55037', 'NX_10_ifeat_feat': 0.9}]
[I 240111 09:27:01 loggers:84] Epoch: [51], Info: [{'num_test': 100, 'len_tra': 7.53, 'R_tra': 24.566674140356483, 'ctr': '3.26251', 'CV': '0.00455', 'CV_turn': '0.02390', 'Diversity': '0.83952', 'Novelty': '5.52039', 'ifeat_feat': 0.9203187250996016, 'NX_0_len_tra': 9.38, 'NX_0_R_tra': 29.271432982608676, 'NX_0_ctr': '3.12062', 'NX_0_CV': '0.00430', 'NX_0_CV_turn': '0.01812', 'NX_0_Diversity': '0.99138', 'NX_0_Novelty': '5.95069', 'NX_0_ifeat_feat': 0.896588486140725, 'NX_10_len_tra': 10.0, 'NX_10_R_tra': 30.620785569697617, 'NX_10_ctr': '3.06208', 'NX_10_CV': '0.00633', 'NX_10_CV_turn': '0.02500', 'NX_10_Diversity': '0.99145', 'NX_10_Novelty': '5.98961', 'NX_10_ifeat_feat': 0.895}]
[I 240111 09:27:35 loggers:84] Epoch: [52], Info: [{'num_test': 100, 'len_tra': 7.13, 'R_tra': 24.044759037196638, 'ctr': '3.37234', 'CV': '0.00455', 'CV_turn': '0.02525', 'Diversity': '0.80542', 'Novelty': '5.47643', 'ifeat_feat': 0.9831697054698457, 'NX_0_len_tra': 9.32, 'NX_0_R_tra': 26.366465992107987, 'NX_0_ctr': '2.82902', 'NX_0_CV': '0.00557', 'NX_0_CV_turn': '0.02361', 'NX_0_Diversity': '0.99095', 'NX_0_Novelty': '6.09693', 'NX_0_ifeat_feat': 0.8487124463519313, 'NX_10_len_tra': 10.0, 'NX_10_R_tra': 28.651525670811534, 'NX_10_ctr': '2.86515', 'NX_10_CV': '0.00557', 'NX_10_CV_turn': '0.02200', 'NX_10_Diversity': '0.99113', 'NX_10_Novelty': '5.82816', 'NX_10_ifeat_feat': 0.853}]
[I 240111 09:28:07 loggers:84] Epoch: [53], Info: [{'num_test': 100, 'len_tra': 5.35, 'R_tra': 18.665070070847868, 'ctr': '3.48880', 'CV': '0.00354', 'CV_turn': '0.02617', 'Diversity': '0.78598', 'Novelty': '4.86621', 'ifeat_feat': 0.6485981308411215, 'NX_0_len_tra': 6.65, 'NX_0_R_tra': 21.248122590631247, 'NX_0_ctr': '3.19521', 'NX_0_CV': '0.00557', 'NX_0_CV_turn': '0.03308', 'NX_0_Diversity': '0.98995', 'NX_0_Novelty': '5.13209', 'NX_0_ifeat_feat': 0.8135338345864662, 'NX_10_len_tra': 10.0, 'NX_10_R_tra': 31.589810342118145, 'NX_10_ctr': '3.15898', 'NX_10_CV': '0.00582', 'NX_10_CV_turn': '0.02300', 'NX_10_Diversity': '0.98974', 'NX_10_Novelty': '6.01750', 'NX_10_ifeat_feat': 0.86}]
[I 240111 09:28:40 loggers:84] Epoch: [54], Info: [{'num_test': 100, 'len_tra': 5.98, 'R_tra': 19.23920079946518, 'ctr': '3.21726', 'CV': '0.00380', 'CV_turn': '0.02508', 'Diversity': '0.87153', 'Novelty': '4.81931', 'ifeat_feat': 0.9966555183946488, 'NX_0_len_tra': 6.0, 'NX_0_R_tra': 16.908898886442184, 'NX_0_ctr': '2.81815', 'NX_0_CV': '0.00354', 'NX_0_CV_turn': '0.02333', 'NX_0_Diversity': '0.98994', 'NX_0_Novelty': '5.55701', 'NX_0_ifeat_feat': 0.8883333333333333, 'NX_10_len_tra': 10.0, 'NX_10_R_tra': 28.165932661369443, 'NX_10_ctr': '2.81659', 'NX_10_CV': '0.00531', 'NX_10_CV_turn': '0.02100', 'NX_10_Diversity': '0.99102', 'NX_10_Novelty': '5.81100', 'NX_10_ifeat_feat': 0.865}]
[I 240111 09:29:18 loggers:84] Epoch: [55], Info: [{'num_test': 100, 'len_tra': 7.42, 'R_tra': 23.752359349131584, 'ctr': '3.20113', 'CV': '0.00506', 'CV_turn': '0.02695', 'Diversity': '0.84751', 'Novelty': '5.48473', 'ifeat_feat': 1.0, 'NX_0_len_tra': 7.77, 'NX_0_R_tra': 20.552283470854164, 'NX_0_ctr': '2.64508', 'NX_0_CV': '0.00557', 'NX_0_CV_turn': '0.02831', 'NX_0_Diversity': '0.99155', 'NX_0_Novelty': '5.44314', 'NX_0_ifeat_feat': 0.8172458172458172, 'NX_10_len_tra': 10.0, 'NX_10_R_tra': 25.91215773716569, 'NX_10_ctr': '2.59122', 'NX_10_CV': '0.00607', 'NX_10_CV_turn': '0.02400', 'NX_10_Diversity': '0.99126', 'NX_10_Novelty': '5.44849', 'NX_10_ifeat_feat': 0.848}]
[I 240111 09:29:55 loggers:84] Epoch: [56], Info: [{'num_test': 100, 'len_tra': 2.86, 'R_tra': 9.415503570139409, 'ctr': '3.29213', 'CV': '0.00228', 'CV_turn': '0.03147', 'Diversity': '0.34444', 'Novelty': '4.35172', 'ifeat_feat': 0.9440559440559441, 'NX_0_len_tra': 8.11, 'NX_0_R_tra': 22.502931077852846, 'NX_0_ctr': '2.77471', 'NX_0_CV': '0.00430', 'NX_0_CV_turn': '0.02096', 'NX_0_Diversity': '0.99077', 'NX_0_Novelty': '5.21317', 'NX_0_ifeat_feat': 0.8877928483353884, 'NX_10_len_tra': 10.0, 'NX_10_R_tra': 26.909971418008208, 'NX_10_ctr': '2.69100', 'NX_10_CV': '0.00531', 'NX_10_CV_turn': '0.02100', 'NX_10_Diversity': '0.99082', 'NX_10_Novelty': '5.57257', 'NX_10_ifeat_feat': 0.866}]
[I 240111 09:30:30 loggers:84] Epoch: [57], Info: [{'num_test': 100, 'len_tra': 5.29, 'R_tra': 18.483181857168674, 'ctr': '3.49399', 'CV': '0.00405', 'CV_turn': '0.03025', 'Diversity': '0.79358', 'Novelty': '5.42418', 'ifeat_feat': 0.8412098298676749, 'NX_0_len_tra': 7.6, 'NX_0_R_tra': 22.117456034496428, 'NX_0_ctr': '2.91019', 'NX_0_CV': '0.00455', 'NX_0_CV_turn': '0.02368', 'NX_0_Diversity': '0.99107', 'NX_0_Novelty': '5.39947', 'NX_0_ifeat_feat': 0.8223684210526315, 'NX_10_len_tra': 10.0, 'NX_10_R_tra': 27.102259753346445, 'NX_10_ctr': '2.71023', 'NX_10_CV': '0.00531', 'NX_10_CV_turn': '0.02100', 'NX_10_Diversity': '0.99132', 'NX_10_Novelty': '5.52444', 'NX_10_ifeat_feat': 0.848}]
[I 240111 09:31:03 loggers:84] Epoch: [58], Info: [{'num_test': 100, 'len_tra': 6.88, 'R_tra': 21.70741241902113, 'ctr': '3.15515', 'CV': '0.00405', 'CV_turn': '0.02326', 'Diversity': '0.89480', 'Novelty': '5.69660', 'ifeat_feat': 0.9593023255813954, 'NX_0_len_tra': 6.97, 'NX_0_R_tra': 18.182739410102368, 'NX_0_ctr': '2.60871', 'NX_0_CV': '0.00633', 'NX_0_CV_turn': '0.03587', 'NX_0_Diversity': '0.98784', 'NX_0_Novelty': '5.74297', 'NX_0_ifeat_feat': 0.890961262553802, 'NX_10_len_tra': 10.0, 'NX_10_R_tra': 24.723828142434357, 'NX_10_ctr': '2.47238', 'NX_10_CV': '0.00633', 'NX_10_CV_turn': '0.02500', 'NX_10_Diversity': '0.99107', 'NX_10_Novelty': '5.59955', 'NX_10_ifeat_feat': 0.832}]
[I 240111 09:31:42 loggers:84] Epoch: [59], Info: [{'num_test': 100, 'len_tra': 7.63, 'R_tra': 23.418164242729546, 'ctr': '3.06922', 'CV': '0.00354', 'CV_turn': '0.01835', 'Diversity': '0.89352', 'Novelty': '5.74783', 'ifeat_feat': 0.8859764089121888, 'NX_0_len_tra': 7.97, 'NX_0_R_tra': 24.63666571184993, 'NX_0_ctr': '3.09118', 'NX_0_CV': '0.00506', 'NX_0_CV_turn': '0.02509', 'NX_0_Diversity': '0.99016', 'NX_0_Novelty': '5.65846', 'NX_0_ifeat_feat': 0.9259723964868256, 'NX_10_len_tra': 10.0, 'NX_10_R_tra': 30.312986427694558, 'NX_10_ctr': '3.03130', 'NX_10_CV': '0.00607', 'NX_10_CV_turn': '0.02400', 'NX_10_Diversity': '0.98988', 'NX_10_Novelty': '5.52791', 'NX_10_ifeat_feat': 0.931}]
[I 240111 09:32:22 loggers:84] Epoch: [60], Info: [{'num_test': 100, 'len_tra': 5.44, 'R_tra': 17.50775011099875, 'ctr': '3.21834', 'CV': '0.00380', 'CV_turn': '0.02757', 'Diversity': '0.78956', 'Novelty': '5.96527', 'ifeat_feat': 0.9209558823529411, 'NX_0_len_tra': 8.05, 'NX_0_R_tra': 25.11090860053897, 'NX_0_ctr': '3.11937', 'NX_0_CV': '0.00633', 'NX_0_CV_turn': '0.03106', 'NX_0_Diversity': '0.99048', 'NX_0_Novelty': '5.26162', 'NX_0_ifeat_feat': 0.8546583850931677, 'NX_10_len_tra': 10.0, 'NX_10_R_tra': 30.308599307015538, 'NX_10_ctr': '3.03086', 'NX_10_CV': '0.00784', 'NX_10_CV_turn': '0.03100', 'NX_10_Diversity': '0.99042', 'NX_10_Novelty': '5.23379', 'NX_10_ifeat_feat': 0.842}]
[I 240111 09:32:59 loggers:84] Epoch: [61], Info: [{'num_test': 100, 'len_tra': 6.16, 'R_tra': 20.539941650629043, 'ctr': '3.33441', 'CV': '0.00481', 'CV_turn': '0.03084', 'Diversity': '0.75717', 'Novelty': '4.78120', 'ifeat_feat': 0.9935064935064936, 'NX_0_len_tra': 6.08, 'NX_0_R_tra': 18.800084930211305, 'NX_0_ctr': '3.09212', 'NX_0_CV': '0.00380', 'NX_0_CV_turn': '0.02467', 'NX_0_Diversity': '0.98977', 'NX_0_Novelty': '5.19380', 'NX_0_ifeat_feat': 0.9868421052631579, 'NX_10_len_tra': 10.0, 'NX_10_R_tra': 31.79163241147995, 'NX_10_ctr': '3.17916', 'NX_10_CV': '0.00582', 'NX_10_CV_turn': '0.02300', 'NX_10_Diversity': '0.99044', 'NX_10_Novelty': '5.29358', 'NX_10_ifeat_feat': 0.996}]
[I 240111 09:33:43 loggers:84] Epoch: [62], Info: [{'num_test': 100, 'len_tra': 8.27, 'R_tra': 27.91737305432558, 'ctr': '3.37574', 'CV': '0.00405', 'CV_turn': '0.01935', 'Diversity': '0.89310', 'Novelty': '5.46498', 'ifeat_feat': 0.992744860943168, 'NX_0_len_tra': 7.58, 'NX_0_R_tra': 24.615719946920873, 'NX_0_ctr': '3.24746', 'NX_0_CV': '0.00582', 'NX_0_CV_turn': '0.03034', 'NX_0_Diversity': '0.98999', 'NX_0_Novelty': '5.83909', 'NX_0_ifeat_feat': 0.9023746701846965, 'NX_10_len_tra': 10.0, 'NX_10_R_tra': 30.689572584405543, 'NX_10_ctr': '3.06896', 'NX_10_CV': '0.00709', 'NX_10_CV_turn': '0.02800', 'NX_10_Diversity': '0.99077', 'NX_10_Novelty': '5.92782', 'NX_10_ifeat_feat': 0.892}]
[I 240111 09:34:20 loggers:84] Epoch: [63], Info: [{'num_test': 100, 'len_tra': 5.88, 'R_tra': 19.31251692928374, 'ctr': '3.28444', 'CV': '0.00430', 'CV_turn': '0.02891', 'Diversity': '0.87412', 'Novelty': '5.55250', 'ifeat_feat': 0.9948979591836735, 'NX_0_len_tra': 7.82, 'NX_0_R_tra': 24.68953968167305, 'NX_0_ctr': '3.15723', 'NX_0_CV': '0.00582', 'NX_0_CV_turn': '0.02941', 'NX_0_Diversity': '0.99070', 'NX_0_Novelty': '5.55827', 'NX_0_ifeat_feat': 0.8836317135549873, 'NX_10_len_tra': 10.0, 'NX_10_R_tra': 29.856843275129794, 'NX_10_ctr': '2.98568', 'NX_10_CV': '0.00607', 'NX_10_CV_turn': '0.02400', 'NX_10_Diversity': '0.99137', 'NX_10_Novelty': '5.47301', 'NX_10_ifeat_feat': 0.887}]
[I 240111 09:34:59 loggers:84] Epoch: [64], Info: [{'num_test': 100, 'len_tra': 5.36, 'R_tra': 11.53580401867628, 'ctr': '2.15220', 'CV': '0.00481', 'CV_turn': '0.03545', 'Diversity': '0.83826', 'Novelty': '6.49746', 'ifeat_feat': 0.9813432835820896, 'NX_0_len_tra': 7.67, 'NX_0_R_tra': 21.11902325794101, 'NX_0_ctr': '2.75346', 'NX_0_CV': '0.00531', 'NX_0_CV_turn': '0.02738', 'NX_0_Diversity': '0.99175', 'NX_0_Novelty': '6.20427', 'NX_0_ifeat_feat': 0.8904823989569752, 'NX_10_len_tra': 10.0, 'NX_10_R_tra': 28.684824565201996, 'NX_10_ctr': '2.86848', 'NX_10_CV': '0.00607', 'NX_10_CV_turn': '0.02400', 'NX_10_Diversity': '0.99200', 'NX_10_Novelty': '6.24061', 'NX_10_ifeat_feat': 0.928}]
[I 240111 09:35:36 loggers:84] Epoch: [65], Info: [{'num_test': 100, 'len_tra': 7.79, 'R_tra': 26.338267094492913, 'ctr': '3.38104', 'CV': '0.00481', 'CV_turn': '0.02439', 'Diversity': '0.86207', 'Novelty': '4.92938', 'ifeat_feat': 0.9987163029525032, 'NX_0_len_tra': 9.14, 'NX_0_R_tra': 28.158532258570194, 'NX_0_ctr': '3.08080', 'NX_0_CV': '0.00607', 'NX_0_CV_turn': '0.02626', 'NX_0_Diversity': '0.99114', 'NX_0_Novelty': '5.61451', 'NX_0_ifeat_feat': 0.9431072210065645, 'NX_10_len_tra': 10.0, 'NX_10_R_tra': 30.022387775555252, 'NX_10_ctr': '3.00224', 'NX_10_CV': '0.00633', 'NX_10_CV_turn': '0.02500', 'NX_10_Diversity': '0.99156', 'NX_10_Novelty': '5.53127', 'NX_10_ifeat_feat': 0.889}]
[I 240111 09:36:12 loggers:84] Epoch: [66], Info: [{'num_test': 100, 'len_tra': 2.74, 'R_tra': 7.844867089390755, 'ctr': '2.86309', 'CV': '0.00202', 'CV_turn': '0.02920', 'Diversity': '0.43861', 'Novelty': '6.48222', 'ifeat_feat': 1.0, 'NX_0_len_tra': 8.35, 'NX_0_R_tra': 25.881101220548153, 'NX_0_ctr': '3.09953', 'NX_0_CV': '0.00531', 'NX_0_CV_turn': '0.02515', 'NX_0_Diversity': '0.99102', 'NX_0_Novelty': '5.48487', 'NX_0_ifeat_feat': 0.9640718562874252, 'NX_10_len_tra': 10.0, 'NX_10_R_tra': 29.529088182896377, 'NX_10_ctr': '2.95291', 'NX_10_CV': '0.00633', 'NX_10_CV_turn': '0.02500', 'NX_10_Diversity': '0.99157', 'NX_10_Novelty': '5.63631', 'NX_10_ifeat_feat': 0.911}]
[I 240111 09:37:00 loggers:84] Epoch: [67], Info: [{'num_test': 100, 'len_tra': 7.36, 'R_tra': 21.17291440486908, 'ctr': '2.87675', 'CV': '0.00633', 'CV_turn': '0.03397', 'Diversity': '0.85507', 'Novelty': '5.48474', 'ifeat_feat': 0.8627717391304348, 'NX_0_len_tra': 8.2, 'NX_0_R_tra': 22.632639807015657, 'NX_0_ctr': '2.76008', 'NX_0_CV': '0.00658', 'NX_0_CV_turn': '0.03171', 'NX_0_Diversity': '0.99188', 'NX_0_Novelty': '5.63693', 'NX_0_ifeat_feat': 0.8817073170731707, 'NX_10_len_tra': 10.0, 'NX_10_R_tra': 28.864229147881268, 'NX_10_ctr': '2.88642', 'NX_10_CV': '0.00683', 'NX_10_CV_turn': '0.02700', 'NX_10_Diversity': '0.99146', 'NX_10_Novelty': '5.54307', 'NX_10_ifeat_feat': 0.873}]
[I 240111 09:37:54 loggers:84] Epoch: [68], Info: [{'num_test': 100, 'len_tra': 7.0, 'R_tra': 22.1307605420053, 'ctr': '3.16154', 'CV': '0.00658', 'CV_turn': '0.03714', 'Diversity': '0.83997', 'Novelty': '5.49679', 'ifeat_feat': 0.94, 'NX_0_len_tra': 7.31, 'NX_0_R_tra': 21.59156091183424, 'NX_0_ctr': '2.95370', 'NX_0_CV': '0.00557', 'NX_0_CV_turn': '0.03010', 'NX_0_Diversity': '0.99083', 'NX_0_Novelty': '6.02508', 'NX_0_ifeat_feat': 0.86593707250342, 'NX_10_len_tra': 10.0, 'NX_10_R_tra': 26.962460738420486, 'NX_10_ctr': '2.69625', 'NX_10_CV': '0.00633', 'NX_10_CV_turn': '0.02500', 'NX_10_Diversity': '0.99219', 'NX_10_Novelty': '6.01734', 'NX_10_ifeat_feat': 0.774}]
[I 240111 09:38:55 loggers:84] Epoch: [69], Info: [{'num_test': 100, 'len_tra': 7.86, 'R_tra': 23.033712458014488, 'ctr': '2.93050', 'CV': '0.00531', 'CV_turn': '0.02672', 'Diversity': '0.88894', 'Novelty': '4.83636', 'ifeat_feat': 0.9910941475826972, 'NX_0_len_tra': 7.75, 'NX_0_R_tra': 21.77676815703511, 'NX_0_ctr': '2.80991', 'NX_0_CV': '0.00607', 'NX_0_CV_turn': '0.03097', 'NX_0_Diversity': '0.99171', 'NX_0_Novelty': '5.60736', 'NX_0_ifeat_feat': 0.9329032258064516, 'NX_10_len_tra': 10.0, 'NX_10_R_tra': 28.45558404624462, 'NX_10_ctr': '2.84556', 'NX_10_CV': '0.00633', 'NX_10_CV_turn': '0.02500', 'NX_10_Diversity': '0.99166', 'NX_10_Novelty': '5.36607', 'NX_10_ifeat_feat': 0.903}]
[I 240111 09:40:10 loggers:84] Epoch: [70], Info: [{'num_test': 100, 'len_tra': 7.01, 'R_tra': 23.32273619711399, 'ctr': '3.32707', 'CV': '0.00531', 'CV_turn': '0.02996', 'Diversity': '0.83891', 'Novelty': '5.52181', 'ifeat_feat': 0.985734664764622, 'NX_0_len_tra': 7.91, 'NX_0_R_tra': 23.742818318903446, 'NX_0_ctr': '3.00162', 'NX_0_CV': '0.00557', 'NX_0_CV_turn': '0.02781', 'NX_0_Diversity': '0.99070', 'NX_0_Novelty': '6.10133', 'NX_0_ifeat_feat': 0.8938053097345132, 'NX_10_len_tra': 10.0, 'NX_10_R_tra': 29.408922703564166, 'NX_10_ctr': '2.94089', 'NX_10_CV': '0.00633', 'NX_10_CV_turn': '0.02500', 'NX_10_Diversity': '0.99109', 'NX_10_Novelty': '6.00811', 'NX_10_ifeat_feat': 0.86}]
[I 240111 09:41:26 loggers:84] Epoch: [71], Info: [{'num_test': 100, 'len_tra': 5.22, 'R_tra': 14.73512753367424, 'ctr': '2.82282', 'CV': '0.00481', 'CV_turn': '0.03640', 'Diversity': '0.86777', 'Novelty': '5.50034', 'ifeat_feat': 0.9808429118773946, 'NX_0_len_tra': 8.68, 'NX_0_R_tra': 24.12688065327704, 'NX_0_ctr': '2.77959', 'NX_0_CV': '0.00531', 'NX_0_CV_turn': '0.02419', 'NX_0_Diversity': '0.99114', 'NX_0_Novelty': '6.15845', 'NX_0_ifeat_feat': 0.9193548387096774, 'NX_10_len_tra': 10.0, 'NX_10_R_tra': 27.97276156820357, 'NX_10_ctr': '2.79728', 'NX_10_CV': '0.00607', 'NX_10_CV_turn': '0.02400', 'NX_10_Diversity': '0.99159', 'NX_10_Novelty': '5.99952', 'NX_10_ifeat_feat': 0.862}]
[I 240111 09:42:39 loggers:84] Epoch: [72], Info: [{'num_test': 100, 'len_tra': 7.52, 'R_tra': 23.496278193891047, 'ctr': '3.12451', 'CV': '0.00557', 'CV_turn': '0.02926', 'Diversity': '0.88281', 'Novelty': '5.54615', 'ifeat_feat': 0.9813829787234043, 'NX_0_len_tra': 10.06, 'NX_0_R_tra': 26.66376160223037, 'NX_0_ctr': '2.65047', 'NX_0_CV': '0.00658', 'NX_0_CV_turn': '0.02584', 'NX_0_Diversity': '0.99194', 'NX_0_Novelty': '5.85942', 'NX_0_ifeat_feat': 0.9274353876739563, 'NX_10_len_tra': 10.0, 'NX_10_R_tra': 27.51952252149582, 'NX_10_ctr': '2.75195', 'NX_10_CV': '0.00759', 'NX_10_CV_turn': '0.03000', 'NX_10_Diversity': '0.99208', 'NX_10_Novelty': '5.86788', 'NX_10_ifeat_feat': 0.949}]
[I 240111 09:43:55 loggers:84] Epoch: [73], Info: [{'num_test': 100, 'len_tra': 6.3, 'R_tra': 18.606107037216425, 'ctr': '2.95335', 'CV': '0.00582', 'CV_turn': '0.03651', 'Diversity': '0.80703', 'Novelty': '5.39754', 'ifeat_feat': 0.9507936507936507, 'NX_0_len_tra': 9.8, 'NX_0_R_tra': 24.57037493392825, 'NX_0_ctr': '2.50718', 'NX_0_CV': '0.00633', 'NX_0_CV_turn': '0.02551', 'NX_0_Diversity': '0.99238', 'NX_0_Novelty': '5.92790', 'NX_0_ifeat_feat': 0.823469387755102, 'NX_10_len_tra': 10.0, 'NX_10_R_tra': 24.270821975320576, 'NX_10_ctr': '2.42708', 'NX_10_CV': '0.00607', 'NX_10_CV_turn': '0.02400', 'NX_10_Diversity': '0.99263', 'NX_10_Novelty': '5.81439', 'NX_10_ifeat_feat': 0.813}]
[I 240111 09:45:11 loggers:84] Epoch: [74], Info: [{'num_test': 100, 'len_tra': 6.02, 'R_tra': 16.332360996454955, 'ctr': '2.71302', 'CV': '0.00455', 'CV_turn': '0.02990', 'Diversity': '0.75811', 'Novelty': '5.85802', 'ifeat_feat': 0.9750830564784053, 'NX_0_len_tra': 9.86, 'NX_0_R_tra': 25.368842168301345, 'NX_0_ctr': '2.57290', 'NX_0_CV': '0.00683', 'NX_0_CV_turn': '0.02738', 'NX_0_Diversity': '0.99245', 'NX_0_Novelty': '5.81654', 'NX_0_ifeat_feat': 0.9269776876267748, 'NX_10_len_tra': 10.0, 'NX_10_R_tra': 25.54222747705877, 'NX_10_ctr': '2.55422', 'NX_10_CV': '0.00683', 'NX_10_CV_turn': '0.02700', 'NX_10_Diversity': '0.99251', 'NX_10_Novelty': '5.84976', 'NX_10_ifeat_feat': 0.922}]
[I 240111 09:46:21 loggers:84] Epoch: [75], Info: [{'num_test': 100, 'len_tra': 7.63, 'R_tra': 23.488812077194453, 'ctr': '3.07848', 'CV': '0.00683', 'CV_turn': '0.03539', 'Diversity': '0.91117', 'Novelty': '5.75217', 'ifeat_feat': 0.9947575360419397, 'NX_0_len_tra': 6.97, 'NX_0_R_tra': 20.455048910751938, 'NX_0_ctr': '2.93473', 'NX_0_CV': '0.00810', 'NX_0_CV_turn': '0.04591', 'NX_0_Diversity': '0.99106', 'NX_0_Novelty': '5.61797', 'NX_0_ifeat_feat': 0.9885222381635581, 'NX_10_len_tra': 10.0, 'NX_10_R_tra': 28.131179427504538, 'NX_10_ctr': '2.81312', 'NX_10_CV': '0.00810', 'NX_10_CV_turn': '0.03200', 'NX_10_Diversity': '0.99090', 'NX_10_Novelty': '5.67450', 'NX_10_ifeat_feat': 0.963}]
[I 240111 09:47:34 loggers:84] Epoch: [76], Info: [{'num_test': 100, 'len_tra': 6.23, 'R_tra': 16.77078675493598, 'ctr': '2.69194', 'CV': '0.00557', 'CV_turn': '0.03531', 'Diversity': '0.82457', 'Novelty': '5.88782', 'ifeat_feat': 0.9887640449438202, 'NX_0_len_tra': 8.51, 'NX_0_R_tra': 21.588270527273416, 'NX_0_ctr': '2.53681', 'NX_0_CV': '0.00784', 'NX_0_CV_turn': '0.03643', 'NX_0_Diversity': '0.99146', 'NX_0_Novelty': '5.89799', 'NX_0_ifeat_feat': 0.9142185663924794, 'NX_10_len_tra': 10.0, 'NX_10_R_tra': 24.193962166979908, 'NX_10_ctr': '2.41940', 'NX_10_CV': '0.00810', 'NX_10_CV_turn': '0.03200', 'NX_10_Diversity': '0.99238', 'NX_10_Novelty': '5.98656', 'NX_10_ifeat_feat': 0.863}]
[I 240111 09:48:49 loggers:84] Epoch: [77], Info: [{'num_test': 100, 'len_tra': 8.09, 'R_tra': 25.049930918216706, 'ctr': '3.09641', 'CV': '0.00481', 'CV_turn': '0.02349', 'Diversity': '0.90353', 'Novelty': '5.36272', 'ifeat_feat': 0.9419035846724351, 'NX_0_len_tra': 8.06, 'NX_0_R_tra': 18.89288452383131, 'NX_0_ctr': '2.34403', 'NX_0_CV': '0.00658', 'NX_0_CV_turn': '0.03226', 'NX_0_Diversity': '0.99269', 'NX_0_Novelty': '5.87965', 'NX_0_ifeat_feat': 0.8014888337468983, 'NX_10_len_tra': 10.0, 'NX_10_R_tra': 24.427925257459282, 'NX_10_ctr': '2.44279', 'NX_10_CV': '0.00810', 'NX_10_CV_turn': '0.03200', 'NX_10_Diversity': '0.99258', 'NX_10_Novelty': '5.92192', 'NX_10_ifeat_feat': 0.83}]
[I 240111 09:50:05 loggers:84] Epoch: [78], Info: [{'num_test': 100, 'len_tra': 7.7, 'R_tra': 22.14024305254221, 'ctr': '2.87536', 'CV': '0.00557', 'CV_turn': '0.02857', 'Diversity': '0.90379', 'Novelty': '4.74578', 'ifeat_feat': 0.9974025974025974, 'NX_0_len_tra': 7.08, 'NX_0_R_tra': 18.108477913439273, 'NX_0_ctr': '2.55769', 'NX_0_CV': '0.00734', 'NX_0_CV_turn': '0.04096', 'NX_0_Diversity': '0.99221', 'NX_0_Novelty': '5.10069', 'NX_0_ifeat_feat': 0.9336158192090396, 'NX_10_len_tra': 10.0, 'NX_10_R_tra': 23.26904401384294, 'NX_10_ctr': '2.32690', 'NX_10_CV': '0.00835', 'NX_10_CV_turn': '0.03300', 'NX_10_Diversity': '0.99234', 'NX_10_Novelty': '5.56993', 'NX_10_ifeat_feat': 0.855}]
[I 240111 09:51:17 loggers:84] Epoch: [79], Info: [{'num_test': 100, 'len_tra': 7.53, 'R_tra': 21.384593343734743, 'ctr': '2.83992', 'CV': '0.00633', 'CV_turn': '0.03320', 'Diversity': '0.89466', 'Novelty': '4.89335', 'ifeat_feat': 0.9933598937583001, 'NX_0_len_tra': 9.03, 'NX_0_R_tra': 23.095086364895106, 'NX_0_ctr': '2.55760', 'NX_0_CV': '0.00734', 'NX_0_CV_turn': '0.03212', 'NX_0_Diversity': '0.99174', 'NX_0_Novelty': '5.56131', 'NX_0_ifeat_feat': 0.9357696566998892, 'NX_10_len_tra': 10.0, 'NX_10_R_tra': 25.634610494226216, 'NX_10_ctr': '2.56346', 'NX_10_CV': '0.00810', 'NX_10_CV_turn': '0.03200', 'NX_10_Diversity': '0.99237', 'NX_10_Novelty': '5.66358', 'NX_10_ifeat_feat': 0.946}]
[I 240111 09:52:32 loggers:84] Epoch: [80], Info: [{'num_test': 100, 'len_tra': 7.83, 'R_tra': 24.503690044879914, 'ctr': '3.12946', 'CV': '0.00784', 'CV_turn': '0.03959', 'Diversity': '0.88849', 'Novelty': '4.99039', 'ifeat_feat': 0.9757343550446999, 'NX_0_len_tra': 8.7, 'NX_0_R_tra': 22.13643311858177, 'NX_0_ctr': '2.54442', 'NX_0_CV': '0.00531', 'NX_0_CV_turn': '0.02414', 'NX_0_Diversity': '0.99292', 'NX_0_Novelty': '5.75556', 'NX_0_ifeat_feat': 0.9862068965517241, 'NX_10_len_tra': 10.0, 'NX_10_R_tra': 24.82584244683385, 'NX_10_ctr': '2.48258', 'NX_10_CV': '0.00759', 'NX_10_CV_turn': '0.03000', 'NX_10_Diversity': '0.99268', 'NX_10_Novelty': '5.74365', 'NX_10_ifeat_feat': 0.957}]
[I 240111 09:53:45 loggers:84] Epoch: [81], Info: [{'num_test': 100, 'len_tra': 7.93, 'R_tra': 23.806891493797302, 'ctr': '3.00213', 'CV': '0.00582', 'CV_turn': '0.02900', 'Diversity': '0.88239', 'Novelty': '4.92583', 'ifeat_feat': 0.9508196721311475, 'NX_0_len_tra': 8.82, 'NX_0_R_tra': 22.074696635752915, 'NX_0_ctr': '2.50280', 'NX_0_CV': '0.00658', 'NX_0_CV_turn': '0.02948', 'NX_0_Diversity': '0.99246', 'NX_0_Novelty': '6.05803', 'NX_0_ifeat_feat': 0.8639455782312925, 'NX_10_len_tra': 10.0, 'NX_10_R_tra': 24.41774926289916, 'NX_10_ctr': '2.44177', 'NX_10_CV': '0.00784', 'NX_10_CV_turn': '0.03100', 'NX_10_Diversity': '0.99246', 'NX_10_Novelty': '6.18675', 'NX_10_ifeat_feat': 0.879}]
[I 240111 09:54:56 loggers:84] Epoch: [82], Info: [{'num_test': 100, 'len_tra': 7.65, 'R_tra': 23.403805723488333, 'ctr': '3.05932', 'CV': '0.00759', 'CV_turn': '0.03922', 'Diversity': '0.86545', 'Novelty': '5.09846', 'ifeat_feat': 0.9790849673202614, 'NX_0_len_tra': 8.43, 'NX_0_R_tra': 21.787805290222167, 'NX_0_ctr': '2.58456', 'NX_0_CV': '0.00759', 'NX_0_CV_turn': '0.03559', 'NX_0_Diversity': '0.99163', 'NX_0_Novelty': '6.18541', 'NX_0_ifeat_feat': 0.8944246737841044, 'NX_10_len_tra': 10.0, 'NX_10_R_tra': 25.652564164325597, 'NX_10_ctr': '2.56526', 'NX_10_CV': '0.00810', 'NX_10_CV_turn': '0.03200', 'NX_10_Diversity': '0.99179', 'NX_10_Novelty': '6.43851', 'NX_10_ifeat_feat': 0.867}]
[I 240111 09:56:08 loggers:84] Epoch: [83], Info: [{'num_test': 100, 'len_tra': 7.86, 'R_tra': 22.781217650175094, 'ctr': '2.89837', 'CV': '0.00734', 'CV_turn': '0.03690', 'Diversity': '0.91563', 'Novelty': '5.31261', 'ifeat_feat': 0.8651399491094147, 'NX_0_len_tra': 9.35, 'NX_0_R_tra': 23.59823432125151, 'NX_0_ctr': '2.52388', 'NX_0_CV': '0.01088', 'NX_0_CV_turn': '0.04599', 'NX_0_Diversity': '0.99251', 'NX_0_Novelty': '5.80561', 'NX_0_ifeat_feat': 0.7379679144385026, 'NX_10_len_tra': 10.0, 'NX_10_R_tra': 24.760258257091046, 'NX_10_ctr': '2.47603', 'NX_10_CV': '0.01063', 'NX_10_CV_turn': '0.04200', 'NX_10_Diversity': '0.99256', 'NX_10_Novelty': '5.95653', 'NX_10_ifeat_feat': 0.713}]
[I 240111 09:57:21 loggers:84] Epoch: [84], Info: [{'num_test': 100, 'len_tra': 7.65, 'R_tra': 21.636207635365427, 'ctr': '2.82826', 'CV': '0.00582', 'CV_turn': '0.03007', 'Diversity': '0.89294', 'Novelty': '5.62259', 'ifeat_feat': 0.8627450980392157, 'NX_0_len_tra': 10.37, 'NX_0_R_tra': 24.552129855528474, 'NX_0_ctr': '2.36761', 'NX_0_CV': '0.00784', 'NX_0_CV_turn': '0.02989', 'NX_0_Diversity': '0.99301', 'NX_0_Novelty': '6.15556', 'NX_0_ifeat_feat': 0.6885245901639344, 'NX_10_len_tra': 10.0, 'NX_10_R_tra': 22.96754737764597, 'NX_10_ctr': '2.29675', 'NX_10_CV': '0.00759', 'NX_10_CV_turn': '0.03000', 'NX_10_Diversity': '0.99300', 'NX_10_Novelty': '6.24362', 'NX_10_ifeat_feat': 0.705}]
[I 240111 09:58:33 loggers:84] Epoch: [85], Info: [{'num_test': 100, 'len_tra': 7.73, 'R_tra': 24.385542396493257, 'ctr': '3.15466', 'CV': '0.00455', 'CV_turn': '0.02329', 'Diversity': '0.84793', 'Novelty': '4.94027', 'ifeat_feat': 0.9909443725743855, 'NX_0_len_tra': 10.2, 'NX_0_R_tra': 25.126382954493167, 'NX_0_ctr': '2.46337', 'NX_0_CV': '0.00734', 'NX_0_CV_turn': '0.02843', 'NX_0_Diversity': '0.99285', 'NX_0_Novelty': '5.84777', 'NX_0_ifeat_feat': 0.7549019607843137, 'NX_10_len_tra': 10.0, 'NX_10_R_tra': 25.351405072510243, 'NX_10_ctr': '2.53514', 'NX_10_CV': '0.00709', 'NX_10_CV_turn': '0.02800', 'NX_10_Diversity': '0.99289', 'NX_10_Novelty': '5.75438', 'NX_10_ifeat_feat': 0.773}]
[I 240111 09:59:48 loggers:84] Epoch: [86], Info: [{'num_test': 100, 'len_tra': 7.31, 'R_tra': 21.60126191727817, 'ctr': '2.95503', 'CV': '0.00607', 'CV_turn': '0.03283', 'Diversity': '0.85383', 'Novelty': '5.85931', 'ifeat_feat': 0.8741450068399452, 'NX_0_len_tra': 8.67, 'NX_0_R_tra': 21.30114902615547, 'NX_0_ctr': '2.45688', 'NX_0_CV': '0.00683', 'NX_0_CV_turn': '0.03114', 'NX_0_Diversity': '0.99253', 'NX_0_Novelty': '6.03901', 'NX_0_ifeat_feat': 0.8362168396770473, 'NX_10_len_tra': 10.0, 'NX_10_R_tra': 25.101207786798476, 'NX_10_ctr': '2.51012', 'NX_10_CV': '0.00683', 'NX_10_CV_turn': '0.02700', 'NX_10_Diversity': '0.99248', 'NX_10_Novelty': '6.42002', 'NX_10_ifeat_feat': 0.812}]
[I 240111 10:01:03 loggers:84] Epoch: [87], Info: [{'num_test': 100, 'len_tra': 8.15, 'R_tra': 23.082824823111295, 'ctr': '2.83225', 'CV': '0.00810', 'CV_turn': '0.03926', 'Diversity': '0.87367', 'Novelty': '5.70604', 'ifeat_feat': 0.9901840490797545, 'NX_0_len_tra': 8.36, 'NX_0_R_tra': 20.78684952735901, 'NX_0_ctr': '2.48647', 'NX_0_CV': '0.00759', 'NX_0_CV_turn': '0.03589', 'NX_0_Diversity': '0.99235', 'NX_0_Novelty': '6.05003', 'NX_0_ifeat_feat': 0.9186602870813397, 'NX_10_len_tra': 10.0, 'NX_10_R_tra': 24.246387167871, 'NX_10_ctr': '2.42464', 'NX_10_CV': '0.00810', 'NX_10_CV_turn': '0.03200', 'NX_10_Diversity': '0.99233', 'NX_10_Novelty': '6.14779', 'NX_10_ifeat_feat': 0.892}]
[I 240111 10:02:19 loggers:84] Epoch: [88], Info: [{'num_test': 100, 'len_tra': 6.35, 'R_tra': 18.478425390422345, 'ctr': '2.90999', 'CV': '0.00633', 'CV_turn': '0.03937', 'Diversity': '0.80161', 'Novelty': '5.54933', 'ifeat_feat': 0.9244094488188976, 'NX_0_len_tra': 7.32, 'NX_0_R_tra': 19.540854317583143, 'NX_0_ctr': '2.66952', 'NX_0_CV': '0.00709', 'NX_0_CV_turn': '0.03825', 'NX_0_Diversity': '0.99136', 'NX_0_Novelty': '5.36893', 'NX_0_ifeat_feat': 0.8442622950819673, 'NX_10_len_tra': 10.0, 'NX_10_R_tra': 26.18712692730129, 'NX_10_ctr': '2.61871', 'NX_10_CV': '0.00759', 'NX_10_CV_turn': '0.03000', 'NX_10_Diversity': '0.99205', 'NX_10_Novelty': '5.59750', 'NX_10_ifeat_feat': 0.798}]
[I 240111 10:03:40 loggers:84] Epoch: [89], Info: [{'num_test': 100, 'len_tra': 7.68, 'R_tra': 22.713666228502987, 'ctr': '2.95751', 'CV': '0.00835', 'CV_turn': '0.04297', 'Diversity': '0.83231', 'Novelty': '5.20263', 'ifeat_feat': 0.9505208333333334, 'NX_0_len_tra': 9.83, 'NX_0_R_tra': 22.056141141951084, 'NX_0_ctr': '2.24376', 'NX_0_CV': '0.00810', 'NX_0_CV_turn': '0.03255', 'NX_0_Diversity': '0.99265', 'NX_0_Novelty': '5.79070', 'NX_0_ifeat_feat': 0.8413021363173957, 'NX_10_len_tra': 10.0, 'NX_10_R_tra': 22.06952037744224, 'NX_10_ctr': '2.20695', 'NX_10_CV': '0.00886', 'NX_10_CV_turn': '0.03500', 'NX_10_Diversity': '0.99283', 'NX_10_Novelty': '5.83603', 'NX_10_ifeat_feat': 0.759}]
[I 240111 10:05:01 loggers:84] Epoch: [90], Info: [{'num_test': 100, 'len_tra': 8.35, 'R_tra': 24.249770320355893, 'ctr': '2.90416', 'CV': '0.00683', 'CV_turn': '0.03234', 'Diversity': '0.91702', 'Novelty': '5.37342', 'ifeat_feat': 0.9269461077844311, 'NX_0_len_tra': 8.85, 'NX_0_R_tra': 22.15788316190243, 'NX_0_ctr': '2.50372', 'NX_0_CV': '0.00734', 'NX_0_CV_turn': '0.03277', 'NX_0_Diversity': '0.99207', 'NX_0_Novelty': '5.89719', 'NX_0_ifeat_feat': 0.8440677966101695, 'NX_10_len_tra': 10.0, 'NX_10_R_tra': 24.663003802970053, 'NX_10_ctr': '2.46630', 'NX_10_CV': '0.00759', 'NX_10_CV_turn': '0.03000', 'NX_10_Diversity': '0.99235', 'NX_10_Novelty': '6.06768', 'NX_10_ifeat_feat': 0.777}]
[I 240111 10:06:21 loggers:84] Epoch: [91], Info: [{'num_test': 100, 'len_tra': 7.55, 'R_tra': 21.44004759222269, 'ctr': '2.83974', 'CV': '0.00683', 'CV_turn': '0.03576', 'Diversity': '0.89069', 'Novelty': '5.70933', 'ifeat_feat': 0.9403973509933775, 'NX_0_len_tra': 7.39, 'NX_0_R_tra': 18.80186019539833, 'NX_0_ctr': '2.54423', 'NX_0_CV': '0.00734', 'NX_0_CV_turn': '0.03924', 'NX_0_Diversity': '0.99184', 'NX_0_Novelty': '5.74517', 'NX_0_ifeat_feat': 0.7794316644113667, 'NX_10_len_tra': 10.0, 'NX_10_R_tra': 26.48989877693355, 'NX_10_ctr': '2.64899', 'NX_10_CV': '0.00784', 'NX_10_CV_turn': '0.03100', 'NX_10_Diversity': '0.99109', 'NX_10_Novelty': '5.82179', 'NX_10_ifeat_feat': 0.743}]
[I 240111 10:07:42 loggers:84] Epoch: [92], Info: [{'num_test': 100, 'len_tra': 7.35, 'R_tra': 21.347936049997806, 'ctr': '2.90448', 'CV': '0.00455', 'CV_turn': '0.02449', 'Diversity': '0.88698', 'Novelty': '5.15938', 'ifeat_feat': 0.9537414965986395, 'NX_0_len_tra': 8.02, 'NX_0_R_tra': 20.3671013019979, 'NX_0_ctr': '2.53954', 'NX_0_CV': '0.00734', 'NX_0_CV_turn': '0.03616', 'NX_0_Diversity': '0.99186', 'NX_0_Novelty': '5.87364', 'NX_0_ifeat_feat': 0.7394014962593516, 'NX_10_len_tra': 10.0, 'NX_10_R_tra': 25.292041623741387, 'NX_10_ctr': '2.52920', 'NX_10_CV': '0.00784', 'NX_10_CV_turn': '0.03100', 'NX_10_Diversity': '0.99213', 'NX_10_Novelty': '5.97945', 'NX_10_ifeat_feat': 0.71}]
[I 240111 10:09:03 loggers:84] Epoch: [93], Info: [{'num_test': 100, 'len_tra': 7.67, 'R_tra': 22.120208106637, 'ctr': '2.88399', 'CV': '0.00683', 'CV_turn': '0.03520', 'Diversity': '0.87677', 'Novelty': '4.95223', 'ifeat_feat': 0.9947848761408083, 'NX_0_len_tra': 7.64, 'NX_0_R_tra': 20.189784032329918, 'NX_0_ctr': '2.64264', 'NX_0_CV': '0.00810', 'NX_0_CV_turn': '0.04188', 'NX_0_Diversity': '0.99194', 'NX_0_Novelty': '5.38975', 'NX_0_ifeat_feat': 0.9633507853403142, 'NX_10_len_tra': 10.0, 'NX_10_R_tra': 25.10688849315047, 'NX_10_ctr': '2.51069', 'NX_10_CV': '0.00886', 'NX_10_CV_turn': '0.03500', 'NX_10_Diversity': '0.99226', 'NX_10_Novelty': '5.72943', 'NX_10_ifeat_feat': 0.929}]
[I 240111 10:10:26 loggers:84] Epoch: [94], Info: [{'num_test': 100, 'len_tra': 7.64, 'R_tra': 22.77183771125972, 'ctr': '2.98061', 'CV': '0.00582', 'CV_turn': '0.03010', 'Diversity': '0.90451', 'Novelty': '5.79925', 'ifeat_feat': 0.9829842931937173, 'NX_0_len_tra': 10.39, 'NX_0_R_tra': 27.452443385422228, 'NX_0_ctr': '2.64220', 'NX_0_CV': '0.00784', 'NX_0_CV_turn': '0.02984', 'NX_0_Diversity': '0.99213', 'NX_0_Novelty': '6.16434', 'NX_0_ifeat_feat': 0.861405197305101, 'NX_10_len_tra': 10.0, 'NX_10_R_tra': 26.579972686991095, 'NX_10_ctr': '2.65800', 'NX_10_CV': '0.00835', 'NX_10_CV_turn': '0.03300', 'NX_10_Diversity': '0.99268', 'NX_10_Novelty': '6.29494', 'NX_10_ifeat_feat': 0.839}]
[I 240111 10:11:49 loggers:84] Epoch: [95], Info: [{'num_test': 100, 'len_tra': 6.94, 'R_tra': 22.051680926978587, 'ctr': '3.17748', 'CV': '0.00531', 'CV_turn': '0.03026', 'Diversity': '0.89435', 'Novelty': '5.09269', 'ifeat_feat': 0.9913544668587896, 'NX_0_len_tra': 10.27, 'NX_0_R_tra': 27.30979097381234, 'NX_0_ctr': '2.65918', 'NX_0_CV': '0.00759', 'NX_0_CV_turn': '0.02921', 'NX_0_Diversity': '0.99216', 'NX_0_Novelty': '6.14962', 'NX_0_ifeat_feat': 0.8938656280428432, 'NX_10_len_tra': 10.0, 'NX_10_R_tra': 26.190728684142233, 'NX_10_ctr': '2.61907', 'NX_10_CV': '0.00759', 'NX_10_CV_turn': '0.03000', 'NX_10_Diversity': '0.99280', 'NX_10_Novelty': '6.21350', 'NX_10_ifeat_feat': 0.886}]
[I 240111 10:13:12 loggers:84] Epoch: [96], Info: [{'num_test': 100, 'len_tra': 7.58, 'R_tra': 21.640139328837396, 'ctr': '2.85490', 'CV': '0.00582', 'CV_turn': '0.03034', 'Diversity': '0.89996', 'Novelty': '5.50765', 'ifeat_feat': 0.9366754617414248, 'NX_0_len_tra': 10.27, 'NX_0_R_tra': 25.545896426029504, 'NX_0_ctr': '2.48743', 'NX_0_CV': '0.00810', 'NX_0_CV_turn': '0.03116', 'NX_0_Diversity': '0.99238', 'NX_0_Novelty': '6.10881', 'NX_0_ifeat_feat': 0.8461538461538461, 'NX_10_len_tra': 10.0, 'NX_10_R_tra': 25.431944861710072, 'NX_10_ctr': '2.54319', 'NX_10_CV': '0.00936', 'NX_10_CV_turn': '0.03700', 'NX_10_Diversity': '0.99242', 'NX_10_Novelty': '6.22324', 'NX_10_ifeat_feat': 0.856}]
[I 240111 10:14:36 loggers:84] Epoch: [97], Info: [{'num_test': 100, 'len_tra': 5.96, 'R_tra': 17.17425694733858, 'ctr': '2.88159', 'CV': '0.00607', 'CV_turn': '0.04027', 'Diversity': '0.95068', 'Novelty': '5.89736', 'ifeat_feat': 0.9966442953020134, 'NX_0_len_tra': 7.33, 'NX_0_R_tra': 19.032569999545814, 'NX_0_ctr': '2.59653', 'NX_0_CV': '0.00936', 'NX_0_CV_turn': '0.05048', 'NX_0_Diversity': '0.99148', 'NX_0_Novelty': '5.86609', 'NX_0_ifeat_feat': 0.9099590723055935, 'NX_10_len_tra': 10.0, 'NX_10_R_tra': 26.50153213992715, 'NX_10_ctr': '2.65015', 'NX_10_CV': '0.01012', 'NX_10_CV_turn': '0.04000', 'NX_10_Diversity': '0.99180', 'NX_10_Novelty': '5.88023', 'NX_10_ifeat_feat': 0.885}]
[I 240111 10:15:59 loggers:84] Epoch: [98], Info: [{'num_test': 100, 'len_tra': 7.21, 'R_tra': 21.837825873196124, 'ctr': '3.02882', 'CV': '0.00709', 'CV_turn': '0.03883', 'Diversity': '0.91548', 'Novelty': '5.44388', 'ifeat_feat': 0.9972260748959778, 'NX_0_len_tra': 8.51, 'NX_0_R_tra': 22.739934114068745, 'NX_0_ctr': '2.67214', 'NX_0_CV': '0.00860', 'NX_0_CV_turn': '0.03995', 'NX_0_Diversity': '0.99162', 'NX_0_Novelty': '5.73846', 'NX_0_ifeat_feat': 0.8401880141010576, 'NX_10_len_tra': 10.0, 'NX_10_R_tra': 27.223745768815277, 'NX_10_ctr': '2.72237', 'NX_10_CV': '0.00835', 'NX_10_CV_turn': '0.03300', 'NX_10_Diversity': '0.99177', 'NX_10_Novelty': '5.96098', 'NX_10_ifeat_feat': 0.881}]
[I 240111 10:17:22 loggers:84] Epoch: [99], Info: [{'num_test': 100, 'len_tra': 7.13, 'R_tra': 20.832760329693556, 'ctr': '2.92185', 'CV': '0.00633', 'CV_turn': '0.03506', 'Diversity': '0.86178', 'Novelty': '5.83133', 'ifeat_feat': 0.9453015427769986, 'NX_0_len_tra': 8.69, 'NX_0_R_tra': 22.717532771155238, 'NX_0_ctr': '2.61422', 'NX_0_CV': '0.00784', 'NX_0_CV_turn': '0.03567', 'NX_0_Diversity': '0.99214', 'NX_0_Novelty': '6.11045', 'NX_0_ifeat_feat': 0.856156501726122, 'NX_10_len_tra': 10.0, 'NX_10_R_tra': 26.47397585272789, 'NX_10_ctr': '2.64740', 'NX_10_CV': '0.00759', 'NX_10_CV_turn': '0.03000', 'NX_10_Diversity': '0.99196', 'NX_10_Novelty': '6.30852', 'NX_10_ifeat_feat': 0.869}]
[I 240111 10:18:45 loggers:84] Epoch: [100], Info: [{'num_test': 100, 'len_tra': 7.49, 'R_tra': 21.66838673606515, 'ctr': '2.89298', 'CV': '0.00734', 'CV_turn': '0.03872', 'Diversity': '0.86991', 'Novelty': '5.28826', 'ifeat_feat': 0.9546061415220294, 'NX_0_len_tra': 8.54, 'NX_0_R_tra': 19.8837816593796, 'NX_0_ctr': '2.32831', 'NX_0_CV': '0.00784', 'NX_0_CV_turn': '0.03630', 'NX_0_Diversity': '0.99256', 'NX_0_Novelty': '5.63789', 'NX_0_ifeat_feat': 0.8676814988290398, 'NX_10_len_tra': 10.0, 'NX_10_R_tra': 24.09040021687746, 'NX_10_ctr': '2.40904', 'NX_10_CV': '0.00860', 'NX_10_CV_turn': '0.03400', 'NX_10_Diversity': '0.99255', 'NX_10_Novelty': '5.93873', 'NX_10_ifeat_feat': 0.869}]
[I 240111 10:18:45 policy_utils:407] {'duration': '5590.30s', 'train_time/model': '5149.21s', 'test_step': 54553, 'test_episode': 10100, 'test_time': '81.69s', 'test_speed': '667.84 step/s', 'best_reward': 27.91737305432558, 'best_result': '27.92  5.85', 'train_step': 300000, 'train_episode': 65319, 'train_time/collector': '359.41s', 'train_speed': '54.46 step/s'}
