[I 240110 17:36:54 policy_utils:158] {
      "env": "MovieLensEnv-v0",
      "user_model_name": "DeepFM",
      "seed": 2023,
      "cuda": 3,
      "remove_recommended_ids": false,
      "draw_bar": false,
      "is_userinfo": true,
      "is_all_item_ranking": false,
      "cpu": false,
      "is_save": false,
      "use_userEmbedding": false,
      "use_pretrained_embedding": true,
      "exploration_noise": false,
      "explore_eps": 0.01,
      "need_state_norm": false,
      "freeze_emb": false,
      "reward_handle": "cat",
      "which_tracker": "avg",
      "embedding_dim": 32,
      "window_size": 3,
      "random_init": true,
      "filter_sizes": [
        2,
        3,
        4
      ],
      "num_filters": 16,
      "dropout_rate": 0.1,
      "num_heads": 1,
      "dilations": "[1, 2, 1, 2, 1, 2]",
      "buffer_size": 100000,
      "lr": 0.001,
      "epoch": 100,
      "batch_size": 1024,
      "hidden_sizes": [
        64,
        64
      ],
      "episode_per_collect": 100,
      "n_step": 3,
      "update_per_step": 0.125,
      "training_num": 100,
      "test_num": 100,
      "render": 0,
      "reward_threshold": null,
      "gamma": 0.9,
      "step_per_epoch": 100000,
      "step_per_collect": 100,
      "repeat_per_collect": 1,
      "logdir": "log",
      "read_message": "pointneg3",
      "all_item_ranking": false,
      "is_binarize": true,
      "need_transform": true,
      "use_auxiliary": true,
      "entropy_window": [
        1,
        2
      ],
      "rating_threshold": 4,
      "yfeat": "rating",
      "leave_threshold": 75.0,
      "num_leave_compute": 7,
      "max_turn": 30,
      "force_length": 10,
      "top_rate": 0.8,
      "model_name": "PPO",
      "vf_coef": 0.5,
      "ent_coef": 0.0,
      "eps_clip": 0.2,
      "max_grad_norm": 0.5,
      "gae_lambda": 0.95,
      "rew_norm": false,
      "norm_adv": true,
      "recompute_adv": false,
      "dual_clip": null,
      "value_clip": false,
      "message": "DiscretePPO-75-7",
      "hostname": "server3"
    }
[I 240110 17:51:00 loggers:84] Epoch: [1], Info: [{'num_test': 100, 'len_tra': 2.0, 'R_tra': 8.770990743637086, 'ctr': '4.38550', 'CV': '0.00025', 'CV_turn': '0.00500', 'Diversity': '0.00000', 'Novelty': '3.32626', 'ifeat_feat': 1.0, 'NX_0_len_tra': 14.0, 'NX_0_R_tra': 32.34151059743017, 'NX_0_ctr': '2.31011', 'NX_0_CV': '0.00354', 'NX_0_CV_turn': '0.01000', 'NX_0_Diversity': '0.99281', 'NX_0_Novelty': '6.47646', 'NX_0_ifeat_feat': 0.7857142857142857, 'NX_10_len_tra': 10.0, 'NX_10_R_tra': 21.014324748665093, 'NX_10_ctr': '2.10143', 'NX_10_CV': '0.00253', 'NX_10_CV_turn': '0.01000', 'NX_10_Diversity': '0.99330', 'NX_10_Novelty': '6.66045', 'NX_10_ifeat_feat': 0.8}]
[I 240110 18:02:49 loggers:84] Epoch: [2], Info: [{'num_test': 100, 'len_tra': 2.02, 'R_tra': 9.003649084568023, 'ctr': '4.45725', 'CV': '0.00051', 'CV_turn': '0.00990', 'Diversity': '0.01320', 'Novelty': '3.36213', 'ifeat_feat': 1.0, 'NX_0_len_tra': 30.0, 'NX_0_R_tra': 56.72942727215588, 'NX_0_ctr': '1.89098', 'NX_0_CV': '0.00759', 'NX_0_CV_turn': '0.01000', 'NX_0_Diversity': '0.99319', 'NX_0_Novelty': '6.56430', 'NX_0_ifeat_feat': 0.7666666666666667, 'NX_10_len_tra': 10.0, 'NX_10_R_tra': 20.527653627693653, 'NX_10_ctr': '2.05277', 'NX_10_CV': '0.00253', 'NX_10_CV_turn': '0.01000', 'NX_10_Diversity': '0.99383', 'NX_10_Novelty': '6.61392', 'NX_10_ifeat_feat': 0.9}]
[I 240110 18:14:31 loggers:84] Epoch: [3], Info: [{'num_test': 100, 'len_tra': 2.0, 'R_tra': 8.685355749130249, 'ctr': '4.34268', 'CV': '0.00025', 'CV_turn': '0.00500', 'Diversity': '0.00000', 'Novelty': '3.32626', 'ifeat_feat': 1.0, 'NX_0_len_tra': 27.99, 'NX_0_R_tra': 52.732411443293095, 'NX_0_ctr': '1.88397', 'NX_0_CV': '0.00759', 'NX_0_CV_turn': '0.01072', 'NX_0_Diversity': '0.99313', 'NX_0_Novelty': '6.76268', 'NX_0_ifeat_feat': 0.7495534119328332, 'NX_10_len_tra': 10.0, 'NX_10_R_tra': 20.751273401379585, 'NX_10_ctr': '2.07513', 'NX_10_CV': '0.00253', 'NX_10_CV_turn': '0.01000', 'NX_10_Diversity': '0.99340', 'NX_10_Novelty': '6.16174', 'NX_10_ifeat_feat': 0.9}]
[I 240110 18:26:15 loggers:84] Epoch: [4], Info: [{'num_test': 100, 'len_tra': 2.0, 'R_tra': 8.790159850120544, 'ctr': '4.39508', 'CV': '0.00025', 'CV_turn': '0.00500', 'Diversity': '0.00000', 'Novelty': '3.32626', 'ifeat_feat': 1.0, 'NX_0_len_tra': 30.0, 'NX_0_R_tra': 54.12631502833217, 'NX_0_ctr': '1.80421', 'NX_0_CV': '0.00759', 'NX_0_CV_turn': '0.01000', 'NX_0_Diversity': '0.99331', 'NX_0_Novelty': '6.62826', 'NX_0_ifeat_feat': 0.7666666666666667, 'NX_10_len_tra': 10.0, 'NX_10_R_tra': 23.000957351922988, 'NX_10_ctr': '2.30010', 'NX_10_CV': '0.00253', 'NX_10_CV_turn': '0.01000', 'NX_10_Diversity': '0.99295', 'NX_10_Novelty': '5.40502', 'NX_10_ifeat_feat': 1.0}]
[I 240110 18:37:33 loggers:84] Epoch: [5], Info: [{'num_test': 100, 'len_tra': 2.64, 'R_tra': 10.722330894470215, 'ctr': '4.06149', 'CV': '0.00051', 'CV_turn': '0.00758', 'Diversity': '0.42152', 'Novelty': '3.52935', 'ifeat_feat': 1.0, 'NX_0_len_tra': 30.0, 'NX_0_R_tra': 52.327292902171614, 'NX_0_ctr': '1.74424', 'NX_0_CV': '0.00784', 'NX_0_CV_turn': '0.01033', 'NX_0_Diversity': '0.99328', 'NX_0_Novelty': '6.52220', 'NX_0_ifeat_feat': 0.767, 'NX_10_len_tra': 10.0, 'NX_10_R_tra': 25.24971311226487, 'NX_10_ctr': '2.52497', 'NX_10_CV': '0.00253', 'NX_10_CV_turn': '0.01000', 'NX_10_Diversity': '0.99267', 'NX_10_Novelty': '5.22152', 'NX_10_ifeat_feat': 0.8}]
[I 240110 18:48:52 loggers:84] Epoch: [6], Info: [{'num_test': 100, 'len_tra': 2.34, 'R_tra': 9.829539591670036, 'ctr': '4.20066', 'CV': '0.00051', 'CV_turn': '0.00855', 'Diversity': '0.22472', 'Novelty': '3.76123', 'ifeat_feat': 1.0, 'NX_0_len_tra': 30.0, 'NX_0_R_tra': 53.75242313947528, 'NX_0_ctr': '1.79175', 'NX_0_CV': '0.00784', 'NX_0_CV_turn': '0.01033', 'NX_0_Diversity': '0.99324', 'NX_0_Novelty': '6.49076', 'NX_0_ifeat_feat': 0.7666666666666667, 'NX_10_len_tra': 10.0, 'NX_10_R_tra': 21.843430227041246, 'NX_10_ctr': '2.18434', 'NX_10_CV': '0.00253', 'NX_10_CV_turn': '0.01000', 'NX_10_Diversity': '0.99345', 'NX_10_Novelty': '6.15468', 'NX_10_ifeat_feat': 0.8}]
[I 240110 18:59:33 loggers:84] Epoch: [7], Info: [{'num_test': 100, 'len_tra': 3.19, 'R_tra': 12.194081027507782, 'ctr': '3.82260', 'CV': '0.00076', 'CV_turn': '0.00940', 'Diversity': '0.66657', 'Novelty': '6.29851', 'ifeat_feat': 1.0, 'NX_0_len_tra': 30.0, 'NX_0_R_tra': 54.20400605089962, 'NX_0_ctr': '1.80680', 'NX_0_CV': '0.00784', 'NX_0_CV_turn': '0.01033', 'NX_0_Diversity': '0.99316', 'NX_0_Novelty': '6.30063', 'NX_0_ifeat_feat': 0.7663333333333333, 'NX_10_len_tra': 10.0, 'NX_10_R_tra': 23.476033172756434, 'NX_10_ctr': '2.34760', 'NX_10_CV': '0.00253', 'NX_10_CV_turn': '0.01000', 'NX_10_Diversity': '0.99269', 'NX_10_Novelty': '6.10677', 'NX_10_ifeat_feat': 0.9}]
[I 240110 19:09:04 loggers:84] Epoch: [8], Info: [{'num_test': 100, 'len_tra': 3.08, 'R_tra': 10.873492863178253, 'ctr': '3.53035', 'CV': '0.00076', 'CV_turn': '0.00974', 'Diversity': '0.66915', 'Novelty': '5.53196', 'ifeat_feat': 1.0, 'NX_0_len_tra': 30.0, 'NX_0_R_tra': 52.34983732104301, 'NX_0_ctr': '1.74499', 'NX_0_CV': '0.00759', 'NX_0_CV_turn': '0.01000', 'NX_0_Diversity': '0.99309', 'NX_0_Novelty': '6.42144', 'NX_0_ifeat_feat': 0.8, 'NX_10_len_tra': 10.0, 'NX_10_R_tra': 25.26964767217636, 'NX_10_ctr': '2.52696', 'NX_10_CV': '0.00278', 'NX_10_CV_turn': '0.01100', 'NX_10_Diversity': '0.99286', 'NX_10_Novelty': '6.54419', 'NX_10_ifeat_feat': 0.899}]
[I 240110 19:18:00 loggers:84] Epoch: [9], Info: [{'num_test': 100, 'len_tra': 3.42, 'R_tra': 11.99991622209549, 'ctr': '3.50875', 'CV': '0.00076', 'CV_turn': '0.00877', 'Diversity': '0.73017', 'Novelty': '5.97479', 'ifeat_feat': 1.0, 'NX_0_len_tra': 30.0, 'NX_0_R_tra': 54.78278397407383, 'NX_0_ctr': '1.82609', 'NX_0_CV': '0.00784', 'NX_0_CV_turn': '0.01033', 'NX_0_Diversity': '0.99301', 'NX_0_Novelty': '6.68084', 'NX_0_ifeat_feat': 0.8, 'NX_10_len_tra': 10.0, 'NX_10_R_tra': 27.7600284165144, 'NX_10_ctr': '2.77600', 'NX_10_CV': '0.00253', 'NX_10_CV_turn': '0.01000', 'NX_10_Diversity': '0.99222', 'NX_10_Novelty': '6.36927', 'NX_10_ifeat_feat': 1.0}]
[I 240110 19:26:29 loggers:84] Epoch: [10], Info: [{'num_test': 100, 'len_tra': 2.99, 'R_tra': 11.342935346364975, 'ctr': '3.79362', 'CV': '0.00051', 'CV_turn': '0.00669', 'Diversity': '0.65348', 'Novelty': '6.93079', 'ifeat_feat': 1.0, 'NX_0_len_tra': 30.0, 'NX_0_R_tra': 53.05605843000114, 'NX_0_ctr': '1.76854', 'NX_0_CV': '0.00784', 'NX_0_CV_turn': '0.01033', 'NX_0_Diversity': '0.99314', 'NX_0_Novelty': '6.35996', 'NX_0_ifeat_feat': 0.8003333333333333, 'NX_10_len_tra': 10.0, 'NX_10_R_tra': 23.988219128251075, 'NX_10_ctr': '2.39882', 'NX_10_CV': '0.00253', 'NX_10_CV_turn': '0.01000', 'NX_10_Diversity': '0.99304', 'NX_10_Novelty': '6.74788', 'NX_10_ifeat_feat': 0.8}]
[I 240110 19:34:31 loggers:84] Epoch: [11], Info: [{'num_test': 100, 'len_tra': 3.12, 'R_tra': 11.810597096979619, 'ctr': '3.78545', 'CV': '0.00076', 'CV_turn': '0.00962', 'Diversity': '0.67987', 'Novelty': '6.83101', 'ifeat_feat': 1.0, 'NX_0_len_tra': 30.0, 'NX_0_R_tra': 53.97369622245431, 'NX_0_ctr': '1.79912', 'NX_0_CV': '0.00784', 'NX_0_CV_turn': '0.01033', 'NX_0_Diversity': '0.99310', 'NX_0_Novelty': '6.16876', 'NX_0_ifeat_feat': 0.7666666666666667, 'NX_10_len_tra': 10.0, 'NX_10_R_tra': 25.84516601771116, 'NX_10_ctr': '2.58452', 'NX_10_CV': '0.00253', 'NX_10_CV_turn': '0.01000', 'NX_10_Diversity': '0.99267', 'NX_10_Novelty': '5.88846', 'NX_10_ifeat_feat': 1.0}]
[I 240110 19:42:08 loggers:84] Epoch: [12], Info: [{'num_test': 100, 'len_tra': 3.0, 'R_tra': 11.596974914073945, 'ctr': '3.86566', 'CV': '0.00051', 'CV_turn': '0.00667', 'Diversity': '0.66008', 'Novelty': '6.91286', 'ifeat_feat': 1.0, 'NX_0_len_tra': 30.0, 'NX_0_R_tra': 56.05833995819092, 'NX_0_ctr': '1.86861', 'NX_0_CV': '0.00784', 'NX_0_CV_turn': '0.01033', 'NX_0_Diversity': '0.99315', 'NX_0_Novelty': '6.39468', 'NX_0_ifeat_feat': 0.8, 'NX_10_len_tra': 10.0, 'NX_10_R_tra': 20.464562071859838, 'NX_10_ctr': '2.04646', 'NX_10_CV': '0.00253', 'NX_10_CV_turn': '0.01000', 'NX_10_Diversity': '0.99351', 'NX_10_Novelty': '6.51711', 'NX_10_ifeat_feat': 0.8}]
[I 240110 19:49:59 loggers:84] Epoch: [13], Info: [{'num_test': 100, 'len_tra': 3.0, 'R_tra': 11.528922778367996, 'ctr': '3.84297', 'CV': '0.00051', 'CV_turn': '0.00667', 'Diversity': '0.66008', 'Novelty': '6.91286', 'ifeat_feat': 1.0, 'NX_0_len_tra': 30.0, 'NX_0_R_tra': 54.225308004319665, 'NX_0_ctr': '1.80751', 'NX_0_CV': '0.00759', 'NX_0_CV_turn': '0.01000', 'NX_0_Diversity': '0.99308', 'NX_0_Novelty': '6.19921', 'NX_0_ifeat_feat': 0.8333333333333334, 'NX_10_len_tra': 10.0, 'NX_10_R_tra': 23.396664381325245, 'NX_10_ctr': '2.33967', 'NX_10_CV': '0.00253', 'NX_10_CV_turn': '0.01000', 'NX_10_Diversity': '0.99342', 'NX_10_Novelty': '6.99833', 'NX_10_ifeat_feat': 0.8}]
[I 240110 19:57:57 loggers:84] Epoch: [14], Info: [{'num_test': 100, 'len_tra': 3.0, 'R_tra': 11.284711712598801, 'ctr': '3.76157', 'CV': '0.00051', 'CV_turn': '0.00667', 'Diversity': '0.66008', 'Novelty': '6.91286', 'ifeat_feat': 1.0, 'NX_0_len_tra': 30.0, 'NX_0_R_tra': 53.835707100108266, 'NX_0_ctr': '1.79452', 'NX_0_CV': '0.00784', 'NX_0_CV_turn': '0.01033', 'NX_0_Diversity': '0.99297', 'NX_0_Novelty': '6.28193', 'NX_0_ifeat_feat': 0.833, 'NX_10_len_tra': 10.0, 'NX_10_R_tra': 23.25140448093414, 'NX_10_ctr': '2.32514', 'NX_10_CV': '0.00278', 'NX_10_CV_turn': '0.01100', 'NX_10_Diversity': '0.99356', 'NX_10_Novelty': '6.48907', 'NX_10_ifeat_feat': 0.8}]
[I 240110 20:05:30 loggers:84] Epoch: [15], Info: [{'num_test': 100, 'len_tra': 3.0, 'R_tra': 11.198937318325044, 'ctr': '3.73298', 'CV': '0.00051', 'CV_turn': '0.00667', 'Diversity': '0.66008', 'Novelty': '6.91286', 'ifeat_feat': 1.0, 'NX_0_len_tra': 30.0, 'NX_0_R_tra': 52.05080638818443, 'NX_0_ctr': '1.73503', 'NX_0_CV': '0.00784', 'NX_0_CV_turn': '0.01033', 'NX_0_Diversity': '0.99307', 'NX_0_Novelty': '6.32805', 'NX_0_ifeat_feat': 0.8333333333333334, 'NX_10_len_tra': 10.0, 'NX_10_R_tra': 18.802448269203307, 'NX_10_ctr': '1.88024', 'NX_10_CV': '0.00278', 'NX_10_CV_turn': '0.01100', 'NX_10_Diversity': '0.99381', 'NX_10_Novelty': '6.95309', 'NX_10_ifeat_feat': 1.0}]
[I 240110 20:12:38 loggers:84] Epoch: [16], Info: [{'num_test': 100, 'len_tra': 3.0, 'R_tra': 11.496823749542237, 'ctr': '3.83227', 'CV': '0.00051', 'CV_turn': '0.00667', 'Diversity': '0.66008', 'Novelty': '6.91286', 'ifeat_feat': 1.0, 'NX_0_len_tra': 30.0, 'NX_0_R_tra': 53.70121112562716, 'NX_0_ctr': '1.79004', 'NX_0_CV': '0.00784', 'NX_0_CV_turn': '0.01033', 'NX_0_Diversity': '0.99298', 'NX_0_Novelty': '6.54231', 'NX_0_ifeat_feat': 0.833, 'NX_10_len_tra': 10.0, 'NX_10_R_tra': 22.913249513655902, 'NX_10_ctr': '2.29132', 'NX_10_CV': '0.00253', 'NX_10_CV_turn': '0.01000', 'NX_10_Diversity': '0.99322', 'NX_10_Novelty': '6.89600', 'NX_10_ifeat_feat': 0.9}]
[I 240110 20:19:42 loggers:84] Epoch: [17], Info: [{'num_test': 100, 'len_tra': 3.02, 'R_tra': 11.651762685775758, 'ctr': '3.85820', 'CV': '0.00076', 'CV_turn': '0.00993', 'Diversity': '0.66338', 'Novelty': '6.90984', 'ifeat_feat': 1.0, 'NX_0_len_tra': 30.0, 'NX_0_R_tra': 51.44081985216588, 'NX_0_ctr': '1.71469', 'NX_0_CV': '0.00784', 'NX_0_CV_turn': '0.01033', 'NX_0_Diversity': '0.99306', 'NX_0_Novelty': '6.54418', 'NX_0_ifeat_feat': 0.8, 'NX_10_len_tra': 10.0, 'NX_10_R_tra': 21.53359044790268, 'NX_10_ctr': '2.15336', 'NX_10_CV': '0.00253', 'NX_10_CV_turn': '0.01000', 'NX_10_Diversity': '0.99372', 'NX_10_Novelty': '6.89705', 'NX_10_ifeat_feat': 1.0}]
[I 240110 20:25:32 loggers:84] Epoch: [18], Info: [{'num_test': 100, 'len_tra': 3.68, 'R_tra': 13.182649010419846, 'ctr': '3.58224', 'CV': '0.00076', 'CV_turn': '0.00815', 'Diversity': '0.77214', 'Novelty': '6.40244', 'ifeat_feat': 1.0, 'NX_0_len_tra': 30.0, 'NX_0_R_tra': 55.427559920586646, 'NX_0_ctr': '1.84759', 'NX_0_CV': '0.00759', 'NX_0_CV_turn': '0.01000', 'NX_0_Diversity': '0.99306', 'NX_0_Novelty': '6.35708', 'NX_0_ifeat_feat': 0.8333333333333334, 'NX_10_len_tra': 10.0, 'NX_10_R_tra': 18.343788885325193, 'NX_10_ctr': '1.83438', 'NX_10_CV': '0.00278', 'NX_10_CV_turn': '0.01100', 'NX_10_Diversity': '0.99338', 'NX_10_Novelty': '7.15390', 'NX_10_ifeat_feat': 0.702}]
[I 240110 20:30:13 loggers:84] Epoch: [19], Info: [{'num_test': 100, 'len_tra': 3.76, 'R_tra': 14.361301763057709, 'ctr': '3.81950', 'CV': '0.00076', 'CV_turn': '0.00798', 'Diversity': '0.78442', 'Novelty': '5.09903', 'ifeat_feat': 1.0, 'NX_0_len_tra': 30.0, 'NX_0_R_tra': 54.590594072714445, 'NX_0_ctr': '1.81969', 'NX_0_CV': '0.00784', 'NX_0_CV_turn': '0.01033', 'NX_0_Diversity': '0.99316', 'NX_0_Novelty': '6.36808', 'NX_0_ifeat_feat': 0.8, 'NX_10_len_tra': 10.0, 'NX_10_R_tra': 21.73871306836605, 'NX_10_ctr': '2.17387', 'NX_10_CV': '0.00253', 'NX_10_CV_turn': '0.01000', 'NX_10_Diversity': '0.99337', 'NX_10_Novelty': '6.86867', 'NX_10_ifeat_feat': 0.9}]
[I 240110 20:34:42 loggers:84] Epoch: [20], Info: [{'num_test': 100, 'len_tra': 3.99, 'R_tra': 15.039647445082664, 'ctr': '3.76934', 'CV': '0.00076', 'CV_turn': '0.00752', 'Diversity': '0.82205', 'Novelty': '4.55011', 'ifeat_feat': 1.0, 'NX_0_len_tra': 30.0, 'NX_0_R_tra': 53.67852443613112, 'NX_0_ctr': '1.78928', 'NX_0_CV': '0.00784', 'NX_0_CV_turn': '0.01033', 'NX_0_Diversity': '0.99314', 'NX_0_Novelty': '6.28817', 'NX_0_ifeat_feat': 0.8, 'NX_10_len_tra': 10.0, 'NX_10_R_tra': 23.129442950636147, 'NX_10_ctr': '2.31294', 'NX_10_CV': '0.00253', 'NX_10_CV_turn': '0.01000', 'NX_10_Diversity': '0.99319', 'NX_10_Novelty': '7.03181', 'NX_10_ifeat_feat': 0.9}]
[I 240110 20:39:07 loggers:84] Epoch: [21], Info: [{'num_test': 100, 'len_tra': 4.0, 'R_tra': 14.982363458871841, 'ctr': '3.74559', 'CV': '0.00076', 'CV_turn': '0.00750', 'Diversity': '0.82548', 'Novelty': '6.26257', 'ifeat_feat': 1.0, 'NX_0_len_tra': 30.0, 'NX_0_R_tra': 53.69447501711547, 'NX_0_ctr': '1.78982', 'NX_0_CV': '0.00784', 'NX_0_CV_turn': '0.01033', 'NX_0_Diversity': '0.99315', 'NX_0_Novelty': '6.28628', 'NX_0_ifeat_feat': 0.8, 'NX_10_len_tra': 10.0, 'NX_10_R_tra': 24.355917198210953, 'NX_10_ctr': '2.43559', 'NX_10_CV': '0.00278', 'NX_10_CV_turn': '0.01100', 'NX_10_Diversity': '0.99302', 'NX_10_Novelty': '5.50020', 'NX_10_ifeat_feat': 1.0}]
[I 240110 20:43:34 loggers:84] Epoch: [22], Info: [{'num_test': 100, 'len_tra': 4.67, 'R_tra': 16.95546105146408, 'ctr': '3.63072', 'CV': '0.00101', 'CV_turn': '0.00857', 'Diversity': '0.82177', 'Novelty': '6.26481', 'ifeat_feat': 1.0, 'NX_0_len_tra': 30.0, 'NX_0_R_tra': 52.6262410069257, 'NX_0_ctr': '1.75421', 'NX_0_CV': '0.00759', 'NX_0_CV_turn': '0.01000', 'NX_0_Diversity': '0.99310', 'NX_0_Novelty': '6.22804', 'NX_0_ifeat_feat': 0.8, 'NX_10_len_tra': 10.0, 'NX_10_R_tra': 23.132914121448994, 'NX_10_ctr': '2.31329', 'NX_10_CV': '0.00253', 'NX_10_CV_turn': '0.01000', 'NX_10_Diversity': '0.99338', 'NX_10_Novelty': '5.90523', 'NX_10_ifeat_feat': 1.0}]
[I 240110 20:48:05 loggers:84] Epoch: [23], Info: [{'num_test': 100, 'len_tra': 4.0, 'R_tra': 15.1038924908638, 'ctr': '3.77597', 'CV': '0.00076', 'CV_turn': '0.00750', 'Diversity': '0.82369', 'Novelty': '4.52624', 'ifeat_feat': 1.0, 'NX_0_len_tra': 30.0, 'NX_0_R_tra': 53.921403744071725, 'NX_0_ctr': '1.79738', 'NX_0_CV': '0.00784', 'NX_0_CV_turn': '0.01033', 'NX_0_Diversity': '0.99317', 'NX_0_Novelty': '6.09427', 'NX_0_ifeat_feat': 0.8, 'NX_10_len_tra': 10.0, 'NX_10_R_tra': 20.761272955089808, 'NX_10_ctr': '2.07613', 'NX_10_CV': '0.00278', 'NX_10_CV_turn': '0.01100', 'NX_10_Diversity': '0.99320', 'NX_10_Novelty': '5.76684', 'NX_10_ifeat_feat': 0.999}]
[I 240110 20:52:44 loggers:84] Epoch: [24], Info: [{'num_test': 100, 'len_tra': 8.0, 'R_tra': 28.618792214393615, 'ctr': '3.57735', 'CV': '0.00127', 'CV_turn': '0.00625', 'Diversity': '0.85943', 'Novelty': '5.48315', 'ifeat_feat': 1.0, 'NX_0_len_tra': 30.0, 'NX_0_R_tra': 54.88618070982397, 'NX_0_ctr': '1.82954', 'NX_0_CV': '0.00784', 'NX_0_CV_turn': '0.01033', 'NX_0_Diversity': '0.99318', 'NX_0_Novelty': '6.09400', 'NX_0_ifeat_feat': 0.833, 'NX_10_len_tra': 10.0, 'NX_10_R_tra': 23.031507130861282, 'NX_10_ctr': '2.30315', 'NX_10_CV': '0.00253', 'NX_10_CV_turn': '0.01000', 'NX_10_Diversity': '0.99296', 'NX_10_Novelty': '6.17193', 'NX_10_ifeat_feat': 1.0}]
[I 240110 20:57:26 loggers:84] Epoch: [25], Info: [{'num_test': 100, 'len_tra': 7.95, 'R_tra': 29.89598516583443, 'ctr': '3.76050', 'CV': '0.00101', 'CV_turn': '0.00503', 'Diversity': '0.84611', 'Novelty': '5.40959', 'ifeat_feat': 1.0, 'NX_0_len_tra': 30.0, 'NX_0_R_tra': 54.257194178253414, 'NX_0_ctr': '1.80857', 'NX_0_CV': '0.00784', 'NX_0_CV_turn': '0.01033', 'NX_0_Diversity': '0.99318', 'NX_0_Novelty': '6.09387', 'NX_0_ifeat_feat': 0.7996666666666666, 'NX_10_len_tra': 10.0, 'NX_10_R_tra': 23.58215916827321, 'NX_10_ctr': '2.35822', 'NX_10_CV': '0.00253', 'NX_10_CV_turn': '0.01000', 'NX_10_Diversity': '0.99296', 'NX_10_Novelty': '6.17193', 'NX_10_ifeat_feat': 1.0}]
[I 240110 21:01:57 loggers:84] Epoch: [26], Info: [{'num_test': 100, 'len_tra': 4.32, 'R_tra': 16.269338141679764, 'ctr': '3.76605', 'CV': '0.00101', 'CV_turn': '0.00926', 'Diversity': '0.82278', 'Novelty': '4.56097', 'ifeat_feat': 1.0, 'NX_0_len_tra': 30.0, 'NX_0_R_tra': 55.05184195950628, 'NX_0_ctr': '1.83506', 'NX_0_CV': '0.00759', 'NX_0_CV_turn': '0.01000', 'NX_0_Diversity': '0.99326', 'NX_0_Novelty': '6.31087', 'NX_0_ifeat_feat': 0.8, 'NX_10_len_tra': 10.0, 'NX_10_R_tra': 22.556163011789323, 'NX_10_ctr': '2.25562', 'NX_10_CV': '0.00253', 'NX_10_CV_turn': '0.01000', 'NX_10_Diversity': '0.99327', 'NX_10_Novelty': '6.67627', 'NX_10_ifeat_feat': 1.0}]
[I 240110 21:06:25 loggers:84] Epoch: [27], Info: [{'num_test': 100, 'len_tra': 3.99, 'R_tra': 14.90887100815773, 'ctr': '3.73656', 'CV': '0.00076', 'CV_turn': '0.00752', 'Diversity': '0.82205', 'Novelty': '4.55011', 'ifeat_feat': 1.0, 'NX_0_len_tra': 30.0, 'NX_0_R_tra': 55.820762488022446, 'NX_0_ctr': '1.86069', 'NX_0_CV': '0.00759', 'NX_0_CV_turn': '0.01000', 'NX_0_Diversity': '0.99318', 'NX_0_Novelty': '6.23293', 'NX_0_ifeat_feat': 0.7666666666666667, 'NX_10_len_tra': 10.0, 'NX_10_R_tra': 21.484904611110686, 'NX_10_ctr': '2.14849', 'NX_10_CV': '0.00253', 'NX_10_CV_turn': '0.01000', 'NX_10_Diversity': '0.99341', 'NX_10_Novelty': '6.51313', 'NX_10_ifeat_feat': 1.0}]
[I 240110 21:10:59 loggers:84] Epoch: [28], Info: [{'num_test': 100, 'len_tra': 7.9, 'R_tra': 28.688390645980835, 'ctr': '3.63144', 'CV': '0.00127', 'CV_turn': '0.00633', 'Diversity': '0.84994', 'Novelty': '5.49022', 'ifeat_feat': 1.0, 'NX_0_len_tra': 30.0, 'NX_0_R_tra': 54.55769328765571, 'NX_0_ctr': '1.81859', 'NX_0_CV': '0.00759', 'NX_0_CV_turn': '0.01000', 'NX_0_Diversity': '0.99309', 'NX_0_Novelty': '6.23293', 'NX_0_ifeat_feat': 0.8, 'NX_10_len_tra': 10.0, 'NX_10_R_tra': 24.626167939603327, 'NX_10_ctr': '2.46262', 'NX_10_CV': '0.00253', 'NX_10_CV_turn': '0.01000', 'NX_10_Diversity': '0.99287', 'NX_10_Novelty': '5.78907', 'NX_10_ifeat_feat': 1.0}]
[I 240110 21:15:40 loggers:84] Epoch: [29], Info: [{'num_test': 100, 'len_tra': 4.0, 'R_tra': 14.622505420446396, 'ctr': '3.65563', 'CV': '0.00076', 'CV_turn': '0.00750', 'Diversity': '0.82548', 'Novelty': '6.26257', 'ifeat_feat': 1.0, 'NX_0_len_tra': 30.0, 'NX_0_R_tra': 55.15464263636619, 'NX_0_ctr': '1.83849', 'NX_0_CV': '0.00759', 'NX_0_CV_turn': '0.01000', 'NX_0_Diversity': '0.99318', 'NX_0_Novelty': '6.23293', 'NX_0_ifeat_feat': 0.7666666666666667, 'NX_10_len_tra': 10.0, 'NX_10_R_tra': 21.265960741192103, 'NX_10_ctr': '2.12660', 'NX_10_CV': '0.00253', 'NX_10_CV_turn': '0.01000', 'NX_10_Diversity': '0.99329', 'NX_10_Novelty': '5.97452', 'NX_10_ifeat_feat': 1.0}]
[I 240110 21:20:14 loggers:84] Epoch: [30], Info: [{'num_test': 100, 'len_tra': 4.0, 'R_tra': 15.266651546955108, 'ctr': '3.81666', 'CV': '0.00076', 'CV_turn': '0.00750', 'Diversity': '0.82369', 'Novelty': '4.52624', 'ifeat_feat': 1.0, 'NX_0_len_tra': 30.0, 'NX_0_R_tra': 54.89080522928387, 'NX_0_ctr': '1.82969', 'NX_0_CV': '0.00784', 'NX_0_CV_turn': '0.01033', 'NX_0_Diversity': '0.99308', 'NX_0_Novelty': '6.32535', 'NX_0_ifeat_feat': 0.8003333333333333, 'NX_10_len_tra': 10.0, 'NX_10_R_tra': 22.94838380649686, 'NX_10_ctr': '2.29484', 'NX_10_CV': '0.00253', 'NX_10_CV_turn': '0.01000', 'NX_10_Diversity': '0.99304', 'NX_10_Novelty': '5.52657', 'NX_10_ifeat_feat': 1.0}]
[I 240110 21:24:58 loggers:84] Epoch: [31], Info: [{'num_test': 100, 'len_tra': 4.04, 'R_tra': 15.221072472333908, 'ctr': '3.76759', 'CV': '0.00101', 'CV_turn': '0.00990', 'Diversity': '0.82358', 'Novelty': '4.53059', 'ifeat_feat': 1.0, 'NX_0_len_tra': 30.0, 'NX_0_R_tra': 52.526763215810064, 'NX_0_ctr': '1.75089', 'NX_0_CV': '0.00759', 'NX_0_CV_turn': '0.01000', 'NX_0_Diversity': '0.99311', 'NX_0_Novelty': '6.35135', 'NX_0_ifeat_feat': 0.7666666666666667, 'NX_10_len_tra': 10.0, 'NX_10_R_tra': 22.58502453174442, 'NX_10_ctr': '2.25850', 'NX_10_CV': '0.00253', 'NX_10_CV_turn': '0.01000', 'NX_10_Diversity': '0.99304', 'NX_10_Novelty': '5.52657', 'NX_10_ifeat_feat': 1.0}]
[I 240110 21:29:39 loggers:84] Epoch: [32], Info: [{'num_test': 100, 'len_tra': 6.07, 'R_tra': 22.78506079554558, 'ctr': '3.75372', 'CV': '0.00101', 'CV_turn': '0.00659', 'Diversity': '0.81765', 'Novelty': '4.75430', 'ifeat_feat': 1.0, 'NX_0_len_tra': 30.0, 'NX_0_R_tra': 52.17869079962373, 'NX_0_ctr': '1.73929', 'NX_0_CV': '0.00784', 'NX_0_CV_turn': '0.01033', 'NX_0_Diversity': '0.99311', 'NX_0_Novelty': '6.35227', 'NX_0_ifeat_feat': 0.767, 'NX_10_len_tra': 10.0, 'NX_10_R_tra': 25.304197388887406, 'NX_10_ctr': '2.53042', 'NX_10_CV': '0.00253', 'NX_10_CV_turn': '0.01000', 'NX_10_Diversity': '0.99286', 'NX_10_Novelty': '6.17193', 'NX_10_ifeat_feat': 1.0}]
[I 240110 21:34:15 loggers:84] Epoch: [33], Info: [{'num_test': 100, 'len_tra': 4.12, 'R_tra': 15.365789312720299, 'ctr': '3.72956', 'CV': '0.00101', 'CV_turn': '0.00971', 'Diversity': '0.82335', 'Novelty': '4.53927', 'ifeat_feat': 1.0, 'NX_0_len_tra': 30.0, 'NX_0_R_tra': 54.734787068888544, 'NX_0_ctr': '1.82449', 'NX_0_CV': '0.00784', 'NX_0_CV_turn': '0.01033', 'NX_0_Diversity': '0.99319', 'NX_0_Novelty': '6.38090', 'NX_0_ifeat_feat': 0.7996666666666666, 'NX_10_len_tra': 10.0, 'NX_10_R_tra': 21.749819108098745, 'NX_10_ctr': '2.17498', 'NX_10_CV': '0.00253', 'NX_10_CV_turn': '0.01000', 'NX_10_Diversity': '0.99327', 'NX_10_Novelty': '6.03091', 'NX_10_ifeat_feat': 1.0}]
[I 240110 21:36:58 loggers:84] Epoch: [34], Info: [{'num_test': 100, 'len_tra': 4.0, 'R_tra': 15.305896277427673, 'ctr': '3.82647', 'CV': '0.00076', 'CV_turn': '0.00750', 'Diversity': '0.82369', 'Novelty': '4.52624', 'ifeat_feat': 1.0, 'NX_0_len_tra': 30.0, 'NX_0_R_tra': 53.04755816884339, 'NX_0_ctr': '1.76825', 'NX_0_CV': '0.00759', 'NX_0_CV_turn': '0.01000', 'NX_0_Diversity': '0.99319', 'NX_0_Novelty': '6.22804', 'NX_0_ifeat_feat': 0.7666666666666667, 'NX_10_len_tra': 10.0, 'NX_10_R_tra': 25.048580611497165, 'NX_10_ctr': '2.50486', 'NX_10_CV': '0.00253', 'NX_10_CV_turn': '0.01000', 'NX_10_Diversity': '0.99273', 'NX_10_Novelty': '5.88210', 'NX_10_ifeat_feat': 0.9}]
[I 240110 21:39:06 loggers:84] Epoch: [35], Info: [{'num_test': 100, 'len_tra': 4.0, 'R_tra': 14.892590777873993, 'ctr': '3.72315', 'CV': '0.00076', 'CV_turn': '0.00750', 'Diversity': '0.82369', 'Novelty': '4.52624', 'ifeat_feat': 1.0, 'NX_0_len_tra': 30.0, 'NX_0_R_tra': 54.20129670962692, 'NX_0_ctr': '1.80671', 'NX_0_CV': '0.00759', 'NX_0_CV_turn': '0.01000', 'NX_0_Diversity': '0.99327', 'NX_0_Novelty': '6.53806', 'NX_0_ifeat_feat': 0.8333333333333334, 'NX_10_len_tra': 10.0, 'NX_10_R_tra': 24.251893601417542, 'NX_10_ctr': '2.42519', 'NX_10_CV': '0.00304', 'NX_10_CV_turn': '0.01200', 'NX_10_Diversity': '0.99276', 'NX_10_Novelty': '5.99228', 'NX_10_ifeat_feat': 0.899}]
[I 240110 21:41:18 loggers:84] Epoch: [36], Info: [{'num_test': 100, 'len_tra': 4.0, 'R_tra': 15.033413364887238, 'ctr': '3.75835', 'CV': '0.00076', 'CV_turn': '0.00750', 'Diversity': '0.82369', 'Novelty': '4.52624', 'ifeat_feat': 1.0, 'NX_0_len_tra': 27.0, 'NX_0_R_tra': 50.507418923527005, 'NX_0_ctr': '1.87065', 'NX_0_CV': '0.00683', 'NX_0_CV_turn': '0.01000', 'NX_0_Diversity': '0.99312', 'NX_0_Novelty': '6.31857', 'NX_0_ifeat_feat': 0.8518518518518519, 'NX_10_len_tra': 10.0, 'NX_10_R_tra': 25.874910925924777, 'NX_10_ctr': '2.58749', 'NX_10_CV': '0.00253', 'NX_10_CV_turn': '0.01000', 'NX_10_Diversity': '0.99258', 'NX_10_Novelty': '6.04652', 'NX_10_ifeat_feat': 0.8}]
[I 240110 21:43:47 loggers:84] Epoch: [37], Info: [{'num_test': 100, 'len_tra': 4.04, 'R_tra': 15.399275768995285, 'ctr': '3.81170', 'CV': '0.00101', 'CV_turn': '0.00990', 'Diversity': '0.82358', 'Novelty': '4.53059', 'ifeat_feat': 1.0, 'NX_0_len_tra': 21.0, 'NX_0_R_tra': 39.986050643995405, 'NX_0_ctr': '1.90410', 'NX_0_CV': '0.00531', 'NX_0_CV_turn': '0.01000', 'NX_0_Diversity': '0.99292', 'NX_0_Novelty': '6.28279', 'NX_0_ifeat_feat': 0.9047619047619048, 'NX_10_len_tra': 10.0, 'NX_10_R_tra': 24.91484495013952, 'NX_10_ctr': '2.49148', 'NX_10_CV': '0.00253', 'NX_10_CV_turn': '0.01000', 'NX_10_Diversity': '0.99297', 'NX_10_Novelty': '6.31952', 'NX_10_ifeat_feat': 0.9}]
[I 240110 21:46:11 loggers:84] Epoch: [38], Info: [{'num_test': 100, 'len_tra': 4.0, 'R_tra': 14.7789898955822, 'ctr': '3.69475', 'CV': '0.00076', 'CV_turn': '0.00750', 'Diversity': '0.82369', 'Novelty': '4.52624', 'ifeat_feat': 1.0, 'NX_0_len_tra': 25.01, 'NX_0_R_tra': 45.275553663000466, 'NX_0_ctr': '1.81030', 'NX_0_CV': '0.00658', 'NX_0_CV_turn': '0.01040', 'NX_0_Diversity': '0.99311', 'NX_0_Novelty': '6.07526', 'NX_0_ifeat_feat': 0.840063974410236, 'NX_10_len_tra': 10.0, 'NX_10_R_tra': 24.06781181052327, 'NX_10_ctr': '2.40678', 'NX_10_CV': '0.00278', 'NX_10_CV_turn': '0.01100', 'NX_10_Diversity': '0.99294', 'NX_10_Novelty': '5.65228', 'NX_10_ifeat_feat': 1.0}]
[I 240110 21:48:33 loggers:84] Epoch: [39], Info: [{'num_test': 100, 'len_tra': 4.0, 'R_tra': 14.561137953996658, 'ctr': '3.64028', 'CV': '0.00076', 'CV_turn': '0.00750', 'Diversity': '0.82548', 'Novelty': '6.26257', 'ifeat_feat': 1.0, 'NX_0_len_tra': 25.0, 'NX_0_R_tra': 44.16157041318715, 'NX_0_ctr': '1.76646', 'NX_0_CV': '0.00633', 'NX_0_CV_turn': '0.01000', 'NX_0_Diversity': '0.99305', 'NX_0_Novelty': '5.89236', 'NX_0_ifeat_feat': 0.8, 'NX_10_len_tra': 10.0, 'NX_10_R_tra': 22.358429993093015, 'NX_10_ctr': '2.23584', 'NX_10_CV': '0.00278', 'NX_10_CV_turn': '0.01100', 'NX_10_Diversity': '0.99299', 'NX_10_Novelty': '6.20499', 'NX_10_ifeat_feat': 1.0}]
[I 240110 21:50:58 loggers:84] Epoch: [40], Info: [{'num_test': 100, 'len_tra': 7.92, 'R_tra': 29.92050653934479, 'ctr': '3.77784', 'CV': '0.00101', 'CV_turn': '0.00505', 'Diversity': '0.81254', 'Novelty': '4.95164', 'ifeat_feat': 1.0, 'NX_0_len_tra': 30.0, 'NX_0_R_tra': 55.93114193767309, 'NX_0_ctr': '1.86437', 'NX_0_CV': '0.00784', 'NX_0_CV_turn': '0.01033', 'NX_0_Diversity': '0.99320', 'NX_0_Novelty': '6.28080', 'NX_0_ifeat_feat': 0.8333333333333334, 'NX_10_len_tra': 10.0, 'NX_10_R_tra': 22.460803860425948, 'NX_10_ctr': '2.24608', 'NX_10_CV': '0.00278', 'NX_10_CV_turn': '0.01100', 'NX_10_Diversity': '0.99318', 'NX_10_Novelty': '5.17095', 'NX_10_ifeat_feat': 1.0}]
[I 240110 21:53:28 loggers:84] Epoch: [41], Info: [{'num_test': 100, 'len_tra': 8.0, 'R_tra': 29.311411756277085, 'ctr': '3.66393', 'CV': '0.00127', 'CV_turn': '0.00625', 'Diversity': '0.86157', 'Novelty': '5.50919', 'ifeat_feat': 1.0, 'NX_0_len_tra': 29.98, 'NX_0_R_tra': 56.4332046289742, 'NX_0_ctr': '1.88236', 'NX_0_CV': '0.00784', 'NX_0_CV_turn': '0.01034', 'NX_0_Diversity': '0.99320', 'NX_0_Novelty': '6.27907', 'NX_0_ifeat_feat': 0.8335557038025351, 'NX_10_len_tra': 10.0, 'NX_10_R_tra': 21.692943775355815, 'NX_10_ctr': '2.16929', 'NX_10_CV': '0.00304', 'NX_10_CV_turn': '0.01200', 'NX_10_Diversity': '0.99319', 'NX_10_Novelty': '5.70343', 'NX_10_ifeat_feat': 1.0}]
[I 240110 21:55:39 loggers:84] Epoch: [42], Info: [{'num_test': 100, 'len_tra': 8.0, 'R_tra': 22.50626791000366, 'ctr': '2.81328', 'CV': '0.00127', 'CV_turn': '0.00625', 'Diversity': '0.85195', 'Novelty': '6.80754', 'ifeat_feat': 1.0, 'NX_0_len_tra': 30.0, 'NX_0_R_tra': 55.65323751321063, 'NX_0_ctr': '1.85511', 'NX_0_CV': '0.00759', 'NX_0_CV_turn': '0.01000', 'NX_0_Diversity': '0.99312', 'NX_0_Novelty': '6.43354', 'NX_0_ifeat_feat': 0.8666666666666667, 'NX_10_len_tra': 10.0, 'NX_10_R_tra': 22.297732125297188, 'NX_10_ctr': '2.22977', 'NX_10_CV': '0.00278', 'NX_10_CV_turn': '0.01100', 'NX_10_Diversity': '0.99324', 'NX_10_Novelty': '5.54145', 'NX_10_ifeat_feat': 0.9}]
[I 240110 21:57:52 loggers:84] Epoch: [43], Info: [{'num_test': 100, 'len_tra': 8.0, 'R_tra': 28.50430682897568, 'ctr': '3.56304', 'CV': '0.00101', 'CV_turn': '0.00500', 'Diversity': '0.84859', 'Novelty': '6.21240', 'ifeat_feat': 1.0, 'NX_0_len_tra': 30.0, 'NX_0_R_tra': 55.255619831457736, 'NX_0_ctr': '1.84185', 'NX_0_CV': '0.00784', 'NX_0_CV_turn': '0.01033', 'NX_0_Diversity': '0.99320', 'NX_0_Novelty': '6.28140', 'NX_0_ifeat_feat': 0.8333333333333334, 'NX_10_len_tra': 10.0, 'NX_10_R_tra': 21.169137878492474, 'NX_10_ctr': '2.11691', 'NX_10_CV': '0.00278', 'NX_10_CV_turn': '0.01100', 'NX_10_Diversity': '0.99324', 'NX_10_Novelty': '6.07088', 'NX_10_ifeat_feat': 1.0}]
[I 240110 22:00:23 loggers:84] Epoch: [44], Info: [{'num_test': 100, 'len_tra': 8.0, 'R_tra': 28.550078455209732, 'ctr': '3.56876', 'CV': '0.00101', 'CV_turn': '0.00500', 'Diversity': '0.84859', 'Novelty': '6.21240', 'ifeat_feat': 1.0, 'NX_0_len_tra': 30.0, 'NX_0_R_tra': 55.44638923451304, 'NX_0_ctr': '1.84821', 'NX_0_CV': '0.00784', 'NX_0_CV_turn': '0.01033', 'NX_0_Diversity': '0.99316', 'NX_0_Novelty': '6.22811', 'NX_0_ifeat_feat': 0.8333333333333334, 'NX_10_len_tra': 10.0, 'NX_10_R_tra': 20.623306875973938, 'NX_10_ctr': '2.06233', 'NX_10_CV': '0.00278', 'NX_10_CV_turn': '0.01100', 'NX_10_Diversity': '0.99332', 'NX_10_Novelty': '5.58306', 'NX_10_ifeat_feat': 1.0}]
[I 240110 22:02:48 loggers:84] Epoch: [45], Info: [{'num_test': 100, 'len_tra': 8.0, 'R_tra': 28.37529558181763, 'ctr': '3.54691', 'CV': '0.00101', 'CV_turn': '0.00500', 'Diversity': '0.84859', 'Novelty': '6.21240', 'ifeat_feat': 1.0, 'NX_0_len_tra': 30.0, 'NX_0_R_tra': 55.61574574157596, 'NX_0_ctr': '1.85386', 'NX_0_CV': '0.00759', 'NX_0_CV_turn': '0.01000', 'NX_0_Diversity': '0.99328', 'NX_0_Novelty': '6.22775', 'NX_0_ifeat_feat': 0.8666666666666667, 'NX_10_len_tra': 10.0, 'NX_10_R_tra': 20.543735117707403, 'NX_10_ctr': '2.05437', 'NX_10_CV': '0.00278', 'NX_10_CV_turn': '0.01100', 'NX_10_Diversity': '0.99354', 'NX_10_Novelty': '5.49446', 'NX_10_ifeat_feat': 1.0}]
[I 240110 22:05:04 loggers:84] Epoch: [46], Info: [{'num_test': 100, 'len_tra': 8.0, 'R_tra': 28.52805296778679, 'ctr': '3.56601', 'CV': '0.00101', 'CV_turn': '0.00500', 'Diversity': '0.84859', 'Novelty': '6.21240', 'ifeat_feat': 1.0, 'NX_0_len_tra': 30.0, 'NX_0_R_tra': 53.8059857660532, 'NX_0_ctr': '1.79353', 'NX_0_CV': '0.00759', 'NX_0_CV_turn': '0.01000', 'NX_0_Diversity': '0.99312', 'NX_0_Novelty': '6.22775', 'NX_0_ifeat_feat': 0.8333333333333334, 'NX_10_len_tra': 10.0, 'NX_10_R_tra': 19.885605592131615, 'NX_10_ctr': '1.98856', 'NX_10_CV': '0.00278', 'NX_10_CV_turn': '0.01100', 'NX_10_Diversity': '0.99331', 'NX_10_Novelty': '5.37809', 'NX_10_ifeat_feat': 1.0}]
[I 240110 22:07:24 loggers:84] Epoch: [47], Info: [{'num_test': 100, 'len_tra': 8.0, 'R_tra': 27.77399684071541, 'ctr': '3.47175', 'CV': '0.00101', 'CV_turn': '0.00500', 'Diversity': '0.84956', 'Novelty': '5.55102', 'ifeat_feat': 1.0, 'NX_0_len_tra': 30.0, 'NX_0_R_tra': 54.01699314475059, 'NX_0_ctr': '1.80057', 'NX_0_CV': '0.00784', 'NX_0_CV_turn': '0.01033', 'NX_0_Diversity': '0.99316', 'NX_0_Novelty': '6.22998', 'NX_0_ifeat_feat': 0.8333333333333334, 'NX_10_len_tra': 10.0, 'NX_10_R_tra': 20.055576329827307, 'NX_10_ctr': '2.00556', 'NX_10_CV': '0.00278', 'NX_10_CV_turn': '0.01100', 'NX_10_Diversity': '0.99332', 'NX_10_Novelty': '5.38968', 'NX_10_ifeat_feat': 1.0}]
[I 240110 22:09:40 loggers:84] Epoch: [48], Info: [{'num_test': 100, 'len_tra': 8.0, 'R_tra': 29.089576632380485, 'ctr': '3.63620', 'CV': '0.00101', 'CV_turn': '0.00500', 'Diversity': '0.84859', 'Novelty': '6.21240', 'ifeat_feat': 1.0, 'NX_0_len_tra': 30.0, 'NX_0_R_tra': 54.77375458404422, 'NX_0_ctr': '1.82579', 'NX_0_CV': '0.00759', 'NX_0_CV_turn': '0.01000', 'NX_0_Diversity': '0.99316', 'NX_0_Novelty': '6.22775', 'NX_0_ifeat_feat': 0.8333333333333334, 'NX_10_len_tra': 10.0, 'NX_10_R_tra': 20.0564288623631, 'NX_10_ctr': '2.00564', 'NX_10_CV': '0.00278', 'NX_10_CV_turn': '0.01100', 'NX_10_Diversity': '0.99331', 'NX_10_Novelty': '5.39450', 'NX_10_ifeat_feat': 1.0}]
[I 240110 22:11:53 loggers:84] Epoch: [49], Info: [{'num_test': 100, 'len_tra': 8.0, 'R_tra': 27.835826371908187, 'ctr': '3.47948', 'CV': '0.00101', 'CV_turn': '0.00500', 'Diversity': '0.84956', 'Novelty': '5.55102', 'ifeat_feat': 1.0, 'NX_0_len_tra': 30.0, 'NX_0_R_tra': 55.419967499524354, 'NX_0_ctr': '1.84733', 'NX_0_CV': '0.00784', 'NX_0_CV_turn': '0.01033', 'NX_0_Diversity': '0.99328', 'NX_0_Novelty': '6.22954', 'NX_0_ifeat_feat': 0.8663333333333333, 'NX_10_len_tra': 10.0, 'NX_10_R_tra': 20.207712960541247, 'NX_10_ctr': '2.02077', 'NX_10_CV': '0.00278', 'NX_10_CV_turn': '0.01100', 'NX_10_Diversity': '0.99331', 'NX_10_Novelty': '5.39450', 'NX_10_ifeat_feat': 1.0}]
[I 240110 22:14:01 loggers:84] Epoch: [50], Info: [{'num_test': 100, 'len_tra': 8.0, 'R_tra': 28.29928057551384, 'ctr': '3.53741', 'CV': '0.00101', 'CV_turn': '0.00500', 'Diversity': '0.84859', 'Novelty': '6.21240', 'ifeat_feat': 1.0, 'NX_0_len_tra': 30.0, 'NX_0_R_tra': 56.05101665817201, 'NX_0_ctr': '1.86837', 'NX_0_CV': '0.00784', 'NX_0_CV_turn': '0.01033', 'NX_0_Diversity': '0.99319', 'NX_0_Novelty': '6.37906', 'NX_0_ifeat_feat': 0.8663333333333333, 'NX_10_len_tra': 10.0, 'NX_10_R_tra': 20.25450695320964, 'NX_10_ctr': '2.02545', 'NX_10_CV': '0.00278', 'NX_10_CV_turn': '0.01100', 'NX_10_Diversity': '0.99315', 'NX_10_Novelty': '6.07088', 'NX_10_ifeat_feat': 1.0}]
[I 240110 22:16:13 loggers:84] Epoch: [51], Info: [{'num_test': 100, 'len_tra': 8.0, 'R_tra': 28.5839692735672, 'ctr': '3.57300', 'CV': '0.00101', 'CV_turn': '0.00500', 'Diversity': '0.84859', 'Novelty': '6.21240', 'ifeat_feat': 1.0, 'NX_0_len_tra': 30.0, 'NX_0_R_tra': 56.90338623285294, 'NX_0_ctr': '1.89678', 'NX_0_CV': '0.00759', 'NX_0_CV_turn': '0.01000', 'NX_0_Diversity': '0.99319', 'NX_0_Novelty': '6.37989', 'NX_0_ifeat_feat': 0.8666666666666667, 'NX_10_len_tra': 10.0, 'NX_10_R_tra': 20.354315975308417, 'NX_10_ctr': '2.03543', 'NX_10_CV': '0.00278', 'NX_10_CV_turn': '0.01100', 'NX_10_Diversity': '0.99315', 'NX_10_Novelty': '6.07088', 'NX_10_ifeat_feat': 1.0}]
[I 240110 22:18:32 loggers:84] Epoch: [52], Info: [{'num_test': 100, 'len_tra': 8.0, 'R_tra': 28.008156863451003, 'ctr': '3.50102', 'CV': '0.00101', 'CV_turn': '0.00500', 'Diversity': '0.84956', 'Novelty': '5.55102', 'ifeat_feat': 1.0, 'NX_0_len_tra': 30.0, 'NX_0_R_tra': 55.14310507707298, 'NX_0_ctr': '1.83810', 'NX_0_CV': '0.00759', 'NX_0_CV_turn': '0.01000', 'NX_0_Diversity': '0.99320', 'NX_0_Novelty': '6.28140', 'NX_0_ifeat_feat': 0.8333333333333334, 'NX_10_len_tra': 10.0, 'NX_10_R_tra': 21.029105339050293, 'NX_10_ctr': '2.10291', 'NX_10_CV': '0.00278', 'NX_10_CV_turn': '0.01100', 'NX_10_Diversity': '0.99316', 'NX_10_Novelty': '6.08222', 'NX_10_ifeat_feat': 1.0}]
[I 240110 22:21:02 loggers:84] Epoch: [53], Info: [{'num_test': 100, 'len_tra': 8.0, 'R_tra': 28.728958818912506, 'ctr': '3.59112', 'CV': '0.00152', 'CV_turn': '0.00750', 'Diversity': '0.84931', 'Novelty': '6.20969', 'ifeat_feat': 1.0, 'NX_0_len_tra': 30.0, 'NX_0_R_tra': 54.74357282146811, 'NX_0_ctr': '1.82479', 'NX_0_CV': '0.00784', 'NX_0_CV_turn': '0.01033', 'NX_0_Diversity': '0.99328', 'NX_0_Novelty': '6.22855', 'NX_0_ifeat_feat': 0.8663333333333333, 'NX_10_len_tra': 10.0, 'NX_10_R_tra': 20.972074157446624, 'NX_10_ctr': '2.09721', 'NX_10_CV': '0.00278', 'NX_10_CV_turn': '0.01100', 'NX_10_Diversity': '0.99316', 'NX_10_Novelty': '6.08222', 'NX_10_ifeat_feat': 1.0}]
[I 240110 22:23:38 loggers:84] Epoch: [54], Info: [{'num_test': 100, 'len_tra': 8.0, 'R_tra': 29.2181085896492, 'ctr': '3.65226', 'CV': '0.00127', 'CV_turn': '0.00625', 'Diversity': '0.84840', 'Novelty': '5.34858', 'ifeat_feat': 1.0, 'NX_0_len_tra': 30.0, 'NX_0_R_tra': 55.68238663986325, 'NX_0_ctr': '1.85608', 'NX_0_CV': '0.00784', 'NX_0_CV_turn': '0.01033', 'NX_0_Diversity': '0.99331', 'NX_0_Novelty': '6.28086', 'NX_0_ifeat_feat': 0.8333333333333334, 'NX_10_len_tra': 10.0, 'NX_10_R_tra': 20.11522557541728, 'NX_10_ctr': '2.01152', 'NX_10_CV': '0.00278', 'NX_10_CV_turn': '0.01100', 'NX_10_Diversity': '0.99311', 'NX_10_Novelty': '5.74409', 'NX_10_ifeat_feat': 1.0}]
[I 240110 22:26:15 loggers:84] Epoch: [55], Info: [{'num_test': 100, 'len_tra': 8.0, 'R_tra': 24.370877632796763, 'ctr': '3.04636', 'CV': '0.00101', 'CV_turn': '0.00500', 'Diversity': '0.85037', 'Novelty': '5.05488', 'ifeat_feat': 1.0, 'NX_0_len_tra': 30.0, 'NX_0_R_tra': 56.04770075328648, 'NX_0_ctr': '1.86826', 'NX_0_CV': '0.00759', 'NX_0_CV_turn': '0.01000', 'NX_0_Diversity': '0.99331', 'NX_0_Novelty': '6.23069', 'NX_0_ifeat_feat': 0.8333333333333334, 'NX_10_len_tra': 10.0, 'NX_10_R_tra': 21.52963997557759, 'NX_10_ctr': '2.15296', 'NX_10_CV': '0.00304', 'NX_10_CV_turn': '0.01200', 'NX_10_Diversity': '0.99311', 'NX_10_Novelty': '5.73184', 'NX_10_ifeat_feat': 1.0}]
[I 240110 22:28:42 loggers:84] Epoch: [56], Info: [{'num_test': 100, 'len_tra': 8.0, 'R_tra': 29.390853972434996, 'ctr': '3.67386', 'CV': '0.00101', 'CV_turn': '0.00500', 'Diversity': '0.84805', 'Novelty': '5.34424', 'ifeat_feat': 1.0, 'NX_0_len_tra': 30.0, 'NX_0_R_tra': 54.060478901267054, 'NX_0_ctr': '1.80202', 'NX_0_CV': '0.00759', 'NX_0_CV_turn': '0.01000', 'NX_0_Diversity': '0.99323', 'NX_0_Novelty': '6.36638', 'NX_0_ifeat_feat': 0.8333333333333334, 'NX_10_len_tra': 10.0, 'NX_10_R_tra': 21.23766308993101, 'NX_10_ctr': '2.12377', 'NX_10_CV': '0.00278', 'NX_10_CV_turn': '0.01100', 'NX_10_Diversity': '0.99310', 'NX_10_Novelty': '5.73970', 'NX_10_ifeat_feat': 1.0}]
[I 240110 22:31:11 loggers:84] Epoch: [57], Info: [{'num_test': 100, 'len_tra': 8.0, 'R_tra': 28.60103347659111, 'ctr': '3.57513', 'CV': '0.00101', 'CV_turn': '0.00500', 'Diversity': '0.84805', 'Novelty': '5.34424', 'ifeat_feat': 1.0, 'NX_0_len_tra': 30.0, 'NX_0_R_tra': 55.36350155621767, 'NX_0_ctr': '1.84545', 'NX_0_CV': '0.00759', 'NX_0_CV_turn': '0.01000', 'NX_0_Diversity': '0.99323', 'NX_0_Novelty': '6.36638', 'NX_0_ifeat_feat': 0.8333333333333334, 'NX_10_len_tra': 10.0, 'NX_10_R_tra': 20.83234695792198, 'NX_10_ctr': '2.08323', 'NX_10_CV': '0.00278', 'NX_10_CV_turn': '0.01100', 'NX_10_Diversity': '0.99310', 'NX_10_Novelty': '5.73311', 'NX_10_ifeat_feat': 1.0}]
[I 240110 22:33:22 loggers:84] Epoch: [58], Info: [{'num_test': 100, 'len_tra': 8.0, 'R_tra': 29.42383309364319, 'ctr': '3.67798', 'CV': '0.00101', 'CV_turn': '0.00500', 'Diversity': '0.84805', 'Novelty': '5.34424', 'ifeat_feat': 1.0, 'NX_0_len_tra': 30.0, 'NX_0_R_tra': 56.582155701443554, 'NX_0_ctr': '1.88607', 'NX_0_CV': '0.00759', 'NX_0_CV_turn': '0.01000', 'NX_0_Diversity': '0.99330', 'NX_0_Novelty': '6.38948', 'NX_0_ifeat_feat': 0.9, 'NX_10_len_tra': 10.0, 'NX_10_R_tra': 20.928171855062246, 'NX_10_ctr': '2.09282', 'NX_10_CV': '0.00304', 'NX_10_CV_turn': '0.01200', 'NX_10_Diversity': '0.99310', 'NX_10_Novelty': '5.73392', 'NX_10_ifeat_feat': 1.0}]
[I 240110 22:35:37 loggers:84] Epoch: [59], Info: [{'num_test': 100, 'len_tra': 8.0, 'R_tra': 29.387428525686264, 'ctr': '3.67343', 'CV': '0.00101', 'CV_turn': '0.00500', 'Diversity': '0.84805', 'Novelty': '5.34424', 'ifeat_feat': 1.0, 'NX_0_len_tra': 30.0, 'NX_0_R_tra': 56.8204644626379, 'NX_0_ctr': '1.89402', 'NX_0_CV': '0.00759', 'NX_0_CV_turn': '0.01000', 'NX_0_Diversity': '0.99330', 'NX_0_Novelty': '6.38948', 'NX_0_ifeat_feat': 0.9, 'NX_10_len_tra': 10.0, 'NX_10_R_tra': 20.572706199586392, 'NX_10_ctr': '2.05727', 'NX_10_CV': '0.00278', 'NX_10_CV_turn': '0.01100', 'NX_10_Diversity': '0.99311', 'NX_10_Novelty': '5.74757', 'NX_10_ifeat_feat': 1.0}]
[I 240110 22:37:48 loggers:84] Epoch: [60], Info: [{'num_test': 100, 'len_tra': 8.0, 'R_tra': 24.952165532112122, 'ctr': '3.11902', 'CV': '0.00101', 'CV_turn': '0.00500', 'Diversity': '0.85037', 'Novelty': '5.05488', 'ifeat_feat': 1.0, 'NX_0_len_tra': 30.0, 'NX_0_R_tra': 55.20559151340276, 'NX_0_ctr': '1.84019', 'NX_0_CV': '0.00759', 'NX_0_CV_turn': '0.01000', 'NX_0_Diversity': '0.99328', 'NX_0_Novelty': '6.29133', 'NX_0_ifeat_feat': 0.8666666666666667, 'NX_10_len_tra': 10.0, 'NX_10_R_tra': 20.61788637369871, 'NX_10_ctr': '2.06179', 'NX_10_CV': '0.00278', 'NX_10_CV_turn': '0.01100', 'NX_10_Diversity': '0.99310', 'NX_10_Novelty': '5.73750', 'NX_10_ifeat_feat': 1.0}]
[I 240110 22:40:11 loggers:84] Epoch: [61], Info: [{'num_test': 100, 'len_tra': 8.0, 'R_tra': 29.54510110139847, 'ctr': '3.69314', 'CV': '0.00101', 'CV_turn': '0.00500', 'Diversity': '0.84805', 'Novelty': '5.34424', 'ifeat_feat': 1.0, 'NX_0_len_tra': 30.0, 'NX_0_R_tra': 54.93092443794012, 'NX_0_ctr': '1.83103', 'NX_0_CV': '0.00784', 'NX_0_CV_turn': '0.01033', 'NX_0_Diversity': '0.99321', 'NX_0_Novelty': '6.39182', 'NX_0_ifeat_feat': 0.8666666666666667, 'NX_10_len_tra': 10.0, 'NX_10_R_tra': 21.280197842866183, 'NX_10_ctr': '2.12802', 'NX_10_CV': '0.00278', 'NX_10_CV_turn': '0.01100', 'NX_10_Diversity': '0.99315', 'NX_10_Novelty': '5.32695', 'NX_10_ifeat_feat': 1.0}]
[I 240110 22:42:24 loggers:84] Epoch: [62], Info: [{'num_test': 100, 'len_tra': 8.0, 'R_tra': 29.03164474487305, 'ctr': '3.62896', 'CV': '0.00101', 'CV_turn': '0.00500', 'Diversity': '0.84805', 'Novelty': '5.34424', 'ifeat_feat': 1.0, 'NX_0_len_tra': 30.0, 'NX_0_R_tra': 55.69246661692858, 'NX_0_ctr': '1.85642', 'NX_0_CV': '0.00759', 'NX_0_CV_turn': '0.01000', 'NX_0_Diversity': '0.99317', 'NX_0_Novelty': '6.45880', 'NX_0_ifeat_feat': 0.8666666666666667, 'NX_10_len_tra': 10.0, 'NX_10_R_tra': 20.85089431963861, 'NX_10_ctr': '2.08509', 'NX_10_CV': '0.00278', 'NX_10_CV_turn': '0.01100', 'NX_10_Diversity': '0.99310', 'NX_10_Novelty': '5.73970', 'NX_10_ifeat_feat': 1.0}]
[I 240110 22:44:36 loggers:84] Epoch: [63], Info: [{'num_test': 100, 'len_tra': 8.0, 'R_tra': 28.466767214536667, 'ctr': '3.55835', 'CV': '0.00101', 'CV_turn': '0.00500', 'Diversity': '0.84890', 'Novelty': '4.68286', 'ifeat_feat': 1.0, 'NX_0_len_tra': 30.0, 'NX_0_R_tra': 55.62269456081092, 'NX_0_ctr': '1.85409', 'NX_0_CV': '0.00784', 'NX_0_CV_turn': '0.01033', 'NX_0_Diversity': '0.99320', 'NX_0_Novelty': '6.33610', 'NX_0_ifeat_feat': 0.8666666666666667, 'NX_10_len_tra': 10.0, 'NX_10_R_tra': 21.357682304754853, 'NX_10_ctr': '2.13577', 'NX_10_CV': '0.00304', 'NX_10_CV_turn': '0.01200', 'NX_10_Diversity': '0.99315', 'NX_10_Novelty': '5.33607', 'NX_10_ifeat_feat': 1.0}]
[I 240110 22:46:41 loggers:84] Epoch: [64], Info: [{'num_test': 100, 'len_tra': 8.0, 'R_tra': 28.927670015096666, 'ctr': '3.61596', 'CV': '0.00101', 'CV_turn': '0.00500', 'Diversity': '0.84805', 'Novelty': '5.34424', 'ifeat_feat': 1.0, 'NX_0_len_tra': 30.0, 'NX_0_R_tra': 58.000603259280325, 'NX_0_ctr': '1.93335', 'NX_0_CV': '0.00784', 'NX_0_CV_turn': '0.01033', 'NX_0_Diversity': '0.99330', 'NX_0_Novelty': '6.29064', 'NX_0_ifeat_feat': 0.8663333333333333, 'NX_10_len_tra': 10.0, 'NX_10_R_tra': 20.581122792810202, 'NX_10_ctr': '2.05811', 'NX_10_CV': '0.00278', 'NX_10_CV_turn': '0.01100', 'NX_10_Diversity': '0.99323', 'NX_10_Novelty': '5.27553', 'NX_10_ifeat_feat': 1.0}]
[I 240110 22:48:50 loggers:84] Epoch: [65], Info: [{'num_test': 100, 'len_tra': 8.0, 'R_tra': 28.18355992913246, 'ctr': '3.52294', 'CV': '0.00101', 'CV_turn': '0.00500', 'Diversity': '0.84890', 'Novelty': '4.68286', 'ifeat_feat': 1.0, 'NX_0_len_tra': 30.0, 'NX_0_R_tra': 53.886449237689376, 'NX_0_ctr': '1.79621', 'NX_0_CV': '0.00784', 'NX_0_CV_turn': '0.01033', 'NX_0_Diversity': '0.99323', 'NX_0_Novelty': '6.28525', 'NX_0_ifeat_feat': 0.832, 'NX_10_len_tra': 10.0, 'NX_10_R_tra': 21.02783926963806, 'NX_10_ctr': '2.10278', 'NX_10_CV': '0.00278', 'NX_10_CV_turn': '0.01100', 'NX_10_Diversity': '0.99323', 'NX_10_Novelty': '5.28599', 'NX_10_ifeat_feat': 1.0}]
[I 240110 22:51:05 loggers:84] Epoch: [66], Info: [{'num_test': 100, 'len_tra': 8.0, 'R_tra': 29.45135630130768, 'ctr': '3.68142', 'CV': '0.00101', 'CV_turn': '0.00500', 'Diversity': '0.84805', 'Novelty': '5.34424', 'ifeat_feat': 1.0, 'NX_0_len_tra': 30.0, 'NX_0_R_tra': 55.31448755055666, 'NX_0_ctr': '1.84382', 'NX_0_CV': '0.00784', 'NX_0_CV_turn': '0.01033', 'NX_0_Diversity': '0.99325', 'NX_0_Novelty': '6.20365', 'NX_0_ifeat_feat': 0.831, 'NX_10_len_tra': 10.0, 'NX_10_R_tra': 21.34397721737623, 'NX_10_ctr': '2.13440', 'NX_10_CV': '0.00278', 'NX_10_CV_turn': '0.01100', 'NX_10_Diversity': '0.99323', 'NX_10_Novelty': '5.28599', 'NX_10_ifeat_feat': 1.0}]
[I 240110 22:53:16 loggers:84] Epoch: [67], Info: [{'num_test': 100, 'len_tra': 8.0, 'R_tra': 29.258416447639465, 'ctr': '3.65730', 'CV': '0.00101', 'CV_turn': '0.00500', 'Diversity': '0.84805', 'Novelty': '5.34424', 'ifeat_feat': 1.0, 'NX_0_len_tra': 30.0, 'NX_0_R_tra': 56.99262880012393, 'NX_0_ctr': '1.89975', 'NX_0_CV': '0.00810', 'NX_0_CV_turn': '0.01067', 'NX_0_Diversity': '0.99328', 'NX_0_Novelty': '6.29254', 'NX_0_ifeat_feat': 0.8643333333333333, 'NX_10_len_tra': 10.0, 'NX_10_R_tra': 23.287888380736113, 'NX_10_ctr': '2.32879', 'NX_10_CV': '0.00278', 'NX_10_CV_turn': '0.01100', 'NX_10_Diversity': '0.99331', 'NX_10_Novelty': '5.73530', 'NX_10_ifeat_feat': 1.0}]
[I 240110 22:55:28 loggers:84] Epoch: [68], Info: [{'num_test': 100, 'len_tra': 8.0, 'R_tra': 22.876486589312552, 'ctr': '2.85956', 'CV': '0.00101', 'CV_turn': '0.00500', 'Diversity': '0.85087', 'Novelty': '5.94371', 'ifeat_feat': 1.0, 'NX_0_len_tra': 30.0, 'NX_0_R_tra': 57.47181056208908, 'NX_0_ctr': '1.91573', 'NX_0_CV': '0.00759', 'NX_0_CV_turn': '0.01000', 'NX_0_Diversity': '0.99325', 'NX_0_Novelty': '6.29898', 'NX_0_ifeat_feat': 0.7666666666666667, 'NX_10_len_tra': 10.0, 'NX_10_R_tra': 22.933818456083536, 'NX_10_ctr': '2.29338', 'NX_10_CV': '0.00278', 'NX_10_CV_turn': '0.01100', 'NX_10_Diversity': '0.99330', 'NX_10_Novelty': '5.72432', 'NX_10_ifeat_feat': 1.0}]
[I 240110 22:57:55 loggers:84] Epoch: [69], Info: [{'num_test': 100, 'len_tra': 8.0, 'R_tra': 29.321963913440705, 'ctr': '3.66525', 'CV': '0.00101', 'CV_turn': '0.00500', 'Diversity': '0.84805', 'Novelty': '5.34424', 'ifeat_feat': 1.0, 'NX_0_len_tra': 30.0, 'NX_0_R_tra': 56.63211387723684, 'NX_0_ctr': '1.88774', 'NX_0_CV': '0.00759', 'NX_0_CV_turn': '0.01000', 'NX_0_Diversity': '0.99318', 'NX_0_Novelty': '6.52044', 'NX_0_ifeat_feat': 0.7666666666666667, 'NX_10_len_tra': 10.0, 'NX_10_R_tra': 23.055806314945222, 'NX_10_ctr': '2.30558', 'NX_10_CV': '0.00278', 'NX_10_CV_turn': '0.01100', 'NX_10_Diversity': '0.99331', 'NX_10_Novelty': '5.73530', 'NX_10_ifeat_feat': 1.0}]
[I 240110 23:00:45 loggers:84] Epoch: [70], Info: [{'num_test': 100, 'len_tra': 8.0, 'R_tra': 28.603154734373092, 'ctr': '3.57539', 'CV': '0.00101', 'CV_turn': '0.00500', 'Diversity': '0.84805', 'Novelty': '5.34424', 'ifeat_feat': 1.0, 'NX_0_len_tra': 30.0, 'NX_0_R_tra': 53.8029661732167, 'NX_0_ctr': '1.79343', 'NX_0_CV': '0.00784', 'NX_0_CV_turn': '0.01033', 'NX_0_Diversity': '0.99320', 'NX_0_Novelty': '6.46025', 'NX_0_ifeat_feat': 0.7686666666666667, 'NX_10_len_tra': 10.0, 'NX_10_R_tra': 22.013587797284128, 'NX_10_ctr': '2.20136', 'NX_10_CV': '0.00278', 'NX_10_CV_turn': '0.01100', 'NX_10_Diversity': '0.99336', 'NX_10_Novelty': '5.73750', 'NX_10_ifeat_feat': 0.904}]
[I 240110 23:03:33 loggers:84] Epoch: [71], Info: [{'num_test': 100, 'len_tra': 8.0, 'R_tra': 23.35026746034622, 'ctr': '2.91878', 'CV': '0.00101', 'CV_turn': '0.00500', 'Diversity': '0.85087', 'Novelty': '5.94371', 'ifeat_feat': 1.0, 'NX_0_len_tra': 30.0, 'NX_0_R_tra': 54.745784601904454, 'NX_0_ctr': '1.82486', 'NX_0_CV': '0.00784', 'NX_0_CV_turn': '0.01033', 'NX_0_Diversity': '0.99318', 'NX_0_Novelty': '6.46369', 'NX_0_ifeat_feat': 0.7666666666666667, 'NX_10_len_tra': 10.0, 'NX_10_R_tra': 21.517186639904978, 'NX_10_ctr': '2.15172', 'NX_10_CV': '0.00304', 'NX_10_CV_turn': '0.01200', 'NX_10_Diversity': '0.99336', 'NX_10_Novelty': '5.73489', 'NX_10_ifeat_feat': 0.904}]
[I 240110 23:06:33 loggers:84] Epoch: [72], Info: [{'num_test': 100, 'len_tra': 8.0, 'R_tra': 29.254396979808806, 'ctr': '3.65680', 'CV': '0.00101', 'CV_turn': '0.00500', 'Diversity': '0.84805', 'Novelty': '5.34424', 'ifeat_feat': 1.0, 'NX_0_len_tra': 30.0, 'NX_0_R_tra': 54.23059116259217, 'NX_0_ctr': '1.80769', 'NX_0_CV': '0.00835', 'NX_0_CV_turn': '0.01100', 'NX_0_Diversity': '0.99320', 'NX_0_Novelty': '6.34633', 'NX_0_ifeat_feat': 0.7706666666666667, 'NX_10_len_tra': 10.0, 'NX_10_R_tra': 21.609434017762542, 'NX_10_ctr': '2.16094', 'NX_10_CV': '0.00278', 'NX_10_CV_turn': '0.01100', 'NX_10_Diversity': '0.99333', 'NX_10_Novelty': '5.71992', 'NX_10_ifeat_feat': 0.912}]
[I 240110 23:09:26 loggers:84] Epoch: [73], Info: [{'num_test': 100, 'len_tra': 8.0, 'R_tra': 29.030170063972474, 'ctr': '3.62877', 'CV': '0.00101', 'CV_turn': '0.00500', 'Diversity': '0.84805', 'Novelty': '5.34424', 'ifeat_feat': 1.0, 'NX_0_len_tra': 30.0, 'NX_0_R_tra': 55.299908778965474, 'NX_0_ctr': '1.84333', 'NX_0_CV': '0.00810', 'NX_0_CV_turn': '0.01067', 'NX_0_Diversity': '0.99319', 'NX_0_Novelty': '6.36132', 'NX_0_ifeat_feat': 0.7666666666666667, 'NX_10_len_tra': 10.0, 'NX_10_R_tra': 20.365022661685945, 'NX_10_ctr': '2.03650', 'NX_10_CV': '0.00278', 'NX_10_CV_turn': '0.01100', 'NX_10_Diversity': '0.99323', 'NX_10_Novelty': '5.27553', 'NX_10_ifeat_feat': 1.0}]
[I 240110 23:12:08 loggers:84] Epoch: [74], Info: [{'num_test': 100, 'len_tra': 8.0, 'R_tra': 23.32819672822952, 'ctr': '2.91602', 'CV': '0.00101', 'CV_turn': '0.00500', 'Diversity': '0.85087', 'Novelty': '5.94371', 'ifeat_feat': 1.0, 'NX_0_len_tra': 30.0, 'NX_0_R_tra': 53.354501646086575, 'NX_0_ctr': '1.77848', 'NX_0_CV': '0.00784', 'NX_0_CV_turn': '0.01033', 'NX_0_Diversity': '0.99318', 'NX_0_Novelty': '6.42207', 'NX_0_ifeat_feat': 0.7666666666666667, 'NX_10_len_tra': 10.0, 'NX_10_R_tra': 21.133331070505083, 'NX_10_ctr': '2.11333', 'NX_10_CV': '0.00278', 'NX_10_CV_turn': '0.01100', 'NX_10_Diversity': '0.99315', 'NX_10_Novelty': '5.33714', 'NX_10_ifeat_feat': 1.0}]
[I 240110 23:14:38 loggers:84] Epoch: [75], Info: [{'num_test': 100, 'len_tra': 8.0, 'R_tra': 28.276268614530565, 'ctr': '3.53453', 'CV': '0.00101', 'CV_turn': '0.00500', 'Diversity': '0.84890', 'Novelty': '4.68286', 'ifeat_feat': 1.0, 'NX_0_len_tra': 30.0, 'NX_0_R_tra': 54.404693785924465, 'NX_0_ctr': '1.81349', 'NX_0_CV': '0.00784', 'NX_0_CV_turn': '0.01033', 'NX_0_Diversity': '0.99314', 'NX_0_Novelty': '6.54360', 'NX_0_ifeat_feat': 0.7666666666666667, 'NX_10_len_tra': 10.0, 'NX_10_R_tra': 21.777569970190527, 'NX_10_ctr': '2.17776', 'NX_10_CV': '0.00278', 'NX_10_CV_turn': '0.01100', 'NX_10_Diversity': '0.99314', 'NX_10_Novelty': '5.33991', 'NX_10_ifeat_feat': 1.0}]
[I 240110 23:16:58 loggers:84] Epoch: [76], Info: [{'num_test': 100, 'len_tra': 8.0, 'R_tra': 29.810050933361055, 'ctr': '3.72626', 'CV': '0.00101', 'CV_turn': '0.00500', 'Diversity': '0.84805', 'Novelty': '5.34424', 'ifeat_feat': 1.0, 'NX_0_len_tra': 30.0, 'NX_0_R_tra': 54.756048638746144, 'NX_0_ctr': '1.82520', 'NX_0_CV': '0.00784', 'NX_0_CV_turn': '0.01033', 'NX_0_Diversity': '0.99313', 'NX_0_Novelty': '6.54194', 'NX_0_ifeat_feat': 0.7333333333333333, 'NX_10_len_tra': 10.0, 'NX_10_R_tra': 21.026825052648782, 'NX_10_ctr': '2.10268', 'NX_10_CV': '0.00278', 'NX_10_CV_turn': '0.01100', 'NX_10_Diversity': '0.99315', 'NX_10_Novelty': '5.32695', 'NX_10_ifeat_feat': 1.0}]
[I 240110 23:19:11 loggers:84] Epoch: [77], Info: [{'num_test': 100, 'len_tra': 8.0, 'R_tra': 25.5782177990675, 'ctr': '3.19728', 'CV': '0.00101', 'CV_turn': '0.00500', 'Diversity': '0.85037', 'Novelty': '5.05488', 'ifeat_feat': 1.0, 'NX_0_len_tra': 30.0, 'NX_0_R_tra': 54.05135357841849, 'NX_0_ctr': '1.80171', 'NX_0_CV': '0.00759', 'NX_0_CV_turn': '0.01000', 'NX_0_Diversity': '0.99312', 'NX_0_Novelty': '6.60518', 'NX_0_ifeat_feat': 0.7666666666666667, 'NX_10_len_tra': 10.0, 'NX_10_R_tra': 20.93389663234353, 'NX_10_ctr': '2.09339', 'NX_10_CV': '0.00278', 'NX_10_CV_turn': '0.01100', 'NX_10_Diversity': '0.99315', 'NX_10_Novelty': '5.32695', 'NX_10_ifeat_feat': 1.0}]
[I 240110 23:21:23 loggers:84] Epoch: [78], Info: [{'num_test': 100, 'len_tra': 8.0, 'R_tra': 29.06940784573555, 'ctr': '3.63368', 'CV': '0.00101', 'CV_turn': '0.00500', 'Diversity': '0.84805', 'Novelty': '5.34424', 'ifeat_feat': 1.0, 'NX_0_len_tra': 30.0, 'NX_0_R_tra': 54.59036566287279, 'NX_0_ctr': '1.81968', 'NX_0_CV': '0.00784', 'NX_0_CV_turn': '0.01033', 'NX_0_Diversity': '0.99316', 'NX_0_Novelty': '6.45431', 'NX_0_ifeat_feat': 0.7333333333333333, 'NX_10_len_tra': 10.0, 'NX_10_R_tra': 21.61420910000801, 'NX_10_ctr': '2.16142', 'NX_10_CV': '0.00278', 'NX_10_CV_turn': '0.01100', 'NX_10_Diversity': '0.99315', 'NX_10_Novelty': '5.32899', 'NX_10_ifeat_feat': 1.0}]
[I 240110 23:23:36 loggers:84] Epoch: [79], Info: [{'num_test': 100, 'len_tra': 8.0, 'R_tra': 29.396506867408753, 'ctr': '3.67456', 'CV': '0.00101', 'CV_turn': '0.00500', 'Diversity': '0.84805', 'Novelty': '5.34424', 'ifeat_feat': 1.0, 'NX_0_len_tra': 30.0, 'NX_0_R_tra': 56.061257133409384, 'NX_0_ctr': '1.86871', 'NX_0_CV': '0.00759', 'NX_0_CV_turn': '0.01000', 'NX_0_Diversity': '0.99308', 'NX_0_Novelty': '6.53587', 'NX_0_ifeat_feat': 0.7666666666666667, 'NX_10_len_tra': 10.0, 'NX_10_R_tra': 23.02120838791132, 'NX_10_ctr': '2.30212', 'NX_10_CV': '0.00278', 'NX_10_CV_turn': '0.01100', 'NX_10_Diversity': '0.99329', 'NX_10_Novelty': '5.68453', 'NX_10_ifeat_feat': 1.0}]
[I 240110 23:25:48 loggers:84] Epoch: [80], Info: [{'num_test': 100, 'len_tra': 8.0, 'R_tra': 28.47255540370941, 'ctr': '3.55907', 'CV': '0.00101', 'CV_turn': '0.00500', 'Diversity': '0.84890', 'Novelty': '4.68286', 'ifeat_feat': 1.0, 'NX_0_len_tra': 30.0, 'NX_0_R_tra': 55.19530947715044, 'NX_0_ctr': '1.83984', 'NX_0_CV': '0.00759', 'NX_0_CV_turn': '0.01000', 'NX_0_Diversity': '0.99308', 'NX_0_Novelty': '6.60518', 'NX_0_ifeat_feat': 0.8, 'NX_10_len_tra': 10.0, 'NX_10_R_tra': 21.62206313550472, 'NX_10_ctr': '2.16221', 'NX_10_CV': '0.00278', 'NX_10_CV_turn': '0.01100', 'NX_10_Diversity': '0.99328', 'NX_10_Novelty': '5.38497', 'NX_10_ifeat_feat': 0.9}]
[I 240110 23:28:02 loggers:84] Epoch: [81], Info: [{'num_test': 100, 'len_tra': 8.0, 'R_tra': 29.4736057639122, 'ctr': '3.68420', 'CV': '0.00101', 'CV_turn': '0.00500', 'Diversity': '0.84805', 'Novelty': '5.34424', 'ifeat_feat': 1.0, 'NX_0_len_tra': 30.0, 'NX_0_R_tra': 57.465713564753536, 'NX_0_ctr': '1.91552', 'NX_0_CV': '0.00759', 'NX_0_CV_turn': '0.01000', 'NX_0_Diversity': '0.99318', 'NX_0_Novelty': '6.60518', 'NX_0_ifeat_feat': 0.8333333333333334, 'NX_10_len_tra': 10.0, 'NX_10_R_tra': 21.423144573420288, 'NX_10_ctr': '2.14231', 'NX_10_CV': '0.00278', 'NX_10_CV_turn': '0.01100', 'NX_10_Diversity': '0.99316', 'NX_10_Novelty': '5.33142', 'NX_10_ifeat_feat': 1.0}]
[I 240110 23:30:15 loggers:84] Epoch: [82], Info: [{'num_test': 100, 'len_tra': 8.0, 'R_tra': 28.90551936864853, 'ctr': '3.61319', 'CV': '0.00101', 'CV_turn': '0.00500', 'Diversity': '0.84805', 'Novelty': '5.34424', 'ifeat_feat': 1.0, 'NX_0_len_tra': 30.0, 'NX_0_R_tra': 55.59709549445659, 'NX_0_ctr': '1.85324', 'NX_0_CV': '0.00759', 'NX_0_CV_turn': '0.01000', 'NX_0_Diversity': '0.99314', 'NX_0_Novelty': '6.53587', 'NX_0_ifeat_feat': 0.8, 'NX_10_len_tra': 10.0, 'NX_10_R_tra': 21.419016599953174, 'NX_10_ctr': '2.14190', 'NX_10_CV': '0.00278', 'NX_10_CV_turn': '0.01100', 'NX_10_Diversity': '0.99315', 'NX_10_Novelty': '5.33565', 'NX_10_ifeat_feat': 1.0}]
[I 240110 23:32:22 loggers:84] Epoch: [83], Info: [{'num_test': 100, 'len_tra': 8.0, 'R_tra': 28.716332116127013, 'ctr': '3.58954', 'CV': '0.00101', 'CV_turn': '0.00500', 'Diversity': '0.84805', 'Novelty': '5.34424', 'ifeat_feat': 1.0, 'NX_0_len_tra': 30.0, 'NX_0_R_tra': 55.94014107644558, 'NX_0_ctr': '1.86467', 'NX_0_CV': '0.00784', 'NX_0_CV_turn': '0.01033', 'NX_0_Diversity': '0.99314', 'NX_0_Novelty': '6.46823', 'NX_0_ifeat_feat': 0.767, 'NX_10_len_tra': 10.0, 'NX_10_R_tra': 21.84991813361645, 'NX_10_ctr': '2.18499', 'NX_10_CV': '0.00304', 'NX_10_CV_turn': '0.01200', 'NX_10_Diversity': '0.99315', 'NX_10_Novelty': '5.34268', 'NX_10_ifeat_feat': 0.999}]
[I 240110 23:34:34 loggers:84] Epoch: [84], Info: [{'num_test': 100, 'len_tra': 8.0, 'R_tra': 27.813635883331298, 'ctr': '3.47670', 'CV': '0.00101', 'CV_turn': '0.00500', 'Diversity': '0.84890', 'Novelty': '4.68286', 'ifeat_feat': 1.0, 'NX_0_len_tra': 30.0, 'NX_0_R_tra': 54.73504789724946, 'NX_0_ctr': '1.82450', 'NX_0_CV': '0.00784', 'NX_0_CV_turn': '0.01033', 'NX_0_Diversity': '0.99328', 'NX_0_Novelty': '6.41800', 'NX_0_ifeat_feat': 0.7336666666666667, 'NX_10_len_tra': 10.0, 'NX_10_R_tra': 21.195877212285996, 'NX_10_ctr': '2.11959', 'NX_10_CV': '0.00304', 'NX_10_CV_turn': '0.01200', 'NX_10_Diversity': '0.99318', 'NX_10_Novelty': '5.44873', 'NX_10_ifeat_feat': 0.904}]
[I 240110 23:37:29 loggers:84] Epoch: [85], Info: [{'num_test': 100, 'len_tra': 8.0, 'R_tra': 29.301177002191544, 'ctr': '3.66265', 'CV': '0.00101', 'CV_turn': '0.00500', 'Diversity': '0.84805', 'Novelty': '5.34424', 'ifeat_feat': 1.0, 'NX_0_len_tra': 30.0, 'NX_0_R_tra': 55.190547073110935, 'NX_0_ctr': '1.83968', 'NX_0_CV': '0.00784', 'NX_0_CV_turn': '0.01033', 'NX_0_Diversity': '0.99327', 'NX_0_Novelty': '6.32878', 'NX_0_ifeat_feat': 0.7683333333333333, 'NX_10_len_tra': 10.0, 'NX_10_R_tra': 23.47616704083979, 'NX_10_ctr': '2.34762', 'NX_10_CV': '0.00278', 'NX_10_CV_turn': '0.01100', 'NX_10_Diversity': '0.99301', 'NX_10_Novelty': '5.93851', 'NX_10_ifeat_feat': 0.903}]
[I 240110 23:39:44 loggers:84] Epoch: [86], Info: [{'num_test': 100, 'len_tra': 8.0, 'R_tra': 28.864449852705, 'ctr': '3.60806', 'CV': '0.00101', 'CV_turn': '0.00500', 'Diversity': '0.84805', 'Novelty': '5.34424', 'ifeat_feat': 1.0, 'NX_0_len_tra': 30.0, 'NX_0_R_tra': 52.33698478281498, 'NX_0_ctr': '1.74457', 'NX_0_CV': '0.00784', 'NX_0_CV_turn': '0.01033', 'NX_0_Diversity': '0.99319', 'NX_0_Novelty': '6.30576', 'NX_0_ifeat_feat': 0.7676666666666667, 'NX_10_len_tra': 10.0, 'NX_10_R_tra': 23.28273006543517, 'NX_10_ctr': '2.32827', 'NX_10_CV': '0.00278', 'NX_10_CV_turn': '0.01100', 'NX_10_Diversity': '0.99301', 'NX_10_Novelty': '5.93450', 'NX_10_ifeat_feat': 0.9}]
[I 240110 23:41:50 loggers:84] Epoch: [87], Info: [{'num_test': 100, 'len_tra': 8.0, 'R_tra': 28.537707933187484, 'ctr': '3.56721', 'CV': '0.00101', 'CV_turn': '0.00500', 'Diversity': '0.84805', 'Novelty': '5.34424', 'ifeat_feat': 1.0, 'NX_0_len_tra': 30.0, 'NX_0_R_tra': 52.12102829277515, 'NX_0_ctr': '1.73737', 'NX_0_CV': '0.00784', 'NX_0_CV_turn': '0.01033', 'NX_0_Diversity': '0.99319', 'NX_0_Novelty': '6.30364', 'NX_0_ifeat_feat': 0.767, 'NX_10_len_tra': 10.0, 'NX_10_R_tra': 20.419410453885792, 'NX_10_ctr': '2.04194', 'NX_10_CV': '0.00304', 'NX_10_CV_turn': '0.01200', 'NX_10_Diversity': '0.99343', 'NX_10_Novelty': '5.79556', 'NX_10_ifeat_feat': 0.9}]
[I 240110 23:44:00 loggers:84] Epoch: [88], Info: [{'num_test': 100, 'len_tra': 8.0, 'R_tra': 29.572485291957854, 'ctr': '3.69656', 'CV': '0.00101', 'CV_turn': '0.00500', 'Diversity': '0.84805', 'Novelty': '5.34424', 'ifeat_feat': 1.0, 'NX_0_len_tra': 30.0, 'NX_0_R_tra': 56.089643314257266, 'NX_0_ctr': '1.86965', 'NX_0_CV': '0.00759', 'NX_0_CV_turn': '0.01000', 'NX_0_Diversity': '0.99336', 'NX_0_Novelty': '6.25223', 'NX_0_ifeat_feat': 0.7333333333333333, 'NX_10_len_tra': 10.0, 'NX_10_R_tra': 19.237820714525878, 'NX_10_ctr': '1.92378', 'NX_10_CV': '0.00253', 'NX_10_CV_turn': '0.01000', 'NX_10_Diversity': '0.99307', 'NX_10_Novelty': '5.95619', 'NX_10_ifeat_feat': 0.9}]
[I 240110 23:46:13 loggers:84] Epoch: [89], Info: [{'num_test': 100, 'len_tra': 8.0, 'R_tra': 29.29354969739914, 'ctr': '3.66169', 'CV': '0.00101', 'CV_turn': '0.00500', 'Diversity': '0.84805', 'Novelty': '5.34424', 'ifeat_feat': 1.0, 'NX_0_len_tra': 30.0, 'NX_0_R_tra': 53.05117219284177, 'NX_0_ctr': '1.76837', 'NX_0_CV': '0.00784', 'NX_0_CV_turn': '0.01033', 'NX_0_Diversity': '0.99322', 'NX_0_Novelty': '6.35185', 'NX_0_ifeat_feat': 0.7663333333333333, 'NX_10_len_tra': 10.0, 'NX_10_R_tra': 22.353136060684918, 'NX_10_ctr': '2.23531', 'NX_10_CV': '0.00253', 'NX_10_CV_turn': '0.01000', 'NX_10_Diversity': '0.99328', 'NX_10_Novelty': '6.25302', 'NX_10_ifeat_feat': 0.9}]
[I 240110 23:48:39 loggers:84] Epoch: [90], Info: [{'num_test': 100, 'len_tra': 8.0, 'R_tra': 29.234922004938127, 'ctr': '3.65437', 'CV': '0.00101', 'CV_turn': '0.00500', 'Diversity': '0.84805', 'Novelty': '5.34424', 'ifeat_feat': 1.0, 'NX_0_len_tra': 30.0, 'NX_0_R_tra': 57.17732307046652, 'NX_0_ctr': '1.90591', 'NX_0_CV': '0.00759', 'NX_0_CV_turn': '0.01000', 'NX_0_Diversity': '0.99327', 'NX_0_Novelty': '6.50925', 'NX_0_ifeat_feat': 0.7333333333333333, 'NX_10_len_tra': 10.0, 'NX_10_R_tra': 22.884242535829543, 'NX_10_ctr': '2.28842', 'NX_10_CV': '0.00278', 'NX_10_CV_turn': '0.01100', 'NX_10_Diversity': '0.99336', 'NX_10_Novelty': '5.61006', 'NX_10_ifeat_feat': 0.9}]
[I 240110 23:51:17 loggers:84] Epoch: [91], Info: [{'num_test': 100, 'len_tra': 8.0, 'R_tra': 22.767424573898314, 'ctr': '2.84593', 'CV': '0.00101', 'CV_turn': '0.00500', 'Diversity': '0.85087', 'Novelty': '5.94371', 'ifeat_feat': 1.0, 'NX_0_len_tra': 30.0, 'NX_0_R_tra': 56.268718605190514, 'NX_0_ctr': '1.87562', 'NX_0_CV': '0.00784', 'NX_0_CV_turn': '0.01033', 'NX_0_Diversity': '0.99330', 'NX_0_Novelty': '6.27713', 'NX_0_ifeat_feat': 0.7333333333333333, 'NX_10_len_tra': 10.0, 'NX_10_R_tra': 20.42106880888343, 'NX_10_ctr': '2.04211', 'NX_10_CV': '0.00253', 'NX_10_CV_turn': '0.01000', 'NX_10_Diversity': '0.99342', 'NX_10_Novelty': '6.11200', 'NX_10_ifeat_feat': 0.9}]
[I 240110 23:54:04 loggers:84] Epoch: [92], Info: [{'num_test': 100, 'len_tra': 8.0, 'R_tra': 29.094663704633714, 'ctr': '3.63683', 'CV': '0.00101', 'CV_turn': '0.00500', 'Diversity': '0.84805', 'Novelty': '5.34424', 'ifeat_feat': 1.0, 'NX_0_len_tra': 30.0, 'NX_0_R_tra': 56.305512493252756, 'NX_0_ctr': '1.87685', 'NX_0_CV': '0.00810', 'NX_0_CV_turn': '0.01067', 'NX_0_Diversity': '0.99327', 'NX_0_Novelty': '6.50664', 'NX_0_ifeat_feat': 0.7333333333333333, 'NX_10_len_tra': 10.0, 'NX_10_R_tra': 23.848845597952604, 'NX_10_ctr': '2.38488', 'NX_10_CV': '0.00253', 'NX_10_CV_turn': '0.01000', 'NX_10_Diversity': '0.99330', 'NX_10_Novelty': '6.52711', 'NX_10_ifeat_feat': 0.8}]
[I 240110 23:56:41 loggers:84] Epoch: [93], Info: [{'num_test': 100, 'len_tra': 8.0, 'R_tra': 30.431803395748137, 'ctr': '3.80398', 'CV': '0.00101', 'CV_turn': '0.00500', 'Diversity': '0.84699', 'Novelty': '5.36807', 'ifeat_feat': 0.75, 'NX_0_len_tra': 30.0, 'NX_0_R_tra': 56.64079536370933, 'NX_0_ctr': '1.88803', 'NX_0_CV': '0.00784', 'NX_0_CV_turn': '0.01033', 'NX_0_Diversity': '0.99332', 'NX_0_Novelty': '6.42013', 'NX_0_ifeat_feat': 0.7, 'NX_10_len_tra': 10.0, 'NX_10_R_tra': 23.609428680837155, 'NX_10_ctr': '2.36094', 'NX_10_CV': '0.00253', 'NX_10_CV_turn': '0.01000', 'NX_10_Diversity': '0.99332', 'NX_10_Novelty': '5.61719', 'NX_10_ifeat_feat': 0.8}]
[I 240110 23:59:12 loggers:84] Epoch: [94], Info: [{'num_test': 100, 'len_tra': 8.0, 'R_tra': 30.799581208229064, 'ctr': '3.84995', 'CV': '0.00101', 'CV_turn': '0.00500', 'Diversity': '0.84699', 'Novelty': '5.36807', 'ifeat_feat': 0.75, 'NX_0_len_tra': 30.0, 'NX_0_R_tra': 55.67387265414, 'NX_0_ctr': '1.85580', 'NX_0_CV': '0.00784', 'NX_0_CV_turn': '0.01033', 'NX_0_Diversity': '0.99332', 'NX_0_Novelty': '6.41843', 'NX_0_ifeat_feat': 0.7, 'NX_10_len_tra': 10.0, 'NX_10_R_tra': 23.880887935310604, 'NX_10_ctr': '2.38809', 'NX_10_CV': '0.00253', 'NX_10_CV_turn': '0.01000', 'NX_10_Diversity': '0.99309', 'NX_10_Novelty': '5.87157', 'NX_10_ifeat_feat': 0.9}]
[I 240111 00:01:24 loggers:84] Epoch: [95], Info: [{'num_test': 100, 'len_tra': 8.0, 'R_tra': 30.89386001586914, 'ctr': '3.86173', 'CV': '0.00101', 'CV_turn': '0.00500', 'Diversity': '0.84699', 'Novelty': '5.36807', 'ifeat_feat': 0.75, 'NX_0_len_tra': 30.0, 'NX_0_R_tra': 57.216084253937005, 'NX_0_ctr': '1.90720', 'NX_0_CV': '0.00784', 'NX_0_CV_turn': '0.01033', 'NX_0_Diversity': '0.99332', 'NX_0_Novelty': '6.41781', 'NX_0_ifeat_feat': 0.7003333333333334, 'NX_10_len_tra': 10.0, 'NX_10_R_tra': 23.15422747656703, 'NX_10_ctr': '2.31542', 'NX_10_CV': '0.00278', 'NX_10_CV_turn': '0.01100', 'NX_10_Diversity': '0.99309', 'NX_10_Novelty': '5.87447', 'NX_10_ifeat_feat': 0.9}]
[I 240111 00:03:39 loggers:84] Epoch: [96], Info: [{'num_test': 100, 'len_tra': 8.0, 'R_tra': 30.44950067281723, 'ctr': '3.80619', 'CV': '0.00101', 'CV_turn': '0.00500', 'Diversity': '0.84699', 'Novelty': '5.36807', 'ifeat_feat': 0.75, 'NX_0_len_tra': 30.0, 'NX_0_R_tra': 56.343165942057965, 'NX_0_ctr': '1.87811', 'NX_0_CV': '0.00759', 'NX_0_CV_turn': '0.01000', 'NX_0_Diversity': '0.99332', 'NX_0_Novelty': '6.41683', 'NX_0_ifeat_feat': 0.7, 'NX_10_len_tra': 10.0, 'NX_10_R_tra': 21.404885001927614, 'NX_10_ctr': '2.14049', 'NX_10_CV': '0.00253', 'NX_10_CV_turn': '0.01000', 'NX_10_Diversity': '0.99319', 'NX_10_Novelty': '5.75582', 'NX_10_ifeat_feat': 0.9}]
[I 240111 00:05:46 loggers:84] Epoch: [97], Info: [{'num_test': 100, 'len_tra': 8.0, 'R_tra': 31.123338487148285, 'ctr': '3.89042', 'CV': '0.00101', 'CV_turn': '0.00500', 'Diversity': '0.84699', 'Novelty': '5.36807', 'ifeat_feat': 0.75, 'NX_0_len_tra': 30.0, 'NX_0_R_tra': 56.72830399349332, 'NX_0_ctr': '1.89094', 'NX_0_CV': '0.00784', 'NX_0_CV_turn': '0.01033', 'NX_0_Diversity': '0.99329', 'NX_0_Novelty': '6.48599', 'NX_0_ifeat_feat': 0.733, 'NX_10_len_tra': 10.0, 'NX_10_R_tra': 22.642395763397218, 'NX_10_ctr': '2.26424', 'NX_10_CV': '0.00278', 'NX_10_CV_turn': '0.01100', 'NX_10_Diversity': '0.99336', 'NX_10_Novelty': '6.02100', 'NX_10_ifeat_feat': 0.8}]
[I 240111 00:08:05 loggers:84] Epoch: [98], Info: [{'num_test': 100, 'len_tra': 8.0, 'R_tra': 30.374794216156005, 'ctr': '3.79685', 'CV': '0.00101', 'CV_turn': '0.00500', 'Diversity': '0.84699', 'Novelty': '5.36807', 'ifeat_feat': 0.75, 'NX_0_len_tra': 30.0, 'NX_0_R_tra': 57.691992017254236, 'NX_0_ctr': '1.92307', 'NX_0_CV': '0.00759', 'NX_0_CV_turn': '0.01000', 'NX_0_Diversity': '0.99332', 'NX_0_Novelty': '6.41683', 'NX_0_ifeat_feat': 0.7, 'NX_10_len_tra': 10.0, 'NX_10_R_tra': 23.011008302867413, 'NX_10_ctr': '2.30110', 'NX_10_CV': '0.00253', 'NX_10_CV_turn': '0.01000', 'NX_10_Diversity': '0.99336', 'NX_10_Novelty': '6.02037', 'NX_10_ifeat_feat': 0.8}]
[I 240111 00:11:05 loggers:84] Epoch: [99], Info: [{'num_test': 100, 'len_tra': 8.0, 'R_tra': 31.166289777755736, 'ctr': '3.89579', 'CV': '0.00101', 'CV_turn': '0.00500', 'Diversity': '0.84699', 'Novelty': '5.36807', 'ifeat_feat': 0.75, 'NX_0_len_tra': 30.0, 'NX_0_R_tra': 57.03874024361372, 'NX_0_ctr': '1.90129', 'NX_0_CV': '0.00784', 'NX_0_CV_turn': '0.01033', 'NX_0_Diversity': '0.99332', 'NX_0_Novelty': '6.41811', 'NX_0_ifeat_feat': 0.7, 'NX_10_len_tra': 10.0, 'NX_10_R_tra': 23.040529378429056, 'NX_10_ctr': '2.30405', 'NX_10_CV': '0.00253', 'NX_10_CV_turn': '0.01000', 'NX_10_Diversity': '0.99336', 'NX_10_Novelty': '6.02037', 'NX_10_ifeat_feat': 0.8}]
[I 240111 00:14:00 loggers:84] Epoch: [100], Info: [{'num_test': 100, 'len_tra': 8.0, 'R_tra': 31.491716029644014, 'ctr': '3.93646', 'CV': '0.00101', 'CV_turn': '0.00500', 'Diversity': '0.84699', 'Novelty': '5.36807', 'ifeat_feat': 0.75, 'NX_0_len_tra': 30.0, 'NX_0_R_tra': 57.29358322739601, 'NX_0_ctr': '1.90979', 'NX_0_CV': '0.00784', 'NX_0_CV_turn': '0.01033', 'NX_0_Diversity': '0.99332', 'NX_0_Novelty': '6.41928', 'NX_0_ifeat_feat': 0.7003333333333334, 'NX_10_len_tra': 10.0, 'NX_10_R_tra': 22.777126153856514, 'NX_10_ctr': '2.27771', 'NX_10_CV': '0.00278', 'NX_10_CV_turn': '0.01100', 'NX_10_Diversity': '0.99348', 'NX_10_Novelty': '5.54548', 'NX_10_ifeat_feat': 0.9}]
[I 240111 00:14:00 policy_utils:407] {'duration': '23743.99s', 'train_time/model': '10007.81s', 'test_step': 63952, 'test_episode': 10100, 'test_time': '65.05s', 'test_speed': '983.05 step/s', 'best_reward': 31.491716029644014, 'best_result': '31.49  3.32', 'train_step': 10041385, 'train_episode': 1198400, 'train_time/collector': '13671.13s', 'train_speed': '424.06 step/s'}
