[I 240110 17:37:03 policy_utils:158] {
      "env": "MovieLensEnv-v0",
      "user_model_name": "DeepFM",
      "seed": 2023,
      "cuda": 6,
      "remove_recommended_ids": false,
      "draw_bar": false,
      "is_userinfo": true,
      "is_all_item_ranking": false,
      "cpu": false,
      "is_save": false,
      "use_userEmbedding": false,
      "use_pretrained_embedding": true,
      "exploration_noise": false,
      "explore_eps": 0.01,
      "need_state_norm": false,
      "freeze_emb": false,
      "reward_handle": "cat",
      "which_tracker": "avg",
      "embedding_dim": 32,
      "window_size": 3,
      "random_init": true,
      "filter_sizes": [
        2,
        3,
        4
      ],
      "num_filters": 16,
      "dropout_rate": 0.1,
      "num_heads": 1,
      "dilations": "[1, 2, 1, 2, 1, 2]",
      "buffer_size": 100000,
      "lr": 0.001,
      "epoch": 100,
      "batch_size": 1024,
      "hidden_sizes": [
        64,
        64
      ],
      "episode_per_collect": 100,
      "n_step": 3,
      "update_per_step": 0.125,
      "training_num": 100,
      "test_num": 100,
      "render": 0,
      "reward_threshold": null,
      "gamma": 0.9,
      "step_per_epoch": 100000,
      "step_per_collect": 100,
      "repeat_per_collect": 1,
      "logdir": "log",
      "read_message": "pointneg3",
      "all_item_ranking": false,
      "is_binarize": true,
      "need_transform": true,
      "use_auxiliary": true,
      "entropy_window": [
        1,
        2
      ],
      "rating_threshold": 4,
      "yfeat": "rating",
      "leave_threshold": 75.0,
      "num_leave_compute": 7,
      "max_turn": 30,
      "force_length": 10,
      "top_rate": 0.8,
      "model_name": "ContinuousPPO",
      "vf_coef": 0.25,
      "ent_coef": 0.0,
      "eps_clip": 0.2,
      "max_grad_norm": 0.5,
      "gae_lambda": 0.95,
      "rew_norm": false,
      "norm_adv": true,
      "recompute_adv": false,
      "dual_clip": null,
      "value_clip": true,
      "remap_eps": 0.01,
      "message": "ContinuousPPO-75-7",
      "hostname": "server3"
    }
[I 240110 17:49:40 loggers:84] Epoch: [1], Info: [{'num_test': 100, 'len_tra': 3.09, 'R_tra': 10.71497594833374, 'ctr': '3.46763', 'CV': '0.00962', 'CV_turn': '0.12298', 'Diversity': '0.72843', 'Novelty': '4.31814', 'ifeat_feat': 0.6440129449838188, 'NX_0_len_tra': 3.85, 'NX_0_R_tra': 13.412391973137856, 'NX_0_ctr': '3.48374', 'NX_0_CV': '0.01392', 'NX_0_CV_turn': '0.14286', 'NX_0_Diversity': '0.98620', 'NX_0_Novelty': '4.39932', 'NX_0_ifeat_feat': 0.7324675324675325, 'NX_10_len_tra': 10.0, 'NX_10_R_tra': 35.71073570728302, 'NX_10_ctr': '3.57107', 'NX_10_CV': '0.01898', 'NX_10_CV_turn': '0.07500', 'NX_10_Diversity': '0.98642', 'NX_10_Novelty': '4.89323', 'NX_10_ifeat_feat': 0.814}]
[I 240110 18:01:14 loggers:84] Epoch: [2], Info: [{'num_test': 100, 'len_tra': 5.74, 'R_tra': 20.19190199315548, 'ctr': '3.51775', 'CV': '0.00683', 'CV_turn': '0.04704', 'Diversity': '0.85667', 'Novelty': '4.35509', 'ifeat_feat': 0.7857142857142857, 'NX_0_len_tra': 5.47, 'NX_0_R_tra': 19.339274274706842, 'NX_0_ctr': '3.53552', 'NX_0_CV': '0.00962', 'NX_0_CV_turn': '0.06947', 'NX_0_Diversity': '0.98785', 'NX_0_Novelty': '4.58211', 'NX_0_ifeat_feat': 0.8117001828153565, 'NX_10_len_tra': 10.0, 'NX_10_R_tra': 35.89976883083582, 'NX_10_ctr': '3.58998', 'NX_10_CV': '0.01164', 'NX_10_CV_turn': '0.04600', 'NX_10_Diversity': '0.98688', 'NX_10_Novelty': '5.06807', 'NX_10_ifeat_feat': 0.814}]
[I 240110 18:11:42 loggers:84] Epoch: [3], Info: [{'num_test': 100, 'len_tra': 5.5, 'R_tra': 19.0926212695241, 'ctr': '3.47139', 'CV': '0.00607', 'CV_turn': '0.04364', 'Diversity': '0.88937', 'Novelty': '4.18100', 'ifeat_feat': 0.7636363636363637, 'NX_0_len_tra': 4.94, 'NX_0_R_tra': 17.336871421188118, 'NX_0_ctr': '3.50949', 'NX_0_CV': '0.00911', 'NX_0_CV_turn': '0.07287', 'NX_0_Diversity': '0.98798', 'NX_0_Novelty': '4.88209', 'NX_0_ifeat_feat': 0.7813765182186235, 'NX_10_len_tra': 10.0, 'NX_10_R_tra': 34.70709900259972, 'NX_10_ctr': '3.47071', 'NX_10_CV': '0.01290', 'NX_10_CV_turn': '0.05100', 'NX_10_Diversity': '0.98730', 'NX_10_Novelty': '5.33179', 'NX_10_ifeat_feat': 0.823}]
[I 240110 18:21:52 loggers:84] Epoch: [4], Info: [{'num_test': 100, 'len_tra': 5.32, 'R_tra': 18.670088945925237, 'ctr': '3.50942', 'CV': '0.00860', 'CV_turn': '0.06391', 'Diversity': '0.90223', 'Novelty': '4.46577', 'ifeat_feat': 0.7669172932330827, 'NX_0_len_tra': 4.83, 'NX_0_R_tra': 16.909238390922546, 'NX_0_ctr': '3.50088', 'NX_0_CV': '0.01139', 'NX_0_CV_turn': '0.09317', 'NX_0_Diversity': '0.98824', 'NX_0_Novelty': '4.83789', 'NX_0_ifeat_feat': 0.7991718426501035, 'NX_10_len_tra': 10.0, 'NX_10_R_tra': 34.582793409973384, 'NX_10_ctr': '3.45828', 'NX_10_CV': '0.01999', 'NX_10_CV_turn': '0.07900', 'NX_10_Diversity': '0.98725', 'NX_10_Novelty': '5.28063', 'NX_10_ifeat_feat': 0.806}]
[I 240110 18:31:08 loggers:84] Epoch: [5], Info: [{'num_test': 100, 'len_tra': 7.9, 'R_tra': 30.35152914047241, 'ctr': '3.84197', 'CV': '0.00127', 'CV_turn': '0.00633', 'Diversity': '0.84375', 'Novelty': '4.49006', 'ifeat_feat': 0.7544303797468355, 'NX_0_len_tra': 4.92, 'NX_0_R_tra': 19.40742178373039, 'NX_0_ctr': '3.94460', 'NX_0_CV': '0.00405', 'NX_0_CV_turn': '0.03252', 'NX_0_Diversity': '0.98606', 'NX_0_Novelty': '4.45312', 'NX_0_ifeat_feat': 0.7926829268292683, 'NX_10_len_tra': 10.0, 'NX_10_R_tra': 36.31273736074567, 'NX_10_ctr': '3.63127', 'NX_10_CV': '0.00962', 'NX_10_CV_turn': '0.03800', 'NX_10_Diversity': '0.98557', 'NX_10_Novelty': '4.75052', 'NX_10_ifeat_feat': 0.854}]
[I 240110 18:39:16 loggers:84] Epoch: [6], Info: [{'num_test': 100, 'len_tra': 7.63, 'R_tra': 29.93816374063492, 'ctr': '3.92374', 'CV': '0.00228', 'CV_turn': '0.01180', 'Diversity': '0.85747', 'Novelty': '4.50919', 'ifeat_feat': 0.7575360419397117, 'NX_0_len_tra': 4.83, 'NX_0_R_tra': 19.116149839162826, 'NX_0_ctr': '3.95779', 'NX_0_CV': '0.00278', 'NX_0_CV_turn': '0.02277', 'NX_0_Diversity': '0.98625', 'NX_0_Novelty': '4.50746', 'NX_0_ifeat_feat': 0.8074534161490683, 'NX_10_len_tra': 10.0, 'NX_10_R_tra': 36.510576828718186, 'NX_10_ctr': '3.65106', 'NX_10_CV': '0.00860', 'NX_10_CV_turn': '0.03400', 'NX_10_Diversity': '0.98563', 'NX_10_Novelty': '4.66715', 'NX_10_ifeat_feat': 0.882}]
[I 240110 18:47:14 loggers:84] Epoch: [7], Info: [{'num_test': 100, 'len_tra': 7.6, 'R_tra': 29.954931354522706, 'ctr': '3.94144', 'CV': '0.00127', 'CV_turn': '0.00658', 'Diversity': '0.84051', 'Novelty': '4.49077', 'ifeat_feat': 0.7578947368421053, 'NX_0_len_tra': 4.89, 'NX_0_R_tra': 19.14144573569298, 'NX_0_ctr': '3.91441', 'NX_0_CV': '0.00304', 'NX_0_CV_turn': '0.02454', 'NX_0_Diversity': '0.98644', 'NX_0_Novelty': '4.93135', 'NX_0_ifeat_feat': 0.8098159509202454, 'NX_10_len_tra': 10.0, 'NX_10_R_tra': 36.485969934165475, 'NX_10_ctr': '3.64860', 'NX_10_CV': '0.00987', 'NX_10_CV_turn': '0.03900', 'NX_10_Diversity': '0.98550', 'NX_10_Novelty': '4.95213', 'NX_10_ifeat_feat': 0.885}]
[I 240110 18:53:56 loggers:84] Epoch: [8], Info: [{'num_test': 100, 'len_tra': 7.84, 'R_tra': 30.32358371257782, 'ctr': '3.86780', 'CV': '0.00152', 'CV_turn': '0.00765', 'Diversity': '0.84416', 'Novelty': '4.37042', 'ifeat_feat': 0.7551020408163265, 'NX_0_len_tra': 4.98, 'NX_0_R_tra': 19.790590418577196, 'NX_0_ctr': '3.97401', 'NX_0_CV': '0.00253', 'NX_0_CV_turn': '0.02008', 'NX_0_Diversity': '0.98622', 'NX_0_Novelty': '5.12601', 'NX_0_ifeat_feat': 0.8012048192771084, 'NX_10_len_tra': 10.0, 'NX_10_R_tra': 37.885317845344545, 'NX_10_ctr': '3.78853', 'NX_10_CV': '0.00962', 'NX_10_CV_turn': '0.03800', 'NX_10_Diversity': '0.98515', 'NX_10_Novelty': '4.90202', 'NX_10_ifeat_feat': 0.898}]
[I 240110 19:00:17 loggers:84] Epoch: [9], Info: [{'num_test': 100, 'len_tra': 7.75, 'R_tra': 30.15130423307419, 'ctr': '3.89049', 'CV': '0.00101', 'CV_turn': '0.00516', 'Diversity': '0.83926', 'Novelty': '4.41684', 'ifeat_feat': 0.7535483870967742, 'NX_0_len_tra': 4.93, 'NX_0_R_tra': 19.267843404412268, 'NX_0_ctr': '3.90828', 'NX_0_CV': '0.00304', 'NX_0_CV_turn': '0.02434', 'NX_0_Diversity': '0.98630', 'NX_0_Novelty': '5.09256', 'NX_0_ifeat_feat': 0.8012170385395537, 'NX_10_len_tra': 10.0, 'NX_10_R_tra': 35.649829076230525, 'NX_10_ctr': '3.56498', 'NX_10_CV': '0.05693', 'NX_10_CV_turn': '0.22500', 'NX_10_Diversity': '0.98651', 'NX_10_Novelty': '4.98189', 'NX_10_ifeat_feat': 0.914}]
[I 240110 19:06:15 loggers:84] Epoch: [10], Info: [{'num_test': 100, 'len_tra': 6.88, 'R_tra': 26.69558114528656, 'ctr': '3.88017', 'CV': '0.02505', 'CV_turn': '0.14390', 'Diversity': '0.88833', 'Novelty': '4.23332', 'ifeat_feat': 0.8226744186046512, 'NX_0_len_tra': 5.32, 'NX_0_R_tra': 21.36134602665901, 'NX_0_ctr': '4.01529', 'NX_0_CV': '0.00455', 'NX_0_CV_turn': '0.03383', 'NX_0_Diversity': '0.98636', 'NX_0_Novelty': '5.12020', 'NX_0_ifeat_feat': 0.8082706766917294, 'NX_10_len_tra': 10.0, 'NX_10_R_tra': 37.4722365167737, 'NX_10_ctr': '3.74722', 'NX_10_CV': '0.00835', 'NX_10_CV_turn': '0.03300', 'NX_10_Diversity': '0.98551', 'NX_10_Novelty': '5.05083', 'NX_10_ifeat_feat': 0.884}]
[I 240110 19:12:20 loggers:84] Epoch: [11], Info: [{'num_test': 100, 'len_tra': 7.8, 'R_tra': 30.458803398609163, 'ctr': '3.90497', 'CV': '0.00127', 'CV_turn': '0.00641', 'Diversity': '0.84636', 'Novelty': '4.47523', 'ifeat_feat': 0.7538461538461538, 'NX_0_len_tra': 4.98, 'NX_0_R_tra': 19.33129159450531, 'NX_0_ctr': '3.88179', 'NX_0_CV': '0.00152', 'NX_0_CV_turn': '0.01205', 'NX_0_Diversity': '0.98657', 'NX_0_Novelty': '4.74779', 'NX_0_ifeat_feat': 0.7991967871485943, 'NX_10_len_tra': 10.0, 'NX_10_R_tra': 38.5222802066803, 'NX_10_ctr': '3.85223', 'NX_10_CV': '0.00784', 'NX_10_CV_turn': '0.03100', 'NX_10_Diversity': '0.98414', 'NX_10_Novelty': '4.87197', 'NX_10_ifeat_feat': 0.896}]
[I 240110 19:18:26 loggers:84] Epoch: [12], Info: [{'num_test': 100, 'len_tra': 7.9, 'R_tra': 30.633502819538116, 'ctr': '3.87766', 'CV': '0.00127', 'CV_turn': '0.00633', 'Diversity': '0.84339', 'Novelty': '4.41075', 'ifeat_feat': 0.7518987341772152, 'NX_0_len_tra': 4.98, 'NX_0_R_tra': 19.599722981452942, 'NX_0_ctr': '3.93569', 'NX_0_CV': '0.00202', 'NX_0_CV_turn': '0.01606', 'NX_0_Diversity': '0.98664', 'NX_0_Novelty': '4.66249', 'NX_0_ifeat_feat': 0.7991967871485943, 'NX_10_len_tra': 10.0, 'NX_10_R_tra': 37.24483717143536, 'NX_10_ctr': '3.72448', 'NX_10_CV': '0.03188', 'NX_10_CV_turn': '0.12600', 'NX_10_Diversity': '0.98566', 'NX_10_Novelty': '4.92175', 'NX_10_ifeat_feat': 0.887}]
[I 240110 19:24:19 loggers:84] Epoch: [13], Info: [{'num_test': 100, 'len_tra': 7.94, 'R_tra': 30.88051634788513, 'ctr': '3.88923', 'CV': '0.00127', 'CV_turn': '0.00630', 'Diversity': '0.84837', 'Novelty': '4.44347', 'ifeat_feat': 0.7518891687657431, 'NX_0_len_tra': 4.99, 'NX_0_R_tra': 20.010460128784178, 'NX_0_ctr': '4.01011', 'NX_0_CV': '0.00202', 'NX_0_CV_turn': '0.01603', 'NX_0_Diversity': '0.98663', 'NX_0_Novelty': '4.65605', 'NX_0_ifeat_feat': 0.8016032064128257, 'NX_10_len_tra': 10.0, 'NX_10_R_tra': 38.06413185477257, 'NX_10_ctr': '3.80641', 'NX_10_CV': '0.00633', 'NX_10_CV_turn': '0.02500', 'NX_10_Diversity': '0.98442', 'NX_10_Novelty': '4.86707', 'NX_10_ifeat_feat': 0.9}]
[I 240110 19:30:17 loggers:84] Epoch: [14], Info: [{'num_test': 100, 'len_tra': 7.62, 'R_tra': 29.197850859165193, 'ctr': '3.83174', 'CV': '0.00202', 'CV_turn': '0.01050', 'Diversity': '0.84785', 'Novelty': '4.43164', 'ifeat_feat': 0.7559055118110236, 'NX_0_len_tra': 4.91, 'NX_0_R_tra': 19.587050030827523, 'NX_0_ctr': '3.98922', 'NX_0_CV': '0.00202', 'NX_0_CV_turn': '0.01629', 'NX_0_Diversity': '0.98622', 'NX_0_Novelty': '5.10913', 'NX_0_ifeat_feat': 0.8024439918533605, 'NX_10_len_tra': 10.0, 'NX_10_R_tra': 39.17739504337311, 'NX_10_ctr': '3.91774', 'NX_10_CV': '0.00607', 'NX_10_CV_turn': '0.02400', 'NX_10_Diversity': '0.98387', 'NX_10_Novelty': '4.91836', 'NX_10_ifeat_feat': 0.9}]
[I 240110 19:36:05 loggers:84] Epoch: [15], Info: [{'num_test': 100, 'len_tra': 7.9, 'R_tra': 30.65347566843033, 'ctr': '3.88019', 'CV': '0.00101', 'CV_turn': '0.00506', 'Diversity': '0.84337', 'Novelty': '4.42498', 'ifeat_feat': 0.7506329113924051, 'NX_0_len_tra': 5.0, 'NX_0_R_tra': 19.886553820371628, 'NX_0_ctr': '3.97731', 'NX_0_CV': '0.00202', 'NX_0_CV_turn': '0.01600', 'NX_0_Diversity': '0.98636', 'NX_0_Novelty': '5.07264', 'NX_0_ifeat_feat': 0.8, 'NX_10_len_tra': 10.0, 'NX_10_R_tra': 38.89786852300167, 'NX_10_ctr': '3.88979', 'NX_10_CV': '0.00607', 'NX_10_CV_turn': '0.02400', 'NX_10_Diversity': '0.98388', 'NX_10_Novelty': '4.96378', 'NX_10_ifeat_feat': 0.901}]
[I 240110 19:42:08 loggers:84] Epoch: [16], Info: [{'num_test': 100, 'len_tra': 7.79, 'R_tra': 30.790754389762878, 'ctr': '3.95260', 'CV': '0.00152', 'CV_turn': '0.00770', 'Diversity': '0.84351', 'Novelty': '4.49799', 'ifeat_feat': 0.7535301668806161, 'NX_0_len_tra': 4.98, 'NX_0_R_tra': 19.872427681684496, 'NX_0_ctr': '3.99045', 'NX_0_CV': '0.00253', 'NX_0_CV_turn': '0.02008', 'NX_0_Diversity': '0.98627', 'NX_0_Novelty': '5.11292', 'NX_0_ifeat_feat': 0.8012048192771084, 'NX_10_len_tra': 10.0, 'NX_10_R_tra': 38.76827319651842, 'NX_10_ctr': '3.87683', 'NX_10_CV': '0.00506', 'NX_10_CV_turn': '0.02000', 'NX_10_Diversity': '0.98425', 'NX_10_Novelty': '4.95166', 'NX_10_ifeat_feat': 0.9}]
[I 240110 19:48:13 loggers:84] Epoch: [17], Info: [{'num_test': 100, 'len_tra': 7.67, 'R_tra': 30.08315407037735, 'ctr': '3.92218', 'CV': '0.00177', 'CV_turn': '0.00913', 'Diversity': '0.83954', 'Novelty': '4.50163', 'ifeat_feat': 0.7522816166883963, 'NX_0_len_tra': 4.92, 'NX_0_R_tra': 19.46573370695114, 'NX_0_ctr': '3.95645', 'NX_0_CV': '0.00177', 'NX_0_CV_turn': '0.01423', 'NX_0_Diversity': '0.98607', 'NX_0_Novelty': '5.15237', 'NX_0_ifeat_feat': 0.8048780487804879, 'NX_10_len_tra': 10.0, 'NX_10_R_tra': 38.34645608991384, 'NX_10_ctr': '3.83465', 'NX_10_CV': '0.00455', 'NX_10_CV_turn': '0.01800', 'NX_10_Diversity': '0.98393', 'NX_10_Novelty': '4.97365', 'NX_10_ifeat_feat': 0.9}]
[I 240110 19:54:18 loggers:84] Epoch: [18], Info: [{'num_test': 100, 'len_tra': 7.56, 'R_tra': 29.562785153388976, 'ctr': '3.91042', 'CV': '0.00152', 'CV_turn': '0.00794', 'Diversity': '0.83601', 'Novelty': '4.45862', 'ifeat_feat': 0.753968253968254, 'NX_0_len_tra': 4.96, 'NX_0_R_tra': 19.55868160843849, 'NX_0_ctr': '3.94328', 'NX_0_CV': '0.00202', 'NX_0_CV_turn': '0.01613', 'NX_0_Diversity': '0.98619', 'NX_0_Novelty': '5.08877', 'NX_0_ifeat_feat': 0.8024193548387096, 'NX_10_len_tra': 10.0, 'NX_10_R_tra': 38.65004812836647, 'NX_10_ctr': '3.86500', 'NX_10_CV': '0.00633', 'NX_10_CV_turn': '0.02500', 'NX_10_Diversity': '0.98399', 'NX_10_Novelty': '4.89487', 'NX_10_ifeat_feat': 0.9}]
[I 240110 20:00:21 loggers:84] Epoch: [19], Info: [{'num_test': 100, 'len_tra': 7.8, 'R_tra': 30.50584876537323, 'ctr': '3.91101', 'CV': '0.00152', 'CV_turn': '0.00769', 'Diversity': '0.84333', 'Novelty': '4.44608', 'ifeat_feat': 0.7512820512820513, 'NX_0_len_tra': 4.96, 'NX_0_R_tra': 19.720558371543884, 'NX_0_ctr': '3.97592', 'NX_0_CV': '0.00253', 'NX_0_CV_turn': '0.02016', 'NX_0_Diversity': '0.98619', 'NX_0_Novelty': '5.01591', 'NX_0_ifeat_feat': 0.8024193548387096, 'NX_10_len_tra': 10.0, 'NX_10_R_tra': 39.80296301245689, 'NX_10_ctr': '3.98030', 'NX_10_CV': '0.00506', 'NX_10_CV_turn': '0.02000', 'NX_10_Diversity': '0.98402', 'NX_10_Novelty': '4.88958', 'NX_10_ifeat_feat': 0.9}]
[I 240110 20:05:52 loggers:84] Epoch: [20], Info: [{'num_test': 100, 'len_tra': 7.86, 'R_tra': 30.671603776216507, 'ctr': '3.90224', 'CV': '0.00177', 'CV_turn': '0.00891', 'Diversity': '0.84872', 'Novelty': '4.49752', 'ifeat_feat': 0.7506361323155216, 'NX_0_len_tra': 4.98, 'NX_0_R_tra': 19.523471927642824, 'NX_0_ctr': '3.92038', 'NX_0_CV': '0.00177', 'NX_0_CV_turn': '0.01406', 'NX_0_Diversity': '0.98627', 'NX_0_Novelty': '5.10242', 'NX_0_ifeat_feat': 0.7991967871485943, 'NX_10_len_tra': 10.0, 'NX_10_R_tra': 38.35752478599548, 'NX_10_ctr': '3.83575', 'NX_10_CV': '0.00531', 'NX_10_CV_turn': '0.02100', 'NX_10_Diversity': '0.98400', 'NX_10_Novelty': '4.84056', 'NX_10_ifeat_feat': 0.9}]
[I 240110 20:10:57 loggers:84] Epoch: [21], Info: [{'num_test': 100, 'len_tra': 7.59, 'R_tra': 29.227328547239303, 'ctr': '3.85077', 'CV': '0.00152', 'CV_turn': '0.00791', 'Diversity': '0.83233', 'Novelty': '4.47921', 'ifeat_feat': 0.7562582345191041, 'NX_0_len_tra': 5.04, 'NX_0_R_tra': 20.20030537366867, 'NX_0_ctr': '4.00800', 'NX_0_CV': '0.00202', 'NX_0_CV_turn': '0.01587', 'NX_0_Diversity': '0.98564', 'NX_0_Novelty': '4.96044', 'NX_0_ifeat_feat': 0.8015873015873016, 'NX_10_len_tra': 10.0, 'NX_10_R_tra': 38.19698797225952, 'NX_10_ctr': '3.81970', 'NX_10_CV': '0.00506', 'NX_10_CV_turn': '0.02000', 'NX_10_Diversity': '0.98424', 'NX_10_Novelty': '4.78209', 'NX_10_ifeat_feat': 0.9}]
[I 240110 20:15:41 loggers:84] Epoch: [22], Info: [{'num_test': 100, 'len_tra': 7.77, 'R_tra': 30.195874174833296, 'ctr': '3.88621', 'CV': '0.00152', 'CV_turn': '0.00772', 'Diversity': '0.84471', 'Novelty': '4.52471', 'ifeat_feat': 0.7541827541827542, 'NX_0_len_tra': 4.99, 'NX_0_R_tra': 19.691693292856215, 'NX_0_ctr': '3.94623', 'NX_0_CV': '0.00253', 'NX_0_CV_turn': '0.02004', 'NX_0_Diversity': '0.98614', 'NX_0_Novelty': '4.98736', 'NX_0_ifeat_feat': 0.8016032064128257, 'NX_10_len_tra': 10.0, 'NX_10_R_tra': 38.555186713337896, 'NX_10_ctr': '3.85552', 'NX_10_CV': '0.00481', 'NX_10_CV_turn': '0.01900', 'NX_10_Diversity': '0.98349', 'NX_10_Novelty': '4.86424', 'NX_10_ifeat_feat': 0.9}]
[I 240110 20:20:28 loggers:84] Epoch: [23], Info: [{'num_test': 100, 'len_tra': 7.2, 'R_tra': 28.32220188140869, 'ctr': '3.93364', 'CV': '0.00152', 'CV_turn': '0.00833', 'Diversity': '0.82213', 'Novelty': '4.30403', 'ifeat_feat': 0.7611111111111111, 'NX_0_len_tra': 4.99, 'NX_0_R_tra': 19.748653750419617, 'NX_0_ctr': '3.95765', 'NX_0_CV': '0.00253', 'NX_0_CV_turn': '0.02004', 'NX_0_Diversity': '0.98658', 'NX_0_Novelty': '4.61882', 'NX_0_ifeat_feat': 0.8016032064128257, 'NX_10_len_tra': 10.0, 'NX_10_R_tra': 39.41307635307312, 'NX_10_ctr': '3.94131', 'NX_10_CV': '0.00430', 'NX_10_CV_turn': '0.01700', 'NX_10_Diversity': '0.98302', 'NX_10_Novelty': '4.93108', 'NX_10_ifeat_feat': 0.9}]
[I 240110 20:24:50 loggers:84] Epoch: [24], Info: [{'num_test': 100, 'len_tra': 7.86, 'R_tra': 30.944421758651732, 'ctr': '3.93695', 'CV': '0.00101', 'CV_turn': '0.00509', 'Diversity': '0.84349', 'Novelty': '4.48551', 'ifeat_feat': 0.7519083969465649, 'NX_0_len_tra': 5.01, 'NX_0_R_tra': 20.049993834495545, 'NX_0_ctr': '4.00199', 'NX_0_CV': '0.00202', 'NX_0_CV_turn': '0.01597', 'NX_0_Diversity': '0.98622', 'NX_0_Novelty': '5.15145', 'NX_0_ifeat_feat': 0.8003992015968064, 'NX_10_len_tra': 10.0, 'NX_10_R_tra': 38.64649741292, 'NX_10_ctr': '3.86465', 'NX_10_CV': '0.00380', 'NX_10_CV_turn': '0.01500', 'NX_10_Diversity': '0.98391', 'NX_10_Novelty': '4.83813', 'NX_10_ifeat_feat': 0.9}]
[I 240110 20:29:12 loggers:84] Epoch: [25], Info: [{'num_test': 100, 'len_tra': 7.75, 'R_tra': 30.463348112106324, 'ctr': '3.93075', 'CV': '0.00152', 'CV_turn': '0.00774', 'Diversity': '0.83839', 'Novelty': '4.50130', 'ifeat_feat': 0.7535483870967742, 'NX_0_len_tra': 5.04, 'NX_0_R_tra': 20.226976445913316, 'NX_0_ctr': '4.01329', 'NX_0_CV': '0.00228', 'NX_0_CV_turn': '0.01786', 'NX_0_Diversity': '0.98625', 'NX_0_Novelty': '5.11940', 'NX_0_ifeat_feat': 0.8015873015873016, 'NX_10_len_tra': 10.0, 'NX_10_R_tra': 39.58007905483246, 'NX_10_ctr': '3.95801', 'NX_10_CV': '0.00430', 'NX_10_CV_turn': '0.01700', 'NX_10_Diversity': '0.98377', 'NX_10_Novelty': '4.87417', 'NX_10_ifeat_feat': 0.9}]
[I 240110 20:33:39 loggers:84] Epoch: [26], Info: [{'num_test': 100, 'len_tra': 7.42, 'R_tra': 28.361601893901824, 'ctr': '3.82232', 'CV': '0.00152', 'CV_turn': '0.00809', 'Diversity': '0.81875', 'Novelty': '4.42016', 'ifeat_feat': 0.7641509433962265, 'NX_0_len_tra': 5.0, 'NX_0_R_tra': 19.818259894251824, 'NX_0_ctr': '3.96365', 'NX_0_CV': '0.00253', 'NX_0_CV_turn': '0.02000', 'NX_0_Diversity': '0.98584', 'NX_0_Novelty': '4.91790', 'NX_0_ifeat_feat': 0.804, 'NX_10_len_tra': 10.0, 'NX_10_R_tra': 39.03832087635994, 'NX_10_ctr': '3.90383', 'NX_10_CV': '0.00430', 'NX_10_CV_turn': '0.01700', 'NX_10_Diversity': '0.98397', 'NX_10_Novelty': '4.83035', 'NX_10_ifeat_feat': 0.903}]
[I 240110 20:37:59 loggers:84] Epoch: [27], Info: [{'num_test': 100, 'len_tra': 7.78, 'R_tra': 29.919822778701782, 'ctr': '3.84574', 'CV': '0.00101', 'CV_turn': '0.00514', 'Diversity': '0.83940', 'Novelty': '4.49668', 'ifeat_feat': 0.7544987146529563, 'NX_0_len_tra': 5.11, 'NX_0_R_tra': 20.355889840722085, 'NX_0_ctr': '3.98354', 'NX_0_CV': '0.00228', 'NX_0_CV_turn': '0.01761', 'NX_0_Diversity': '0.98538', 'NX_0_Novelty': '4.79141', 'NX_0_ifeat_feat': 0.8062622309197651, 'NX_10_len_tra': 10.0, 'NX_10_R_tra': 38.07033702909946, 'NX_10_ctr': '3.80703', 'NX_10_CV': '0.02910', 'NX_10_CV_turn': '0.11500', 'NX_10_Diversity': '0.98453', 'NX_10_Novelty': '5.16776', 'NX_10_ifeat_feat': 0.889}]
[I 240110 20:42:21 loggers:84] Epoch: [28], Info: [{'num_test': 100, 'len_tra': 7.79, 'R_tra': 30.18188510656357, 'ctr': '3.87444', 'CV': '0.00127', 'CV_turn': '0.00642', 'Diversity': '0.83371', 'Novelty': '4.45786', 'ifeat_feat': 0.7522464698331194, 'NX_0_len_tra': 5.07, 'NX_0_R_tra': 19.855188878774644, 'NX_0_ctr': '3.91621', 'NX_0_CV': '0.00202', 'NX_0_CV_turn': '0.01578', 'NX_0_Diversity': '0.98551', 'NX_0_Novelty': '4.65985', 'NX_0_ifeat_feat': 0.8027613412228797, 'NX_10_len_tra': 10.0, 'NX_10_R_tra': 39.6693196195364, 'NX_10_ctr': '3.96693', 'NX_10_CV': '0.00481', 'NX_10_CV_turn': '0.01900', 'NX_10_Diversity': '0.98375', 'NX_10_Novelty': '5.03879', 'NX_10_ifeat_feat': 0.9}]
[I 240110 20:46:42 loggers:84] Epoch: [29], Info: [{'num_test': 100, 'len_tra': 7.8, 'R_tra': 30.044427316188813, 'ctr': '3.85185', 'CV': '0.00101', 'CV_turn': '0.00513', 'Diversity': '0.83959', 'Novelty': '4.42869', 'ifeat_feat': 0.7512820512820513, 'NX_0_len_tra': 5.43, 'NX_0_R_tra': 21.54056823551655, 'NX_0_ctr': '3.96696', 'NX_0_CV': '0.00228', 'NX_0_CV_turn': '0.01657', 'NX_0_Diversity': '0.98491', 'NX_0_Novelty': '4.69750', 'NX_0_ifeat_feat': 0.8158379373848987, 'NX_10_len_tra': 10.0, 'NX_10_R_tra': 38.46960503280163, 'NX_10_ctr': '3.84696', 'NX_10_CV': '0.00455', 'NX_10_CV_turn': '0.01800', 'NX_10_Diversity': '0.98379', 'NX_10_Novelty': '5.16738', 'NX_10_ifeat_feat': 0.898}]
[I 240110 20:50:44 loggers:84] Epoch: [30], Info: [{'num_test': 100, 'len_tra': 7.6, 'R_tra': 29.64923999786377, 'ctr': '3.90122', 'CV': '0.00101', 'CV_turn': '0.00526', 'Diversity': '0.82676', 'Novelty': '4.50723', 'ifeat_feat': 0.7605263157894737, 'NX_0_len_tra': 5.57, 'NX_0_R_tra': 22.295091462135314, 'NX_0_ctr': '4.00271', 'NX_0_CV': '0.00278', 'NX_0_CV_turn': '0.01975', 'NX_0_Diversity': '0.98531', 'NX_0_Novelty': '4.86236', 'NX_0_ifeat_feat': 0.8204667863554758, 'NX_10_len_tra': 10.0, 'NX_10_R_tra': 38.74090280890465, 'NX_10_ctr': '3.87409', 'NX_10_CV': '0.00531', 'NX_10_CV_turn': '0.02100', 'NX_10_Diversity': '0.98337', 'NX_10_Novelty': '5.06164', 'NX_10_ifeat_feat': 0.897}]
[I 240110 20:54:16 loggers:84] Epoch: [31], Info: [{'num_test': 100, 'len_tra': 7.85, 'R_tra': 30.764293789863586, 'ctr': '3.91902', 'CV': '0.00101', 'CV_turn': '0.00510', 'Diversity': '0.84267', 'Novelty': '4.40616', 'ifeat_feat': 0.7515923566878981, 'NX_0_len_tra': 5.57, 'NX_0_R_tra': 21.729008351564406, 'NX_0_ctr': '3.90108', 'NX_0_CV': '0.00253', 'NX_0_CV_turn': '0.01795', 'NX_0_Diversity': '0.98620', 'NX_0_Novelty': '4.91436', 'NX_0_ifeat_feat': 0.8204667863554758, 'NX_10_len_tra': 10.0, 'NX_10_R_tra': 40.02288106024265, 'NX_10_ctr': '4.00229', 'NX_10_CV': '0.00354', 'NX_10_CV_turn': '0.01400', 'NX_10_Diversity': '0.98356', 'NX_10_Novelty': '5.15525', 'NX_10_ifeat_feat': 0.9}]
[I 240110 20:57:45 loggers:84] Epoch: [32], Info: [{'num_test': 100, 'len_tra': 8.0, 'R_tra': 31.5130512213707, 'ctr': '3.93913', 'CV': '0.00101', 'CV_turn': '0.00500', 'Diversity': '0.84749', 'Novelty': '4.46075', 'ifeat_feat': 0.75, 'NX_0_len_tra': 5.11, 'NX_0_R_tra': 20.095743719935417, 'NX_0_ctr': '3.93263', 'NX_0_CV': '0.00253', 'NX_0_CV_turn': '0.01957', 'NX_0_Diversity': '0.98608', 'NX_0_Novelty': '4.73771', 'NX_0_ifeat_feat': 0.8043052837573386, 'NX_10_len_tra': 10.0, 'NX_10_R_tra': 38.859324725866315, 'NX_10_ctr': '3.88593', 'NX_10_CV': '0.00354', 'NX_10_CV_turn': '0.01400', 'NX_10_Diversity': '0.98320', 'NX_10_Novelty': '5.19495', 'NX_10_ifeat_feat': 0.9}]
[I 240110 21:01:17 loggers:84] Epoch: [33], Info: [{'num_test': 100, 'len_tra': 7.95, 'R_tra': 30.702482419013975, 'ctr': '3.86195', 'CV': '0.00127', 'CV_turn': '0.00629', 'Diversity': '0.84595', 'Novelty': '4.45477', 'ifeat_feat': 0.7496855345911949, 'NX_0_len_tra': 5.03, 'NX_0_R_tra': 19.83252653837204, 'NX_0_ctr': '3.94285', 'NX_0_CV': '0.00202', 'NX_0_CV_turn': '0.01590', 'NX_0_Diversity': '0.98639', 'NX_0_Novelty': '4.58243', 'NX_0_ifeat_feat': 0.8011928429423459, 'NX_10_len_tra': 10.0, 'NX_10_R_tra': 39.895378504991534, 'NX_10_ctr': '3.98954', 'NX_10_CV': '0.00405', 'NX_10_CV_turn': '0.01600', 'NX_10_Diversity': '0.98226', 'NX_10_Novelty': '5.07860', 'NX_10_ifeat_feat': 0.9}]
[I 240110 21:04:41 loggers:84] Epoch: [34], Info: [{'num_test': 100, 'len_tra': 8.0, 'R_tra': 31.708536756038665, 'ctr': '3.96357', 'CV': '0.00101', 'CV_turn': '0.00500', 'Diversity': '0.84714', 'Novelty': '4.45593', 'ifeat_feat': 0.74875, 'NX_0_len_tra': 5.32, 'NX_0_R_tra': 20.92320648789406, 'NX_0_ctr': '3.93293', 'NX_0_CV': '0.00228', 'NX_0_CV_turn': '0.01692', 'NX_0_Diversity': '0.98619', 'NX_0_Novelty': '4.82565', 'NX_0_ifeat_feat': 0.8120300751879699, 'NX_10_len_tra': 10.0, 'NX_10_R_tra': 39.69076046943665, 'NX_10_ctr': '3.96908', 'NX_10_CV': '0.00531', 'NX_10_CV_turn': '0.02100', 'NX_10_Diversity': '0.98249', 'NX_10_Novelty': '5.06696', 'NX_10_ifeat_feat': 0.874}]
[I 240110 21:08:07 loggers:84] Epoch: [35], Info: [{'num_test': 100, 'len_tra': 7.91, 'R_tra': 30.625076041221618, 'ctr': '3.87169', 'CV': '0.00101', 'CV_turn': '0.00506', 'Diversity': '0.84501', 'Novelty': '4.46364', 'ifeat_feat': 0.7484197218710493, 'NX_0_len_tra': 5.43, 'NX_0_R_tra': 21.313765389323233, 'NX_0_ctr': '3.92519', 'NX_0_CV': '0.00253', 'NX_0_CV_turn': '0.01842', 'NX_0_Diversity': '0.98600', 'NX_0_Novelty': '5.10178', 'NX_0_ifeat_feat': 0.8158379373848987, 'NX_10_len_tra': 10.0, 'NX_10_R_tra': 38.979496595263484, 'NX_10_ctr': '3.89795', 'NX_10_CV': '0.00582', 'NX_10_CV_turn': '0.02300', 'NX_10_Diversity': '0.98285', 'NX_10_Novelty': '4.99488', 'NX_10_ifeat_feat': 0.897}]
[I 240110 21:11:41 loggers:84] Epoch: [36], Info: [{'num_test': 100, 'len_tra': 7.85, 'R_tra': 30.491169691085815, 'ctr': '3.88423', 'CV': '0.00101', 'CV_turn': '0.00510', 'Diversity': '0.84185', 'Novelty': '4.48910', 'ifeat_feat': 0.7515923566878981, 'NX_0_len_tra': 5.39, 'NX_0_R_tra': 21.015138758420946, 'NX_0_ctr': '3.89891', 'NX_0_CV': '0.00202', 'NX_0_CV_turn': '0.01484', 'NX_0_Diversity': '0.98643', 'NX_0_Novelty': '4.75199', 'NX_0_ifeat_feat': 0.8144712430426716, 'NX_10_len_tra': 10.0, 'NX_10_R_tra': 39.326613927036526, 'NX_10_ctr': '3.93266', 'NX_10_CV': '0.00531', 'NX_10_CV_turn': '0.02100', 'NX_10_Diversity': '0.98359', 'NX_10_Novelty': '4.82848', 'NX_10_ifeat_feat': 0.888}]
[I 240110 21:15:18 loggers:84] Epoch: [37], Info: [{'num_test': 100, 'len_tra': 7.71, 'R_tra': 29.365257148742675, 'ctr': '3.80872', 'CV': '0.00101', 'CV_turn': '0.00519', 'Diversity': '0.83716', 'Novelty': '4.41717', 'ifeat_feat': 0.7561608300907912, 'NX_0_len_tra': 5.31, 'NX_0_R_tra': 19.4816955268383, 'NX_0_ctr': '3.66887', 'NX_0_CV': '0.02758', 'NX_0_CV_turn': '0.20527', 'NX_0_Diversity': '0.98761', 'NX_0_Novelty': '4.88725', 'NX_0_ifeat_feat': 0.8775894538606404, 'NX_10_len_tra': 10.0, 'NX_10_R_tra': 39.10762026190758, 'NX_10_ctr': '3.91076', 'NX_10_CV': '0.00430', 'NX_10_CV_turn': '0.01700', 'NX_10_Diversity': '0.98431', 'NX_10_Novelty': '5.10670', 'NX_10_ifeat_feat': 0.9}]
[I 240110 21:19:08 loggers:84] Epoch: [38], Info: [{'num_test': 100, 'len_tra': 7.9, 'R_tra': 30.718662085533143, 'ctr': '3.88844', 'CV': '0.00101', 'CV_turn': '0.00506', 'Diversity': '0.84372', 'Novelty': '4.46628', 'ifeat_feat': 0.7506329113924051, 'NX_0_len_tra': 5.79, 'NX_0_R_tra': 22.892063280344008, 'NX_0_ctr': '3.95372', 'NX_0_CV': '0.00177', 'NX_0_CV_turn': '0.01209', 'NX_0_Diversity': '0.98605', 'NX_0_Novelty': '5.05262', 'NX_0_ifeat_feat': 0.8307426597582038, 'NX_10_len_tra': 10.0, 'NX_10_R_tra': 38.88700815141201, 'NX_10_ctr': '3.88870', 'NX_10_CV': '0.00531', 'NX_10_CV_turn': '0.02100', 'NX_10_Diversity': '0.98388', 'NX_10_Novelty': '5.01263', 'NX_10_ifeat_feat': 0.877}]
[I 240110 21:23:14 loggers:84] Epoch: [39], Info: [{'num_test': 100, 'len_tra': 7.9, 'R_tra': 30.84420159339905, 'ctr': '3.90433', 'CV': '0.00101', 'CV_turn': '0.00506', 'Diversity': '0.84372', 'Novelty': '4.46645', 'ifeat_feat': 0.7518987341772152, 'NX_0_len_tra': 5.56, 'NX_0_R_tra': 22.25227000594139, 'NX_0_ctr': '4.00221', 'NX_0_CV': '0.00202', 'NX_0_CV_turn': '0.01439', 'NX_0_Diversity': '0.98626', 'NX_0_Novelty': '4.86507', 'NX_0_ifeat_feat': 0.8201438848920863, 'NX_10_len_tra': 10.0, 'NX_10_R_tra': 37.70853339254856, 'NX_10_ctr': '3.77085', 'NX_10_CV': '0.00430', 'NX_10_CV_turn': '0.01700', 'NX_10_Diversity': '0.98486', 'NX_10_Novelty': '5.24807', 'NX_10_ifeat_feat': 0.845}]
[I 240110 21:27:15 loggers:84] Epoch: [40], Info: [{'num_test': 100, 'len_tra': 7.68, 'R_tra': 29.417998749017716, 'ctr': '3.83047', 'CV': '0.00101', 'CV_turn': '0.00521', 'Diversity': '0.82299', 'Novelty': '4.49597', 'ifeat_feat': 0.7552083333333334, 'NX_0_len_tra': 5.01, 'NX_0_R_tra': 19.74788186967373, 'NX_0_ctr': '3.94169', 'NX_0_CV': '0.00177', 'NX_0_CV_turn': '0.01397', 'NX_0_Diversity': '0.98679', 'NX_0_Novelty': '4.47700', 'NX_0_ifeat_feat': 0.8003992015968064, 'NX_10_len_tra': 10.0, 'NX_10_R_tra': 38.144375980496406, 'NX_10_ctr': '3.81444', 'NX_10_CV': '0.00405', 'NX_10_CV_turn': '0.01600', 'NX_10_Diversity': '0.98505', 'NX_10_Novelty': '4.96636', 'NX_10_ifeat_feat': 0.875}]
[I 240110 21:31:05 loggers:84] Epoch: [41], Info: [{'num_test': 100, 'len_tra': 7.89, 'R_tra': 31.123802123069762, 'ctr': '3.94472', 'CV': '0.00101', 'CV_turn': '0.00507', 'Diversity': '0.84499', 'Novelty': '4.48817', 'ifeat_feat': 0.752851711026616, 'NX_0_len_tra': 5.76, 'NX_0_R_tra': 22.768645683228968, 'NX_0_ctr': '3.95289', 'NX_0_CV': '0.00177', 'NX_0_CV_turn': '0.01215', 'NX_0_Diversity': '0.98610', 'NX_0_Novelty': '5.03171', 'NX_0_ifeat_feat': 0.8263888888888888, 'NX_10_len_tra': 10.0, 'NX_10_R_tra': 36.98102184176445, 'NX_10_ctr': '3.69810', 'NX_10_CV': '0.00531', 'NX_10_CV_turn': '0.02100', 'NX_10_Diversity': '0.98634', 'NX_10_Novelty': '5.14613', 'NX_10_ifeat_feat': 0.828}]
[I 240110 21:34:38 loggers:84] Epoch: [42], Info: [{'num_test': 100, 'len_tra': 7.64, 'R_tra': 29.80992489218712, 'ctr': '3.90182', 'CV': '0.00101', 'CV_turn': '0.00524', 'Diversity': '0.83300', 'Novelty': '4.47801', 'ifeat_feat': 0.7630890052356021, 'NX_0_len_tra': 5.96, 'NX_0_R_tra': 23.479321954250334, 'NX_0_ctr': '3.93948', 'NX_0_CV': '0.00253', 'NX_0_CV_turn': '0.01678', 'NX_0_Diversity': '0.98607', 'NX_0_Novelty': '5.09268', 'NX_0_ifeat_feat': 0.8305369127516778, 'NX_10_len_tra': 10.0, 'NX_10_R_tra': 35.53180748075247, 'NX_10_ctr': '3.55318', 'NX_10_CV': '0.00455', 'NX_10_CV_turn': '0.01800', 'NX_10_Diversity': '0.98748', 'NX_10_Novelty': '5.35483', 'NX_10_ifeat_feat': 0.836}]
[I 240110 21:38:36 loggers:84] Epoch: [43], Info: [{'num_test': 100, 'len_tra': 7.69, 'R_tra': 29.77953541755676, 'ctr': '3.87250', 'CV': '0.00127', 'CV_turn': '0.00650', 'Diversity': '0.83948', 'Novelty': '4.45315', 'ifeat_feat': 0.7542262678803641, 'NX_0_len_tra': 5.77, 'NX_0_R_tra': 22.591042446494104, 'NX_0_ctr': '3.91526', 'NX_0_CV': '0.00278', 'NX_0_CV_turn': '0.01906', 'NX_0_Diversity': '0.98597', 'NX_0_Novelty': '5.14421', 'NX_0_ifeat_feat': 0.8318890814558059, 'NX_10_len_tra': 10.0, 'NX_10_R_tra': 37.294999060034755, 'NX_10_ctr': '3.72950', 'NX_10_CV': '0.00430', 'NX_10_CV_turn': '0.01700', 'NX_10_Diversity': '0.98587', 'NX_10_Novelty': '5.42707', 'NX_10_ifeat_feat': 0.886}]
[I 240110 21:43:00 loggers:84] Epoch: [44], Info: [{'num_test': 100, 'len_tra': 7.89, 'R_tra': 30.370354256629945, 'ctr': '3.84922', 'CV': '0.00101', 'CV_turn': '0.00507', 'Diversity': '0.83713', 'Novelty': '4.44465', 'ifeat_feat': 0.7515842839036755, 'NX_0_len_tra': 5.33, 'NX_0_R_tra': 20.40812978386879, 'NX_0_ctr': '3.82892', 'NX_0_CV': '0.00278', 'NX_0_CV_turn': '0.02064', 'NX_0_Diversity': '0.98650', 'NX_0_Novelty': '4.82270', 'NX_0_ifeat_feat': 0.8123827392120075, 'NX_10_len_tra': 10.0, 'NX_10_R_tra': 35.99174317866564, 'NX_10_ctr': '3.59917', 'NX_10_CV': '0.02834', 'NX_10_CV_turn': '0.11200', 'NX_10_Diversity': '0.98681', 'NX_10_Novelty': '5.55730', 'NX_10_ifeat_feat': 0.88}]
[I 240110 21:47:13 loggers:84] Epoch: [45], Info: [{'num_test': 100, 'len_tra': 7.78, 'R_tra': 30.781125156879426, 'ctr': '3.95644', 'CV': '0.00101', 'CV_turn': '0.00514', 'Diversity': '0.82677', 'Novelty': '4.42839', 'ifeat_feat': 0.7519280205655527, 'NX_0_len_tra': 4.99, 'NX_0_R_tra': 18.840969684123994, 'NX_0_ctr': '3.77575', 'NX_0_CV': '0.00202', 'NX_0_CV_turn': '0.01603', 'NX_0_Diversity': '0.98622', 'NX_0_Novelty': '5.19045', 'NX_0_ifeat_feat': 0.7995991983967936, 'NX_10_len_tra': 10.0, 'NX_10_R_tra': 37.448485141396525, 'NX_10_ctr': '3.74485', 'NX_10_CV': '0.00380', 'NX_10_CV_turn': '0.01500', 'NX_10_Diversity': '0.98513', 'NX_10_Novelty': '5.81839', 'NX_10_ifeat_feat': 0.899}]
[I 240110 21:51:37 loggers:84] Epoch: [46], Info: [{'num_test': 100, 'len_tra': 7.56, 'R_tra': 29.384054310321808, 'ctr': '3.88678', 'CV': '0.00127', 'CV_turn': '0.00661', 'Diversity': '0.81934', 'Novelty': '4.41619', 'ifeat_feat': 0.7579365079365079, 'NX_0_len_tra': 5.0, 'NX_0_R_tra': 19.767446517944336, 'NX_0_ctr': '3.95349', 'NX_0_CV': '0.00127', 'NX_0_CV_turn': '0.01000', 'NX_0_Diversity': '0.98558', 'NX_0_Novelty': '5.30984', 'NX_0_ifeat_feat': 0.8, 'NX_10_len_tra': 10.0, 'NX_10_R_tra': 37.19040865600109, 'NX_10_ctr': '3.71904', 'NX_10_CV': '0.00430', 'NX_10_CV_turn': '0.01700', 'NX_10_Diversity': '0.98612', 'NX_10_Novelty': '5.51127', 'NX_10_ifeat_feat': 0.9}]
[I 240110 21:55:48 loggers:84] Epoch: [47], Info: [{'num_test': 100, 'len_tra': 7.24, 'R_tra': 27.888840916752816, 'ctr': '3.85205', 'CV': '0.02530', 'CV_turn': '0.13812', 'Diversity': '0.88854', 'Novelty': '4.33124', 'ifeat_feat': 0.830110497237569, 'NX_0_len_tra': 5.0, 'NX_0_R_tra': 20.043751541376114, 'NX_0_ctr': '4.00875', 'NX_0_CV': '0.00127', 'NX_0_CV_turn': '0.01000', 'NX_0_Diversity': '0.98558', 'NX_0_Novelty': '5.30984', 'NX_0_ifeat_feat': 0.8, 'NX_10_len_tra': 10.0, 'NX_10_R_tra': 37.61600830882788, 'NX_10_ctr': '3.76160', 'NX_10_CV': '0.00354', 'NX_10_CV_turn': '0.01400', 'NX_10_Diversity': '0.98583', 'NX_10_Novelty': '5.31051', 'NX_10_ifeat_feat': 0.9}]
[I 240110 21:59:37 loggers:84] Epoch: [48], Info: [{'num_test': 100, 'len_tra': 7.85, 'R_tra': 30.91578918457031, 'ctr': '3.93832', 'CV': '0.00127', 'CV_turn': '0.00637', 'Diversity': '0.84218', 'Novelty': '4.50783', 'ifeat_feat': 0.7528662420382166, 'NX_0_len_tra': 4.96, 'NX_0_R_tra': 19.58214526951313, 'NX_0_ctr': '3.94801', 'NX_0_CV': '0.00152', 'NX_0_CV_turn': '0.01210', 'NX_0_Diversity': '0.98612', 'NX_0_Novelty': '4.38328', 'NX_0_ifeat_feat': 0.8004032258064516, 'NX_10_len_tra': 10.0, 'NX_10_R_tra': 37.786463757753374, 'NX_10_ctr': '3.77865', 'NX_10_CV': '0.00380', 'NX_10_CV_turn': '0.01500', 'NX_10_Diversity': '0.98526', 'NX_10_Novelty': '5.39185', 'NX_10_ifeat_feat': 0.9}]
[I 240110 22:03:23 loggers:84] Epoch: [49], Info: [{'num_test': 100, 'len_tra': 7.7, 'R_tra': 30.271358597278596, 'ctr': '3.93135', 'CV': '0.00101', 'CV_turn': '0.00519', 'Diversity': '0.82597', 'Novelty': '4.36855', 'ifeat_feat': 0.7506493506493507, 'NX_0_len_tra': 5.01, 'NX_0_R_tra': 19.430520149469377, 'NX_0_ctr': '3.87835', 'NX_0_CV': '0.00202', 'NX_0_CV_turn': '0.01597', 'NX_0_Diversity': '0.98573', 'NX_0_Novelty': '5.09758', 'NX_0_ifeat_feat': 0.8003992015968064, 'NX_10_len_tra': 10.0, 'NX_10_R_tra': 38.55315138816834, 'NX_10_ctr': '3.85532', 'NX_10_CV': '0.00304', 'NX_10_CV_turn': '0.01200', 'NX_10_Diversity': '0.98540', 'NX_10_Novelty': '5.30471', 'NX_10_ifeat_feat': 0.9}]
[I 240110 22:07:22 loggers:84] Epoch: [50], Info: [{'num_test': 100, 'len_tra': 7.92, 'R_tra': 30.74293155670166, 'ctr': '3.88168', 'CV': '0.00101', 'CV_turn': '0.00505', 'Diversity': '0.84603', 'Novelty': '4.47070', 'ifeat_feat': 0.7512626262626263, 'NX_0_len_tra': 5.02, 'NX_0_R_tra': 19.917161931991576, 'NX_0_ctr': '3.96756', 'NX_0_CV': '0.00177', 'NX_0_CV_turn': '0.01394', 'NX_0_Diversity': '0.98561', 'NX_0_Novelty': '5.27988', 'NX_0_ifeat_feat': 0.8007968127490039, 'NX_10_len_tra': 10.0, 'NX_10_R_tra': 37.98037481725216, 'NX_10_ctr': '3.79804', 'NX_10_CV': '0.00354', 'NX_10_CV_turn': '0.01400', 'NX_10_Diversity': '0.98522', 'NX_10_Novelty': '5.37065', 'NX_10_ifeat_feat': 0.9}]
[I 240110 22:11:38 loggers:84] Epoch: [51], Info: [{'num_test': 100, 'len_tra': 8.0, 'R_tra': 31.319917244911196, 'ctr': '3.91499', 'CV': '0.00127', 'CV_turn': '0.00625', 'Diversity': '0.84853', 'Novelty': '4.48378', 'ifeat_feat': 0.75, 'NX_0_len_tra': 5.04, 'NX_0_R_tra': 20.465038331747056, 'NX_0_ctr': '4.06052', 'NX_0_CV': '0.00202', 'NX_0_CV_turn': '0.01587', 'NX_0_Diversity': '0.98600', 'NX_0_Novelty': '4.48172', 'NX_0_ifeat_feat': 0.8015873015873016, 'NX_10_len_tra': 10.0, 'NX_10_R_tra': 37.8957342594862, 'NX_10_ctr': '3.78957', 'NX_10_CV': '0.00354', 'NX_10_CV_turn': '0.01400', 'NX_10_Diversity': '0.98629', 'NX_10_Novelty': '5.23991', 'NX_10_ifeat_feat': 0.822}]
[I 240110 22:15:52 loggers:84] Epoch: [52], Info: [{'num_test': 100, 'len_tra': 7.76, 'R_tra': 30.221831312179564, 'ctr': '3.89457', 'CV': '0.00152', 'CV_turn': '0.00773', 'Diversity': '0.84241', 'Novelty': '4.49665', 'ifeat_feat': 0.7512886597938144, 'NX_0_len_tra': 5.05, 'NX_0_R_tra': 20.09745305657387, 'NX_0_ctr': '3.97969', 'NX_0_CV': '0.00228', 'NX_0_CV_turn': '0.01782', 'NX_0_Diversity': '0.98559', 'NX_0_Novelty': '5.30756', 'NX_0_ifeat_feat': 0.801980198019802, 'NX_10_len_tra': 10.0, 'NX_10_R_tra': 37.84433982789516, 'NX_10_ctr': '3.78443', 'NX_10_CV': '0.00329', 'NX_10_CV_turn': '0.01300', 'NX_10_Diversity': '0.98607', 'NX_10_Novelty': '5.30338', 'NX_10_ifeat_feat': 0.833}]
[I 240110 22:20:10 loggers:84] Epoch: [53], Info: [{'num_test': 100, 'len_tra': 7.61, 'R_tra': 29.318578934669496, 'ctr': '3.85264', 'CV': '0.00152', 'CV_turn': '0.00788', 'Diversity': '0.81576', 'Novelty': '4.43829', 'ifeat_feat': 0.7555847568988173, 'NX_0_len_tra': 5.09, 'NX_0_R_tra': 19.723674631118776, 'NX_0_ctr': '3.87499', 'NX_0_CV': '0.00177', 'NX_0_CV_turn': '0.01375', 'NX_0_Diversity': '0.98551', 'NX_0_Novelty': '5.33029', 'NX_0_ifeat_feat': 0.8035363457760314, 'NX_10_len_tra': 10.0, 'NX_10_R_tra': 38.194397859573364, 'NX_10_ctr': '3.81944', 'NX_10_CV': '0.00430', 'NX_10_CV_turn': '0.01700', 'NX_10_Diversity': '0.98544', 'NX_10_Novelty': '5.22638', 'NX_10_ifeat_feat': 0.889}]
[I 240110 22:23:56 loggers:84] Epoch: [54], Info: [{'num_test': 100, 'len_tra': 7.64, 'R_tra': 29.72898038268089, 'ctr': '3.89123', 'CV': '0.00127', 'CV_turn': '0.00654', 'Diversity': '0.83565', 'Novelty': '4.69151', 'ifeat_feat': 0.7552356020942408, 'NX_0_len_tra': 5.65, 'NX_0_R_tra': 22.635734535455704, 'NX_0_ctr': '4.00632', 'NX_0_CV': '0.00202', 'NX_0_CV_turn': '0.01416', 'NX_0_Diversity': '0.98521', 'NX_0_Novelty': '5.59004', 'NX_0_ifeat_feat': 0.8230088495575221, 'NX_10_len_tra': 10.0, 'NX_10_R_tra': 37.25959434688091, 'NX_10_ctr': '3.72596', 'NX_10_CV': '0.03062', 'NX_10_CV_turn': '0.12100', 'NX_10_Diversity': '0.98630', 'NX_10_Novelty': '5.44375', 'NX_10_ifeat_feat': 0.876}]
[I 240110 22:27:29 loggers:84] Epoch: [55], Info: [{'num_test': 100, 'len_tra': 8.0, 'R_tra': 30.718462424278258, 'ctr': '3.83981', 'CV': '0.00127', 'CV_turn': '0.00625', 'Diversity': '0.85213', 'Novelty': '5.87293', 'ifeat_feat': 0.75, 'NX_0_len_tra': 5.47, 'NX_0_R_tra': 21.477775920033455, 'NX_0_ctr': '3.92647', 'NX_0_CV': '0.00228', 'NX_0_CV_turn': '0.01645', 'NX_0_Diversity': '0.98578', 'NX_0_Novelty': '6.10441', 'NX_0_ifeat_feat': 0.8153564899451554, 'NX_10_len_tra': 10.0, 'NX_10_R_tra': 38.38247793495655, 'NX_10_ctr': '3.83825', 'NX_10_CV': '0.00506', 'NX_10_CV_turn': '0.02000', 'NX_10_Diversity': '0.98487', 'NX_10_Novelty': '5.17793', 'NX_10_ifeat_feat': 0.879}]
[I 240110 22:31:27 loggers:84] Epoch: [56], Info: [{'num_test': 100, 'len_tra': 7.74, 'R_tra': 29.809090402126312, 'ctr': '3.85130', 'CV': '0.00152', 'CV_turn': '0.00775', 'Diversity': '0.83764', 'Novelty': '6.00350', 'ifeat_feat': 0.7532299741602068, 'NX_0_len_tra': 5.3, 'NX_0_R_tra': 20.562775646448134, 'NX_0_ctr': '3.87977', 'NX_0_CV': '0.00304', 'NX_0_CV_turn': '0.02264', 'NX_0_Diversity': '0.98631', 'NX_0_Novelty': '5.87983', 'NX_0_ifeat_feat': 0.7962264150943397, 'NX_10_len_tra': 10.0, 'NX_10_R_tra': 39.044413270950315, 'NX_10_ctr': '3.90444', 'NX_10_CV': '0.00557', 'NX_10_CV_turn': '0.02200', 'NX_10_Diversity': '0.98426', 'NX_10_Novelty': '5.10536', 'NX_10_ifeat_feat': 0.845}]
[I 240110 22:35:47 loggers:84] Epoch: [57], Info: [{'num_test': 100, 'len_tra': 7.69, 'R_tra': 29.609660580158234, 'ctr': '3.85041', 'CV': '0.00152', 'CV_turn': '0.00780', 'Diversity': '0.83612', 'Novelty': '5.96269', 'ifeat_feat': 0.7464239271781534, 'NX_0_len_tra': 5.04, 'NX_0_R_tra': 19.91178920149803, 'NX_0_ctr': '3.95075', 'NX_0_CV': '0.00329', 'NX_0_CV_turn': '0.02579', 'NX_0_Diversity': '0.98682', 'NX_0_Novelty': '6.18177', 'NX_0_ifeat_feat': 0.7976190476190477, 'NX_10_len_tra': 10.0, 'NX_10_R_tra': 33.93997778475285, 'NX_10_ctr': '3.39400', 'NX_10_CV': '0.01063', 'NX_10_CV_turn': '0.04200', 'NX_10_Diversity': '0.98774', 'NX_10_Novelty': '5.31053', 'NX_10_ifeat_feat': 0.838}]
[I 240110 22:40:05 loggers:84] Epoch: [58], Info: [{'num_test': 100, 'len_tra': 7.89, 'R_tra': 30.310919797420503, 'ctr': '3.84169', 'CV': '0.00101', 'CV_turn': '0.00507', 'Diversity': '0.84298', 'Novelty': '6.00365', 'ifeat_feat': 0.752851711026616, 'NX_0_len_tra': 5.27, 'NX_0_R_tra': 20.38046868145466, 'NX_0_ctr': '3.86726', 'NX_0_CV': '0.00304', 'NX_0_CV_turn': '0.02277', 'NX_0_Diversity': '0.98622', 'NX_0_Novelty': '6.01147', 'NX_0_ifeat_feat': 0.8083491461100569, 'NX_10_len_tra': 10.0, 'NX_10_R_tra': 35.04903043687344, 'NX_10_ctr': '3.50490', 'NX_10_CV': '0.00709', 'NX_10_CV_turn': '0.02800', 'NX_10_Diversity': '0.98705', 'NX_10_Novelty': '5.42394', 'NX_10_ifeat_feat': 0.769}]
[I 240110 22:44:19 loggers:84] Epoch: [59], Info: [{'num_test': 100, 'len_tra': 7.65, 'R_tra': 29.849286215305327, 'ctr': '3.90187', 'CV': '0.00127', 'CV_turn': '0.00654', 'Diversity': '0.83295', 'Novelty': '5.98482', 'ifeat_feat': 0.7555555555555555, 'NX_0_len_tra': 5.63, 'NX_0_R_tra': 22.475634957551957, 'NX_0_ctr': '3.99212', 'NX_0_CV': '0.00228', 'NX_0_CV_turn': '0.01599', 'NX_0_Diversity': '0.98563', 'NX_0_Novelty': '5.92794', 'NX_0_ifeat_feat': 0.8206039076376554, 'NX_10_len_tra': 10.0, 'NX_10_R_tra': 38.42763909339905, 'NX_10_ctr': '3.84276', 'NX_10_CV': '0.00886', 'NX_10_CV_turn': '0.03500', 'NX_10_Diversity': '0.98560', 'NX_10_Novelty': '5.26643', 'NX_10_ifeat_feat': 0.768}]
[I 240110 22:48:27 loggers:84] Epoch: [60], Info: [{'num_test': 100, 'len_tra': 7.56, 'R_tra': 30.048540157079696, 'ctr': '3.97467', 'CV': '0.00152', 'CV_turn': '0.00794', 'Diversity': '0.84329', 'Novelty': '6.08083', 'ifeat_feat': 0.7552910052910053, 'NX_0_len_tra': 4.89, 'NX_0_R_tra': 19.668302082419395, 'NX_0_ctr': '4.02215', 'NX_0_CV': '0.00152', 'NX_0_CV_turn': '0.01227', 'NX_0_Diversity': '0.98666', 'NX_0_Novelty': '6.42687', 'NX_0_ifeat_feat': 0.7995910020449898, 'NX_10_len_tra': 10.0, 'NX_10_R_tra': 36.126700826063754, 'NX_10_ctr': '3.61267', 'NX_10_CV': '0.00709', 'NX_10_CV_turn': '0.02800', 'NX_10_Diversity': '0.98703', 'NX_10_Novelty': '5.58141', 'NX_10_ifeat_feat': 0.667}]
[I 240110 22:52:35 loggers:84] Epoch: [61], Info: [{'num_test': 100, 'len_tra': 7.79, 'R_tra': 29.233103605508806, 'ctr': '3.75264', 'CV': '0.00152', 'CV_turn': '0.00770', 'Diversity': '0.84620', 'Novelty': '5.99629', 'ifeat_feat': 0.7522464698331194, 'NX_0_len_tra': 5.26, 'NX_0_R_tra': 20.831183969974518, 'NX_0_ctr': '3.96030', 'NX_0_CV': '0.00202', 'NX_0_CV_turn': '0.01521', 'NX_0_Diversity': '0.98608', 'NX_0_Novelty': '6.07726', 'NX_0_ifeat_feat': 0.8155893536121673, 'NX_10_len_tra': 10.0, 'NX_10_R_tra': 34.19713692620397, 'NX_10_ctr': '3.41971', 'NX_10_CV': '0.00784', 'NX_10_CV_turn': '0.03100', 'NX_10_Diversity': '0.98767', 'NX_10_Novelty': '5.61322', 'NX_10_ifeat_feat': 0.625}]
[I 240110 22:56:35 loggers:84] Epoch: [62], Info: [{'num_test': 100, 'len_tra': 6.18, 'R_tra': 23.03440492808819, 'ctr': '3.72725', 'CV': '0.02581', 'CV_turn': '0.16505', 'Diversity': '0.92259', 'Novelty': '5.94546', 'ifeat_feat': 0.7766990291262136, 'NX_0_len_tra': 5.2, 'NX_0_R_tra': 20.53013027191162, 'NX_0_ctr': '3.94810', 'NX_0_CV': '0.00177', 'NX_0_CV_turn': '0.01346', 'NX_0_Diversity': '0.98642', 'NX_0_Novelty': '6.33866', 'NX_0_ifeat_feat': 0.8076923076923077, 'NX_10_len_tra': 10.0, 'NX_10_R_tra': 33.237945343255994, 'NX_10_ctr': '3.32379', 'NX_10_CV': '0.00734', 'NX_10_CV_turn': '0.02900', 'NX_10_Diversity': '0.98838', 'NX_10_Novelty': '5.71001', 'NX_10_ifeat_feat': 0.627}]
[I 240110 22:59:50 loggers:84] Epoch: [63], Info: [{'num_test': 100, 'len_tra': 7.42, 'R_tra': 28.3733696269989, 'ctr': '3.82390', 'CV': '0.00228', 'CV_turn': '0.01213', 'Diversity': '0.84445', 'Novelty': '6.21273', 'ifeat_feat': 0.7533692722371967, 'NX_0_len_tra': 5.14, 'NX_0_R_tra': 20.241981186270714, 'NX_0_ctr': '3.93813', 'NX_0_CV': '0.00304', 'NX_0_CV_turn': '0.02335', 'NX_0_Diversity': '0.98670', 'NX_0_Novelty': '6.44624', 'NX_0_ifeat_feat': 0.791828793774319, 'NX_10_len_tra': 10.0, 'NX_10_R_tra': 32.565371940881015, 'NX_10_ctr': '3.25654', 'NX_10_CV': '0.00860', 'NX_10_CV_turn': '0.03400', 'NX_10_Diversity': '0.98936', 'NX_10_Novelty': '5.81211', 'NX_10_ifeat_feat': 0.563}]
[I 240110 23:02:56 loggers:84] Epoch: [64], Info: [{'num_test': 100, 'len_tra': 7.71, 'R_tra': 29.865341042280196, 'ctr': '3.87359', 'CV': '0.00152', 'CV_turn': '0.00778', 'Diversity': '0.83668', 'Novelty': '6.01690', 'ifeat_feat': 0.7626459143968871, 'NX_0_len_tra': 5.97, 'NX_0_R_tra': 23.711521114110948, 'NX_0_ctr': '3.97178', 'NX_0_CV': '0.00380', 'NX_0_CV_turn': '0.02513', 'NX_0_Diversity': '0.98570', 'NX_0_Novelty': '5.94421', 'NX_0_ifeat_feat': 0.8241206030150754, 'NX_10_len_tra': 10.0, 'NX_10_R_tra': 32.33400311157107, 'NX_10_ctr': '3.23340', 'NX_10_CV': '0.01164', 'NX_10_CV_turn': '0.04600', 'NX_10_Diversity': '0.98927', 'NX_10_Novelty': '5.82922', 'NX_10_ifeat_feat': 0.708}]
[I 240110 23:06:06 loggers:84] Epoch: [65], Info: [{'num_test': 100, 'len_tra': 6.24, 'R_tra': 23.278495761603118, 'ctr': '3.73053', 'CV': '0.02606', 'CV_turn': '0.16506', 'Diversity': '0.93287', 'Novelty': '5.73126', 'ifeat_feat': 0.7548076923076923, 'NX_0_len_tra': 5.74, 'NX_0_R_tra': 22.009199185967447, 'NX_0_ctr': '3.83436', 'NX_0_CV': '0.00455', 'NX_0_CV_turn': '0.03136', 'NX_0_Diversity': '0.98612', 'NX_0_Novelty': '6.11253', 'NX_0_ifeat_feat': 0.8031358885017421, 'NX_10_len_tra': 10.0, 'NX_10_R_tra': 32.02555999495089, 'NX_10_ctr': '3.20256', 'NX_10_CV': '0.01113', 'NX_10_CV_turn': '0.04400', 'NX_10_Diversity': '0.98961', 'NX_10_Novelty': '6.02154', 'NX_10_ifeat_feat': 0.641}]
[I 240110 23:09:27 loggers:84] Epoch: [66], Info: [{'num_test': 100, 'len_tra': 8.0, 'R_tra': 30.319722427129747, 'ctr': '3.78997', 'CV': '0.00152', 'CV_turn': '0.00750', 'Diversity': '0.84829', 'Novelty': '5.98124', 'ifeat_feat': 0.74875, 'NX_0_len_tra': 6.6, 'NX_0_R_tra': 24.06308038055897, 'NX_0_ctr': '3.64592', 'NX_0_CV': '0.00557', 'NX_0_CV_turn': '0.03333', 'NX_0_Diversity': '0.98680', 'NX_0_Novelty': '6.11865', 'NX_0_ifeat_feat': 0.75, 'NX_10_len_tra': 10.0, 'NX_10_R_tra': 32.338153402805325, 'NX_10_ctr': '3.23382', 'NX_10_CV': '0.01290', 'NX_10_CV_turn': '0.05100', 'NX_10_Diversity': '0.99012', 'NX_10_Novelty': '6.19325', 'NX_10_ifeat_feat': 0.639}]
[I 240110 23:13:07 loggers:84] Epoch: [67], Info: [{'num_test': 100, 'len_tra': 7.77, 'R_tra': 29.85503462076187, 'ctr': '3.84235', 'CV': '0.00127', 'CV_turn': '0.00644', 'Diversity': '0.85870', 'Novelty': '5.44717', 'ifeat_feat': 0.7541827541827542, 'NX_0_len_tra': 5.87, 'NX_0_R_tra': 23.49876136779785, 'NX_0_ctr': '4.00320', 'NX_0_CV': '0.00278', 'NX_0_CV_turn': '0.01874', 'NX_0_Diversity': '0.98532', 'NX_0_Novelty': '5.78167', 'NX_0_ifeat_feat': 0.8245315161839863, 'NX_10_len_tra': 10.0, 'NX_10_R_tra': 31.18960636228323, 'NX_10_ctr': '3.11896', 'NX_10_CV': '0.00582', 'NX_10_CV_turn': '0.02300', 'NX_10_Diversity': '0.99029', 'NX_10_Novelty': '6.38005', 'NX_10_ifeat_feat': 0.616}]
[I 240110 23:16:51 loggers:84] Epoch: [68], Info: [{'num_test': 100, 'len_tra': 7.86, 'R_tra': 31.090066425800323, 'ctr': '3.95548', 'CV': '0.00101', 'CV_turn': '0.00509', 'Diversity': '0.84320', 'Novelty': '6.02637', 'ifeat_feat': 0.7531806615776081, 'NX_0_len_tra': 5.93, 'NX_0_R_tra': 23.49076020002365, 'NX_0_ctr': '3.96134', 'NX_0_CV': '0.00152', 'NX_0_CV_turn': '0.01012', 'NX_0_Diversity': '0.98501', 'NX_0_Novelty': '5.84855', 'NX_0_ifeat_feat': 0.8313659359190556, 'NX_10_len_tra': 10.0, 'NX_10_R_tra': 32.2717398674041, 'NX_10_ctr': '3.22717', 'NX_10_CV': '0.00455', 'NX_10_CV_turn': '0.01800', 'NX_10_Diversity': '0.99050', 'NX_10_Novelty': '6.31954', 'NX_10_ifeat_feat': 0.648}]
[I 240110 23:20:53 loggers:84] Epoch: [69], Info: [{'num_test': 100, 'len_tra': 7.89, 'R_tra': 30.62907492160797, 'ctr': '3.88201', 'CV': '0.00127', 'CV_turn': '0.00634', 'Diversity': '0.83721', 'Novelty': '5.94901', 'ifeat_feat': 0.7515842839036755, 'NX_0_len_tra': 6.24, 'NX_0_R_tra': 24.65964582979679, 'NX_0_ctr': '3.95187', 'NX_0_CV': '0.00329', 'NX_0_CV_turn': '0.02083', 'NX_0_Diversity': '0.98553', 'NX_0_Novelty': '5.85175', 'NX_0_ifeat_feat': 0.8076923076923077, 'NX_10_len_tra': 10.0, 'NX_10_R_tra': 32.45334131278098, 'NX_10_ctr': '3.24533', 'NX_10_CV': '0.00506', 'NX_10_CV_turn': '0.02000', 'NX_10_Diversity': '0.99025', 'NX_10_Novelty': '6.22308', 'NX_10_ifeat_feat': 0.662}]
[I 240110 23:24:51 loggers:84] Epoch: [70], Info: [{'num_test': 100, 'len_tra': 8.0, 'R_tra': 31.11795205116272, 'ctr': '3.88974', 'CV': '0.00101', 'CV_turn': '0.00500', 'Diversity': '0.84722', 'Novelty': '5.99573', 'ifeat_feat': 0.75, 'NX_0_len_tra': 6.22, 'NX_0_R_tra': 24.02222692489624, 'NX_0_ctr': '3.86209', 'NX_0_CV': '0.00405', 'NX_0_CV_turn': '0.02572', 'NX_0_Diversity': '0.98586', 'NX_0_Novelty': '5.96752', 'NX_0_ifeat_feat': 0.7942122186495176, 'NX_10_len_tra': 10.0, 'NX_10_R_tra': 30.39021539390087, 'NX_10_ctr': '3.03902', 'NX_10_CV': '0.00658', 'NX_10_CV_turn': '0.02600', 'NX_10_Diversity': '0.99087', 'NX_10_Novelty': '6.43561', 'NX_10_ifeat_feat': 0.602}]
[I 240110 23:28:46 loggers:84] Epoch: [71], Info: [{'num_test': 100, 'len_tra': 7.9, 'R_tra': 30.058512477874757, 'ctr': '3.80487', 'CV': '0.00152', 'CV_turn': '0.00759', 'Diversity': '0.84556', 'Novelty': '6.00694', 'ifeat_feat': 0.7506329113924051, 'NX_0_len_tra': 5.91, 'NX_0_R_tra': 23.89826639711857, 'NX_0_ctr': '4.04370', 'NX_0_CV': '0.00177', 'NX_0_CV_turn': '0.01184', 'NX_0_Diversity': '0.98515', 'NX_0_Novelty': '5.88053', 'NX_0_ifeat_feat': 0.8274111675126904, 'NX_10_len_tra': 10.0, 'NX_10_R_tra': 31.57167110234499, 'NX_10_ctr': '3.15717', 'NX_10_CV': '0.00557', 'NX_10_CV_turn': '0.02200', 'NX_10_Diversity': '0.99055', 'NX_10_Novelty': '6.28663', 'NX_10_ifeat_feat': 0.635}]
[I 240110 23:32:36 loggers:84] Epoch: [72], Info: [{'num_test': 100, 'len_tra': 8.0, 'R_tra': 31.211463956832887, 'ctr': '3.90143', 'CV': '0.00127', 'CV_turn': '0.00625', 'Diversity': '0.85721', 'Novelty': '4.69452', 'ifeat_feat': 0.7525, 'NX_0_len_tra': 5.9, 'NX_0_R_tra': 23.76825808644295, 'NX_0_ctr': '4.02852', 'NX_0_CV': '0.00152', 'NX_0_CV_turn': '0.01017', 'NX_0_Diversity': '0.98508', 'NX_0_Novelty': '5.81928', 'NX_0_ifeat_feat': 0.8305084745762712, 'NX_10_len_tra': 10.0, 'NX_10_R_tra': 33.177951953709126, 'NX_10_ctr': '3.31780', 'NX_10_CV': '0.00557', 'NX_10_CV_turn': '0.02200', 'NX_10_Diversity': '0.98978', 'NX_10_Novelty': '6.14270', 'NX_10_ifeat_feat': 0.673}]
[I 240110 23:35:46 loggers:84] Epoch: [73], Info: [{'num_test': 100, 'len_tra': 8.0, 'R_tra': 31.10581491947174, 'ctr': '3.88823', 'CV': '0.00127', 'CV_turn': '0.00625', 'Diversity': '0.84853', 'Novelty': '4.48378', 'ifeat_feat': 0.75, 'NX_0_len_tra': 5.84, 'NX_0_R_tra': 23.554140776395798, 'NX_0_ctr': '4.03324', 'NX_0_CV': '0.00152', 'NX_0_CV_turn': '0.01027', 'NX_0_Diversity': '0.98522', 'NX_0_Novelty': '5.78532', 'NX_0_ifeat_feat': 0.8287671232876712, 'NX_10_len_tra': 10.0, 'NX_10_R_tra': 30.83831675335765, 'NX_10_ctr': '3.08383', 'NX_10_CV': '0.00455', 'NX_10_CV_turn': '0.01800', 'NX_10_Diversity': '0.99025', 'NX_10_Novelty': '6.33544', 'NX_10_ifeat_feat': 0.607}]
[I 240110 23:39:09 loggers:84] Epoch: [74], Info: [{'num_test': 100, 'len_tra': 7.94, 'R_tra': 31.41800407409668, 'ctr': '3.95693', 'CV': '0.00101', 'CV_turn': '0.00504', 'Diversity': '0.83901', 'Novelty': '4.44181', 'ifeat_feat': 0.7506297229219143, 'NX_0_len_tra': 6.24, 'NX_0_R_tra': 24.42259684920311, 'NX_0_ctr': '3.91388', 'NX_0_CV': '0.00354', 'NX_0_CV_turn': '0.02244', 'NX_0_Diversity': '0.98601', 'NX_0_Novelty': '5.83480', 'NX_0_ifeat_feat': 0.8076923076923077, 'NX_10_len_tra': 10.0, 'NX_10_R_tra': 32.716252279132604, 'NX_10_ctr': '3.27163', 'NX_10_CV': '0.00531', 'NX_10_CV_turn': '0.02100', 'NX_10_Diversity': '0.98876', 'NX_10_Novelty': '6.48642', 'NX_10_ifeat_feat': 0.721}]
[I 240110 23:43:03 loggers:84] Epoch: [75], Info: [{'num_test': 100, 'len_tra': 7.91, 'R_tra': 31.314352394938467, 'ctr': '3.95883', 'CV': '0.00177', 'CV_turn': '0.00885', 'Diversity': '0.84843', 'Novelty': '4.50077', 'ifeat_feat': 0.7471554993678887, 'NX_0_len_tra': 5.91, 'NX_0_R_tra': 23.780446282029153, 'NX_0_ctr': '4.02376', 'NX_0_CV': '0.00278', 'NX_0_CV_turn': '0.01861', 'NX_0_Diversity': '0.98535', 'NX_0_Novelty': '5.76730', 'NX_0_ifeat_feat': 0.8257191201353637, 'NX_10_len_tra': 10.0, 'NX_10_R_tra': 32.872273784428835, 'NX_10_ctr': '3.28723', 'NX_10_CV': '0.00506', 'NX_10_CV_turn': '0.02000', 'NX_10_Diversity': '0.98912', 'NX_10_Novelty': '6.46569', 'NX_10_ifeat_feat': 0.714}]
[I 240110 23:46:50 loggers:84] Epoch: [76], Info: [{'num_test': 100, 'len_tra': 6.48, 'R_tra': 24.94617645263672, 'ctr': '3.84972', 'CV': '0.00152', 'CV_turn': '0.00926', 'Diversity': '0.84315', 'Novelty': '4.38606', 'ifeat_feat': 0.7175925925925926, 'NX_0_len_tra': 6.07, 'NX_0_R_tra': 23.308992689847948, 'NX_0_ctr': '3.84003', 'NX_0_CV': '0.00380', 'NX_0_CV_turn': '0.02471', 'NX_0_Diversity': '0.98597', 'NX_0_Novelty': '5.32750', 'NX_0_ifeat_feat': 0.8204283360790774, 'NX_10_len_tra': 10.0, 'NX_10_R_tra': 33.68825143709779, 'NX_10_ctr': '3.36883', 'NX_10_CV': '0.00633', 'NX_10_CV_turn': '0.02500', 'NX_10_Diversity': '0.98825', 'NX_10_Novelty': '6.14250', 'NX_10_ifeat_feat': 0.743}]
[I 240110 23:49:53 loggers:84] Epoch: [77], Info: [{'num_test': 100, 'len_tra': 8.0, 'R_tra': 31.00875808954239, 'ctr': '3.87609', 'CV': '0.00127', 'CV_turn': '0.00625', 'Diversity': '0.84888', 'Novelty': '4.49145', 'ifeat_feat': 0.75, 'NX_0_len_tra': 5.93, 'NX_0_R_tra': 23.443189814686775, 'NX_0_ctr': '3.95332', 'NX_0_CV': '0.00253', 'NX_0_CV_turn': '0.01686', 'NX_0_Diversity': '0.98574', 'NX_0_Novelty': '5.42641', 'NX_0_ifeat_feat': 0.8229342327150084, 'NX_10_len_tra': 10.0, 'NX_10_R_tra': 35.01831338241696, 'NX_10_ctr': '3.50183', 'NX_10_CV': '0.00810', 'NX_10_CV_turn': '0.03200', 'NX_10_Diversity': '0.98778', 'NX_10_Novelty': '5.95810', 'NX_10_ifeat_feat': 0.781}]
[I 240110 23:53:01 loggers:84] Epoch: [78], Info: [{'num_test': 100, 'len_tra': 8.0, 'R_tra': 31.066096019744872, 'ctr': '3.88326', 'CV': '0.00152', 'CV_turn': '0.00750', 'Diversity': '0.86072', 'Novelty': '4.76150', 'ifeat_feat': 0.75, 'NX_0_len_tra': 7.2, 'NX_0_R_tra': 27.143217397034167, 'NX_0_ctr': '3.76989', 'NX_0_CV': '0.00430', 'NX_0_CV_turn': '0.02361', 'NX_0_Diversity': '0.98693', 'NX_0_Novelty': '5.53793', 'NX_0_ifeat_feat': 0.8277777777777777, 'NX_10_len_tra': 10.0, 'NX_10_R_tra': 34.55446466594935, 'NX_10_ctr': '3.45545', 'NX_10_CV': '0.00607', 'NX_10_CV_turn': '0.02400', 'NX_10_Diversity': '0.98823', 'NX_10_Novelty': '5.63024', 'NX_10_ifeat_feat': 0.802}]
[I 240110 23:56:07 loggers:84] Epoch: [79], Info: [{'num_test': 100, 'len_tra': 7.75, 'R_tra': 30.30850813150406, 'ctr': '3.91078', 'CV': '0.00152', 'CV_turn': '0.00774', 'Diversity': '0.83882', 'Novelty': '4.39149', 'ifeat_feat': 0.7548387096774194, 'NX_0_len_tra': 7.06, 'NX_0_R_tra': 26.21639651030302, 'NX_0_ctr': '3.71337', 'NX_0_CV': '0.00380', 'NX_0_CV_turn': '0.02125', 'NX_0_Diversity': '0.98684', 'NX_0_Novelty': '5.36246', 'NX_0_ifeat_feat': 0.8271954674220963, 'NX_10_len_tra': 10.0, 'NX_10_R_tra': 35.174866938889025, 'NX_10_ctr': '3.51749', 'NX_10_CV': '0.03087', 'NX_10_CV_turn': '0.12200', 'NX_10_Diversity': '0.98780', 'NX_10_Novelty': '5.38038', 'NX_10_ifeat_feat': 0.861}]
[I 240110 23:59:33 loggers:84] Epoch: [80], Info: [{'num_test': 100, 'len_tra': 5.98, 'R_tra': 22.346714239120484, 'ctr': '3.73691', 'CV': '0.00177', 'CV_turn': '0.01171', 'Diversity': '0.64029', 'Novelty': '5.12853', 'ifeat_feat': 0.782608695652174, 'NX_0_len_tra': 7.29, 'NX_0_R_tra': 26.047207425236703, 'NX_0_ctr': '3.57301', 'NX_0_CV': '0.01063', 'NX_0_CV_turn': '0.05761', 'NX_0_Diversity': '0.98861', 'NX_0_Novelty': '5.61958', 'NX_0_ifeat_feat': 0.8285322359396433, 'NX_10_len_tra': 10.0, 'NX_10_R_tra': 34.548103013038634, 'NX_10_ctr': '3.45481', 'NX_10_CV': '0.02961', 'NX_10_CV_turn': '0.11700', 'NX_10_Diversity': '0.98873', 'NX_10_Novelty': '5.75572', 'NX_10_ifeat_feat': 0.834}]
[I 240111 00:03:22 loggers:84] Epoch: [81], Info: [{'num_test': 100, 'len_tra': 7.92, 'R_tra': 30.514734433889387, 'ctr': '3.85287', 'CV': '0.00101', 'CV_turn': '0.00505', 'Diversity': '0.84604', 'Novelty': '4.44803', 'ifeat_feat': 0.75, 'NX_0_len_tra': 7.38, 'NX_0_R_tra': 26.114404035210608, 'NX_0_ctr': '3.53854', 'NX_0_CV': '0.00329', 'NX_0_CV_turn': '0.01762', 'NX_0_Diversity': '0.98769', 'NX_0_Novelty': '5.83573', 'NX_0_ifeat_feat': 0.7940379403794038, 'NX_10_len_tra': 10.0, 'NX_10_R_tra': 31.56136983178556, 'NX_10_ctr': '3.15614', 'NX_10_CV': '0.00531', 'NX_10_CV_turn': '0.02100', 'NX_10_Diversity': '0.98962', 'NX_10_Novelty': '5.83164', 'NX_10_ifeat_feat': 0.8}]
[I 240111 00:07:07 loggers:84] Epoch: [82], Info: [{'num_test': 100, 'len_tra': 6.95, 'R_tra': 27.210016988515854, 'ctr': '3.91511', 'CV': '0.00127', 'CV_turn': '0.00719', 'Diversity': '0.78430', 'Novelty': '4.52909', 'ifeat_feat': 0.7654676258992805, 'NX_0_len_tra': 6.49, 'NX_0_R_tra': 23.430355689525605, 'NX_0_ctr': '3.61022', 'NX_0_CV': '0.00304', 'NX_0_CV_turn': '0.01849', 'NX_0_Diversity': '0.98812', 'NX_0_Novelty': '5.51752', 'NX_0_ifeat_feat': 0.8151001540832049, 'NX_10_len_tra': 10.0, 'NX_10_R_tra': 31.54958840802312, 'NX_10_ctr': '3.15496', 'NX_10_CV': '0.00430', 'NX_10_CV_turn': '0.01700', 'NX_10_Diversity': '0.98994', 'NX_10_Novelty': '6.05212', 'NX_10_ifeat_feat': 0.801}]
[I 240111 00:10:03 loggers:84] Epoch: [83], Info: [{'num_test': 100, 'len_tra': 5.75, 'R_tra': 21.482075978517532, 'ctr': '3.73601', 'CV': '0.02530', 'CV_turn': '0.17391', 'Diversity': '0.91600', 'Novelty': '4.56053', 'ifeat_feat': 0.8782608695652174, 'NX_0_len_tra': 5.56, 'NX_0_R_tra': 20.7186173504591, 'NX_0_ctr': '3.72637', 'NX_0_CV': '0.00380', 'NX_0_CV_turn': '0.02698', 'NX_0_Diversity': '0.98692', 'NX_0_Novelty': '5.00750', 'NX_0_ifeat_feat': 0.8129496402877698, 'NX_10_len_tra': 10.0, 'NX_10_R_tra': 32.19160250335932, 'NX_10_ctr': '3.21916', 'NX_10_CV': '0.00506', 'NX_10_CV_turn': '0.02000', 'NX_10_Diversity': '0.98969', 'NX_10_Novelty': '5.99132', 'NX_10_ifeat_feat': 0.812}]
[I 240111 00:12:32 loggers:84] Epoch: [84], Info: [{'num_test': 100, 'len_tra': 7.85, 'R_tra': 30.683985047340393, 'ctr': '3.90879', 'CV': '0.00152', 'CV_turn': '0.00764', 'Diversity': '0.84220', 'Novelty': '4.49103', 'ifeat_feat': 0.7541401273885351, 'NX_0_len_tra': 8.46, 'NX_0_R_tra': 28.200376383662224, 'NX_0_ctr': '3.33338', 'NX_0_CV': '0.00430', 'NX_0_CV_turn': '0.02009', 'NX_0_Diversity': '0.98959', 'NX_0_Novelty': '5.86986', 'NX_0_ifeat_feat': 0.764775413711584, 'NX_10_len_tra': 10.0, 'NX_10_R_tra': 31.85209624826908, 'NX_10_ctr': '3.18521', 'NX_10_CV': '0.00633', 'NX_10_CV_turn': '0.02500', 'NX_10_Diversity': '0.99012', 'NX_10_Novelty': '5.91813', 'NX_10_ifeat_feat': 0.752}]
[I 240111 00:15:14 loggers:84] Epoch: [85], Info: [{'num_test': 100, 'len_tra': 7.9, 'R_tra': 30.91081110239029, 'ctr': '3.91276', 'CV': '0.00127', 'CV_turn': '0.00633', 'Diversity': '0.85413', 'Novelty': '4.71155', 'ifeat_feat': 0.7518987341772152, 'NX_0_len_tra': 9.13, 'NX_0_R_tra': 31.661439924240113, 'NX_0_ctr': '3.46785', 'NX_0_CV': '0.00658', 'NX_0_CV_turn': '0.02848', 'NX_0_Diversity': '0.98838', 'NX_0_Novelty': '5.71664', 'NX_0_ifeat_feat': 0.6692223439211391, 'NX_10_len_tra': 10.0, 'NX_10_R_tra': 33.111696564257144, 'NX_10_ctr': '3.31117', 'NX_10_CV': '0.03112', 'NX_10_CV_turn': '0.12300', 'NX_10_Diversity': '0.98916', 'NX_10_Novelty': '5.72463', 'NX_10_ifeat_feat': 0.703}]
[I 240111 00:17:58 loggers:84] Epoch: [86], Info: [{'num_test': 100, 'len_tra': 7.8, 'R_tra': 30.075258972644807, 'ctr': '3.85580', 'CV': '0.00152', 'CV_turn': '0.00769', 'Diversity': '0.84464', 'Novelty': '4.46227', 'ifeat_feat': 0.7538461538461538, 'NX_0_len_tra': 5.9, 'NX_0_R_tra': 21.566974938511848, 'NX_0_ctr': '3.65542', 'NX_0_CV': '0.02809', 'NX_0_CV_turn': '0.18814', 'NX_0_Diversity': '0.98803', 'NX_0_Novelty': '5.04166', 'NX_0_ifeat_feat': 0.7966101694915254, 'NX_10_len_tra': 10.0, 'NX_10_R_tra': 32.60400952160359, 'NX_10_ctr': '3.26040', 'NX_10_CV': '0.00481', 'NX_10_CV_turn': '0.01900', 'NX_10_Diversity': '0.98982', 'NX_10_Novelty': '5.94545', 'NX_10_ifeat_feat': 0.75}]
[I 240111 00:20:58 loggers:84] Epoch: [87], Info: [{'num_test': 100, 'len_tra': 7.85, 'R_tra': 30.287034112215043, 'ctr': '3.85822', 'CV': '0.00152', 'CV_turn': '0.00764', 'Diversity': '0.85264', 'Novelty': '4.53996', 'ifeat_feat': 0.7528662420382166, 'NX_0_len_tra': 6.34, 'NX_0_R_tra': 24.383582127690314, 'NX_0_ctr': '3.84599', 'NX_0_CV': '0.00329', 'NX_0_CV_turn': '0.02050', 'NX_0_Diversity': '0.98625', 'NX_0_Novelty': '5.71075', 'NX_0_ifeat_feat': 0.8170347003154574, 'NX_10_len_tra': 10.0, 'NX_10_R_tra': 33.02613737344742, 'NX_10_ctr': '3.30261', 'NX_10_CV': '0.00380', 'NX_10_CV_turn': '0.01500', 'NX_10_Diversity': '0.98970', 'NX_10_Novelty': '5.94677', 'NX_10_ifeat_feat': 0.769}]
[I 240111 00:24:03 loggers:84] Epoch: [88], Info: [{'num_test': 100, 'len_tra': 7.15, 'R_tra': 27.552994400262833, 'ctr': '3.85357', 'CV': '0.00152', 'CV_turn': '0.00839', 'Diversity': '0.83719', 'Novelty': '4.58827', 'ifeat_feat': 0.7762237762237763, 'NX_0_len_tra': 4.84, 'NX_0_R_tra': 18.71864018559456, 'NX_0_ctr': '3.86749', 'NX_0_CV': '0.00152', 'NX_0_CV_turn': '0.01240', 'NX_0_Diversity': '0.98534', 'NX_0_Novelty': '5.36679', 'NX_0_ifeat_feat': 0.8161157024793388, 'NX_10_len_tra': 10.0, 'NX_10_R_tra': 32.00170358285308, 'NX_10_ctr': '3.20017', 'NX_10_CV': '0.00557', 'NX_10_CV_turn': '0.02200', 'NX_10_Diversity': '0.98987', 'NX_10_Novelty': '5.98086', 'NX_10_ifeat_feat': 0.787}]
[I 240111 00:27:01 loggers:84] Epoch: [89], Info: [{'num_test': 100, 'len_tra': 7.95, 'R_tra': 30.88774957418442, 'ctr': '3.88525', 'CV': '0.00101', 'CV_turn': '0.00503', 'Diversity': '0.84561', 'Novelty': '4.48341', 'ifeat_feat': 0.7496855345911949, 'NX_0_len_tra': 5.68, 'NX_0_R_tra': 22.689918758869172, 'NX_0_ctr': '3.99470', 'NX_0_CV': '0.00177', 'NX_0_CV_turn': '0.01232', 'NX_0_Diversity': '0.98527', 'NX_0_Novelty': '5.69360', 'NX_0_ifeat_feat': 0.8221830985915493, 'NX_10_len_tra': 10.0, 'NX_10_R_tra': 33.46159746319056, 'NX_10_ctr': '3.34616', 'NX_10_CV': '0.00278', 'NX_10_CV_turn': '0.01100', 'NX_10_Diversity': '0.98892', 'NX_10_Novelty': '5.66738', 'NX_10_ifeat_feat': 0.768}]
[I 240111 00:29:52 loggers:84] Epoch: [90], Info: [{'num_test': 100, 'len_tra': 7.85, 'R_tra': 30.83761059165001, 'ctr': '3.92836', 'CV': '0.00127', 'CV_turn': '0.00637', 'Diversity': '0.84868', 'Novelty': '4.49066', 'ifeat_feat': 0.7528662420382166, 'NX_0_len_tra': 5.44, 'NX_0_R_tra': 21.225165405273437, 'NX_0_ctr': '3.90168', 'NX_0_CV': '0.00228', 'NX_0_CV_turn': '0.01654', 'NX_0_Diversity': '0.98551', 'NX_0_Novelty': '5.54645', 'NX_0_ifeat_feat': 0.8088235294117647, 'NX_10_len_tra': 10.0, 'NX_10_R_tra': 35.751100971996784, 'NX_10_ctr': '3.57511', 'NX_10_CV': '0.00380', 'NX_10_CV_turn': '0.01500', 'NX_10_Diversity': '0.98763', 'NX_10_Novelty': '5.68874', 'NX_10_ifeat_feat': 0.701}]
[I 240111 00:32:42 loggers:84] Epoch: [91], Info: [{'num_test': 100, 'len_tra': 7.88, 'R_tra': 30.87388449668884, 'ctr': '3.91801', 'CV': '0.00152', 'CV_turn': '0.00761', 'Diversity': '0.85130', 'Novelty': '4.48055', 'ifeat_feat': 0.751269035532995, 'NX_0_len_tra': 5.69, 'NX_0_R_tra': 22.918313176631926, 'NX_0_ctr': '4.02782', 'NX_0_CV': '0.00177', 'NX_0_CV_turn': '0.01230', 'NX_0_Diversity': '0.98516', 'NX_0_Novelty': '5.68983', 'NX_0_ifeat_feat': 0.8347978910369068, 'NX_10_len_tra': 10.0, 'NX_10_R_tra': 35.63611433088779, 'NX_10_ctr': '3.56361', 'NX_10_CV': '0.00354', 'NX_10_CV_turn': '0.01400', 'NX_10_Diversity': '0.98737', 'NX_10_Novelty': '5.65018', 'NX_10_ifeat_feat': 0.711}]
[I 240111 00:35:29 loggers:84] Epoch: [92], Info: [{'num_test': 100, 'len_tra': 7.79, 'R_tra': 30.139826624393464, 'ctr': '3.86904', 'CV': '0.00152', 'CV_turn': '0.00770', 'Diversity': '0.84835', 'Novelty': '4.49758', 'ifeat_feat': 0.7535301668806161, 'NX_0_len_tra': 5.61, 'NX_0_R_tra': 22.404468634724616, 'NX_0_ctr': '3.99367', 'NX_0_CV': '0.00228', 'NX_0_CV_turn': '0.01604', 'NX_0_Diversity': '0.98522', 'NX_0_Novelty': '5.64950', 'NX_0_ifeat_feat': 0.8181818181818182, 'NX_10_len_tra': 10.0, 'NX_10_R_tra': 36.17972990512848, 'NX_10_ctr': '3.61797', 'NX_10_CV': '0.00304', 'NX_10_CV_turn': '0.01200', 'NX_10_Diversity': '0.98717', 'NX_10_Novelty': '5.79654', 'NX_10_ifeat_feat': 0.704}]
[I 240111 00:38:24 loggers:84] Epoch: [93], Info: [{'num_test': 100, 'len_tra': 7.89, 'R_tra': 30.70151600718498, 'ctr': '3.89119', 'CV': '0.00127', 'CV_turn': '0.00634', 'Diversity': '0.84696', 'Novelty': '4.47289', 'ifeat_feat': 0.7503168567807351, 'NX_0_len_tra': 5.05, 'NX_0_R_tra': 20.043155722618103, 'NX_0_ctr': '3.96894', 'NX_0_CV': '0.00177', 'NX_0_CV_turn': '0.01386', 'NX_0_Diversity': '0.98567', 'NX_0_Novelty': '5.30761', 'NX_0_ifeat_feat': 0.7920792079207921, 'NX_10_len_tra': 10.0, 'NX_10_R_tra': 35.80080098249018, 'NX_10_ctr': '3.58008', 'NX_10_CV': '0.00304', 'NX_10_CV_turn': '0.01200', 'NX_10_Diversity': '0.98730', 'NX_10_Novelty': '5.86109', 'NX_10_ifeat_feat': 0.654}]
[I 240111 00:42:35 loggers:84] Epoch: [94], Info: [{'num_test': 100, 'len_tra': 8.0, 'R_tra': 30.88576325416565, 'ctr': '3.86072', 'CV': '0.00101', 'CV_turn': '0.00500', 'Diversity': '0.84749', 'Novelty': '4.46075', 'ifeat_feat': 0.75, 'NX_0_len_tra': 5.01, 'NX_0_R_tra': 20.05802273631096, 'NX_0_ctr': '4.00360', 'NX_0_CV': '0.00177', 'NX_0_CV_turn': '0.01397', 'NX_0_Diversity': '0.98567', 'NX_0_Novelty': '5.31550', 'NX_0_ifeat_feat': 0.8003992015968064, 'NX_10_len_tra': 10.0, 'NX_10_R_tra': 36.34807561904192, 'NX_10_ctr': '3.63481', 'NX_10_CV': '0.00405', 'NX_10_CV_turn': '0.01600', 'NX_10_Diversity': '0.98776', 'NX_10_Novelty': '6.01177', 'NX_10_ifeat_feat': 0.774}]
[I 240111 00:47:01 loggers:84] Epoch: [95], Info: [{'num_test': 100, 'len_tra': 7.82, 'R_tra': 30.238363484144212, 'ctr': '3.86680', 'CV': '0.00127', 'CV_turn': '0.00639', 'Diversity': '0.83762', 'Novelty': '4.49455', 'ifeat_feat': 0.7570332480818415, 'NX_0_len_tra': 5.03, 'NX_0_R_tra': 19.65903114438057, 'NX_0_ctr': '3.90836', 'NX_0_CV': '0.00228', 'NX_0_CV_turn': '0.01789', 'NX_0_Diversity': '0.98568', 'NX_0_Novelty': '5.28101', 'NX_0_ifeat_feat': 0.7972166998011928, 'NX_10_len_tra': 10.0, 'NX_10_R_tra': 34.30971053123474, 'NX_10_ctr': '3.43097', 'NX_10_CV': '0.00253', 'NX_10_CV_turn': '0.01000', 'NX_10_Diversity': '0.98747', 'NX_10_Novelty': '5.19018', 'NX_10_ifeat_feat': 0.7}]
[I 240111 00:51:08 loggers:84] Epoch: [96], Info: [{'num_test': 100, 'len_tra': 7.89, 'R_tra': 30.039334151744843, 'ctr': '3.80727', 'CV': '0.00152', 'CV_turn': '0.00760', 'Diversity': '0.83608', 'Novelty': '4.42464', 'ifeat_feat': 0.7541191381495564, 'NX_0_len_tra': 5.47, 'NX_0_R_tra': 20.78756677508354, 'NX_0_ctr': '3.80029', 'NX_0_CV': '0.00253', 'NX_0_CV_turn': '0.01828', 'NX_0_Diversity': '0.98590', 'NX_0_Novelty': '5.33116', 'NX_0_ifeat_feat': 0.7915904936014625, 'NX_10_len_tra': 10.0, 'NX_10_R_tra': 35.643556019067766, 'NX_10_ctr': '3.56436', 'NX_10_CV': '0.00354', 'NX_10_CV_turn': '0.01400', 'NX_10_Diversity': '0.98784', 'NX_10_Novelty': '5.66030', 'NX_10_ifeat_feat': 0.8}]
[I 240111 00:54:33 loggers:84] Epoch: [97], Info: [{'num_test': 100, 'len_tra': 7.9, 'R_tra': 30.733162653446197, 'ctr': '3.89027', 'CV': '0.00127', 'CV_turn': '0.00633', 'Diversity': '0.84408', 'Novelty': '4.45415', 'ifeat_feat': 0.7518987341772152, 'NX_0_len_tra': 5.91, 'NX_0_R_tra': 23.512700805068015, 'NX_0_ctr': '3.97846', 'NX_0_CV': '0.00202', 'NX_0_CV_turn': '0.01354', 'NX_0_Diversity': '0.98514', 'NX_0_Novelty': '5.78521', 'NX_0_ifeat_feat': 0.8324873096446701, 'NX_10_len_tra': 10.0, 'NX_10_R_tra': 33.29838161945343, 'NX_10_ctr': '3.32984', 'NX_10_CV': '0.00455', 'NX_10_CV_turn': '0.01800', 'NX_10_Diversity': '0.98870', 'NX_10_Novelty': '5.76401', 'NX_10_ifeat_feat': 0.833}]
[I 240111 00:58:18 loggers:84] Epoch: [98], Info: [{'num_test': 100, 'len_tra': 8.0, 'R_tra': 31.11373636722565, 'ctr': '3.88922', 'CV': '0.00152', 'CV_turn': '0.00750', 'Diversity': '0.84823', 'Novelty': '4.46797', 'ifeat_feat': 0.7525, 'NX_0_len_tra': 5.05, 'NX_0_R_tra': 19.68777577370405, 'NX_0_ctr': '3.89857', 'NX_0_CV': '0.00253', 'NX_0_CV_turn': '0.01980', 'NX_0_Diversity': '0.98563', 'NX_0_Novelty': '5.33004', 'NX_0_ifeat_feat': 0.8, 'NX_10_len_tra': 10.0, 'NX_10_R_tra': 34.137891049087045, 'NX_10_ctr': '3.41379', 'NX_10_CV': '0.00506', 'NX_10_CV_turn': '0.02000', 'NX_10_Diversity': '0.98862', 'NX_10_Novelty': '5.80074', 'NX_10_ifeat_feat': 0.842}]
[I 240111 01:02:41 loggers:84] Epoch: [99], Info: [{'num_test': 100, 'len_tra': 7.74, 'R_tra': 30.355468437075615, 'ctr': '3.92190', 'CV': '0.00127', 'CV_turn': '0.00646', 'Diversity': '0.83831', 'Novelty': '4.47274', 'ifeat_feat': 0.7545219638242894, 'NX_0_len_tra': 5.93, 'NX_0_R_tra': 23.10296348452568, 'NX_0_ctr': '3.89595', 'NX_0_CV': '0.00228', 'NX_0_CV_turn': '0.01518', 'NX_0_Diversity': '0.98536', 'NX_0_Novelty': '5.80910', 'NX_0_ifeat_feat': 0.8330522765598651, 'NX_10_len_tra': 10.0, 'NX_10_R_tra': 31.286122466623784, 'NX_10_ctr': '3.12861', 'NX_10_CV': '0.03036', 'NX_10_CV_turn': '0.12000', 'NX_10_Diversity': '0.98959', 'NX_10_Novelty': '6.07131', 'NX_10_ifeat_feat': 0.884}]
[I 240111 01:06:53 loggers:84] Epoch: [100], Info: [{'num_test': 100, 'len_tra': 7.95, 'R_tra': 31.51125119805336, 'ctr': '3.96368', 'CV': '0.00177', 'CV_turn': '0.00881', 'Diversity': '0.84960', 'Novelty': '4.48977', 'ifeat_feat': 0.7496855345911949, 'NX_0_len_tra': 5.9, 'NX_0_R_tra': 22.435302826166154, 'NX_0_ctr': '3.80259', 'NX_0_CV': '0.00354', 'NX_0_CV_turn': '0.02373', 'NX_0_Diversity': '0.98628', 'NX_0_Novelty': '5.46221', 'NX_0_ifeat_feat': 0.8271186440677966, 'NX_10_len_tra': 10.0, 'NX_10_R_tra': 32.22084740877151, 'NX_10_ctr': '3.22208', 'NX_10_CV': '0.02961', 'NX_10_CV_turn': '0.11700', 'NX_10_Diversity': '0.98911', 'NX_10_Novelty': '5.70521', 'NX_10_ifeat_feat': 0.877}]
[I 240111 01:06:53 policy_utils:407] {'duration': '26919.31s', 'train_time/model': '11611.01s', 'test_step': 76116, 'test_episode': 10100, 'test_time': '105.40s', 'test_speed': '722.19 step/s', 'best_reward': 31.708536756038665, 'best_result': '31.71  2.73', 'train_step': 10035531, 'train_episode': 1352800, 'train_time/collector': '15202.90s', 'train_speed': '374.27 step/s'}
