[I 240112 08:12:27 policy_utils:158] {
      "env": "MovieLensEnv-v0",
      "user_model_name": "DeepFM",
      "seed": 2023,
      "cuda": 3,
      "remove_recommended_ids": false,
      "draw_bar": false,
      "is_userinfo": true,
      "is_all_item_ranking": false,
      "cpu": false,
      "is_save": false,
      "use_userEmbedding": false,
      "use_pretrained_embedding": true,
      "exploration_noise": true,
      "explore_eps": 0.9,
      "need_state_norm": false,
      "freeze_emb": false,
      "reward_handle": "cat",
      "which_tracker": "avg",
      "embedding_dim": 32,
      "window_size": 3,
      "random_init": true,
      "filter_sizes": [
        2,
        3,
        4
      ],
      "num_filters": 16,
      "dropout_rate": 0.1,
      "num_heads": 1,
      "dilations": "[1, 2, 1, 2, 1, 2]",
      "buffer_size": 100000,
      "lr": 0.001,
      "epoch": 100,
      "batch_size": 64,
      "hidden_sizes": [
        64,
        64
      ],
      "episode_per_collect": 100,
      "n_step": 3,
      "update_per_step": 0.125,
      "training_num": 100,
      "test_num": 100,
      "render": 0,
      "reward_threshold": null,
      "gamma": 0.99,
      "step_per_epoch": 10000,
      "step_per_collect": 100,
      "repeat_per_collect": 1,
      "logdir": "log",
      "read_message": "pointneg3",
      "all_item_ranking": false,
      "is_binarize": true,
      "need_transform": true,
      "use_auxiliary": true,
      "entropy_window": [
        1,
        2
      ],
      "rating_threshold": 4,
      "yfeat": "rating",
      "leave_threshold": 75.0,
      "num_leave_compute": 7,
      "max_turn": 30,
      "force_length": 10,
      "top_rate": 0.8,
      "model_name": "TD3",
      "actor_lr": 0.0001,
      "critic_lr": 0.001,
      "tau": 0.005,
      "policy_noise": 0.2,
      "noise_clip": 0.5,
      "update_actor_freq": 2,
      "remap_eps": 0.9,
      "rew_norm": false,
      "message": "TD3-75-7-0.9",
      "hostname": "server3"
    }
[I 240112 08:16:13 loggers:84] Epoch: [1], Info: [{'num_test': 100, 'len_tra': 3.49, 'R_tra': 10.4644388204813, 'ctr': '2.99841', 'CV': '0.08401', 'CV_turn': '0.95129', 'Diversity': '0.98639', 'Novelty': '5.25165', 'ifeat_feat': 0.8997134670487106, 'NX_0_len_tra': 3.29, 'NX_0_R_tra': 9.930677401721477, 'NX_0_ctr': '3.01844', 'NX_0_CV': '0.08072', 'NX_0_CV_turn': '0.96960', 'NX_0_Diversity': '0.98660', 'NX_0_Novelty': '5.22718', 'NX_0_ifeat_feat': 0.8693009118541033, 'NX_10_len_tra': 10.0, 'NX_10_R_tra': 30.13640041694045, 'NX_10_ctr': '3.01364', 'NX_10_CV': '0.22773', 'NX_10_CV_turn': '0.90000', 'NX_10_Diversity': '0.98857', 'NX_10_Novelty': '5.40508', 'NX_10_ifeat_feat': 0.875}]
[I 240112 08:19:28 loggers:84] Epoch: [2], Info: [{'num_test': 100, 'len_tra': 3.22, 'R_tra': 9.927432572245598, 'ctr': '3.08305', 'CV': '0.07389', 'CV_turn': '0.90683', 'Diversity': '0.98328', 'Novelty': '5.33255', 'ifeat_feat': 0.8509316770186336, 'NX_0_len_tra': 3.42, 'NX_0_R_tra': 10.249910821765662, 'NX_0_ctr': '2.99705', 'NX_0_CV': '0.08325', 'NX_0_CV_turn': '0.96199', 'NX_0_Diversity': '0.98675', 'NX_0_Novelty': '5.08154', 'NX_0_ifeat_feat': 0.8596491228070176, 'NX_10_len_tra': 10.0, 'NX_10_R_tra': 28.965748008191586, 'NX_10_ctr': '2.89657', 'NX_10_CV': '0.22293', 'NX_10_CV_turn': '0.88100', 'NX_10_Diversity': '0.98859', 'NX_10_Novelty': '5.39385', 'NX_10_ifeat_feat': 0.867}]
[I 240112 08:22:57 loggers:84] Epoch: [3], Info: [{'num_test': 100, 'len_tra': 3.65, 'R_tra': 10.477386190891266, 'ctr': '2.87052', 'CV': '0.08654', 'CV_turn': '0.93699', 'Diversity': '0.98783', 'Novelty': '5.33655', 'ifeat_feat': 0.8904109589041096, 'NX_0_len_tra': 3.45, 'NX_0_R_tra': 10.009453907907009, 'NX_0_ctr': '2.90129', 'NX_0_CV': '0.07287', 'NX_0_CV_turn': '0.83478', 'NX_0_Diversity': '0.98733', 'NX_0_Novelty': '5.40576', 'NX_0_ifeat_feat': 0.8956521739130435, 'NX_10_len_tra': 10.0, 'NX_10_R_tra': 30.399240684509277, 'NX_10_ctr': '3.03992', 'NX_10_CV': '0.20622', 'NX_10_CV_turn': '0.81500', 'NX_10_Diversity': '0.98840', 'NX_10_Novelty': '5.28144', 'NX_10_ifeat_feat': 0.875}]
[I 240112 08:26:29 loggers:84] Epoch: [4], Info: [{'num_test': 100, 'len_tra': 4.13, 'R_tra': 10.540228681862354, 'ctr': '2.55211', 'CV': '0.07692', 'CV_turn': '0.73608', 'Diversity': '0.98769', 'Novelty': '5.91487', 'ifeat_feat': 0.6585956416464891, 'NX_0_len_tra': 3.64, 'NX_0_R_tra': 9.752714255154133, 'NX_0_ctr': '2.67932', 'NX_0_CV': '0.07869', 'NX_0_CV_turn': '0.85440', 'NX_0_Diversity': '0.98676', 'NX_0_Novelty': '5.45759', 'NX_0_ifeat_feat': 0.782967032967033, 'NX_10_len_tra': 10.0, 'NX_10_R_tra': 25.419440640062092, 'NX_10_ctr': '2.54194', 'NX_10_CV': '0.18623', 'NX_10_CV_turn': '0.73600', 'NX_10_Diversity': '0.99039', 'NX_10_Novelty': '5.91053', 'NX_10_ifeat_feat': 0.799}]
[I 240112 08:29:48 loggers:84] Epoch: [5], Info: [{'num_test': 100, 'len_tra': 4.11, 'R_tra': 12.535605777800082, 'ctr': '3.05003', 'CV': '0.09337', 'CV_turn': '0.89781', 'Diversity': '0.98672', 'Novelty': '5.49069', 'ifeat_feat': 0.7858880778588808, 'NX_0_len_tra': 3.89, 'NX_0_R_tra': 12.21036142900586, 'NX_0_ctr': '3.13891', 'NX_0_CV': '0.07945', 'NX_0_CV_turn': '0.80720', 'NX_0_Diversity': '0.98783', 'NX_0_Novelty': '6.01936', 'NX_0_ifeat_feat': 0.7275064267352185, 'NX_10_len_tra': 10.0, 'NX_10_R_tra': 31.552503399848938, 'NX_10_ctr': '3.15525', 'NX_10_CV': '0.18421', 'NX_10_CV_turn': '0.72800', 'NX_10_Diversity': '0.98879', 'NX_10_Novelty': '5.87718', 'NX_10_ifeat_feat': 0.702}]
[I 240112 08:33:05 loggers:84] Epoch: [6], Info: [{'num_test': 100, 'len_tra': 3.52, 'R_tra': 10.36262670069933, 'ctr': '2.94393', 'CV': '0.08477', 'CV_turn': '0.95170', 'Diversity': '0.98725', 'Novelty': '5.32738', 'ifeat_feat': 0.8778409090909091, 'NX_0_len_tra': 3.68, 'NX_0_R_tra': 10.859626911431551, 'NX_0_ctr': '2.95099', 'NX_0_CV': '0.08882', 'NX_0_CV_turn': '0.95380', 'NX_0_Diversity': '0.98754', 'NX_0_Novelty': '5.28503', 'NX_0_ifeat_feat': 0.8695652173913043, 'NX_10_len_tra': 10.0, 'NX_10_R_tra': 29.652656276375055, 'NX_10_ctr': '2.96527', 'NX_10_CV': '0.22318', 'NX_10_CV_turn': '0.88200', 'NX_10_Diversity': '0.98821', 'NX_10_Novelty': '5.51964', 'NX_10_ifeat_feat': 0.865}]
[I 240112 08:36:20 loggers:84] Epoch: [7], Info: [{'num_test': 100, 'len_tra': 3.21, 'R_tra': 9.703865555971861, 'ctr': '3.02301', 'CV': '0.07768', 'CV_turn': '0.95639', 'Diversity': '0.98663', 'Novelty': '5.30019', 'ifeat_feat': 0.8504672897196262, 'NX_0_len_tra': 3.83, 'NX_0_R_tra': 11.464229936003685, 'NX_0_ctr': '2.99327', 'NX_0_CV': '0.07895', 'NX_0_CV_turn': '0.81462', 'NX_0_Diversity': '0.98702', 'NX_0_Novelty': '5.43417', 'NX_0_ifeat_feat': 0.8172323759791122, 'NX_10_len_tra': 10.0, 'NX_10_R_tra': 30.199691612124443, 'NX_10_ctr': '3.01997', 'NX_10_CV': '0.22596', 'NX_10_CV_turn': '0.89300', 'NX_10_Diversity': '0.98805', 'NX_10_Novelty': '5.46793', 'NX_10_ifeat_feat': 0.878}]
[I 240112 08:39:56 loggers:84] Epoch: [8], Info: [{'num_test': 100, 'len_tra': 3.48, 'R_tra': 10.47130859091878, 'ctr': '3.00900', 'CV': '0.08578', 'CV_turn': '0.97414', 'Diversity': '0.98713', 'Novelty': '5.37386', 'ifeat_feat': 0.867816091954023, 'NX_0_len_tra': 3.48, 'NX_0_R_tra': 10.132509191334247, 'NX_0_ctr': '2.91164', 'NX_0_CV': '0.08401', 'NX_0_CV_turn': '0.95402', 'NX_0_Diversity': '0.98668', 'NX_0_Novelty': '5.40002', 'NX_0_ifeat_feat': 0.8333333333333334, 'NX_10_len_tra': 10.0, 'NX_10_R_tra': 29.957190084457398, 'NX_10_ctr': '2.99572', 'NX_10_CV': '0.22293', 'NX_10_CV_turn': '0.88100', 'NX_10_Diversity': '0.98848', 'NX_10_Novelty': '5.32144', 'NX_10_ifeat_feat': 0.846}]
[I 240112 08:43:25 loggers:84] Epoch: [9], Info: [{'num_test': 100, 'len_tra': 3.73, 'R_tra': 10.94263145416975, 'ctr': '2.93368', 'CV': '0.08983', 'CV_turn': '0.95174', 'Diversity': '0.98733', 'Novelty': '5.35425', 'ifeat_feat': 0.8766756032171582, 'NX_0_len_tra': 3.43, 'NX_0_R_tra': 10.154447658509016, 'NX_0_ctr': '2.96048', 'NX_0_CV': '0.08122', 'NX_0_CV_turn': '0.93586', 'NX_0_Diversity': '0.98712', 'NX_0_Novelty': '5.52679', 'NX_0_ifeat_feat': 0.8396501457725948, 'NX_10_len_tra': 10.0, 'NX_10_R_tra': 29.675365857183934, 'NX_10_ctr': '2.96754', 'NX_10_CV': '0.20572', 'NX_10_CV_turn': '0.81300', 'NX_10_Diversity': '0.98910', 'NX_10_Novelty': '5.47305', 'NX_10_ifeat_feat': 0.799}]
[I 240112 08:46:40 loggers:84] Epoch: [10], Info: [{'num_test': 100, 'len_tra': 3.02, 'R_tra': 9.19158160597086, 'ctr': '3.04357', 'CV': '0.02783', 'CV_turn': '0.36424', 'Diversity': '0.53333', 'Novelty': '5.75300', 'ifeat_feat': 0.6887417218543046, 'NX_0_len_tra': 3.44, 'NX_0_R_tra': 10.092011526226997, 'NX_0_ctr': '2.93372', 'NX_0_CV': '0.07009', 'NX_0_CV_turn': '0.80523', 'NX_0_Diversity': '0.98692', 'NX_0_Novelty': '5.60303', 'NX_0_ifeat_feat': 0.7209302325581395, 'NX_10_len_tra': 10.0, 'NX_10_R_tra': 28.675944165587424, 'NX_10_ctr': '2.86759', 'NX_10_CV': '0.21989', 'NX_10_CV_turn': '0.86900', 'NX_10_Diversity': '0.98889', 'NX_10_Novelty': '5.47530', 'NX_10_ifeat_feat': 0.85}]
[I 240112 08:52:21 loggers:84] Epoch: [11], Info: [{'num_test': 100, 'len_tra': 3.4, 'R_tra': 10.127098127901554, 'ctr': '2.97856', 'CV': '0.08072', 'CV_turn': '0.93824', 'Diversity': '0.98586', 'Novelty': '5.11892', 'ifeat_feat': 0.8588235294117647, 'NX_0_len_tra': 3.87, 'NX_0_R_tra': 11.303339021503925, 'NX_0_ctr': '2.92076', 'NX_0_CV': '0.09109', 'NX_0_CV_turn': '0.93023', 'NX_0_Diversity': '0.98773', 'NX_0_Novelty': '5.46372', 'NX_0_ifeat_feat': 0.8733850129198967, 'NX_10_len_tra': 10.0, 'NX_10_R_tra': 29.607437569126485, 'NX_10_ctr': '2.96074', 'NX_10_CV': '0.20167', 'NX_10_CV_turn': '0.79700', 'NX_10_Diversity': '0.98843', 'NX_10_Novelty': '5.52507', 'NX_10_ifeat_feat': 0.841}]
[I 240112 08:58:42 loggers:84] Epoch: [12], Info: [{'num_test': 100, 'len_tra': 3.76, 'R_tra': 11.152503464519977, 'ctr': '2.96609', 'CV': '0.08224', 'CV_turn': '0.86436', 'Diversity': '0.98726', 'Novelty': '5.44130', 'ifeat_feat': 0.7659574468085106, 'NX_0_len_tra': 3.69, 'NX_0_R_tra': 11.063144643604755, 'NX_0_ctr': '2.99814', 'NX_0_CV': '0.06275', 'NX_0_CV_turn': '0.67209', 'NX_0_Diversity': '0.98767', 'NX_0_Novelty': '5.49079', 'NX_0_ifeat_feat': 0.7208672086720868, 'NX_10_len_tra': 10.0, 'NX_10_R_tra': 29.441994791030883, 'NX_10_ctr': '2.94420', 'NX_10_CV': '0.22141', 'NX_10_CV_turn': '0.87500', 'NX_10_Diversity': '0.98810', 'NX_10_Novelty': '5.39661', 'NX_10_ifeat_feat': 0.879}]
[I 240112 09:05:37 loggers:84] Epoch: [13], Info: [{'num_test': 100, 'len_tra': 3.55, 'R_tra': 10.578072364330291, 'ctr': '2.97974', 'CV': '0.06351', 'CV_turn': '0.70704', 'Diversity': '0.98724', 'Novelty': '5.68778', 'ifeat_feat': 0.9183098591549296, 'NX_0_len_tra': 3.45, 'NX_0_R_tra': 10.228278568387031, 'NX_0_ctr': '2.96472', 'NX_0_CV': '0.08451', 'NX_0_CV_turn': '0.96812', 'NX_0_Diversity': '0.98699', 'NX_0_Novelty': '5.42349', 'NX_0_ifeat_feat': 0.8579710144927536, 'NX_10_len_tra': 10.0, 'NX_10_R_tra': 30.26342171922326, 'NX_10_ctr': '3.02634', 'NX_10_CV': '0.20673', 'NX_10_CV_turn': '0.81700', 'NX_10_Diversity': '0.98849', 'NX_10_Novelty': '5.50901', 'NX_10_ifeat_feat': 0.883}]
[I 240112 09:12:12 loggers:84] Epoch: [14], Info: [{'num_test': 100, 'len_tra': 3.7, 'R_tra': 11.324629878997802, 'ctr': '3.06071', 'CV': '0.08983', 'CV_turn': '0.95946', 'Diversity': '0.98729', 'Novelty': '5.44566', 'ifeat_feat': 0.8648648648648649, 'NX_0_len_tra': 3.78, 'NX_0_R_tra': 11.008287306725979, 'NX_0_ctr': '2.91225', 'NX_0_CV': '0.07465', 'NX_0_CV_turn': '0.78042', 'NX_0_Diversity': '0.98700', 'NX_0_Novelty': '5.17950', 'NX_0_ifeat_feat': 0.873015873015873, 'NX_10_len_tra': 10.0, 'NX_10_R_tra': 29.77318606361747, 'NX_10_ctr': '2.97732', 'NX_10_CV': '0.22293', 'NX_10_CV_turn': '0.88100', 'NX_10_Diversity': '0.98804', 'NX_10_Novelty': '5.36833', 'NX_10_ifeat_feat': 0.861}]
[I 240112 09:19:33 loggers:84] Epoch: [15], Info: [{'num_test': 100, 'len_tra': 3.35, 'R_tra': 9.990446811020375, 'ctr': '2.98222', 'CV': '0.08224', 'CV_turn': '0.97015', 'Diversity': '0.98425', 'Novelty': '5.33227', 'ifeat_feat': 0.8686567164179104, 'NX_0_len_tra': 3.41, 'NX_0_R_tra': 10.056263202652335, 'NX_0_ctr': '2.94905', 'NX_0_CV': '0.08148', 'NX_0_CV_turn': '0.94428', 'NX_0_Diversity': '0.98700', 'NX_0_Novelty': '5.37346', 'NX_0_ifeat_feat': 0.8914956011730205, 'NX_10_len_tra': 10.0, 'NX_10_R_tra': 29.662397031337022, 'NX_10_ctr': '2.96624', 'NX_10_CV': '0.20622', 'NX_10_CV_turn': '0.81500', 'NX_10_Diversity': '0.98824', 'NX_10_Novelty': '5.41610', 'NX_10_ifeat_feat': 0.882}]
[I 240112 09:26:54 loggers:84] Epoch: [16], Info: [{'num_test': 100, 'len_tra': 3.39, 'R_tra': 10.051573981046676, 'ctr': '2.96507', 'CV': '0.08274', 'CV_turn': '0.96460', 'Diversity': '0.98665', 'Novelty': '5.51227', 'ifeat_feat': 0.8584070796460177, 'NX_0_len_tra': 3.47, 'NX_0_R_tra': 10.375359735041856, 'NX_0_ctr': '2.99002', 'NX_0_CV': '0.08527', 'NX_0_CV_turn': '0.97118', 'NX_0_Diversity': '0.98731', 'NX_0_Novelty': '5.32140', 'NX_0_ifeat_feat': 0.8703170028818443, 'NX_10_len_tra': 10.0, 'NX_10_R_tra': 27.315762855261564, 'NX_10_ctr': '2.73158', 'NX_10_CV': '0.16194', 'NX_10_CV_turn': '0.64000', 'NX_10_Diversity': '0.98900', 'NX_10_Novelty': '5.55042', 'NX_10_ifeat_feat': 0.871}]
[I 240112 09:34:18 loggers:84] Epoch: [17], Info: [{'num_test': 100, 'len_tra': 3.57, 'R_tra': 10.772228275239467, 'ctr': '3.01743', 'CV': '0.08704', 'CV_turn': '0.96359', 'Diversity': '0.98730', 'Novelty': '5.36643', 'ifeat_feat': 0.8627450980392157, 'NX_0_len_tra': 3.24, 'NX_0_R_tra': 9.544946662187577, 'NX_0_ctr': '2.94597', 'NX_0_CV': '0.07743', 'NX_0_CV_turn': '0.94444', 'NX_0_Diversity': '0.98645', 'NX_0_Novelty': '5.43687', 'NX_0_ifeat_feat': 0.8888888888888888, 'NX_10_len_tra': 10.0, 'NX_10_R_tra': 28.781253854185344, 'NX_10_ctr': '2.87813', 'NX_10_CV': '0.22014', 'NX_10_CV_turn': '0.87000', 'NX_10_Diversity': '0.98777', 'NX_10_Novelty': '5.52035', 'NX_10_ifeat_feat': 0.867}]
[I 240112 09:41:44 loggers:84] Epoch: [18], Info: [{'num_test': 100, 'len_tra': 3.53, 'R_tra': 10.495162578970193, 'ctr': '2.97313', 'CV': '0.08350', 'CV_turn': '0.93484', 'Diversity': '0.98706', 'Novelty': '5.09270', 'ifeat_feat': 0.8696883852691218, 'NX_0_len_tra': 3.33, 'NX_0_R_tra': 9.803548013418913, 'NX_0_ctr': '2.94401', 'NX_0_CV': '0.07945', 'NX_0_CV_turn': '0.94294', 'NX_0_Diversity': '0.98600', 'NX_0_Novelty': '5.33569', 'NX_0_ifeat_feat': 0.8768768768768769, 'NX_10_len_tra': 10.0, 'NX_10_R_tra': 29.633741527348757, 'NX_10_ctr': '2.96337', 'NX_10_CV': '0.18320', 'NX_10_CV_turn': '0.72400', 'NX_10_Diversity': '0.98807', 'NX_10_Novelty': '5.10492', 'NX_10_ifeat_feat': 0.891}]
[I 240112 09:49:11 loggers:84] Epoch: [19], Info: [{'num_test': 100, 'len_tra': 3.61, 'R_tra': 9.903282577395439, 'ctr': '2.74329', 'CV': '0.06427', 'CV_turn': '0.70360', 'Diversity': '0.98675', 'Novelty': '6.14519', 'ifeat_feat': 0.8670360110803325, 'NX_0_len_tra': 4.33, 'NX_0_R_tra': 11.504621257781983, 'NX_0_ctr': '2.65696', 'NX_0_CV': '0.05516', 'NX_0_CV_turn': '0.50346', 'NX_0_Diversity': '0.98997', 'NX_0_Novelty': '6.81202', 'NX_0_ifeat_feat': 0.7829099307159353, 'NX_10_len_tra': 10.0, 'NX_10_R_tra': 28.743338157236575, 'NX_10_ctr': '2.87433', 'NX_10_CV': '0.20547', 'NX_10_CV_turn': '0.81200', 'NX_10_Diversity': '0.98884', 'NX_10_Novelty': '5.66476', 'NX_10_ifeat_feat': 0.866}]
[I 240112 09:56:38 loggers:84] Epoch: [20], Info: [{'num_test': 100, 'len_tra': 3.62, 'R_tra': 10.753049139752983, 'ctr': '2.97046', 'CV': '0.06554', 'CV_turn': '0.71547', 'Diversity': '0.96023', 'Novelty': '6.06767', 'ifeat_feat': 0.9171270718232044, 'NX_0_len_tra': 3.54, 'NX_0_R_tra': 10.449191412776708, 'NX_0_ctr': '2.95175', 'NX_0_CV': '0.08603', 'NX_0_CV_turn': '0.96045', 'NX_0_Diversity': '0.98705', 'NX_0_Novelty': '5.24395', 'NX_0_ifeat_feat': 0.8615819209039548, 'NX_10_len_tra': 10.0, 'NX_10_R_tra': 28.85380336880684, 'NX_10_ctr': '2.88538', 'NX_10_CV': '0.21989', 'NX_10_CV_turn': '0.86900', 'NX_10_Diversity': '0.98807', 'NX_10_Novelty': '5.41627', 'NX_10_ifeat_feat': 0.861}]
[I 240112 10:04:02 loggers:84] Epoch: [21], Info: [{'num_test': 100, 'len_tra': 4.29, 'R_tra': 12.36630708232522, 'ctr': '2.88259', 'CV': '0.08122', 'CV_turn': '0.74825', 'Diversity': '0.98961', 'Novelty': '6.01873', 'ifeat_feat': 0.8811188811188811, 'NX_0_len_tra': 4.0, 'NX_0_R_tra': 11.97808222681284, 'NX_0_ctr': '2.99452', 'NX_0_CV': '0.07540', 'NX_0_CV_turn': '0.74500', 'NX_0_Diversity': '0.98851', 'NX_0_Novelty': '5.91696', 'NX_0_ifeat_feat': 0.92, 'NX_10_len_tra': 10.0, 'NX_10_R_tra': 27.132841643095016, 'NX_10_ctr': '2.71328', 'NX_10_CV': '0.14246', 'NX_10_CV_turn': '0.56300', 'NX_10_Diversity': '0.99020', 'NX_10_Novelty': '6.49503', 'NX_10_ifeat_feat': 0.881}]
[I 240112 10:11:27 loggers:84] Epoch: [22], Info: [{'num_test': 100, 'len_tra': 3.49, 'R_tra': 10.198858260363341, 'ctr': '2.92231', 'CV': '0.08325', 'CV_turn': '0.94269', 'Diversity': '0.98572', 'Novelty': '5.25347', 'ifeat_feat': 0.9054441260744985, 'NX_0_len_tra': 3.38, 'NX_0_R_tra': 9.464000934511423, 'NX_0_ctr': '2.80000', 'NX_0_CV': '0.08047', 'NX_0_CV_turn': '0.94083', 'NX_0_Diversity': '0.98634', 'NX_0_Novelty': '5.34791', 'NX_0_ifeat_feat': 0.8757396449704142, 'NX_10_len_tra': 10.0, 'NX_10_R_tra': 29.813655376136303, 'NX_10_ctr': '2.98137', 'NX_10_CV': '0.20597', 'NX_10_CV_turn': '0.81400', 'NX_10_Diversity': '0.98824', 'NX_10_Novelty': '5.70446', 'NX_10_ifeat_feat': 0.879}]
[I 240112 10:18:45 loggers:84] Epoch: [23], Info: [{'num_test': 100, 'len_tra': 4.04, 'R_tra': 11.96339805305004, 'ctr': '2.96124', 'CV': '0.07819', 'CV_turn': '0.76485', 'Diversity': '0.98720', 'Novelty': '5.36751', 'ifeat_feat': 0.9133663366336634, 'NX_0_len_tra': 3.89, 'NX_0_R_tra': 11.468769744485616, 'NX_0_ctr': '2.94827', 'NX_0_CV': '0.07085', 'NX_0_CV_turn': '0.71979', 'NX_0_Diversity': '0.98840', 'NX_0_Novelty': '5.53082', 'NX_0_ifeat_feat': 0.9177377892030848, 'NX_10_len_tra': 10.0, 'NX_10_R_tra': 28.87433862403035, 'NX_10_ctr': '2.88743', 'NX_10_CV': '0.18320', 'NX_10_CV_turn': '0.72400', 'NX_10_Diversity': '0.98903', 'NX_10_Novelty': '5.29950', 'NX_10_ifeat_feat': 0.89}]
[I 240112 10:26:08 loggers:84] Epoch: [24], Info: [{'num_test': 100, 'len_tra': 3.58, 'R_tra': 10.679591191411019, 'ctr': '2.98313', 'CV': '0.06452', 'CV_turn': '0.71229', 'Diversity': '0.98743', 'Novelty': '5.44691', 'ifeat_feat': 0.8966480446927374, 'NX_0_len_tra': 3.27, 'NX_0_R_tra': 9.349510439634322, 'NX_0_ctr': '2.85918', 'NX_0_CV': '0.07844', 'NX_0_CV_turn': '0.94801', 'NX_0_Diversity': '0.98637', 'NX_0_Novelty': '5.21779', 'NX_0_ifeat_feat': 0.8379204892966361, 'NX_10_len_tra': 10.0, 'NX_10_R_tra': 28.696073472946882, 'NX_10_ctr': '2.86961', 'NX_10_CV': '0.18295', 'NX_10_CV_turn': '0.72300', 'NX_10_Diversity': '0.98913', 'NX_10_Novelty': '5.23017', 'NX_10_ifeat_feat': 0.894}]
[I 240112 10:33:20 loggers:84] Epoch: [25], Info: [{'num_test': 100, 'len_tra': 3.41, 'R_tra': 10.017269075661897, 'ctr': '2.93762', 'CV': '0.08122', 'CV_turn': '0.94135', 'Diversity': '0.98643', 'Novelty': '5.48579', 'ifeat_feat': 0.8797653958944281, 'NX_0_len_tra': 3.72, 'NX_0_R_tra': 10.702094575017691, 'NX_0_ctr': '2.87691', 'NX_0_CV': '0.02859', 'NX_0_CV_turn': '0.30376', 'NX_0_Diversity': '0.98499', 'NX_0_Novelty': '6.07108', 'NX_0_ifeat_feat': 0.9327956989247311, 'NX_10_len_tra': 10.0, 'NX_10_R_tra': 30.084747689589857, 'NX_10_ctr': '3.00847', 'NX_10_CV': '0.18370', 'NX_10_CV_turn': '0.72600', 'NX_10_Diversity': '0.98822', 'NX_10_Novelty': '5.62653', 'NX_10_ifeat_feat': 0.867}]
[I 240112 10:40:36 loggers:84] Epoch: [26], Info: [{'num_test': 100, 'len_tra': 3.16, 'R_tra': 9.394975620508195, 'ctr': '2.97309', 'CV': '0.07414', 'CV_turn': '0.92722', 'Diversity': '0.98492', 'Novelty': '5.42316', 'ifeat_feat': 0.8291139240506329, 'NX_0_len_tra': 3.44, 'NX_0_R_tra': 10.451997697949409, 'NX_0_ctr': '3.03837', 'NX_0_CV': '0.08376', 'NX_0_CV_turn': '0.96221', 'NX_0_Diversity': '0.98679', 'NX_0_Novelty': '5.35206', 'NX_0_ifeat_feat': 0.8837209302325582, 'NX_10_len_tra': 10.0, 'NX_10_R_tra': 29.52110178530216, 'NX_10_ctr': '2.95211', 'NX_10_CV': '0.20648', 'NX_10_CV_turn': '0.81600', 'NX_10_Diversity': '0.98834', 'NX_10_Novelty': '5.37926', 'NX_10_ifeat_feat': 0.841}]
[I 240112 10:48:04 loggers:84] Epoch: [27], Info: [{'num_test': 100, 'len_tra': 3.38, 'R_tra': 10.214257905483246, 'ctr': '3.02197', 'CV': '0.08224', 'CV_turn': '0.96154', 'Diversity': '0.98653', 'Novelty': '5.21454', 'ifeat_feat': 0.849112426035503, 'NX_0_len_tra': 3.56, 'NX_0_R_tra': 10.606447028517723, 'NX_0_ctr': '2.97934', 'NX_0_CV': '0.08553', 'NX_0_CV_turn': '0.94944', 'NX_0_Diversity': '0.98726', 'NX_0_Novelty': '5.31579', 'NX_0_ifeat_feat': 0.8398876404494382, 'NX_10_len_tra': 10.0, 'NX_10_R_tra': 29.70431913807988, 'NX_10_ctr': '2.97043', 'NX_10_CV': '0.22470', 'NX_10_CV_turn': '0.88800', 'NX_10_Diversity': '0.98820', 'NX_10_Novelty': '5.34292', 'NX_10_ifeat_feat': 0.865}]
[I 240112 10:55:27 loggers:84] Epoch: [28], Info: [{'num_test': 100, 'len_tra': 3.37, 'R_tra': 9.930366582274438, 'ctr': '2.94670', 'CV': '0.08173', 'CV_turn': '0.95846', 'Diversity': '0.98666', 'Novelty': '5.27044', 'ifeat_feat': 0.9050445103857567, 'NX_0_len_tra': 3.45, 'NX_0_R_tra': 9.891168610155582, 'NX_0_ctr': '2.86701', 'NX_0_CV': '0.08325', 'NX_0_CV_turn': '0.95362', 'NX_0_Diversity': '0.98746', 'NX_0_Novelty': '5.34393', 'NX_0_ifeat_feat': 0.8376811594202899, 'NX_10_len_tra': 10.0, 'NX_10_R_tra': 28.927722156494855, 'NX_10_ctr': '2.89277', 'NX_10_CV': '0.22065', 'NX_10_CV_turn': '0.87200', 'NX_10_Diversity': '0.98837', 'NX_10_Novelty': '5.45803', 'NX_10_ifeat_feat': 0.852}]
[I 240112 11:02:58 loggers:84] Epoch: [29], Info: [{'num_test': 100, 'len_tra': 3.48, 'R_tra': 10.186480659246445, 'ctr': '2.92715', 'CV': '0.08578', 'CV_turn': '0.97414', 'Diversity': '0.98703', 'Novelty': '5.27227', 'ifeat_feat': 0.8591954022988506, 'NX_0_len_tra': 3.09, 'NX_0_R_tra': 9.742623413801192, 'NX_0_ctr': '3.15295', 'NX_0_CV': '0.05137', 'NX_0_CV_turn': '0.65696', 'NX_0_Diversity': '0.98487', 'NX_0_Novelty': '4.53924', 'NX_0_ifeat_feat': 0.6148867313915858, 'NX_10_len_tra': 10.0, 'NX_10_R_tra': 28.34621967047453, 'NX_10_ctr': '2.83462', 'NX_10_CV': '0.22115', 'NX_10_CV_turn': '0.87400', 'NX_10_Diversity': '0.98872', 'NX_10_Novelty': '5.41160', 'NX_10_ifeat_feat': 0.868}]
[I 240112 11:10:18 loggers:84] Epoch: [30], Info: [{'num_test': 100, 'len_tra': 3.54, 'R_tra': 10.407221666276454, 'ctr': '2.93989', 'CV': '0.08704', 'CV_turn': '0.97175', 'Diversity': '0.98718', 'Novelty': '5.25384', 'ifeat_feat': 0.8615819209039548, 'NX_0_len_tra': 3.05, 'NX_0_R_tra': 9.285496336817742, 'NX_0_ctr': '3.04443', 'NX_0_CV': '0.06655', 'NX_0_CV_turn': '0.86230', 'NX_0_Diversity': '0.98577', 'NX_0_Novelty': '5.26314', 'NX_0_ifeat_feat': 0.7573770491803279, 'NX_10_len_tra': 10.0, 'NX_10_R_tra': 28.957975642085074, 'NX_10_ctr': '2.89580', 'NX_10_CV': '0.22166', 'NX_10_CV_turn': '0.87600', 'NX_10_Diversity': '0.98843', 'NX_10_Novelty': '5.41738', 'NX_10_ifeat_feat': 0.87}]
[I 240112 11:17:34 loggers:84] Epoch: [31], Info: [{'num_test': 100, 'len_tra': 2.44, 'R_tra': 7.83987228244543, 'ctr': '3.21306', 'CV': '0.02606', 'CV_turn': '0.42213', 'Diversity': '0.86018', 'Novelty': '4.31253', 'ifeat_feat': 0.42213114754098363, 'NX_0_len_tra': 3.24, 'NX_0_R_tra': 9.592121646106243, 'NX_0_ctr': '2.96053', 'NX_0_CV': '0.07869', 'NX_0_CV_turn': '0.95988', 'NX_0_Diversity': '0.98680', 'NX_0_Novelty': '5.42695', 'NX_0_ifeat_feat': 0.8364197530864198, 'NX_10_len_tra': 10.0, 'NX_10_R_tra': 29.51214683175087, 'NX_10_ctr': '2.95121', 'NX_10_CV': '0.22343', 'NX_10_CV_turn': '0.88300', 'NX_10_Diversity': '0.98832', 'NX_10_Novelty': '5.39710', 'NX_10_ifeat_feat': 0.86}]
[I 240112 11:24:56 loggers:84] Epoch: [32], Info: [{'num_test': 100, 'len_tra': 3.07, 'R_tra': 9.554334002137184, 'ctr': '3.11216', 'CV': '0.06022', 'CV_turn': '0.77524', 'Diversity': '0.98566', 'Novelty': '5.20283', 'ifeat_feat': 0.749185667752443, 'NX_0_len_tra': 3.4, 'NX_0_R_tra': 10.389442788809538, 'NX_0_ctr': '3.05572', 'NX_0_CV': '0.08224', 'NX_0_CV_turn': '0.95588', 'NX_0_Diversity': '0.98662', 'NX_0_Novelty': '5.41581', 'NX_0_ifeat_feat': 0.8588235294117647, 'NX_10_len_tra': 10.0, 'NX_10_R_tra': 29.99531899690628, 'NX_10_ctr': '2.99953', 'NX_10_CV': '0.18623', 'NX_10_CV_turn': '0.73600', 'NX_10_Diversity': '0.98798', 'NX_10_Novelty': '5.42626', 'NX_10_ifeat_feat': 0.804}]
[I 240112 11:32:14 loggers:84] Epoch: [33], Info: [{'num_test': 100, 'len_tra': 3.45, 'R_tra': 10.417956768870354, 'ctr': '3.01970', 'CV': '0.08426', 'CV_turn': '0.96522', 'Diversity': '0.98620', 'Novelty': '5.39633', 'ifeat_feat': 0.8898550724637682, 'NX_0_len_tra': 3.1, 'NX_0_R_tra': 8.851852074563503, 'NX_0_ctr': '2.85544', 'NX_0_CV': '0.07591', 'NX_0_CV_turn': '0.96774', 'NX_0_Diversity': '0.98539', 'NX_0_Novelty': '5.02078', 'NX_0_ifeat_feat': 0.8935483870967742, 'NX_10_len_tra': 10.0, 'NX_10_R_tra': 30.40510830372572, 'NX_10_ctr': '3.04051', 'NX_10_CV': '0.22520', 'NX_10_CV_turn': '0.89000', 'NX_10_Diversity': '0.98854', 'NX_10_Novelty': '5.45556', 'NX_10_ifeat_feat': 0.864}]
[I 240112 11:39:24 loggers:84] Epoch: [34], Info: [{'num_test': 100, 'len_tra': 3.53, 'R_tra': 10.576101029068232, 'ctr': '2.99606', 'CV': '0.08553', 'CV_turn': '0.95751', 'Diversity': '0.98751', 'Novelty': '5.31606', 'ifeat_feat': 0.8583569405099151, 'NX_0_len_tra': 3.21, 'NX_0_R_tra': 9.494789631068706, 'NX_0_ctr': '2.95788', 'NX_0_CV': '0.07819', 'NX_0_CV_turn': '0.96262', 'NX_0_Diversity': '0.98651', 'NX_0_Novelty': '5.44143', 'NX_0_ifeat_feat': 0.8629283489096573, 'NX_10_len_tra': 10.0, 'NX_10_R_tra': 27.569932145923374, 'NX_10_ctr': '2.75699', 'NX_10_CV': '0.18801', 'NX_10_CV_turn': '0.74300', 'NX_10_Diversity': '0.98859', 'NX_10_Novelty': '5.60050', 'NX_10_ifeat_feat': 0.848}]
[I 240112 11:46:52 loggers:84] Epoch: [35], Info: [{'num_test': 100, 'len_tra': 3.37, 'R_tra': 9.048475156873465, 'ctr': '2.68501', 'CV': '0.05263', 'CV_turn': '0.61721', 'Diversity': '0.94755', 'Novelty': '5.14551', 'ifeat_feat': 0.8367952522255193, 'NX_0_len_tra': 3.56, 'NX_0_R_tra': 10.62460252508521, 'NX_0_ctr': '2.98444', 'NX_0_CV': '0.08629', 'NX_0_CV_turn': '0.95787', 'NX_0_Diversity': '0.98741', 'NX_0_Novelty': '5.52647', 'NX_0_ifeat_feat': 0.851123595505618, 'NX_10_len_tra': 10.0, 'NX_10_R_tra': 29.72599236369133, 'NX_10_ctr': '2.97260', 'NX_10_CV': '0.22571', 'NX_10_CV_turn': '0.89200', 'NX_10_Diversity': '0.98845', 'NX_10_Novelty': '5.32152', 'NX_10_ifeat_feat': 0.887}]
[I 240112 11:54:14 loggers:84] Epoch: [36], Info: [{'num_test': 100, 'len_tra': 3.15, 'R_tra': 9.946780247688293, 'ctr': '3.15771', 'CV': '0.06048', 'CV_turn': '0.75873', 'Diversity': '0.98552', 'Novelty': '5.66942', 'ifeat_feat': 0.7174603174603175, 'NX_0_len_tra': 3.36, 'NX_0_R_tra': 9.500655320882798, 'NX_0_ctr': '2.82758', 'NX_0_CV': '0.07945', 'NX_0_CV_turn': '0.93452', 'NX_0_Diversity': '0.98690', 'NX_0_Novelty': '5.14002', 'NX_0_ifeat_feat': 0.8690476190476191, 'NX_10_len_tra': 10.0, 'NX_10_R_tra': 29.639036692231894, 'NX_10_ctr': '2.96390', 'NX_10_CV': '0.20698', 'NX_10_CV_turn': '0.81800', 'NX_10_Diversity': '0.98845', 'NX_10_Novelty': '5.42798', 'NX_10_ifeat_feat': 0.801}]
[I 240112 12:01:42 loggers:84] Epoch: [37], Info: [{'num_test': 100, 'len_tra': 3.74, 'R_tra': 11.37527457907796, 'ctr': '3.04152', 'CV': '0.08983', 'CV_turn': '0.94920', 'Diversity': '0.98654', 'Novelty': '5.25291', 'ifeat_feat': 0.8823529411764706, 'NX_0_len_tra': 3.61, 'NX_0_R_tra': 10.281564189195633, 'NX_0_ctr': '2.84808', 'NX_0_CV': '0.07819', 'NX_0_CV_turn': '0.85596', 'NX_0_Diversity': '0.98698', 'NX_0_Novelty': '5.34924', 'NX_0_ifeat_feat': 0.8614958448753463, 'NX_10_len_tra': 10.0, 'NX_10_R_tra': 28.839800669252874, 'NX_10_ctr': '2.88398', 'NX_10_CV': '0.20420', 'NX_10_CV_turn': '0.80700', 'NX_10_Diversity': '0.98805', 'NX_10_Novelty': '5.50904', 'NX_10_ifeat_feat': 0.891}]
[I 240112 12:09:10 loggers:84] Epoch: [38], Info: [{'num_test': 100, 'len_tra': 3.82, 'R_tra': 11.362481709420681, 'ctr': '2.97447', 'CV': '0.09185', 'CV_turn': '0.95026', 'Diversity': '0.98714', 'Novelty': '5.19933', 'ifeat_feat': 0.8743455497382199, 'NX_0_len_tra': 4.91, 'NX_0_R_tra': 15.295600116848945, 'NX_0_ctr': '3.11519', 'NX_0_CV': '0.09691', 'NX_0_CV_turn': '0.78004', 'NX_0_Diversity': '0.98774', 'NX_0_Novelty': '5.22046', 'NX_0_ifeat_feat': 0.9144602851323829, 'NX_10_len_tra': 10.0, 'NX_10_R_tra': 28.9317959035933, 'NX_10_ctr': '2.89318', 'NX_10_CV': '0.22267', 'NX_10_CV_turn': '0.88000', 'NX_10_Diversity': '0.98810', 'NX_10_Novelty': '5.33508', 'NX_10_ifeat_feat': 0.869}]
[I 240112 12:16:19 loggers:84] Epoch: [39], Info: [{'num_test': 100, 'len_tra': 4.53, 'R_tra': 14.63699013441801, 'ctr': '3.23112', 'CV': '0.08426', 'CV_turn': '0.73510', 'Diversity': '0.98342', 'Novelty': '6.00067', 'ifeat_feat': 0.891832229580574, 'NX_0_len_tra': 3.26, 'NX_0_R_tra': 9.790227914303541, 'NX_0_ctr': '3.00314', 'NX_0_CV': '0.07971', 'NX_0_CV_turn': '0.96626', 'NX_0_Diversity': '0.98578', 'NX_0_Novelty': '5.32460', 'NX_0_ifeat_feat': 0.852760736196319, 'NX_10_len_tra': 10.0, 'NX_10_R_tra': 29.756128076910972, 'NX_10_ctr': '2.97561', 'NX_10_CV': '0.22824', 'NX_10_CV_turn': '0.90200', 'NX_10_Diversity': '0.98860', 'NX_10_Novelty': '5.42774', 'NX_10_ifeat_feat': 0.869}]
[I 240112 12:23:34 loggers:84] Epoch: [40], Info: [{'num_test': 100, 'len_tra': 4.2, 'R_tra': 13.407208832800388, 'ctr': '3.19219', 'CV': '0.07844', 'CV_turn': '0.73810', 'Diversity': '0.98935', 'Novelty': '5.95574', 'ifeat_feat': 0.9238095238095239, 'NX_0_len_tra': 3.6, 'NX_0_R_tra': 10.498676599338651, 'NX_0_ctr': '2.91630', 'NX_0_CV': '0.08780', 'NX_0_CV_turn': '0.96389', 'NX_0_Diversity': '0.98663', 'NX_0_Novelty': '5.37428', 'NX_0_ifeat_feat': 0.8472222222222222, 'NX_10_len_tra': 10.0, 'NX_10_R_tra': 30.035627752244473, 'NX_10_ctr': '3.00356', 'NX_10_CV': '0.20294', 'NX_10_CV_turn': '0.80200', 'NX_10_Diversity': '0.98848', 'NX_10_Novelty': '5.73723', 'NX_10_ifeat_feat': 0.873}]
[I 240112 12:30:45 loggers:84] Epoch: [41], Info: [{'num_test': 100, 'len_tra': 3.34, 'R_tra': 9.869472745060921, 'ctr': '2.95493', 'CV': '0.08097', 'CV_turn': '0.95808', 'Diversity': '0.98637', 'Novelty': '5.34613', 'ifeat_feat': 0.8802395209580839, 'NX_0_len_tra': 4.25, 'NX_0_R_tra': 11.823192808628082, 'NX_0_ctr': '2.78193', 'NX_0_CV': '0.05643', 'NX_0_CV_turn': '0.52471', 'NX_0_Diversity': '0.98940', 'NX_0_Novelty': '6.03160', 'NX_0_ifeat_feat': 0.691764705882353, 'NX_10_len_tra': 10.0, 'NX_10_R_tra': 29.066102126091717, 'NX_10_ctr': '2.90661', 'NX_10_CV': '0.20749', 'NX_10_CV_turn': '0.82000', 'NX_10_Diversity': '0.98885', 'NX_10_Novelty': '5.53334', 'NX_10_ifeat_feat': 0.817}]
[I 240112 12:37:43 loggers:84] Epoch: [42], Info: [{'num_test': 100, 'len_tra': 3.71, 'R_tra': 10.395472208559513, 'ctr': '2.80201', 'CV': '0.08932', 'CV_turn': '0.95148', 'Diversity': '0.98732', 'Novelty': '5.35750', 'ifeat_feat': 0.8733153638814016, 'NX_0_len_tra': 4.18, 'NX_0_R_tra': 12.467865023911, 'NX_0_ctr': '2.98274', 'NX_0_CV': '0.07844', 'NX_0_CV_turn': '0.74163', 'NX_0_Diversity': '0.98920', 'NX_0_Novelty': '4.97970', 'NX_0_ifeat_feat': 0.8947368421052632, 'NX_10_len_tra': 10.0, 'NX_10_R_tra': 29.286800374612213, 'NX_10_ctr': '2.92868', 'NX_10_CV': '0.20395', 'NX_10_CV_turn': '0.80600', 'NX_10_Diversity': '0.98876', 'NX_10_Novelty': '5.21603', 'NX_10_ifeat_feat': 0.86}]
[I 240112 12:43:29 loggers:84] Epoch: [43], Info: [{'num_test': 100, 'len_tra': 3.43, 'R_tra': 9.864292282164097, 'ctr': '2.87589', 'CV': '0.08350', 'CV_turn': '0.96210', 'Diversity': '0.98467', 'Novelty': '5.14953', 'ifeat_feat': 0.8746355685131195, 'NX_0_len_tra': 4.01, 'NX_0_R_tra': 12.007400881648064, 'NX_0_ctr': '2.99436', 'NX_0_CV': '0.07212', 'NX_0_CV_turn': '0.71072', 'NX_0_Diversity': '0.98550', 'NX_0_Novelty': '4.92434', 'NX_0_ifeat_feat': 0.9052369077306733, 'NX_10_len_tra': 10.0, 'NX_10_R_tra': 29.513358331024648, 'NX_10_ctr': '2.95134', 'NX_10_CV': '0.21862', 'NX_10_CV_turn': '0.86400', 'NX_10_Diversity': '0.98852', 'NX_10_Novelty': '5.36074', 'NX_10_ifeat_feat': 0.855}]
[I 240112 12:48:19 loggers:84] Epoch: [44], Info: [{'num_test': 100, 'len_tra': 3.43, 'R_tra': 10.046038860082627, 'ctr': '2.92887', 'CV': '0.08300', 'CV_turn': '0.95627', 'Diversity': '0.98702', 'Novelty': '5.52765', 'ifeat_feat': 0.8600583090379009, 'NX_0_len_tra': 3.49, 'NX_0_R_tra': 10.219036261588336, 'NX_0_ctr': '2.92809', 'NX_0_CV': '0.08553', 'NX_0_CV_turn': '0.96848', 'NX_0_Diversity': '0.98709', 'NX_0_Novelty': '5.22781', 'NX_0_ifeat_feat': 0.8567335243553008, 'NX_10_len_tra': 10.0, 'NX_10_R_tra': 30.411333124786616, 'NX_10_ctr': '3.04113', 'NX_10_CV': '0.22166', 'NX_10_CV_turn': '0.87600', 'NX_10_Diversity': '0.98855', 'NX_10_Novelty': '5.43215', 'NX_10_ifeat_feat': 0.862}]
[I 240112 12:54:52 loggers:84] Epoch: [45], Info: [{'num_test': 100, 'len_tra': 3.22, 'R_tra': 9.563469233512878, 'ctr': '2.97002', 'CV': '0.07844', 'CV_turn': '0.96273', 'Diversity': '0.98647', 'Novelty': '5.27244', 'ifeat_feat': 0.8788819875776398, 'NX_0_len_tra': 4.13, 'NX_0_R_tra': 11.802310358583927, 'NX_0_ctr': '2.85770', 'NX_0_CV': '0.07794', 'NX_0_CV_turn': '0.74576', 'NX_0_Diversity': '0.98867', 'NX_0_Novelty': '4.74307', 'NX_0_ifeat_feat': 0.9200968523002422, 'NX_10_len_tra': 10.0, 'NX_10_R_tra': 29.188347722142936, 'NX_10_ctr': '2.91883', 'NX_10_CV': '0.20951', 'NX_10_CV_turn': '0.82800', 'NX_10_Diversity': '0.98889', 'NX_10_Novelty': '5.20031', 'NX_10_ifeat_feat': 0.886}]
[I 240112 13:01:50 loggers:84] Epoch: [46], Info: [{'num_test': 100, 'len_tra': 3.45, 'R_tra': 10.413611627221108, 'ctr': '3.01844', 'CV': '0.08451', 'CV_turn': '0.96812', 'Diversity': '0.98686', 'Novelty': '5.47118', 'ifeat_feat': 0.8260869565217391, 'NX_0_len_tra': 3.21, 'NX_0_R_tra': 9.282878669202328, 'NX_0_ctr': '2.89186', 'NX_0_CV': '0.05668', 'NX_0_CV_turn': '0.69782', 'NX_0_Diversity': '0.98412', 'NX_0_Novelty': '6.09396', 'NX_0_ifeat_feat': 0.8130841121495327, 'NX_10_len_tra': 10.0, 'NX_10_R_tra': 30.79595658749342, 'NX_10_ctr': '3.07960', 'NX_10_CV': '0.22444', 'NX_10_CV_turn': '0.88700', 'NX_10_Diversity': '0.98778', 'NX_10_Novelty': '5.34967', 'NX_10_ifeat_feat': 0.869}]
[I 240112 13:08:29 loggers:84] Epoch: [47], Info: [{'num_test': 100, 'len_tra': 3.43, 'R_tra': 9.822017522454262, 'ctr': '2.86356', 'CV': '0.08072', 'CV_turn': '0.93003', 'Diversity': '0.98733', 'Novelty': '5.31246', 'ifeat_feat': 0.8338192419825073, 'NX_0_len_tra': 3.21, 'NX_0_R_tra': 9.42391398370266, 'NX_0_ctr': '2.93580', 'NX_0_CV': '0.07136', 'NX_0_CV_turn': '0.87850', 'NX_0_Diversity': '0.98609', 'NX_0_Novelty': '5.23046', 'NX_0_ifeat_feat': 0.8722741433021807, 'NX_10_len_tra': 10.0, 'NX_10_R_tra': 29.320988321602343, 'NX_10_ctr': '2.93210', 'NX_10_CV': '0.20648', 'NX_10_CV_turn': '0.81600', 'NX_10_Diversity': '0.98809', 'NX_10_Novelty': '5.26476', 'NX_10_ifeat_feat': 0.872}]
[I 240112 13:15:21 loggers:84] Epoch: [48], Info: [{'num_test': 100, 'len_tra': 3.13, 'R_tra': 9.251061387360096, 'ctr': '2.95561', 'CV': '0.07060', 'CV_turn': '0.89137', 'Diversity': '0.98676', 'Novelty': '5.24943', 'ifeat_feat': 0.8690095846645367, 'NX_0_len_tra': 3.31, 'NX_0_R_tra': 9.183444833382964, 'NX_0_ctr': '2.77445', 'NX_0_CV': '0.08097', 'NX_0_CV_turn': '0.96677', 'NX_0_Diversity': '0.97573', 'NX_0_Novelty': '5.39266', 'NX_0_ifeat_feat': 0.8217522658610272, 'NX_10_len_tra': 10.0, 'NX_10_R_tra': 28.708602399379014, 'NX_10_ctr': '2.87086', 'NX_10_CV': '0.18623', 'NX_10_CV_turn': '0.73600', 'NX_10_Diversity': '0.98747', 'NX_10_Novelty': '5.16805', 'NX_10_ifeat_feat': 0.864}]
[I 240112 13:22:05 loggers:84] Epoch: [49], Info: [{'num_test': 100, 'len_tra': 3.15, 'R_tra': 9.188573985993862, 'ctr': '2.91701', 'CV': '0.05238', 'CV_turn': '0.65714', 'Diversity': '0.95253', 'Novelty': '5.19259', 'ifeat_feat': 0.9174603174603174, 'NX_0_len_tra': 2.88, 'NX_0_R_tra': 8.426181349754334, 'NX_0_ctr': '2.92576', 'NX_0_CV': '0.02379', 'NX_0_CV_turn': '0.32639', 'NX_0_Diversity': '0.98664', 'NX_0_Novelty': '4.80089', 'NX_0_ifeat_feat': 0.7777777777777778, 'NX_10_len_tra': 10.0, 'NX_10_R_tra': 29.26273653641343, 'NX_10_ctr': '2.92627', 'NX_10_CV': '0.16296', 'NX_10_CV_turn': '0.64400', 'NX_10_Diversity': '0.98793', 'NX_10_Novelty': '5.36640', 'NX_10_ifeat_feat': 0.84}]
[I 240112 13:28:44 loggers:84] Epoch: [50], Info: [{'num_test': 100, 'len_tra': 3.91, 'R_tra': 10.820640846341849, 'ctr': '2.76743', 'CV': '0.08097', 'CV_turn': '0.81841', 'Diversity': '0.98761', 'Novelty': '5.12976', 'ifeat_feat': 0.8081841432225064, 'NX_0_len_tra': 2.53, 'NX_0_R_tra': 7.345355607271195, 'NX_0_ctr': '2.90330', 'NX_0_CV': '0.01544', 'NX_0_CV_turn': '0.24111', 'NX_0_Diversity': '0.98637', 'NX_0_Novelty': '4.08983', 'NX_0_ifeat_feat': 0.6877470355731226, 'NX_10_len_tra': 10.0, 'NX_10_R_tra': 29.78789267450571, 'NX_10_ctr': '2.97879', 'NX_10_CV': '0.20951', 'NX_10_CV_turn': '0.82800', 'NX_10_Diversity': '0.98759', 'NX_10_Novelty': '5.15153', 'NX_10_ifeat_feat': 0.857}]
[I 240112 13:35:23 loggers:84] Epoch: [51], Info: [{'num_test': 100, 'len_tra': 3.45, 'R_tra': 10.234731657803058, 'ctr': '2.96659', 'CV': '0.08401', 'CV_turn': '0.96232', 'Diversity': '0.98710', 'Novelty': '5.26236', 'ifeat_feat': 0.8463768115942029, 'NX_0_len_tra': 3.19, 'NX_0_R_tra': 9.58128267198801, 'NX_0_ctr': '3.00354', 'NX_0_CV': '0.05516', 'NX_0_CV_turn': '0.68339', 'NX_0_Diversity': '0.98638', 'NX_0_Novelty': '4.71903', 'NX_0_ifeat_feat': 0.8714733542319749, 'NX_10_len_tra': 10.0, 'NX_10_R_tra': 30.079003315865993, 'NX_10_ctr': '3.00790', 'NX_10_CV': '0.22672', 'NX_10_CV_turn': '0.89600', 'NX_10_Diversity': '0.98836', 'NX_10_Novelty': '5.37968', 'NX_10_ifeat_feat': 0.883}]
[I 240112 13:41:56 loggers:84] Epoch: [52], Info: [{'num_test': 100, 'len_tra': 3.33, 'R_tra': 9.328375046253205, 'ctr': '2.80131', 'CV': '0.05820', 'CV_turn': '0.69069', 'Diversity': '0.98367', 'Novelty': '4.83301', 'ifeat_feat': 0.6816816816816816, 'NX_0_len_tra': 3.47, 'NX_0_R_tra': 10.221427063345908, 'NX_0_ctr': '2.94566', 'NX_0_CV': '0.08502', 'NX_0_CV_turn': '0.96830', 'NX_0_Diversity': '0.98679', 'NX_0_Novelty': '5.18063', 'NX_0_ifeat_feat': 0.8760806916426513, 'NX_10_len_tra': 10.0, 'NX_10_R_tra': 30.49460812613368, 'NX_10_ctr': '3.04946', 'NX_10_CV': '0.22343', 'NX_10_CV_turn': '0.88300', 'NX_10_Diversity': '0.98867', 'NX_10_Novelty': '5.44236', 'NX_10_ifeat_feat': 0.851}]
[I 240112 13:48:34 loggers:84] Epoch: [53], Info: [{'num_test': 100, 'len_tra': 3.71, 'R_tra': 10.8242059494555, 'ctr': '2.91758', 'CV': '0.08451', 'CV_turn': '0.90027', 'Diversity': '0.98541', 'Novelty': '5.25087', 'ifeat_feat': 0.7924528301886793, 'NX_0_len_tra': 3.44, 'NX_0_R_tra': 10.388983778655529, 'NX_0_ctr': '3.02005', 'NX_0_CV': '0.08426', 'NX_0_CV_turn': '0.96802', 'NX_0_Diversity': '0.98649', 'NX_0_Novelty': '5.40551', 'NX_0_ifeat_feat': 0.872093023255814, 'NX_10_len_tra': 10.0, 'NX_10_R_tra': 29.363825319707395, 'NX_10_ctr': '2.93638', 'NX_10_CV': '0.20344', 'NX_10_CV_turn': '0.80400', 'NX_10_Diversity': '0.98883', 'NX_10_Novelty': '5.18171', 'NX_10_ifeat_feat': 0.806}]
[I 240112 13:55:20 loggers:84] Epoch: [54], Info: [{'num_test': 100, 'len_tra': 3.45, 'R_tra': 10.129989181160926, 'ctr': '2.93623', 'CV': '0.08527', 'CV_turn': '0.97681', 'Diversity': '0.98727', 'Novelty': '5.47306', 'ifeat_feat': 0.8231884057971014, 'NX_0_len_tra': 3.17, 'NX_0_R_tra': 9.047287705540658, 'NX_0_ctr': '2.85403', 'NX_0_CV': '0.07591', 'NX_0_CV_turn': '0.94637', 'NX_0_Diversity': '0.98670', 'NX_0_Novelty': '5.28537', 'NX_0_ifeat_feat': 0.8485804416403786, 'NX_10_len_tra': 10.0, 'NX_10_R_tra': 29.424180640876294, 'NX_10_ctr': '2.94242', 'NX_10_CV': '0.20800', 'NX_10_CV_turn': '0.82200', 'NX_10_Diversity': '0.98838', 'NX_10_Novelty': '5.20072', 'NX_10_ifeat_feat': 0.81}]
[I 240112 14:01:50 loggers:84] Epoch: [55], Info: [{'num_test': 100, 'len_tra': 3.7, 'R_tra': 10.903215522542595, 'ctr': '2.94682', 'CV': '0.08932', 'CV_turn': '0.95405', 'Diversity': '0.98685', 'Novelty': '5.50652', 'ifeat_feat': 0.8621621621621621, 'NX_0_len_tra': 3.64, 'NX_0_R_tra': 10.402986765652894, 'NX_0_ctr': '2.85796', 'NX_0_CV': '0.08755', 'NX_0_CV_turn': '0.95055', 'NX_0_Diversity': '0.98691', 'NX_0_Novelty': '5.38482', 'NX_0_ifeat_feat': 0.8461538461538461, 'NX_10_len_tra': 10.0, 'NX_10_R_tra': 29.343553492575882, 'NX_10_ctr': '2.93436', 'NX_10_CV': '0.18219', 'NX_10_CV_turn': '0.72000', 'NX_10_Diversity': '0.98862', 'NX_10_Novelty': '5.43315', 'NX_10_ifeat_feat': 0.833}]
[I 240112 14:08:04 loggers:84] Epoch: [56], Info: [{'num_test': 100, 'len_tra': 3.84, 'R_tra': 10.753655031621456, 'ctr': '2.80043', 'CV': '0.07338', 'CV_turn': '0.75521', 'Diversity': '0.98813', 'Novelty': '5.23222', 'ifeat_feat': 0.7239583333333334, 'NX_0_len_tra': 3.68, 'NX_0_R_tra': 10.008194628357888, 'NX_0_ctr': '2.71962', 'NX_0_CV': '0.08856', 'NX_0_CV_turn': '0.95109', 'NX_0_Diversity': '0.98755', 'NX_0_Novelty': '5.34418', 'NX_0_ifeat_feat': 0.8478260869565217, 'NX_10_len_tra': 10.0, 'NX_10_R_tra': 29.693998404890298, 'NX_10_ctr': '2.96940', 'NX_10_CV': '0.22166', 'NX_10_CV_turn': '0.87600', 'NX_10_Diversity': '0.98858', 'NX_10_Novelty': '5.40428', 'NX_10_ifeat_feat': 0.859}]
[I 240112 14:14:12 loggers:84] Epoch: [57], Info: [{'num_test': 100, 'len_tra': 3.48, 'R_tra': 10.141579092293977, 'ctr': '2.91425', 'CV': '0.08198', 'CV_turn': '0.93103', 'Diversity': '0.98570', 'Novelty': '5.57262', 'ifeat_feat': 0.882183908045977, 'NX_0_len_tra': 3.31, 'NX_0_R_tra': 10.056889291107655, 'NX_0_ctr': '3.03834', 'NX_0_CV': '0.08097', 'NX_0_CV_turn': '0.96677', 'NX_0_Diversity': '0.98578', 'NX_0_Novelty': '5.44628', 'NX_0_ifeat_feat': 0.8670694864048338, 'NX_10_len_tra': 10.0, 'NX_10_R_tra': 29.227187107279896, 'NX_10_ctr': '2.92272', 'NX_10_CV': '0.22217', 'NX_10_CV_turn': '0.87800', 'NX_10_Diversity': '0.98846', 'NX_10_Novelty': '5.32556', 'NX_10_ifeat_feat': 0.859}]
[I 240112 14:20:32 loggers:84] Epoch: [58], Info: [{'num_test': 100, 'len_tra': 3.75, 'R_tra': 11.03667484626174, 'ctr': '2.94311', 'CV': '0.08780', 'CV_turn': '0.92533', 'Diversity': '0.98706', 'Novelty': '5.36547', 'ifeat_feat': 0.8586666666666667, 'NX_0_len_tra': 3.35, 'NX_0_R_tra': 10.05896068841219, 'NX_0_ctr': '3.00267', 'NX_0_CV': '0.08148', 'NX_0_CV_turn': '0.96119', 'NX_0_Diversity': '0.98410', 'NX_0_Novelty': '5.30773', 'NX_0_ifeat_feat': 0.8417910447761194, 'NX_10_len_tra': 10.0, 'NX_10_R_tra': 29.837575097084045, 'NX_10_ctr': '2.98376', 'NX_10_CV': '0.18421', 'NX_10_CV_turn': '0.72800', 'NX_10_Diversity': '0.98845', 'NX_10_Novelty': '5.21002', 'NX_10_ifeat_feat': 0.888}]
[I 240112 14:26:53 loggers:84] Epoch: [59], Info: [{'num_test': 100, 'len_tra': 3.56, 'R_tra': 10.33021696984768, 'ctr': '2.90175', 'CV': '0.08553', 'CV_turn': '0.94944', 'Diversity': '0.98659', 'Novelty': '5.52178', 'ifeat_feat': 0.8792134831460674, 'NX_0_len_tra': 3.43, 'NX_0_R_tra': 9.749684391468763, 'NX_0_ctr': '2.84247', 'NX_0_CV': '0.08300', 'NX_0_CV_turn': '0.95627', 'NX_0_Diversity': '0.98722', 'NX_0_Novelty': '5.47106', 'NX_0_ifeat_feat': 0.8600583090379009, 'NX_10_len_tra': 10.0, 'NX_10_R_tra': 29.270199436694384, 'NX_10_ctr': '2.92702', 'NX_10_CV': '0.18320', 'NX_10_CV_turn': '0.72400', 'NX_10_Diversity': '0.98882', 'NX_10_Novelty': '5.77960', 'NX_10_ifeat_feat': 0.836}]
[I 240112 14:33:22 loggers:84] Epoch: [60], Info: [{'num_test': 100, 'len_tra': 3.19, 'R_tra': 9.423033580780029, 'ctr': '2.95393', 'CV': '0.07794', 'CV_turn': '0.96552', 'Diversity': '0.98684', 'Novelty': '5.21677', 'ifeat_feat': 0.8495297805642633, 'NX_0_len_tra': 3.37, 'NX_0_R_tra': 10.260793485343456, 'NX_0_ctr': '3.04475', 'NX_0_CV': '0.07237', 'NX_0_CV_turn': '0.84866', 'NX_0_Diversity': '0.98775', 'NX_0_Novelty': '5.27172', 'NX_0_ifeat_feat': 0.8664688427299704, 'NX_10_len_tra': 10.0, 'NX_10_R_tra': 29.682257275134326, 'NX_10_ctr': '2.96823', 'NX_10_CV': '0.22318', 'NX_10_CV_turn': '0.88200', 'NX_10_Diversity': '0.98824', 'NX_10_Novelty': '5.36490', 'NX_10_ifeat_feat': 0.863}]
[I 240112 14:39:49 loggers:84] Epoch: [61], Info: [{'num_test': 100, 'len_tra': 3.48, 'R_tra': 9.775979902222753, 'ctr': '2.80919', 'CV': '0.08376', 'CV_turn': '0.95115', 'Diversity': '0.98677', 'Novelty': '5.33785', 'ifeat_feat': 0.8591954022988506, 'NX_0_len_tra': 3.57, 'NX_0_R_tra': 10.58361046165228, 'NX_0_ctr': '2.96460', 'NX_0_CV': '0.08527', 'NX_0_CV_turn': '0.94398', 'NX_0_Diversity': '0.98667', 'NX_0_Novelty': '5.35614', 'NX_0_ifeat_feat': 0.8403361344537815, 'NX_10_len_tra': 10.0, 'NX_10_R_tra': 29.999007911384105, 'NX_10_ctr': '2.99990', 'NX_10_CV': '0.20572', 'NX_10_CV_turn': '0.81300', 'NX_10_Diversity': '0.98904', 'NX_10_Novelty': '5.44374', 'NX_10_ifeat_feat': 0.834}]
[I 240112 14:46:17 loggers:84] Epoch: [62], Info: [{'num_test': 100, 'len_tra': 3.44, 'R_tra': 10.450427388846874, 'ctr': '3.03791', 'CV': '0.08376', 'CV_turn': '0.96221', 'Diversity': '0.98627', 'Novelty': '5.33028', 'ifeat_feat': 0.8604651162790697, 'NX_0_len_tra': 3.3, 'NX_0_R_tra': 9.551139974296094, 'NX_0_ctr': '2.89428', 'NX_0_CV': '0.08097', 'NX_0_CV_turn': '0.96970', 'NX_0_Diversity': '0.98650', 'NX_0_Novelty': '5.42073', 'NX_0_ifeat_feat': 0.8878787878787879, 'NX_10_len_tra': 10.0, 'NX_10_R_tra': 28.49098252184689, 'NX_10_ctr': '2.84910', 'NX_10_CV': '0.20344', 'NX_10_CV_turn': '0.80400', 'NX_10_Diversity': '0.98919', 'NX_10_Novelty': '5.66730', 'NX_10_ifeat_feat': 0.852}]
[I 240112 14:50:31 loggers:84] Epoch: [63], Info: [{'num_test': 100, 'len_tra': 3.41, 'R_tra': 10.161687102913856, 'ctr': '2.97997', 'CV': '0.08401', 'CV_turn': '0.97361', 'Diversity': '0.98732', 'Novelty': '5.34914', 'ifeat_feat': 0.8533724340175953, 'NX_0_len_tra': 3.38, 'NX_0_R_tra': 9.714993161261082, 'NX_0_ctr': '2.87426', 'NX_0_CV': '0.08021', 'NX_0_CV_turn': '0.93787', 'NX_0_Diversity': '0.98353', 'NX_0_Novelty': '5.43209', 'NX_0_ifeat_feat': 0.849112426035503, 'NX_10_len_tra': 10.0, 'NX_10_R_tra': 28.59888295352459, 'NX_10_ctr': '2.85989', 'NX_10_CV': '0.16624', 'NX_10_CV_turn': '0.65700', 'NX_10_Diversity': '0.98975', 'NX_10_Novelty': '5.76453', 'NX_10_ifeat_feat': 0.882}]
[I 240112 14:54:02 loggers:84] Epoch: [64], Info: [{'num_test': 100, 'len_tra': 3.68, 'R_tra': 10.346601012945175, 'ctr': '2.81158', 'CV': '0.08957', 'CV_turn': '0.96196', 'Diversity': '0.97691', 'Novelty': '5.36183', 'ifeat_feat': 0.8586956521739131, 'NX_0_len_tra': 3.54, 'NX_0_R_tra': 10.569709666967391, 'NX_0_ctr': '2.98579', 'NX_0_CV': '0.08578', 'NX_0_CV_turn': '0.95763', 'NX_0_Diversity': '0.98626', 'NX_0_Novelty': '5.29060', 'NX_0_ifeat_feat': 0.8813559322033898, 'NX_10_len_tra': 10.0, 'NX_10_R_tra': 29.003542589843274, 'NX_10_ctr': '2.90035', 'NX_10_CV': '0.20774', 'NX_10_CV_turn': '0.82100', 'NX_10_Diversity': '0.98886', 'NX_10_Novelty': '5.41835', 'NX_10_ifeat_feat': 0.883}]
[I 240112 14:57:36 loggers:84] Epoch: [65], Info: [{'num_test': 100, 'len_tra': 3.18, 'R_tra': 9.483724449574947, 'ctr': '2.98230', 'CV': '0.07895', 'CV_turn': '0.98113', 'Diversity': '0.98696', 'Novelty': '5.37460', 'ifeat_feat': 0.8742138364779874, 'NX_0_len_tra': 3.25, 'NX_0_R_tra': 9.537707244455815, 'NX_0_ctr': '2.93468', 'NX_0_CV': '0.07971', 'NX_0_CV_turn': '0.96923', 'NX_0_Diversity': '0.98674', 'NX_0_Novelty': '5.39569', 'NX_0_ifeat_feat': 0.8984615384615384, 'NX_10_len_tra': 10.0, 'NX_10_R_tra': 28.759519546329976, 'NX_10_ctr': '2.87595', 'NX_10_CV': '0.22394', 'NX_10_CV_turn': '0.88500', 'NX_10_Diversity': '0.98820', 'NX_10_Novelty': '5.32438', 'NX_10_ifeat_feat': 0.86}]
[I 240112 15:02:39 loggers:84] Epoch: [66], Info: [{'num_test': 100, 'len_tra': 4.34, 'R_tra': 12.68091690659523, 'ctr': '2.92187', 'CV': '0.07692', 'CV_turn': '0.70046', 'Diversity': '0.98174', 'Novelty': '5.49497', 'ifeat_feat': 0.9009216589861752, 'NX_0_len_tra': 3.33, 'NX_0_R_tra': 9.781358232796192, 'NX_0_ctr': '2.93734', 'NX_0_CV': '0.08021', 'NX_0_CV_turn': '0.95195', 'NX_0_Diversity': '0.98668', 'NX_0_Novelty': '5.19455', 'NX_0_ifeat_feat': 0.8468468468468469, 'NX_10_len_tra': 10.0, 'NX_10_R_tra': 29.330402902662755, 'NX_10_ctr': '2.93304', 'NX_10_CV': '0.20673', 'NX_10_CV_turn': '0.81700', 'NX_10_Diversity': '0.98889', 'NX_10_Novelty': '5.51849', 'NX_10_ifeat_feat': 0.87}]
[I 240112 15:09:56 loggers:84] Epoch: [67], Info: [{'num_test': 100, 'len_tra': 3.74, 'R_tra': 10.489512584507466, 'ctr': '2.80468', 'CV': '0.09008', 'CV_turn': '0.95187', 'Diversity': '0.98806', 'Novelty': '5.56459', 'ifeat_feat': 0.8743315508021391, 'NX_0_len_tra': 4.5, 'NX_0_R_tra': 13.320686072260141, 'NX_0_ctr': '2.96015', 'NX_0_CV': '0.08603', 'NX_0_CV_turn': '0.75556', 'NX_0_Diversity': '0.98901', 'NX_0_Novelty': '5.24657', 'NX_0_ifeat_feat': 0.7422222222222222, 'NX_10_len_tra': 10.0, 'NX_10_R_tra': 30.378457317352296, 'NX_10_ctr': '3.03785', 'NX_10_CV': '0.20547', 'NX_10_CV_turn': '0.81200', 'NX_10_Diversity': '0.98843', 'NX_10_Novelty': '5.31823', 'NX_10_ifeat_feat': 0.797}]
[I 240112 15:15:59 loggers:84] Epoch: [68], Info: [{'num_test': 100, 'len_tra': 3.46, 'R_tra': 10.02206487774849, 'ctr': '2.89655', 'CV': '0.08300', 'CV_turn': '0.94798', 'Diversity': '0.98726', 'Novelty': '5.32427', 'ifeat_feat': 0.846820809248555, 'NX_0_len_tra': 3.35, 'NX_0_R_tra': 9.763606169819832, 'NX_0_ctr': '2.91451', 'NX_0_CV': '0.08047', 'NX_0_CV_turn': '0.94925', 'NX_0_Diversity': '0.98722', 'NX_0_Novelty': '5.42116', 'NX_0_ifeat_feat': 0.8746268656716418, 'NX_10_len_tra': 10.0, 'NX_10_R_tra': 30.035309216082098, 'NX_10_ctr': '3.00353', 'NX_10_CV': '0.18421', 'NX_10_CV_turn': '0.72800', 'NX_10_Diversity': '0.98884', 'NX_10_Novelty': '5.47017', 'NX_10_ifeat_feat': 0.842}]
[I 240112 15:22:03 loggers:84] Epoch: [69], Info: [{'num_test': 100, 'len_tra': 3.67, 'R_tra': 10.627655430436134, 'ctr': '2.89582', 'CV': '0.09008', 'CV_turn': '0.97003', 'Diversity': '0.98749', 'Novelty': '5.30885', 'ifeat_feat': 0.8664850136239782, 'NX_0_len_tra': 3.62, 'NX_0_R_tra': 10.722464446127415, 'NX_0_ctr': '2.96201', 'NX_0_CV': '0.08780', 'NX_0_CV_turn': '0.95856', 'NX_0_Diversity': '0.98737', 'NX_0_Novelty': '5.51697', 'NX_0_ifeat_feat': 0.8591160220994475, 'NX_10_len_tra': 10.0, 'NX_10_R_tra': 30.6489603176713, 'NX_10_ctr': '3.06490', 'NX_10_CV': '0.18522', 'NX_10_CV_turn': '0.73200', 'NX_10_Diversity': '0.98816', 'NX_10_Novelty': '5.28858', 'NX_10_ifeat_feat': 0.839}]
[I 240112 15:28:01 loggers:84] Epoch: [70], Info: [{'num_test': 100, 'len_tra': 3.71, 'R_tra': 10.955069764852524, 'ctr': '2.95285', 'CV': '0.08907', 'CV_turn': '0.94879', 'Diversity': '0.98708', 'Novelty': '5.50473', 'ifeat_feat': 0.8463611859838275, 'NX_0_len_tra': 3.56, 'NX_0_R_tra': 10.764311974644661, 'NX_0_ctr': '3.02368', 'NX_0_CV': '0.08477', 'NX_0_CV_turn': '0.94101', 'NX_0_Diversity': '0.98712', 'NX_0_Novelty': '5.53699', 'NX_0_ifeat_feat': 0.8764044943820225, 'NX_10_len_tra': 10.0, 'NX_10_R_tra': 30.504746203571557, 'NX_10_ctr': '3.05047', 'NX_10_CV': '0.18295', 'NX_10_CV_turn': '0.72300', 'NX_10_Diversity': '0.98890', 'NX_10_Novelty': '5.25898', 'NX_10_ifeat_feat': 0.809}]
[I 240112 15:33:55 loggers:84] Epoch: [71], Info: [{'num_test': 100, 'len_tra': 3.69, 'R_tra': 10.792394189089537, 'ctr': '2.92477', 'CV': '0.08122', 'CV_turn': '0.86992', 'Diversity': '0.98560', 'Novelty': '5.36797', 'ifeat_feat': 0.7831978319783198, 'NX_0_len_tra': 3.48, 'NX_0_R_tra': 10.168806125968695, 'NX_0_ctr': '2.92207', 'NX_0_CV': '0.08300', 'NX_0_CV_turn': '0.94253', 'NX_0_Diversity': '0.98623', 'NX_0_Novelty': '5.09398', 'NX_0_ifeat_feat': 0.8505747126436781, 'NX_10_len_tra': 10.0, 'NX_10_R_tra': 29.399685152694584, 'NX_10_ctr': '2.93997', 'NX_10_CV': '0.19990', 'NX_10_CV_turn': '0.79000', 'NX_10_Diversity': '0.98866', 'NX_10_Novelty': '5.35654', 'NX_10_ifeat_feat': 0.788}]
[I 240112 15:39:02 loggers:84] Epoch: [72], Info: [{'num_test': 100, 'len_tra': 3.35, 'R_tra': 9.803153361082076, 'ctr': '2.92631', 'CV': '0.08224', 'CV_turn': '0.97015', 'Diversity': '0.98216', 'Novelty': '5.23369', 'ifeat_feat': 0.8746268656716418, 'NX_0_len_tra': 3.37, 'NX_0_R_tra': 9.922240303456784, 'NX_0_ctr': '2.94428', 'NX_0_CV': '0.08097', 'NX_0_CV_turn': '0.94955', 'NX_0_Diversity': '0.98688', 'NX_0_Novelty': '5.24024', 'NX_0_ifeat_feat': 0.8545994065281899, 'NX_10_len_tra': 10.0, 'NX_10_R_tra': 29.195221626758574, 'NX_10_ctr': '2.91952', 'NX_10_CV': '0.22419', 'NX_10_CV_turn': '0.88600', 'NX_10_Diversity': '0.98804', 'NX_10_Novelty': '5.44874', 'NX_10_ifeat_feat': 0.886}]
[I 240112 15:43:51 loggers:84] Epoch: [73], Info: [{'num_test': 100, 'len_tra': 3.37, 'R_tra': 9.767419674396514, 'ctr': '2.89834', 'CV': '0.07996', 'CV_turn': '0.93769', 'Diversity': '0.98611', 'Novelty': '5.51703', 'ifeat_feat': 0.8783382789317508, 'NX_0_len_tra': 3.34, 'NX_0_R_tra': 10.446761746406555, 'NX_0_ctr': '3.12777', 'NX_0_CV': '0.08148', 'NX_0_CV_turn': '0.96407', 'NX_0_Diversity': '0.98695', 'NX_0_Novelty': '5.39101', 'NX_0_ifeat_feat': 0.8652694610778443, 'NX_10_len_tra': 10.0, 'NX_10_R_tra': 28.40566113434732, 'NX_10_ctr': '2.84057', 'NX_10_CV': '0.16802', 'NX_10_CV_turn': '0.66400', 'NX_10_Diversity': '0.98878', 'NX_10_Novelty': '5.95853', 'NX_10_ifeat_feat': 0.875}]
[I 240112 15:48:07 loggers:84] Epoch: [74], Info: [{'num_test': 100, 'len_tra': 3.43, 'R_tra': 10.675061347484588, 'ctr': '3.11226', 'CV': '0.06174', 'CV_turn': '0.71137', 'Diversity': '0.98656', 'Novelty': '5.50192', 'ifeat_feat': 0.892128279883382, 'NX_0_len_tra': 3.28, 'NX_0_R_tra': 10.249037794172764, 'NX_0_ctr': '3.12471', 'NX_0_CV': '0.06402', 'NX_0_CV_turn': '0.77134', 'NX_0_Diversity': '0.98624', 'NX_0_Novelty': '5.47660', 'NX_0_ifeat_feat': 0.8902439024390244, 'NX_10_len_tra': 10.0, 'NX_10_R_tra': 29.89159505918622, 'NX_10_ctr': '2.98916', 'NX_10_CV': '0.20420', 'NX_10_CV_turn': '0.80700', 'NX_10_Diversity': '0.98846', 'NX_10_Novelty': '5.50479', 'NX_10_ifeat_feat': 0.897}]
[I 240112 15:52:09 loggers:84] Epoch: [75], Info: [{'num_test': 100, 'len_tra': 3.44, 'R_tra': 10.282938549220562, 'ctr': '2.98923', 'CV': '0.08426', 'CV_turn': '0.96802', 'Diversity': '0.98712', 'Novelty': '5.32289', 'ifeat_feat': 0.8691860465116279, 'NX_0_len_tra': 3.3, 'NX_0_R_tra': 10.041907808780671, 'NX_0_ctr': '3.04300', 'NX_0_CV': '0.07490', 'NX_0_CV_turn': '0.89697', 'NX_0_Diversity': '0.98644', 'NX_0_Novelty': '5.36139', 'NX_0_ifeat_feat': 0.8818181818181818, 'NX_10_len_tra': 10.0, 'NX_10_R_tra': 29.07088986814022, 'NX_10_ctr': '2.90709', 'NX_10_CV': '0.20622', 'NX_10_CV_turn': '0.81500', 'NX_10_Diversity': '0.98792', 'NX_10_Novelty': '5.46697', 'NX_10_ifeat_feat': 0.87}]
[I 240112 15:56:23 loggers:84] Epoch: [76], Info: [{'num_test': 100, 'len_tra': 3.7, 'R_tra': 10.601022763848304, 'ctr': '2.86514', 'CV': '0.08300', 'CV_turn': '0.88649', 'Diversity': '0.98776', 'Novelty': '5.24702', 'ifeat_feat': 0.8486486486486486, 'NX_0_len_tra': 3.39, 'NX_0_R_tra': 9.895591765642166, 'NX_0_ctr': '2.91905', 'NX_0_CV': '0.07414', 'NX_0_CV_turn': '0.86431', 'NX_0_Diversity': '0.98731', 'NX_0_Novelty': '5.72086', 'NX_0_ifeat_feat': 0.8613569321533924, 'NX_10_len_tra': 10.0, 'NX_10_R_tra': 29.38505341410637, 'NX_10_ctr': '2.93851', 'NX_10_CV': '0.20572', 'NX_10_CV_turn': '0.81300', 'NX_10_Diversity': '0.98860', 'NX_10_Novelty': '5.49683', 'NX_10_ifeat_feat': 0.849}]
[I 240112 16:00:38 loggers:84] Epoch: [77], Info: [{'num_test': 100, 'len_tra': 3.64, 'R_tra': 10.8826836758852, 'ctr': '2.98975', 'CV': '0.08224', 'CV_turn': '0.89286', 'Diversity': '0.98369', 'Novelty': '5.05890', 'ifeat_feat': 0.8818681318681318, 'NX_0_len_tra': 3.03, 'NX_0_R_tra': 9.229223403334618, 'NX_0_ctr': '3.04595', 'NX_0_CV': '0.05035', 'NX_0_CV_turn': '0.65677', 'NX_0_Diversity': '0.98420', 'NX_0_Novelty': '4.90489', 'NX_0_ifeat_feat': 0.8811881188118812, 'NX_10_len_tra': 10.0, 'NX_10_R_tra': 29.646579188555478, 'NX_10_ctr': '2.96466', 'NX_10_CV': '0.22470', 'NX_10_CV_turn': '0.88800', 'NX_10_Diversity': '0.98828', 'NX_10_Novelty': '5.32588', 'NX_10_ifeat_feat': 0.876}]
[I 240112 16:05:13 loggers:84] Epoch: [78], Info: [{'num_test': 100, 'len_tra': 3.36, 'R_tra': 9.596067331284285, 'ctr': '2.85597', 'CV': '0.08021', 'CV_turn': '0.94345', 'Diversity': '0.98657', 'Novelty': '5.26493', 'ifeat_feat': 0.8244047619047619, 'NX_0_len_tra': 3.11, 'NX_0_R_tra': 9.557296561002731, 'NX_0_ctr': '3.07309', 'NX_0_CV': '0.05440', 'NX_0_CV_turn': '0.69132', 'NX_0_Diversity': '0.98600', 'NX_0_Novelty': '5.71663', 'NX_0_ifeat_feat': 0.7459807073954984, 'NX_10_len_tra': 10.0, 'NX_10_R_tra': 29.98271395623684, 'NX_10_ctr': '2.99827', 'NX_10_CV': '0.18295', 'NX_10_CV_turn': '0.72300', 'NX_10_Diversity': '0.98779', 'NX_10_Novelty': '5.54150', 'NX_10_ifeat_feat': 0.812}]
[I 240112 16:10:06 loggers:84] Epoch: [79], Info: [{'num_test': 100, 'len_tra': 3.56, 'R_tra': 10.080887908264994, 'ctr': '2.83171', 'CV': '0.07110', 'CV_turn': '0.78933', 'Diversity': '0.96658', 'Novelty': '5.84749', 'ifeat_feat': 0.8820224719101124, 'NX_0_len_tra': 4.01, 'NX_0_R_tra': 10.777326472997665, 'NX_0_ctr': '2.68761', 'NX_0_CV': '0.07465', 'NX_0_CV_turn': '0.73566', 'NX_0_Diversity': '0.98908', 'NX_0_Novelty': '6.15141', 'NX_0_ifeat_feat': 0.8877805486284289, 'NX_10_len_tra': 10.0, 'NX_10_R_tra': 29.640027310848236, 'NX_10_ctr': '2.96400', 'NX_10_CV': '0.22495', 'NX_10_CV_turn': '0.88900', 'NX_10_Diversity': '0.98901', 'NX_10_Novelty': '5.52449', 'NX_10_ifeat_feat': 0.861}]
[I 240112 16:14:49 loggers:84] Epoch: [80], Info: [{'num_test': 100, 'len_tra': 3.48, 'R_tra': 10.035253666341305, 'ctr': '2.88369', 'CV': '0.06857', 'CV_turn': '0.77874', 'Diversity': '0.97744', 'Novelty': '5.75124', 'ifeat_feat': 0.8793103448275862, 'NX_0_len_tra': 3.57, 'NX_0_R_tra': 10.588949307501316, 'NX_0_ctr': '2.96609', 'NX_0_CV': '0.07110', 'NX_0_CV_turn': '0.78711', 'NX_0_Diversity': '0.98725', 'NX_0_Novelty': '5.63188', 'NX_0_ifeat_feat': 0.8823529411764706, 'NX_10_len_tra': 10.0, 'NX_10_R_tra': 30.48018673658371, 'NX_10_ctr': '3.04802', 'NX_10_CV': '0.18598', 'NX_10_CV_turn': '0.73500', 'NX_10_Diversity': '0.98869', 'NX_10_Novelty': '5.84507', 'NX_10_ifeat_feat': 0.899}]
[I 240112 16:19:17 loggers:84] Epoch: [81], Info: [{'num_test': 100, 'len_tra': 3.62, 'R_tra': 10.8532781919837, 'ctr': '2.99814', 'CV': '0.07768', 'CV_turn': '0.84807', 'Diversity': '0.98677', 'Novelty': '5.21787', 'ifeat_feat': 0.8480662983425414, 'NX_0_len_tra': 3.88, 'NX_0_R_tra': 11.791840552389623, 'NX_0_ctr': '3.03913', 'NX_0_CV': '0.07186', 'NX_0_CV_turn': '0.73196', 'NX_0_Diversity': '0.98751', 'NX_0_Novelty': '5.15534', 'NX_0_ifeat_feat': 0.8788659793814433, 'NX_10_len_tra': 10.0, 'NX_10_R_tra': 29.890692851394416, 'NX_10_ctr': '2.98907', 'NX_10_CV': '0.18244', 'NX_10_CV_turn': '0.72100', 'NX_10_Diversity': '0.98854', 'NX_10_Novelty': '5.29924', 'NX_10_ifeat_feat': 0.904}]
[I 240112 16:23:44 loggers:84] Epoch: [82], Info: [{'num_test': 100, 'len_tra': 3.75, 'R_tra': 11.301719559580087, 'ctr': '3.01379', 'CV': '0.06756', 'CV_turn': '0.71200', 'Diversity': '0.98585', 'Novelty': '5.30569', 'ifeat_feat': 0.9093333333333333, 'NX_0_len_tra': 3.83, 'NX_0_R_tra': 10.466094086170196, 'NX_0_ctr': '2.73266', 'NX_0_CV': '0.07262', 'NX_0_CV_turn': '0.74935', 'NX_0_Diversity': '0.98775', 'NX_0_Novelty': '5.28045', 'NX_0_ifeat_feat': 0.9033942558746736, 'NX_10_len_tra': 10.0, 'NX_10_R_tra': 28.83583562359214, 'NX_10_ctr': '2.88358', 'NX_10_CV': '0.16371', 'NX_10_CV_turn': '0.64700', 'NX_10_Diversity': '0.98924', 'NX_10_Novelty': '5.50078', 'NX_10_ifeat_feat': 0.869}]
[I 240112 16:28:54 loggers:84] Epoch: [83], Info: [{'num_test': 100, 'len_tra': 3.31, 'R_tra': 10.026529599428176, 'ctr': '3.02916', 'CV': '0.07718', 'CV_turn': '0.92145', 'Diversity': '0.98690', 'Novelty': '5.42245', 'ifeat_feat': 0.8398791540785498, 'NX_0_len_tra': 3.49, 'NX_0_R_tra': 10.089804420024157, 'NX_0_ctr': '2.89106', 'NX_0_CV': '0.08224', 'NX_0_CV_turn': '0.93123', 'NX_0_Diversity': '0.98763', 'NX_0_Novelty': '5.35595', 'NX_0_ifeat_feat': 0.8681948424068768, 'NX_10_len_tra': 10.0, 'NX_10_R_tra': 29.531393138617275, 'NX_10_ctr': '2.95314', 'NX_10_CV': '0.22191', 'NX_10_CV_turn': '0.87700', 'NX_10_Diversity': '0.98805', 'NX_10_Novelty': '5.41321', 'NX_10_ifeat_feat': 0.883}]
[I 240112 16:35:16 loggers:84] Epoch: [84], Info: [{'num_test': 100, 'len_tra': 3.55, 'R_tra': 10.185575477927923, 'ctr': '2.86918', 'CV': '0.08527', 'CV_turn': '0.94930', 'Diversity': '0.98705', 'Novelty': '5.31838', 'ifeat_feat': 0.8676056338028169, 'NX_0_len_tra': 3.38, 'NX_0_R_tra': 9.520723670721054, 'NX_0_ctr': '2.81678', 'NX_0_CV': '0.06807', 'NX_0_CV_turn': '0.79586', 'NX_0_Diversity': '0.98604', 'NX_0_Novelty': '5.06174', 'NX_0_ifeat_feat': 0.878698224852071, 'NX_10_len_tra': 10.0, 'NX_10_R_tra': 29.164799683392047, 'NX_10_ctr': '2.91648', 'NX_10_CV': '0.22293', 'NX_10_CV_turn': '0.88100', 'NX_10_Diversity': '0.98865', 'NX_10_Novelty': '5.44255', 'NX_10_ifeat_feat': 0.86}]
[I 240112 16:41:38 loggers:84] Epoch: [85], Info: [{'num_test': 100, 'len_tra': 3.55, 'R_tra': 10.273116509020328, 'ctr': '2.89384', 'CV': '0.08350', 'CV_turn': '0.92958', 'Diversity': '0.98742', 'Novelty': '5.18738', 'ifeat_feat': 0.8591549295774648, 'NX_0_len_tra': 3.23, 'NX_0_R_tra': 9.717705923318864, 'NX_0_ctr': '3.00858', 'NX_0_CV': '0.07844', 'NX_0_CV_turn': '0.95975', 'NX_0_Diversity': '0.98620', 'NX_0_Novelty': '5.16697', 'NX_0_ifeat_feat': 0.8668730650154799, 'NX_10_len_tra': 10.0, 'NX_10_R_tra': 31.38176370367408, 'NX_10_ctr': '3.13818', 'NX_10_CV': '0.16346', 'NX_10_CV_turn': '0.64600', 'NX_10_Diversity': '0.98734', 'NX_10_Novelty': '5.32634', 'NX_10_ifeat_feat': 0.891}]
[I 240112 16:48:24 loggers:84] Epoch: [86], Info: [{'num_test': 100, 'len_tra': 3.43, 'R_tra': 10.08470370054245, 'ctr': '2.94015', 'CV': '0.07540', 'CV_turn': '0.86880', 'Diversity': '0.98550', 'Novelty': '5.53340', 'ifeat_feat': 0.8629737609329446, 'NX_0_len_tra': 3.63, 'NX_0_R_tra': 10.829568773210049, 'NX_0_ctr': '2.98335', 'NX_0_CV': '0.06604', 'NX_0_CV_turn': '0.71901', 'NX_0_Diversity': '0.98741', 'NX_0_Novelty': '6.37120', 'NX_0_ifeat_feat': 0.9008264462809917, 'NX_10_len_tra': 10.0, 'NX_10_R_tra': 28.436157319247723, 'NX_10_ctr': '2.84362', 'NX_10_CV': '0.18497', 'NX_10_CV_turn': '0.73100', 'NX_10_Diversity': '0.98791', 'NX_10_Novelty': '5.97162', 'NX_10_ifeat_feat': 0.879}]
[I 240112 16:58:35 loggers:84] Epoch: [87], Info: [{'num_test': 100, 'len_tra': 3.52, 'R_tra': 10.312898018360137, 'ctr': '2.92980', 'CV': '0.08578', 'CV_turn': '0.96307', 'Diversity': '0.98707', 'Novelty': '5.24121', 'ifeat_feat': 0.8636363636363636, 'NX_0_len_tra': 3.39, 'NX_0_R_tra': 9.893358473703266, 'NX_0_ctr': '2.91839', 'NX_0_CV': '0.08249', 'NX_0_CV_turn': '0.96165', 'NX_0_Diversity': '0.98634', 'NX_0_Novelty': '5.27170', 'NX_0_ifeat_feat': 0.8672566371681416, 'NX_10_len_tra': 10.0, 'NX_10_R_tra': 29.288055582642556, 'NX_10_ctr': '2.92881', 'NX_10_CV': '0.22343', 'NX_10_CV_turn': '0.88300', 'NX_10_Diversity': '0.98867', 'NX_10_Novelty': '5.28385', 'NX_10_ifeat_feat': 0.86}]
[I 240112 17:09:17 loggers:84] Epoch: [88], Info: [{'num_test': 100, 'len_tra': 3.01, 'R_tra': 9.274764389991761, 'ctr': '3.08132', 'CV': '0.05137', 'CV_turn': '0.67442', 'Diversity': '0.98510', 'Novelty': '5.82235', 'ifeat_feat': 0.9102990033222591, 'NX_0_len_tra': 3.62, 'NX_0_R_tra': 10.647799391597509, 'NX_0_ctr': '2.94138', 'NX_0_CV': '0.08704', 'NX_0_CV_turn': '0.95028', 'NX_0_Diversity': '0.98769', 'NX_0_Novelty': '5.34112', 'NX_0_ifeat_feat': 0.8784530386740331, 'NX_10_len_tra': 10.0, 'NX_10_R_tra': 28.75229092001915, 'NX_10_ctr': '2.87523', 'NX_10_CV': '0.22141', 'NX_10_CV_turn': '0.87500', 'NX_10_Diversity': '0.98851', 'NX_10_Novelty': '5.28313', 'NX_10_ifeat_feat': 0.856}]
[I 240112 17:20:07 loggers:84] Epoch: [89], Info: [{'num_test': 100, 'len_tra': 3.29, 'R_tra': 9.841175836324691, 'ctr': '2.99124', 'CV': '0.08021', 'CV_turn': '0.96353', 'Diversity': '0.98732', 'Novelty': '5.49767', 'ifeat_feat': 0.8632218844984803, 'NX_0_len_tra': 3.54, 'NX_0_R_tra': 10.354210349470376, 'NX_0_ctr': '2.92492', 'NX_0_CV': '0.08578', 'NX_0_CV_turn': '0.95763', 'NX_0_Diversity': '0.98421', 'NX_0_Novelty': '5.32729', 'NX_0_ifeat_feat': 0.8389830508474576, 'NX_10_len_tra': 10.0, 'NX_10_R_tra': 30.072584980428218, 'NX_10_ctr': '3.00726', 'NX_10_CV': '0.20876', 'NX_10_CV_turn': '0.82500', 'NX_10_Diversity': '0.98819', 'NX_10_Novelty': '5.54173', 'NX_10_ifeat_feat': 0.892}]
[I 240112 17:31:04 loggers:84] Epoch: [90], Info: [{'num_test': 100, 'len_tra': 3.45, 'R_tra': 9.632495126128196, 'ctr': '2.79203', 'CV': '0.08350', 'CV_turn': '0.95652', 'Diversity': '0.98704', 'Novelty': '5.41261', 'ifeat_feat': 0.8608695652173913, 'NX_0_len_tra': 3.11, 'NX_0_R_tra': 9.240614743232728, 'NX_0_ctr': '2.97126', 'NX_0_CV': '0.05643', 'NX_0_CV_turn': '0.71704', 'NX_0_Diversity': '0.98602', 'NX_0_Novelty': '5.69686', 'NX_0_ifeat_feat': 0.9389067524115756, 'NX_10_len_tra': 10.0, 'NX_10_R_tra': 30.209736893251538, 'NX_10_ctr': '3.02097', 'NX_10_CV': '0.20648', 'NX_10_CV_turn': '0.81600', 'NX_10_Diversity': '0.98812', 'NX_10_Novelty': '5.52978', 'NX_10_ifeat_feat': 0.886}]
[I 240112 17:41:50 loggers:84] Epoch: [91], Info: [{'num_test': 100, 'len_tra': 3.39, 'R_tra': 10.228039155900479, 'ctr': '3.01712', 'CV': '0.07616', 'CV_turn': '0.88791', 'Diversity': '0.98326', 'Novelty': '4.92806', 'ifeat_feat': 0.8495575221238938, 'NX_0_len_tra': 3.35, 'NX_0_R_tra': 10.135728621035815, 'NX_0_ctr': '3.02559', 'NX_0_CV': '0.08198', 'NX_0_CV_turn': '0.96716', 'NX_0_Diversity': '0.98635', 'NX_0_Novelty': '5.48402', 'NX_0_ifeat_feat': 0.8626865671641791, 'NX_10_len_tra': 10.0, 'NX_10_R_tra': 29.41280669271946, 'NX_10_ctr': '2.94128', 'NX_10_CV': '0.22748', 'NX_10_CV_turn': '0.89900', 'NX_10_Diversity': '0.98816', 'NX_10_Novelty': '5.49376', 'NX_10_ifeat_feat': 0.876}]
[I 240112 17:52:36 loggers:84] Epoch: [92], Info: [{'num_test': 100, 'len_tra': 3.76, 'R_tra': 10.767243507802487, 'ctr': '2.86363', 'CV': '0.09059', 'CV_turn': '0.95213', 'Diversity': '0.98691', 'Novelty': '5.36026', 'ifeat_feat': 0.8723404255319149, 'NX_0_len_tra': 3.41, 'NX_0_R_tra': 10.323551229983568, 'NX_0_ctr': '3.02743', 'NX_0_CV': '0.07844', 'NX_0_CV_turn': '0.90909', 'NX_0_Diversity': '0.98630', 'NX_0_Novelty': '5.33657', 'NX_0_ifeat_feat': 0.8680351906158358, 'NX_10_len_tra': 10.0, 'NX_10_R_tra': 28.701554789096118, 'NX_10_ctr': '2.87016', 'NX_10_CV': '0.22394', 'NX_10_CV_turn': '0.88500', 'NX_10_Diversity': '0.98796', 'NX_10_Novelty': '5.30794', 'NX_10_ifeat_feat': 0.869}]
[I 240112 18:03:20 loggers:84] Epoch: [93], Info: [{'num_test': 100, 'len_tra': 3.62, 'R_tra': 10.71720131367445, 'ctr': '2.96055', 'CV': '0.07996', 'CV_turn': '0.87293', 'Diversity': '0.98569', 'Novelty': '5.45668', 'ifeat_feat': 0.8591160220994475, 'NX_0_len_tra': 3.51, 'NX_0_R_tra': 10.256560044288635, 'NX_0_ctr': '2.92210', 'NX_0_CV': '0.06452', 'NX_0_CV_turn': '0.72650', 'NX_0_Diversity': '0.98755', 'NX_0_Novelty': '5.22796', 'NX_0_ifeat_feat': 0.8091168091168092, 'NX_10_len_tra': 10.0, 'NX_10_R_tra': 29.25359554708004, 'NX_10_ctr': '2.92536', 'NX_10_CV': '0.16447', 'NX_10_CV_turn': '0.65000', 'NX_10_Diversity': '0.98928', 'NX_10_Novelty': '5.47401', 'NX_10_ifeat_feat': 0.81}]
[I 240112 18:14:14 loggers:84] Epoch: [94], Info: [{'num_test': 100, 'len_tra': 3.55, 'R_tra': 10.323369469046593, 'ctr': '2.90799', 'CV': '0.08426', 'CV_turn': '0.93803', 'Diversity': '0.98583', 'Novelty': '5.35312', 'ifeat_feat': 0.8647887323943662, 'NX_0_len_tra': 3.63, 'NX_0_R_tra': 10.620039920806885, 'NX_0_ctr': '2.92563', 'NX_0_CV': '0.08679', 'NX_0_CV_turn': '0.94490', 'NX_0_Diversity': '0.98742', 'NX_0_Novelty': '5.41626', 'NX_0_ifeat_feat': 0.8512396694214877, 'NX_10_len_tra': 10.0, 'NX_10_R_tra': 29.29310153827071, 'NX_10_ctr': '2.92931', 'NX_10_CV': '0.18902', 'NX_10_CV_turn': '0.74700', 'NX_10_Diversity': '0.98907', 'NX_10_Novelty': '5.75033', 'NX_10_ifeat_feat': 0.871}]
[I 240112 18:25:12 loggers:84] Epoch: [95], Info: [{'num_test': 100, 'len_tra': 3.41, 'R_tra': 10.004425930082798, 'ctr': '2.93385', 'CV': '0.08249', 'CV_turn': '0.95601', 'Diversity': '0.98699', 'Novelty': '5.36589', 'ifeat_feat': 0.8475073313782991, 'NX_0_len_tra': 3.46, 'NX_0_R_tra': 10.479692158252, 'NX_0_ctr': '3.02881', 'NX_0_CV': '0.07718', 'NX_0_CV_turn': '0.88150', 'NX_0_Diversity': '0.98649', 'NX_0_Novelty': '5.28808', 'NX_0_ifeat_feat': 0.8641618497109826, 'NX_10_len_tra': 10.0, 'NX_10_R_tra': 29.786314415931702, 'NX_10_ctr': '2.97863', 'NX_10_CV': '0.22571', 'NX_10_CV_turn': '0.89200', 'NX_10_Diversity': '0.98835', 'NX_10_Novelty': '5.45990', 'NX_10_ifeat_feat': 0.868}]
[I 240112 18:35:45 loggers:84] Epoch: [96], Info: [{'num_test': 100, 'len_tra': 3.37, 'R_tra': 10.45165020763874, 'ctr': '3.10138', 'CV': '0.05921', 'CV_turn': '0.69436', 'Diversity': '0.98574', 'Novelty': '5.26625', 'ifeat_feat': 0.8813056379821959, 'NX_0_len_tra': 3.28, 'NX_0_R_tra': 9.553789647221565, 'NX_0_ctr': '2.91274', 'NX_0_CV': '0.08021', 'NX_0_CV_turn': '0.96646', 'NX_0_Diversity': '0.98688', 'NX_0_Novelty': '5.12834', 'NX_0_ifeat_feat': 0.8536585365853658, 'NX_10_len_tra': 10.0, 'NX_10_R_tra': 29.054788924902677, 'NX_10_ctr': '2.90548', 'NX_10_CV': '0.22495', 'NX_10_CV_turn': '0.88900', 'NX_10_Diversity': '0.98853', 'NX_10_Novelty': '5.46043', 'NX_10_ifeat_feat': 0.864}]
[I 240112 18:46:33 loggers:84] Epoch: [97], Info: [{'num_test': 100, 'len_tra': 3.32, 'R_tra': 9.493342759609222, 'ctr': '2.85944', 'CV': '0.08047', 'CV_turn': '0.95783', 'Diversity': '0.98735', 'Novelty': '5.24823', 'ifeat_feat': 0.8524096385542169, 'NX_0_len_tra': 3.49, 'NX_0_R_tra': 10.403550191819669, 'NX_0_ctr': '2.98096', 'NX_0_CV': '0.08451', 'NX_0_CV_turn': '0.95702', 'NX_0_Diversity': '0.98653', 'NX_0_Novelty': '5.22531', 'NX_0_ifeat_feat': 0.8681948424068768, 'NX_10_len_tra': 10.0, 'NX_10_R_tra': 29.316559428572656, 'NX_10_ctr': '2.93166', 'NX_10_CV': '0.20319', 'NX_10_CV_turn': '0.80300', 'NX_10_Diversity': '0.98839', 'NX_10_Novelty': '5.48202', 'NX_10_ifeat_feat': 0.832}]
[I 240112 18:57:11 loggers:84] Epoch: [98], Info: [{'num_test': 100, 'len_tra': 3.14, 'R_tra': 8.992058633565902, 'ctr': '2.86371', 'CV': '0.07692', 'CV_turn': '0.96815', 'Diversity': '0.98611', 'Novelty': '5.29760', 'ifeat_feat': 0.8757961783439491, 'NX_0_len_tra': 2.11, 'NX_0_R_tra': 7.557316148281098, 'NX_0_ctr': '3.58167', 'NX_0_CV': '0.00405', 'NX_0_CV_turn': '0.07583', 'NX_0_Diversity': '0.98210', 'NX_0_Novelty': '6.85866', 'NX_0_ifeat_feat': 0.990521327014218, 'NX_10_len_tra': 10.0, 'NX_10_R_tra': 29.848615901023148, 'NX_10_ctr': '2.98486', 'NX_10_CV': '0.22470', 'NX_10_CV_turn': '0.88800', 'NX_10_Diversity': '0.98806', 'NX_10_Novelty': '5.32900', 'NX_10_ifeat_feat': 0.865}]
[I 240112 19:07:41 loggers:84] Epoch: [99], Info: [{'num_test': 100, 'len_tra': 3.19, 'R_tra': 9.665723584890365, 'ctr': '3.03001', 'CV': '0.06630', 'CV_turn': '0.82132', 'Diversity': '0.97887', 'Novelty': '5.91565', 'ifeat_feat': 0.8714733542319749, 'NX_0_len_tra': 2.71, 'NX_0_R_tra': 8.556240024864673, 'NX_0_ctr': '3.15728', 'NX_0_CV': '0.04200', 'NX_0_CV_turn': '0.61255', 'NX_0_Diversity': '0.98420', 'NX_0_Novelty': '6.70666', 'NX_0_ifeat_feat': 0.9261992619926199, 'NX_10_len_tra': 10.0, 'NX_10_R_tra': 29.70931108891964, 'NX_10_ctr': '2.97093', 'NX_10_CV': '0.22520', 'NX_10_CV_turn': '0.89000', 'NX_10_Diversity': '0.98801', 'NX_10_Novelty': '5.34953', 'NX_10_ifeat_feat': 0.864}]
[I 240112 19:18:10 loggers:84] Epoch: [100], Info: [{'num_test': 100, 'len_tra': 3.45, 'R_tra': 10.425314728617668, 'ctr': '3.02183', 'CV': '0.07338', 'CV_turn': '0.84058', 'Diversity': '0.98694', 'Novelty': '5.42177', 'ifeat_feat': 0.8782608695652174, 'NX_0_len_tra': 2.68, 'NX_0_R_tra': 8.495312849283218, 'NX_0_ctr': '3.16989', 'NX_0_CV': '0.04327', 'NX_0_CV_turn': '0.63806', 'NX_0_Diversity': '0.98419', 'NX_0_Novelty': '5.57738', 'NX_0_ifeat_feat': 0.917910447761194, 'NX_10_len_tra': 10.0, 'NX_10_R_tra': 29.1994642162323, 'NX_10_ctr': '2.91995', 'NX_10_CV': '0.22166', 'NX_10_CV_turn': '0.87600', 'NX_10_Diversity': '0.98867', 'NX_10_Novelty': '5.51731', 'NX_10_ifeat_feat': 0.864}]
[I 240112 19:18:10 policy_utils:407] {'duration': '39904.41s', 'train_time/model': '37556.08s', 'test_step': 35475, 'test_episode': 10100, 'test_time': '128.68s', 'test_speed': '275.68 step/s', 'best_reward': 14.63699013441801, 'best_result': '14.64  5.41', 'train_step': 1000000, 'train_episode': 286203, 'train_time/collector': '2219.65s', 'train_speed': '25.14 step/s'}
