[I 240116 06:16:26 usermodel_utils:173] {
      "env": "MovieLensEnv-v0",
      "resume": false,
      "optimizer": "adam",
      "seed": 2023,
      "bpr_weight": 0.5,
      "neg_K": 5,
      "n_models": 1,
      "is_softmax": false,
      "num_trajectory": 200,
      "force_length": 10,
      "top_rate": 0.8,
      "deterministic": true,
      "sample_neg_popularity": false,
      "draw_bar": false,
      "is_all_item_ranking": false,
      "loss": "pointneg",
      "rankingK": [
        20,
        10,
        5
      ],
      "max_turn": 30,
      "l2_reg_dnn": 0.1,
      "lambda_ab": 10,
      "epsilon": 0,
      "is_ucb": false,
      "dnn_activation": "relu",
      "feature_dim": 8,
      "entity_dim": 8,
      "user_model_name": "DeepFM",
      "dnn": [
        128,
        128
      ],
      "dnn_var": [],
      "batch_size": 2048,
      "epoch": 5,
      "cuda": 7,
      "tau": 0,
      "is_ab": false,
      "message": "pointneg_5",
      "all_item_ranking": false,
      "random_init": true,
      "leave_threshold": 75,
      "num_leave_compute": 7,
      "is_userinfo": true,
      "is_binarize": true,
      "need_transform": true,
      "use_auxiliary": true,
      "entropy_window": [
        1,
        2
      ],
      "rating_threshold": 4,
      "yfeat": "rating"
    }
[I 240116 06:28:23 loggers:20] Epoch: [-1], Info: [{'MAE': 3.578799189084262, 'MSE': 14.05434663326513, 'RMSE': 3.7489127268136198, 'Recall@20': 0.8838770773243877, 'Recall@10': 0.7382522388408294, 'Recall@5': 0.5474838724239421, 'Precision@20': 0.6390988393402073, 'Precision@10': 0.6345476947645204, 'Precision@5': 0.629118242266551, 'NDCG@20': 0.9104391137265486, 'NDCG@10': 0.7690644772607231, 'NDCG@5': 0.6866845251325129, 'HT@20': 0.9996530789245447, 'HT@10': 0.9965307892454467, 'HT@5': 0.9734605377276669, 'MAP@20': 0.6440579857701304, 'MAP@10': 0.5565728295553838, 'MAP@5': 0.4354602333190039, 'MRR@20': 0.7694374842147927, 'MRR@10': 0.76920552320379, 'MRR@5': 0.7658860942468937, 'click_loss': 2.9912946407939307, 'CV': '0.00025', 'CV_turn': '0.00250', 'ctr': 2.995684423148632, 'len_tra': 2.0, 'R_tra': 5.991368846297264, 'ifeat_feat': 1.0, 'NX_0_click_loss': 3.0315958353655876, 'NX_0_CV': '0.00076', 'NX_0_CV_turn': '0.00750', 'NX_0_ctr': 3.0359656174480913, 'NX_0_len_tra': 2.0, 'NX_0_R_tra': 6.071931234896183, 'NX_0_ifeat_feat': 1.0, 'NX_10_click_loss': 2.4939325951710343, 'NX_10_CV': '0.00380', 'NX_10_CV_turn': '0.00750', 'NX_10_ctr': 2.4975466460585594, 'NX_10_len_tra': 10.0, 'NX_10_R_tra': 24.975466460585594, 'NX_10_ifeat_feat': 0.901}]
[I 240116 06:47:58 loggers:20] Epoch: [0], Info: [{'loss': 2.9903838026620897, 'MAE': 1.2033096041099707, 'MSE': 2.267234808051413, 'RMSE': 1.5057339765215545, 'Recall@20': 0.91400079547189, 'Recall@10': 0.7855543961325596, 'Recall@5': 0.6063394006708498, 'Precision@20': 0.6717007474061222, 'Precision@10': 0.7042094467159514, 'Precision@5': 0.7441225787799942, 'NDCG@20': 1.0351343553586898, 'NDCG@10': 0.897232025320877, 'NDCG@5': 0.8341034664544947, 'HT@20': 1.0, 'HT@10': 0.9998265394622723, 'HT@5': 0.9954900260190807, 'MAP@20': 0.756200339286625, 'MAP@10': 0.6648475453684564, 'MAP@5': 0.5313661423088963, 'MRR@20': 0.9016045850651225, 'MRR@10': 0.9015888159253291, 'MRR@5': 0.900982943047123, 'click_loss': 0.5253318786621094, 'CV': '0.00152', 'CV_turn': '0.01500', 'ctr': 4.387509005069733, 'len_tra': 2.0, 'R_tra': 8.775018010139465, 'ifeat_feat': 1.0, 'NX_0_click_loss': 0.5369121265411377, 'NX_0_CV': '0.00152', 'NX_0_CV_turn': '0.01500', 'NX_0_ctr': 4.330040220022202, 'NX_0_len_tra': 2.0, 'NX_0_R_tra': 8.660080440044403, 'NX_0_ifeat_feat': 1.0, 'NX_10_click_loss': 0.5855044112205505, 'NX_10_CV': '0.00607', 'NX_10_CV_turn': '0.01200', 'NX_10_ctr': 4.323371223568916, 'NX_10_len_tra': 10.0, 'NX_10_R_tra': 43.23371223568916, 'NX_10_ifeat_feat': 0.9985}]
[I 240116 07:08:37 loggers:20] Epoch: [1], Info: [{'loss': 2.141813860113023, 'MAE': 1.238912506939708, 'MSE': 2.4113993561168425, 'RMSE': 1.552868106478088, 'Recall@20': 0.913999370728815, 'Recall@10': 0.7857864118979341, 'Recall@5': 0.6068156005993717, 'Precision@20': 0.6718915539976227, 'Precision@10': 0.7045910598989523, 'Precision@5': 0.7456837236195433, 'NDCG@20': 1.034851762019439, 'NDCG@10': 0.8969200736241753, 'NDCG@5': 0.834503013554933, 'HT@20': 1.0, 'HT@10': 0.9998265394622723, 'HT@5': 0.9953165654813529, 'MAP@20': 0.7550803663172625, 'MAP@10': 0.6636725837483765, 'MAP@5': 0.5304478878673006, 'MRR@20': 0.9004849385942186, 'MRR@10': 0.9004691694544252, 'MRR@5': 0.8998352124891585, 'click_loss': 0.6630327081680298, 'CV': '0.00127', 'CV_turn': '0.01250', 'ctr': 4.3302607083320614, 'len_tra': 2.0, 'R_tra': 8.660521416664123, 'ifeat_feat': 1.0, 'NX_0_click_loss': 0.6463414597511291, 'NX_0_CV': '0.00152', 'NX_0_CV_turn': '0.01500', 'NX_0_ctr': 4.356863707304001, 'NX_0_len_tra': 2.0, 'NX_0_R_tra': 8.713727414608002, 'NX_0_ifeat_feat': 1.0, 'NX_10_click_loss': 0.7229373433589935, 'NX_10_CV': '0.00531', 'NX_10_CV_turn': '0.01050', 'NX_10_ctr': 4.309448785662651, 'NX_10_len_tra': 10.0, 'NX_10_R_tra': 43.09448785662651, 'NX_10_ifeat_feat': 1.0}]
[I 240116 07:28:27 loggers:20] Epoch: [2], Info: [{'loss': 1.984125229583119, 'MAE': 1.1844506056598858, 'MSE': 2.2268707412724202, 'RMSE': 1.4922703311640355, 'Recall@20': 0.9154002960773729, 'Recall@10': 0.7868613599275941, 'Recall@5': 0.6062350703508684, 'Precision@20': 0.6732879113263305, 'Precision@10': 0.7062042428998196, 'Precision@5': 0.7452674183289968, 'NDCG@20': 1.0369725598053072, 'NDCG@10': 0.8982982386101881, 'NDCG@5': 0.834290438913639, 'HT@20': 1.0, 'HT@10': 0.9998265394622723, 'HT@5': 0.9951431049436253, 'MAP@20': 0.7563178419533545, 'MAP@10': 0.6640287898434966, 'MAP@5': 0.5297503865459434, 'MRR@20': 0.901877847987995, 'MRR@10': 0.9018633929431843, 'MRR@5': 0.9012200057820173, 'click_loss': 0.509928114414215, 'CV': '0.00076', 'CV_turn': '0.00750', 'ctr': 4.312503260374069, 'len_tra': 2.0, 'R_tra': 8.625006520748139, 'ifeat_feat': 1.0, 'NX_0_click_loss': 0.5476375782489776, 'NX_0_CV': '0.00202', 'NX_0_CV_turn': '0.02000', 'NX_0_ctr': 4.338126463592053, 'NX_0_len_tra': 2.0, 'NX_0_R_tra': 8.676252927184105, 'NX_0_ifeat_feat': 1.0, 'NX_10_click_loss': 0.5858362934142352, 'NX_10_CV': '0.00607', 'NX_10_CV_turn': '0.01200', 'NX_10_ctr': 4.328821486756206, 'NX_10_len_tra': 10.0, 'NX_10_R_tra': 43.288214867562054, 'NX_10_ifeat_feat': 0.998}]
[I 240116 07:46:22 loggers:20] Epoch: [3], Info: [{'loss': 1.8352082668577807, 'MAE': 1.1844240047463388, 'MSE': 2.2287459952939144, 'RMSE': 1.492898521432021, 'Recall@20': 0.9161671953931179, 'Recall@10': 0.7878993891294414, 'Recall@5': 0.6081321306537754, 'Precision@20': 0.6744587699559922, 'Precision@10': 0.7085979983204614, 'Precision@5': 0.7497773923099161, 'NDCG@20': 1.0409583323137024, 'NDCG@10': 0.9023656278223406, 'NDCG@5': 0.8393147529174566, 'HT@20': 1.0, 'HT@10': 0.9998265394622723, 'HT@5': 0.9954900260190807, 'MAP@20': 0.7607455710482122, 'MAP@10': 0.6683206076757189, 'MAP@5': 0.5335777432164994, 'MRR@20': 0.9033776515476426, 'MRR@10': 0.9033643084293558, 'MRR@5': 0.9027493495229831, 'click_loss': 0.532539165019989, 'CV': '0.00304', 'CV_turn': '0.03000', 'ctr': 4.354901452064514, 'len_tra': 2.0, 'R_tra': 8.709802904129027, 'ifeat_feat': 1.0, 'NX_0_click_loss': 0.5825294893980026, 'NX_0_CV': '0.00506', 'NX_0_CV_turn': '0.05000', 'NX_0_ctr': 4.425622257590294, 'NX_0_len_tra': 2.0, 'NX_0_R_tra': 8.851244515180587, 'NX_0_ifeat_feat': 0.9975, 'NX_10_click_loss': 0.6084723663628101, 'NX_10_CV': '0.01872', 'NX_10_CV_turn': '0.03700', 'NX_10_ctr': 4.3532598713338375, 'NX_10_len_tra': 10.0, 'NX_10_R_tra': 43.53259871333837, 'NX_10_ifeat_feat': 0.998}]
[I 240116 07:59:44 loggers:20] Epoch: [4], Info: [{'loss': 2.524534354022828, 'MAE': 1.156085275113806, 'MSE': 2.1589248731196258, 'RMSE': 1.469328034551722, 'Recall@20': 0.9167088385012976, 'Recall@10': 0.788209753498927, 'Recall@5': 0.6086460305893115, 'Precision@20': 0.6749704785422888, 'Precision@10': 0.7090316496647806, 'Precision@5': 0.7496733159872796, 'NDCG@20': 1.0421792956748377, 'NDCG@10': 0.903182597962503, 'NDCG@5': 0.840082787457843, 'HT@20': 1.0, 'HT@10': 0.9998265394622723, 'HT@5': 0.9960104076322637, 'MAP@20': 0.7613612868260999, 'MAP@10': 0.6686870445302165, 'MAP@5': 0.5338522698934358, 'MRR@20': 0.9073488822057769, 'MRR@10': 0.9073331130659836, 'MRR@5': 0.9067823070251517, 'click_loss': 0.5639729917049408, 'CV': '0.00304', 'CV_turn': '0.03000', 'ctr': 4.4625842261314395, 'len_tra': 2.0, 'R_tra': 8.925168452262879, 'ifeat_feat': 1.0, 'NX_0_click_loss': 0.5560820153229254, 'NX_0_CV': '0.00658', 'NX_0_CV_turn': '0.06484', 'NX_0_ctr': 4.416970233072961, 'NX_0_len_tra': 2.005, 'NX_0_R_tra': 8.856025317311287, 'NX_0_ifeat_feat': 1.0, 'NX_10_click_loss': 0.5635300273001194, 'NX_10_CV': '0.01999', 'NX_10_CV_turn': '0.03950', 'NX_10_ctr': 4.3125280035436155, 'NX_10_len_tra': 10.0, 'NX_10_R_tra': 43.125280035436155, 'NX_10_ifeat_feat': 0.9935}]
[I 240116 07:59:44 user_model_ensemble:82] 
    
[I 240116 07:59:44 user_model_ensemble:85] ============ Training terminated. ===================
[I 240116 08:16:46 user_model_ensemble:231] user_model and its parameters have been saved in ./saved_models/MovieLensEnv-v0/DeepFM
