[I 240117 12:14:54 usermodel_utils:173] {
      "env": "MovieLensEnv-v0",
      "resume": false,
      "optimizer": "adam",
      "seed": 2023,
      "bpr_weight": 0.5,
      "neg_K": 5,
      "n_models": 1,
      "is_softmax": false,
      "num_trajectory": 200,
      "force_length": 10,
      "top_rate": 0.8,
      "deterministic": true,
      "sample_neg_popularity": false,
      "draw_bar": false,
      "is_all_item_ranking": false,
      "loss": "point",
      "rankingK": [
        20,
        10,
        5
      ],
      "max_turn": 30,
      "l2_reg_dnn": 0.1,
      "lambda_ab": 10,
      "epsilon": 0,
      "is_ucb": false,
      "dnn_activation": "relu",
      "feature_dim": 8,
      "entity_dim": 8,
      "user_model_name": "DeepFM",
      "dnn": [
        128,
        128
      ],
      "dnn_var": [],
      "batch_size": 2048,
      "epoch": 5,
      "cuda": 6,
      "tau": 0,
      "is_ab": false,
      "message": "pointneg_0",
      "all_item_ranking": false,
      "random_init": true,
      "leave_threshold": 75,
      "num_leave_compute": 7,
      "is_userinfo": true,
      "is_binarize": true,
      "need_transform": true,
      "use_auxiliary": true,
      "entropy_window": [
        1,
        2
      ],
      "rating_threshold": 4,
      "yfeat": "rating"
    }
[I 240117 12:20:27 loggers:20] Epoch: [-1], Info: [{'MAE': 3.578799189084262, 'MSE': 14.05434663326513, 'RMSE': 3.7489127268136198, 'Recall@20': 0.8838770773243877, 'Recall@10': 0.7382522388408294, 'Recall@5': 0.5474838724239421, 'Precision@20': 0.6390988393402073, 'Precision@10': 0.6345476947645204, 'Precision@5': 0.629118242266551, 'NDCG@20': 0.9104391137265486, 'NDCG@10': 0.7690644772607231, 'NDCG@5': 0.6866845251325129, 'HT@20': 0.9996530789245447, 'HT@10': 0.9965307892454467, 'HT@5': 0.9734605377276669, 'MAP@20': 0.6440579857701304, 'MAP@10': 0.5565728295553838, 'MAP@5': 0.4354602333190039, 'MRR@20': 0.7694374842147927, 'MRR@10': 0.76920552320379, 'MRR@5': 0.7658860942468937, 'click_loss': 2.9912946407939307, 'CV': '0.00025', 'CV_turn': '0.00250', 'ctr': 2.995684423148632, 'len_tra': 2.0, 'R_tra': 5.991368846297264, 'ifeat_feat': 1.0, 'NX_0_click_loss': 3.0315958353655876, 'NX_0_CV': '0.00076', 'NX_0_CV_turn': '0.00750', 'NX_0_ctr': 3.0359656174480913, 'NX_0_len_tra': 2.0, 'NX_0_R_tra': 6.071931234896183, 'NX_0_ifeat_feat': 1.0, 'NX_10_click_loss': 2.4939325951710343, 'NX_10_CV': '0.00380', 'NX_10_CV_turn': '0.00750', 'NX_10_ctr': 2.4975466460585594, 'NX_10_len_tra': 10.0, 'NX_10_R_tra': 24.975466460585594, 'NX_10_ifeat_feat': 0.901}]
[I 240117 12:28:55 loggers:20] Epoch: [0], Info: [{'loss': 1.0037465811232364, 'MAE': 0.7166269991760916, 'MSE': 0.835761203503681, 'RMSE': 0.9141997612686633, 'Recall@20': 0.9214235581041791, 'Recall@10': 0.7970046512937101, 'Recall@5': 0.6171896484222464, 'Precision@20': 0.6790988393402073, 'Precision@10': 0.7179475213039828, 'Precision@5': 0.7604278693263947, 'NDCG@20': 1.0557824706427898, 'NDCG@10': 0.9174367888218891, 'NDCG@5': 0.8530252905213598, 'HT@20': 1.0, 'HT@10': 0.9998265394622723, 'HT@5': 0.9967042497831743, 'MAP@20': 0.7800717797920215, 'MAP@10': 0.6871429523694654, 'MAP@5': 0.5485982680232188, 'MRR@20': 0.9127042698074781, 'MRR@10': 0.9126885006676847, 'MRR@5': 0.912208730847065, 'click_loss': 0.43913205206394196, 'CV': '0.00076', 'CV_turn': '0.00750', 'ctr': 4.374347237944603, 'len_tra': 2.0, 'R_tra': 8.748694475889206, 'ifeat_feat': 1.0, 'NX_0_click_loss': 0.452892844080925, 'NX_0_CV': '0.00076', 'NX_0_CV_turn': '0.00750', 'NX_0_ctr': 4.303840782642364, 'NX_0_len_tra': 2.0, 'NX_0_R_tra': 8.607681565284729, 'NX_0_ifeat_feat': 1.0, 'NX_10_click_loss': 0.43851204204559324, 'NX_10_CV': '0.00405', 'NX_10_CV_turn': '0.00800', 'NX_10_ctr': 4.313098426818848, 'NX_10_len_tra': 10.0, 'NX_10_R_tra': 43.13098426818848, 'NX_10_ifeat_feat': 0.9925}]
[I 240117 12:37:17 loggers:20] Epoch: [1], Info: [{'loss': 0.6686741583663461, 'MAE': 0.6962785116599728, 'MSE': 0.7852563773373641, 'RMSE': 0.8861469276239489, 'Recall@20': 0.9239793017674186, 'Recall@10': 0.8002689841861708, 'Recall@5': 0.6233194262468351, 'Precision@20': 0.681674728325463, 'Precision@10': 0.7232207216509038, 'Precision@5': 0.77180688060133, 'NDCG@20': 1.066530218946401, 'NDCG@10': 0.9282128301881315, 'NDCG@5': 0.8672297734173653, 'HT@20': 1.0, 'HT@10': 0.9998265394622723, 'HT@5': 0.996357328707719, 'MAP@20': 0.7904380029008942, 'MAP@10': 0.6969648197548065, 'MAP@5': 0.5581875562068983, 'MRR@20': 0.9250826753472021, 'MRR@10': 0.9250669062074087, 'MRR@5': 0.9245475570974265, 'click_loss': 0.2969594192504883, 'CV': '0.00253', 'CV_turn': '0.02500', 'ctr': 4.49994649887085, 'len_tra': 2.0, 'R_tra': 8.9998929977417, 'ifeat_feat': 0.995, 'NX_0_click_loss': 0.2947900753068805, 'NX_0_CV': '0.00582', 'NX_0_CV_turn': '0.05736', 'NX_0_ctr': 4.506021334940656, 'NX_0_len_tra': 2.005, 'NX_0_R_tra': 9.034572776556015, 'NX_0_ifeat_feat': 0.9975062344139651, 'NX_10_click_loss': 0.2976930368542671, 'NX_10_CV': '0.01695', 'NX_10_CV_turn': '0.03350', 'NX_10_ctr': 4.453007132470608, 'NX_10_len_tra': 10.0, 'NX_10_R_tra': 44.53007132470608, 'NX_10_ifeat_feat': 0.9755}]
[I 240117 12:46:02 loggers:20] Epoch: [2], Info: [{'loss': 0.6056654743822654, 'MAE': 0.686776252000336, 'MSE': 0.7676724276933629, 'RMSE': 0.8761691775526932, 'Recall@20': 0.9256148537184036, 'Recall@10': 0.802806015721925, 'Recall@5': 0.6269052985843021, 'Precision@20': 0.6836608514824449, 'Precision@10': 0.7267419705667755, 'Precision@5': 0.7769760046256143, 'NDCG@20': 1.0729913120258914, 'NDCG@10': 0.934417054151482, 'NDCG@5': 0.8741083777689778, 'HT@20': 1.0, 'HT@10': 1.0, 'HT@5': 0.9975715524718126, 'MAP@20': 0.7973871831193847, 'MAP@10': 0.7035089553861624, 'MAP@5': 0.5637897910129445, 'MRR@20': 0.9289694929720945, 'MRR@10': 0.9289694929720945, 'MRR@5': 0.9286152067071403, 'click_loss': 0.31354214906692507, 'CV': '0.00557', 'CV_turn': '0.05500', 'ctr': 4.507572423219681, 'len_tra': 2.0, 'R_tra': 9.015144846439362, 'ifeat_feat': 0.995, 'NX_0_click_loss': 0.28578706000638066, 'NX_0_CV': '0.01139', 'NX_0_CV_turn': '0.11166', 'NX_0_ctr': 4.550590914473048, 'NX_0_len_tra': 2.015, 'NX_0_R_tra': 9.169440692663192, 'NX_0_ifeat_feat': 0.9975186104218362, 'NX_10_click_loss': 0.26692251467704775, 'NX_10_CV': '0.04175', 'NX_10_CV_turn': '0.08250', 'NX_10_ctr': 4.532350269913674, 'NX_10_len_tra': 10.0, 'NX_10_R_tra': 45.32350269913673, 'NX_10_ifeat_feat': 0.9735}]
[I 240117 12:54:59 loggers:20] Epoch: [3], Info: [{'loss': 0.5597241752979222, 'MAE': 0.6873805717695579, 'MSE': 0.7597920805641285, 'RMSE': 0.8716605305760543, 'Recall@20': 0.9260274307200015, 'Recall@10': 0.8039503895697316, 'Recall@5': 0.6286193682651119, 'Precision@20': 0.6840337916385594, 'Precision@10': 0.7278521180082327, 'Precision@5': 0.7801329864122578, 'NDCG@20': 1.075365436848371, 'NDCG@10': 0.9370640967250468, 'NDCG@5': 0.8775355033739599, 'HT@20': 1.0, 'HT@10': 1.0, 'HT@5': 0.9982653946227233, 'MAP@20': 0.8007140897720163, 'MAP@10': 0.7070046418605137, 'MAP@5': 0.5672017776903039, 'MRR@20': 0.9312250306309281, 'MRR@10': 0.9312250306309281, 'MRR@5': 0.9309569239664639, 'click_loss': 0.25980414152145387, 'CV': '0.01012', 'CV_turn': '0.10000', 'ctr': 4.564556931257248, 'len_tra': 2.0, 'R_tra': 9.129113862514496, 'ifeat_feat': 0.925, 'NX_0_click_loss': 0.273509626599436, 'NX_0_CV': '0.02075', 'NX_0_CV_turn': '0.20147', 'NX_0_ctr': 4.570940653873603, 'NX_0_len_tra': 2.035, 'NX_0_R_tra': 9.301864230632782, 'NX_0_ifeat_feat': 0.9164619164619164, 'NX_10_click_loss': 0.28165713584423063, 'NX_10_CV': '0.05693', 'NX_10_CV_turn': '0.11250', 'NX_10_ctr': 4.500265842914581, 'NX_10_len_tra': 10.0, 'NX_10_R_tra': 45.00265842914581, 'NX_10_ifeat_feat': 0.914}]
[I 240117 13:03:39 loggers:20] Epoch: [4], Info: [{'loss': 0.5288248326403199, 'MAE': 0.6797659547255699, 'MSE': 0.752149114398297, 'RMSE': 0.8672653079642336, 'Recall@20': 0.9264386776341009, 'Recall@10': 0.8043741436488453, 'Recall@5': 0.6280215212236372, 'Precision@20': 0.6844154048215603, 'Precision@10': 0.7285112680515976, 'Precision@5': 0.7807574443480773, 'NDCG@20': 1.076542214918927, 'NDCG@10': 0.9381621586788752, 'NDCG@5': 0.8786129392119866, 'HT@20': 1.0, 'HT@10': 1.0, 'HT@5': 0.9977450130095403, 'MAP@20': 0.8014009311052885, 'MAP@10': 0.7076891957580568, 'MAP@5': 0.5670123838245967, 'MRR@20': 0.9322510634782963, 'MRR@10': 0.9322510634782963, 'MRR@5': 0.9319051749060416, 'click_loss': 0.2935050177574158, 'CV': '0.01544', 'CV_turn': '0.15250', 'ctr': 4.65760472536087, 'len_tra': 2.0, 'R_tra': 9.31520945072174, 'ifeat_feat': 0.925, 'NX_0_click_loss': 0.3199771644114304, 'NX_0_CV': '0.02707', 'NX_0_CV_turn': '0.25659', 'NX_0_ctr': 4.559227508463734, 'NX_0_len_tra': 2.085, 'NX_0_R_tra': 9.505989355146886, 'NX_0_ifeat_feat': 0.9160671462829736, 'NX_10_click_loss': 0.3230448049008846, 'NX_10_CV': '0.07439', 'NX_10_CV_turn': '0.14700', 'NX_10_ctr': 4.478870316535234, 'NX_10_len_tra': 10.0, 'NX_10_R_tra': 44.788703165352345, 'NX_10_ifeat_feat': 0.9175}]
[I 240117 13:03:39 user_model_ensemble:82] 
    
[I 240117 13:03:39 user_model_ensemble:85] ============ Training terminated. ===================
[I 240117 13:12:33 user_model_ensemble:231] user_model and its parameters have been saved in ./saved_models/MovieLensEnv-v0/DeepFM
