[I 240116 06:16:17 usermodel_utils:173] {
      "env": "MovieLensEnv-v0",
      "resume": false,
      "optimizer": "adam",
      "seed": 2023,
      "bpr_weight": 0.5,
      "neg_K": 3,
      "n_models": 1,
      "is_softmax": false,
      "num_trajectory": 200,
      "force_length": 10,
      "top_rate": 0.8,
      "deterministic": true,
      "sample_neg_popularity": false,
      "draw_bar": false,
      "is_all_item_ranking": false,
      "loss": "pointneg",
      "rankingK": [
        20,
        10,
        5
      ],
      "max_turn": 30,
      "l2_reg_dnn": 0.1,
      "lambda_ab": 10,
      "epsilon": 0,
      "is_ucb": false,
      "dnn_activation": "relu",
      "feature_dim": 8,
      "entity_dim": 8,
      "user_model_name": "DeepFM",
      "dnn": [
        128,
        128
      ],
      "dnn_var": [],
      "batch_size": 2048,
      "epoch": 5,
      "cuda": 7,
      "tau": 0,
      "is_ab": false,
      "message": "pointneg_3",
      "all_item_ranking": false,
      "random_init": true,
      "leave_threshold": 75,
      "num_leave_compute": 7,
      "is_userinfo": true,
      "is_binarize": true,
      "need_transform": true,
      "use_auxiliary": true,
      "entropy_window": [
        1,
        2
      ],
      "rating_threshold": 4,
      "yfeat": "rating"
    }
[I 240116 06:26:40 loggers:20] Epoch: [-1], Info: [{'MAE': 3.578799189084262, 'MSE': 14.05434663326513, 'RMSE': 3.7489127268136198, 'Recall@20': 0.8838770773243877, 'Recall@10': 0.7382522388408294, 'Recall@5': 0.5474838724239421, 'Precision@20': 0.6390988393402073, 'Precision@10': 0.6345476947645204, 'Precision@5': 0.629118242266551, 'NDCG@20': 0.9104391137265486, 'NDCG@10': 0.7690644772607231, 'NDCG@5': 0.6866845251325129, 'HT@20': 0.9996530789245447, 'HT@10': 0.9965307892454467, 'HT@5': 0.9734605377276669, 'MAP@20': 0.6440579857701304, 'MAP@10': 0.5565728295553838, 'MAP@5': 0.4354602333190039, 'MRR@20': 0.7694374842147927, 'MRR@10': 0.76920552320379, 'MRR@5': 0.7658860942468937, 'click_loss': 2.9912946407939307, 'CV': '0.00025', 'CV_turn': '0.00250', 'ctr': 2.995684423148632, 'len_tra': 2.0, 'R_tra': 5.991368846297264, 'ifeat_feat': 1.0, 'NX_0_click_loss': 3.0315958353655876, 'NX_0_CV': '0.00076', 'NX_0_CV_turn': '0.00750', 'NX_0_ctr': 3.0359656174480913, 'NX_0_len_tra': 2.0, 'NX_0_R_tra': 6.071931234896183, 'NX_0_ifeat_feat': 1.0, 'NX_10_click_loss': 2.4939325951710343, 'NX_10_CV': '0.00380', 'NX_10_CV_turn': '0.00750', 'NX_10_ctr': 2.4975466460585594, 'NX_10_len_tra': 10.0, 'NX_10_R_tra': 24.975466460585594, 'NX_10_ifeat_feat': 0.901}]
[I 240116 06:41:30 loggers:20] Epoch: [0], Info: [{'loss': 3.321931456342025, 'MAE': 1.242242199221573, 'MSE': 2.3566728480029706, 'RMSE': 1.5351458718971858, 'Recall@20': 0.9131990275859625, 'Recall@10': 0.7849031383974737, 'Recall@5': 0.6052441672269818, 'Precision@20': 0.6708768098519159, 'Precision@10': 0.7035156045650408, 'Precision@5': 0.7429083550159006, 'NDCG@20': 1.032845338873053, 'NDCG@10': 0.8955589886659, 'NDCG@5': 0.8322818771168369, 'HT@20': 1.0, 'HT@10': 0.9996530789245447, 'HT@5': 0.9953165654813529, 'MAP@20': 0.7538019452386523, 'MAP@10': 0.6629048324350604, 'MAP@5': 0.5295697680297067, 'MRR@20': 0.9001077995917541, 'MRR@10': 0.9000775754071499, 'MRR@5': 0.8994535993061573, 'click_loss': 0.5463124310970306, 'CV': '0.00127', 'CV_turn': '0.01250', 'ctr': 4.395566942691803, 'len_tra': 2.0, 'R_tra': 8.791133885383607, 'ifeat_feat': 1.0, 'NX_0_click_loss': 0.5355365586280822, 'NX_0_CV': '0.00152', 'NX_0_CV_turn': '0.01500', 'NX_0_ctr': 4.309075860381126, 'NX_0_len_tra': 2.0, 'NX_0_R_tra': 8.618151720762253, 'NX_0_ifeat_feat': 1.0, 'NX_10_click_loss': 0.5705812579393387, 'NX_10_CV': '0.00481', 'NX_10_CV_turn': '0.00950', 'NX_10_ctr': 4.303556621432304, 'NX_10_len_tra': 10.0, 'NX_10_R_tra': 43.03556621432304, 'NX_10_ifeat_feat': 1.0}]
[I 240116 06:59:11 loggers:20] Epoch: [1], Info: [{'loss': 2.388174901808416, 'MAE': 1.227586448068049, 'MSE': 2.373582013814194, 'RMSE': 1.5406433765846637, 'Recall@20': 0.9142456577255572, 'Recall@10': 0.7862123190906989, 'Recall@5': 0.6071663926146672, 'Precision@20': 0.6720823605891231, 'Precision@10': 0.7052675559960901, 'Precision@5': 0.7463775657704539, 'NDCG@20': 1.0366091800684447, 'NDCG@10': 0.8989375019136552, 'NDCG@5': 0.8364189660130439, 'HT@20': 1.0, 'HT@10': 1.0, 'HT@5': 0.9953165654813529, 'MAP@20': 0.7569556438010646, 'MAP@10': 0.6656222463527836, 'MAP@5': 0.5320798633940031, 'MRR@20': 0.9036666942000856, 'MRR@10': 0.9036666942000856, 'MRR@5': 0.903009540329575, 'click_loss': 0.6274420094490051, 'CV': '0.00101', 'CV_turn': '0.01000', 'ctr': 4.351880187988281, 'len_tra': 2.0, 'R_tra': 8.703760375976563, 'ifeat_feat': 0.99, 'NX_0_click_loss': 0.5973728322982788, 'NX_0_CV': '0.00228', 'NX_0_CV_turn': '0.02250', 'NX_0_ctr': 4.3342787843942645, 'NX_0_len_tra': 2.0, 'NX_0_R_tra': 8.668557568788529, 'NX_0_ifeat_feat': 0.9875, 'NX_10_click_loss': 0.6930387802124024, 'NX_10_CV': '0.00683', 'NX_10_CV_turn': '0.01350', 'NX_10_ctr': 4.294359314322471, 'NX_10_len_tra': 10.0, 'NX_10_R_tra': 42.94359314322472, 'NX_10_ifeat_feat': 0.989}]
[I 240116 07:14:14 loggers:20] Epoch: [2], Info: [{'loss': 2.00496208259862, 'MAE': 1.168781010479936, 'MSE': 2.1717973934856074, 'RMSE': 1.4737019350891847, 'Recall@20': 0.9148858310722786, 'Recall@10': 0.7869524558156705, 'Recall@5': 0.6071694490308608, 'Precision@20': 0.6729062981433296, 'Precision@10': 0.7064817797601839, 'Precision@5': 0.7467244868459092, 'NDCG@20': 1.037997990005334, 'NDCG@10': 0.9000832599520935, 'NDCG@5': 0.8368133866236734, 'HT@20': 1.0, 'HT@10': 1.0, 'HT@5': 0.9960104076322637, 'MAP@20': 0.7579036793464426, 'MAP@10': 0.6662873156141058, 'MAP@5': 0.5323087213319977, 'MRR@20': 0.9031093489723153, 'MRR@10': 0.9031093489723153, 'MRR@5': 0.9025614339404453, 'click_loss': 0.5452437806129455, 'CV': '0.00177', 'CV_turn': '0.01750', 'ctr': 4.408280478715897, 'len_tra': 2.0, 'R_tra': 8.816560957431793, 'ifeat_feat': 1.0, 'NX_0_click_loss': 0.5961920574307442, 'NX_0_CV': '0.00278', 'NX_0_CV_turn': '0.02750', 'NX_0_ctr': 4.366653786599636, 'NX_0_len_tra': 2.0, 'NX_0_R_tra': 8.733307573199273, 'NX_0_ifeat_feat': 1.0, 'NX_10_click_loss': 0.6452351659685374, 'NX_10_CV': '0.00860', 'NX_10_CV_turn': '0.01700', 'NX_10_ctr': 4.336603196844458, 'NX_10_len_tra': 10.0, 'NX_10_R_tra': 43.36603196844459, 'NX_10_ifeat_feat': 0.999}]
[I 240116 07:30:09 loggers:20] Epoch: [3], Info: [{'loss': 1.9259647332652665, 'MAE': 1.1914952850396041, 'MSE': 2.2682323921143355, 'RMSE': 1.5060652018137646, 'Recall@20': 0.9152594968135597, 'Recall@10': 0.7875002626876447, 'Recall@5': 0.6074983580947159, 'Precision@20': 0.6731231238154891, 'Precision@10': 0.7068980850507303, 'Precision@5': 0.7482162474703671, 'NDCG@20': 1.0373607367626496, 'NDCG@10': 0.899420821275507, 'NDCG@5': 0.8365649558933955, 'HT@20': 1.0, 'HT@10': 1.0, 'HT@5': 0.9949696444058976, 'MAP@20': 0.7569793888384412, 'MAP@10': 0.6652295703670144, 'MAP@5': 0.531197545929192, 'MRR@20': 0.9019362876691577, 'MRR@10': 0.9019362876691577, 'MRR@5': 0.901240242844752, 'click_loss': 0.5030040228366852, 'CV': '0.00202', 'CV_turn': '0.02000', 'ctr': 4.317764562368393, 'len_tra': 2.0, 'R_tra': 8.635529124736786, 'ifeat_feat': 1.0, 'NX_0_click_loss': 0.5415340000391007, 'NX_0_CV': '0.00329', 'NX_0_CV_turn': '0.03250', 'NX_0_ctr': 4.351792454123497, 'NX_0_len_tra': 2.0, 'NX_0_R_tra': 8.703584908246993, 'NX_0_ifeat_feat': 1.0, 'NX_10_click_loss': 0.5511500671058893, 'NX_10_CV': '0.00734', 'NX_10_CV_turn': '0.01450', 'NX_10_ctr': 4.322711320027709, 'NX_10_len_tra': 10.0, 'NX_10_R_tra': 43.22711320027709, 'NX_10_ifeat_feat': 0.9985}]
[I 240116 07:44:35 loggers:20] Epoch: [4], Info: [{'loss': 1.8393002214110703, 'MAE': 1.1454268987810736, 'MSE': 2.106298158380371, 'RMSE': 1.4513091188235436, 'Recall@20': 0.9162377800833928, 'Recall@10': 0.7885485374455997, 'Recall@5': 0.6071491322774591, 'Precision@20': 0.6743546936333555, 'Precision@10': 0.7089449193959168, 'Precision@5': 0.7474877132119109, 'NDCG@20': 1.0398976249151195, 'NDCG@10': 0.9017588775066723, 'NDCG@5': 0.8370194922953083, 'HT@20': 1.0, 'HT@10': 0.9998265394622723, 'HT@5': 0.9956634865568084, 'MAP@20': 0.7593000500821618, 'MAP@10': 0.6673587751276615, 'MAP@5': 0.5317771964183498, 'MRR@20': 0.9029139367907795, 'MRR@10': 0.9028981676509862, 'MRR@5': 0.9023012431338532, 'click_loss': 0.4724924635887146, 'CV': '0.00177', 'CV_turn': '0.01750', 'ctr': 4.423826426267624, 'len_tra': 2.0, 'R_tra': 8.847652852535248, 'ifeat_feat': 0.99, 'NX_0_click_loss': 0.5227462983131409, 'NX_0_CV': '0.00278', 'NX_0_CV_turn': '0.02750', 'NX_0_ctr': 4.328099061846733, 'NX_0_len_tra': 2.0, 'NX_0_R_tra': 8.656198123693466, 'NX_0_ifeat_feat': 0.9875, 'NX_10_click_loss': 0.5443751885890961, 'NX_10_CV': '0.01037', 'NX_10_CV_turn': '0.02050', 'NX_10_ctr': 4.242342759132385, 'NX_10_len_tra': 10.0, 'NX_10_R_tra': 42.42342759132385, 'NX_10_ifeat_feat': 0.9935}]
[I 240116 07:44:35 user_model_ensemble:82] 
    
[I 240116 07:44:35 user_model_ensemble:85] ============ Training terminated. ===================
[I 240116 08:06:56 user_model_ensemble:231] user_model and its parameters have been saved in ./saved_models/MovieLensEnv-v0/DeepFM
