[I 240107 00:35:11 policy_utils:158] {
      "env": "KuaiEnv-v0",
      "user_model_name": "DeepFM",
      "seed": 2023,
      "cuda": 7,
      "remove_recommended_ids": false,
      "draw_bar": false,
      "is_userinfo": false,
      "is_all_item_ranking": false,
      "cpu": false,
      "is_save": false,
      "use_userEmbedding": false,
      "use_pretrained_embedding": true,
      "exploration_noise": true,
      "explore_eps": 0.005,
      "need_state_norm": false,
      "freeze_emb": false,
      "reward_handle": "cat",
      "which_tracker": "avg",
      "embedding_dim": 32,
      "window_size": 3,
      "random_init": true,
      "filter_sizes": [
        2,
        3,
        4
      ],
      "num_filters": 16,
      "dropout_rate": 0.1,
      "num_heads": 1,
      "dilations": "[1, 2, 1, 2, 1, 2]",
      "buffer_size": 100000,
      "lr": 0.001,
      "epoch": 100,
      "batch_size": 64,
      "hidden_sizes": [
        64,
        64
      ],
      "episode_per_collect": 100,
      "n_step": 3,
      "update_per_step": 0.125,
      "training_num": 100,
      "test_num": 100,
      "render": 0,
      "reward_threshold": null,
      "gamma": 0.9,
      "step_per_epoch": 10000,
      "step_per_collect": 100,
      "repeat_per_collect": 1,
      "logdir": "log",
      "read_message": "pointneg",
      "all_item_ranking": false,
      "is_binarize": false,
      "need_transform": true,
      "use_auxiliary": false,
      "entropy_window": [
        1,
        2
      ],
      "yfeat": "watch_ratio_normed",
      "leave_threshold": 1,
      "num_leave_compute": 9,
      "max_turn": 30,
      "force_length": 10,
      "top_rate": 0.8,
      "model_name": "C51",
      "target_update_freq": 320,
      "reward_normalization": false,
      "is_double": true,
      "clip_loss_grad": false,
      "num_atoms": 51,
      "v_min": 0.0,
      "v_max": 1.0,
      "prioritized_replay": false,
      "alpha": 0.6,
      "beta": 0.4,
      "message": "C51-320-0.005",
      "hostname": "server3"
    }
[I 240107 00:38:16 loggers:84] Epoch: [1], Info: [{'num_test': 100, 'len_tra': 3.08, 'R_tra': 0.29281431259536006, 'ctr': '0.09507', 'CV': '0.00120', 'CV_turn': '0.01299', 'Diversity': '0.03233', 'Novelty': '8.08169', 'ifeat_feat': 0.9902597402597403, 'NX_0_len_tra': 10.95, 'NX_0_R_tra': 9.177100409452681, 'NX_0_ctr': '0.83809', 'NX_0_CV': '0.00601', 'NX_0_CV_turn': '0.01826', 'NX_0_Diversity': '0.93362', 'NX_0_Novelty': '3.85408', 'NX_0_ifeat_feat': 0.8191780821917808, 'NX_10_len_tra': 10.0, 'NX_10_R_tra': 8.593566236401921, 'NX_10_ctr': '0.85936', 'NX_10_CV': '0.00451', 'NX_10_CV_turn': '0.01500', 'NX_10_Diversity': '0.95130', 'NX_10_Novelty': '3.92097', 'NX_10_ifeat_feat': 0.801}]
[I 240107 00:40:33 loggers:84] Epoch: [2], Info: [{'num_test': 100, 'len_tra': 3.85, 'R_tra': 3.5844942167466813, 'ctr': '0.93104', 'CV': '0.00661', 'CV_turn': '0.05714', 'Diversity': '0.26447', 'Novelty': '2.40156', 'ifeat_feat': 0.9584415584415584, 'NX_0_len_tra': 9.77, 'NX_0_R_tra': 8.362736748064833, 'NX_0_ctr': '0.85596', 'NX_0_CV': '0.01112', 'NX_0_CV_turn': '0.03787', 'NX_0_Diversity': '0.90119', 'NX_0_Novelty': '2.27680', 'NX_0_ifeat_feat': 0.9907881269191402, 'NX_10_len_tra': 10.0, 'NX_10_R_tra': 8.195256337318034, 'NX_10_ctr': '0.81953', 'NX_10_CV': '0.00842', 'NX_10_CV_turn': '0.02800', 'NX_10_Diversity': '0.91278', 'NX_10_Novelty': '2.29465', 'NX_10_ifeat_feat': 0.984}]
[I 240107 00:42:50 loggers:84] Epoch: [3], Info: [{'num_test': 100, 'len_tra': 4.67, 'R_tra': 4.2710692453500005, 'ctr': '0.91458', 'CV': '0.01292', 'CV_turn': '0.09208', 'Diversity': '0.49024', 'Novelty': '1.81976', 'ifeat_feat': 0.9229122055674518, 'NX_0_len_tra': 10.25, 'NX_0_R_tra': 8.417882601297563, 'NX_0_ctr': '0.82126', 'NX_0_CV': '0.01773', 'NX_0_CV_turn': '0.05756', 'NX_0_Diversity': '0.91086', 'NX_0_Novelty': '2.21624', 'NX_0_ifeat_feat': 0.9014634146341464, 'NX_10_len_tra': 10.0, 'NX_10_R_tra': 8.289426836017345, 'NX_10_ctr': '0.82894', 'NX_10_CV': '0.01954', 'NX_10_CV_turn': '0.06500', 'NX_10_Diversity': '0.92852', 'NX_10_Novelty': '2.23838', 'NX_10_ifeat_feat': 0.899}]
[I 240107 00:46:19 loggers:84] Epoch: [4], Info: [{'num_test': 100, 'len_tra': 4.26, 'R_tra': 3.5021665621190023, 'ctr': '0.82210', 'CV': '0.01292', 'CV_turn': '0.10094', 'Diversity': '0.36667', 'Novelty': '1.77560', 'ifeat_feat': 0.3333333333333333, 'NX_0_len_tra': 10.58, 'NX_0_R_tra': 9.006345156433307, 'NX_0_ctr': '0.85126', 'NX_0_CV': '0.02194', 'NX_0_CV_turn': '0.06900', 'NX_0_Diversity': '0.91484', 'NX_0_Novelty': '2.10546', 'NX_0_ifeat_feat': 0.7117202268431002, 'NX_10_len_tra': 10.0, 'NX_10_R_tra': 8.67142419054942, 'NX_10_ctr': '0.86714', 'NX_10_CV': '0.02044', 'NX_10_CV_turn': '0.06800', 'NX_10_Diversity': '0.94006', 'NX_10_Novelty': '2.15845', 'NX_10_ifeat_feat': 0.703}]
[I 240107 00:49:45 loggers:84] Epoch: [5], Info: [{'num_test': 100, 'len_tra': 7.67, 'R_tra': 7.050299517362402, 'ctr': '0.91920', 'CV': '0.02224', 'CV_turn': '0.09648', 'Diversity': '0.60446', 'Novelty': '2.20027', 'ifeat_feat': 0.9647979139504563, 'NX_0_len_tra': 8.87, 'NX_0_R_tra': 8.357897488793979, 'NX_0_ctr': '0.94227', 'NX_0_CV': '0.02465', 'NX_0_CV_turn': '0.09245', 'NX_0_Diversity': '0.86211', 'NX_0_Novelty': '2.05926', 'NX_0_ifeat_feat': 0.9605411499436303, 'NX_10_len_tra': 10.0, 'NX_10_R_tra': 8.957015906906372, 'NX_10_ctr': '0.89570', 'NX_10_CV': '0.02405', 'NX_10_CV_turn': '0.08000', 'NX_10_Diversity': '0.87950', 'NX_10_Novelty': '2.12051', 'NX_10_ifeat_feat': 0.95}]
[I 240107 00:53:29 loggers:84] Epoch: [6], Info: [{'num_test': 100, 'len_tra': 6.75, 'R_tra': 7.011745802177743, 'ctr': '1.03878', 'CV': '0.02555', 'CV_turn': '0.12593', 'Diversity': '0.71927', 'Novelty': '1.80662', 'ifeat_feat': 0.9407407407407408, 'NX_0_len_tra': 8.27, 'NX_0_R_tra': 8.416397502652163, 'NX_0_ctr': '1.01770', 'NX_0_CV': '0.03126', 'NX_0_CV_turn': '0.12576', 'NX_0_Diversity': '0.79689', 'NX_0_Novelty': '1.94379', 'NX_0_ifeat_feat': 0.932285368802902, 'NX_10_len_tra': 10.0, 'NX_10_R_tra': 9.629099524232023, 'NX_10_ctr': '0.96291', 'NX_10_CV': '0.02615', 'NX_10_CV_turn': '0.08700', 'NX_10_Diversity': '0.86237', 'NX_10_Novelty': '1.92544', 'NX_10_ifeat_feat': 0.936}]
[I 240107 00:56:55 loggers:84] Epoch: [7], Info: [{'num_test': 100, 'len_tra': 8.12, 'R_tra': 6.89778962168863, 'ctr': '0.84948', 'CV': '0.02765', 'CV_turn': '0.11330', 'Diversity': '0.70130', 'Novelty': '2.39583', 'ifeat_feat': 0.8522167487684729, 'NX_0_len_tra': 9.34, 'NX_0_R_tra': 7.37391487260909, 'NX_0_ctr': '0.78950', 'NX_0_CV': '0.03096', 'NX_0_CV_turn': '0.11028', 'NX_0_Diversity': '0.88582', 'NX_0_Novelty': '2.83029', 'NX_0_ifeat_feat': 0.815845824411135, 'NX_10_len_tra': 10.0, 'NX_10_R_tra': 7.487882421950513, 'NX_10_ctr': '0.74879', 'NX_10_CV': '0.03336', 'NX_10_CV_turn': '0.11100', 'NX_10_Diversity': '0.93569', 'NX_10_Novelty': '2.95607', 'NX_10_ifeat_feat': 0.794}]
[I 240107 01:00:40 loggers:84] Epoch: [8], Info: [{'num_test': 100, 'len_tra': 7.03, 'R_tra': 5.817807987992706, 'ctr': '0.82757', 'CV': '0.02585', 'CV_turn': '0.12233', 'Diversity': '0.68246', 'Novelty': '2.59302', 'ifeat_feat': 0.7852062588904695, 'NX_0_len_tra': 11.84, 'NX_0_R_tra': 9.904265012872958, 'NX_0_ctr': '0.83651', 'NX_0_CV': '0.03216', 'NX_0_CV_turn': '0.09037', 'NX_0_Diversity': '0.88472', 'NX_0_Novelty': '2.63828', 'NX_0_ifeat_feat': 0.7280405405405406, 'NX_10_len_tra': 10.0, 'NX_10_R_tra': 8.36472615965684, 'NX_10_ctr': '0.83647', 'NX_10_CV': '0.03186', 'NX_10_CV_turn': '0.10600', 'NX_10_Diversity': '0.92574', 'NX_10_Novelty': '2.75171', 'NX_10_ifeat_feat': 0.733}]
[I 240107 01:04:26 loggers:84] Epoch: [9], Info: [{'num_test': 100, 'len_tra': 5.71, 'R_tra': 4.482076654220285, 'ctr': '0.78495', 'CV': '0.02976', 'CV_turn': '0.17338', 'Diversity': '0.65601', 'Novelty': '2.48650', 'ifeat_feat': 0.9614711033274956, 'NX_0_len_tra': 7.82, 'NX_0_R_tra': 6.431605295091581, 'NX_0_ctr': '0.82246', 'NX_0_CV': '0.03186', 'NX_0_CV_turn': '0.13555', 'NX_0_Diversity': '0.79981', 'NX_0_Novelty': '2.55738', 'NX_0_ifeat_feat': 0.8427109974424553, 'NX_10_len_tra': 10.0, 'NX_10_R_tra': 7.852765020661787, 'NX_10_ctr': '0.78528', 'NX_10_CV': '0.03066', 'NX_10_CV_turn': '0.10200', 'NX_10_Diversity': '0.88249', 'NX_10_Novelty': '2.59856', 'NX_10_ifeat_feat': 0.821}]
[I 240107 01:07:47 loggers:84] Epoch: [10], Info: [{'num_test': 100, 'len_tra': 6.27, 'R_tra': 5.4390559676713295, 'ctr': '0.86747', 'CV': '0.01894', 'CV_turn': '0.10048', 'Diversity': '0.62051', 'Novelty': '2.29524', 'ifeat_feat': 0.9425837320574163, 'NX_0_len_tra': 9.39, 'NX_0_R_tra': 8.53827485971653, 'NX_0_ctr': '0.90929', 'NX_0_CV': '0.02134', 'NX_0_CV_turn': '0.07561', 'NX_0_Diversity': '0.87603', 'NX_0_Novelty': '2.19696', 'NX_0_ifeat_feat': 0.8945686900958466, 'NX_10_len_tra': 10.0, 'NX_10_R_tra': 8.975066967746885, 'NX_10_ctr': '0.89751', 'NX_10_CV': '0.02405', 'NX_10_CV_turn': '0.08000', 'NX_10_Diversity': '0.90815', 'NX_10_Novelty': '2.22859', 'NX_10_ifeat_feat': 0.874}]
[I 240107 01:11:35 loggers:84] Epoch: [11], Info: [{'num_test': 100, 'len_tra': 4.64, 'R_tra': 4.793744450362923, 'ctr': '1.03313', 'CV': '0.01924', 'CV_turn': '0.13793', 'Diversity': '0.52499', 'Novelty': '1.94512', 'ifeat_feat': 0.9612068965517241, 'NX_0_len_tra': 8.61, 'NX_0_R_tra': 8.118817897886261, 'NX_0_ctr': '0.94295', 'NX_0_CV': '0.02074', 'NX_0_CV_turn': '0.08014', 'NX_0_Diversity': '0.84327', 'NX_0_Novelty': '2.07642', 'NX_0_ifeat_feat': 0.8908246225319396, 'NX_10_len_tra': 10.0, 'NX_10_R_tra': 9.25566387138501, 'NX_10_ctr': '0.92557', 'NX_10_CV': '0.02134', 'NX_10_CV_turn': '0.07100', 'NX_10_Diversity': '0.88851', 'NX_10_Novelty': '2.14951', 'NX_10_ifeat_feat': 0.876}]
[I 240107 01:14:52 loggers:84] Epoch: [12], Info: [{'num_test': 100, 'len_tra': 8.71, 'R_tra': 7.52553306157348, 'ctr': '0.86401', 'CV': '0.03396', 'CV_turn': '0.12974', 'Diversity': '0.79278', 'Novelty': '2.44474', 'ifeat_feat': 0.7531572904707233, 'NX_0_len_tra': 9.4, 'NX_0_R_tra': 8.180610744328673, 'NX_0_ctr': '0.87028', 'NX_0_CV': '0.03727', 'NX_0_CV_turn': '0.13191', 'NX_0_Diversity': '0.87963', 'NX_0_Novelty': '2.27857', 'NX_0_ifeat_feat': 0.7925531914893617, 'NX_10_len_tra': 10.0, 'NX_10_R_tra': 8.430899452826878, 'NX_10_ctr': '0.84309', 'NX_10_CV': '0.03817', 'NX_10_CV_turn': '0.12700', 'NX_10_Diversity': '0.90891', 'NX_10_Novelty': '2.42569', 'NX_10_ifeat_feat': 0.793}]
[I 240107 01:18:40 loggers:84] Epoch: [13], Info: [{'num_test': 100, 'len_tra': 8.31, 'R_tra': 6.682448230527093, 'ctr': '0.80415', 'CV': '0.04268', 'CV_turn': '0.17088', 'Diversity': '0.80298', 'Novelty': '2.66484', 'ifeat_feat': 0.7436823104693141, 'NX_0_len_tra': 9.95, 'NX_0_R_tra': 8.369167486694478, 'NX_0_ctr': '0.84112', 'NX_0_CV': '0.04899', 'NX_0_CV_turn': '0.16382', 'NX_0_Diversity': '0.88019', 'NX_0_Novelty': '2.39858', 'NX_0_ifeat_feat': 0.8010050251256281, 'NX_10_len_tra': 10.0, 'NX_10_R_tra': 8.724658350183272, 'NX_10_ctr': '0.87247', 'NX_10_CV': '0.04719', 'NX_10_CV_turn': '0.15700', 'NX_10_Diversity': '0.91391', 'NX_10_Novelty': '2.39301', 'NX_10_ifeat_feat': 0.802}]
[I 240107 01:22:21 loggers:84] Epoch: [14], Info: [{'num_test': 100, 'len_tra': 8.1, 'R_tra': 6.888611344431292, 'ctr': '0.85045', 'CV': '0.03487', 'CV_turn': '0.14321', 'Diversity': '0.75611', 'Novelty': '2.47975', 'ifeat_feat': 0.8037037037037037, 'NX_0_len_tra': 9.63, 'NX_0_R_tra': 8.17585317423848, 'NX_0_ctr': '0.84900', 'NX_0_CV': '0.04118', 'NX_0_CV_turn': '0.14226', 'NX_0_Diversity': '0.81943', 'NX_0_Novelty': '2.35065', 'NX_0_ifeat_feat': 0.857736240913811, 'NX_10_len_tra': 10.0, 'NX_10_R_tra': 8.285172497123709, 'NX_10_ctr': '0.82852', 'NX_10_CV': '0.04479', 'NX_10_CV_turn': '0.14900', 'NX_10_Diversity': '0.90131', 'NX_10_Novelty': '2.41489', 'NX_10_ifeat_feat': 0.832}]
[I 240107 01:25:44 loggers:84] Epoch: [15], Info: [{'num_test': 100, 'len_tra': 6.93, 'R_tra': 6.278731163467401, 'ctr': '0.90602', 'CV': '0.03787', 'CV_turn': '0.18182', 'Diversity': '0.73974', 'Novelty': '2.17641', 'ifeat_feat': 0.784992784992785, 'NX_0_len_tra': 9.8, 'NX_0_R_tra': 8.13895040831003, 'NX_0_ctr': '0.83051', 'NX_0_CV': '0.05020', 'NX_0_CV_turn': '0.17041', 'NX_0_Diversity': '0.88116', 'NX_0_Novelty': '2.45653', 'NX_0_ifeat_feat': 0.7714285714285715, 'NX_10_len_tra': 10.0, 'NX_10_R_tra': 8.856756659538506, 'NX_10_ctr': '0.88568', 'NX_10_CV': '0.05320', 'NX_10_CV_turn': '0.17700', 'NX_10_Diversity': '0.90384', 'NX_10_Novelty': '2.40616', 'NX_10_ifeat_feat': 0.778}]
[I 240107 01:29:35 loggers:84] Epoch: [16], Info: [{'num_test': 100, 'len_tra': 8.82, 'R_tra': 7.970608049480137, 'ctr': '0.90370', 'CV': '0.04779', 'CV_turn': '0.18027', 'Diversity': '0.77146', 'Novelty': '2.29782', 'ifeat_feat': 0.8662131519274376, 'NX_0_len_tra': 10.19, 'NX_0_R_tra': 9.11104857889759, 'NX_0_ctr': '0.89412', 'NX_0_CV': '0.05260', 'NX_0_CV_turn': '0.17174', 'NX_0_Diversity': '0.86552', 'NX_0_Novelty': '2.29565', 'NX_0_ifeat_feat': 0.8439646712463199, 'NX_10_len_tra': 10.0, 'NX_10_R_tra': 9.081619795028157, 'NX_10_ctr': '0.90816', 'NX_10_CV': '0.05410', 'NX_10_CV_turn': '0.18000', 'NX_10_Diversity': '0.90835', 'NX_10_Novelty': '2.23671', 'NX_10_ifeat_feat': 0.862}]
[I 240107 01:33:19 loggers:84] Epoch: [17], Info: [{'num_test': 100, 'len_tra': 7.53, 'R_tra': 6.340466185660307, 'ctr': '0.84203', 'CV': '0.04719', 'CV_turn': '0.20850', 'Diversity': '0.74375', 'Novelty': '2.55657', 'ifeat_feat': 0.851261620185923, 'NX_0_len_tra': 9.2, 'NX_0_R_tra': 7.997518794385772, 'NX_0_ctr': '0.86930', 'NX_0_CV': '0.04989', 'NX_0_CV_turn': '0.18043', 'NX_0_Diversity': '0.84837', 'NX_0_Novelty': '2.38350', 'NX_0_ifeat_feat': 0.8456521739130435, 'NX_10_len_tra': 10.0, 'NX_10_R_tra': 8.920041331624978, 'NX_10_ctr': '0.89200', 'NX_10_CV': '0.05681', 'NX_10_CV_turn': '0.18900', 'NX_10_Diversity': '0.89850', 'NX_10_Novelty': '2.40853', 'NX_10_ifeat_feat': 0.828}]
[I 240107 01:36:41 loggers:84] Epoch: [18], Info: [{'num_test': 100, 'len_tra': 8.31, 'R_tra': 7.557879475995469, 'ctr': '0.90949', 'CV': '0.06673', 'CV_turn': '0.26715', 'Diversity': '0.79732', 'Novelty': '2.29011', 'ifeat_feat': 0.8435619735258725, 'NX_0_len_tra': 9.95, 'NX_0_R_tra': 8.838412048431998, 'NX_0_ctr': '0.88828', 'NX_0_CV': '0.07544', 'NX_0_CV_turn': '0.25226', 'NX_0_Diversity': '0.86729', 'NX_0_Novelty': '2.28555', 'NX_0_ifeat_feat': 0.8201005025125628, 'NX_10_len_tra': 10.0, 'NX_10_R_tra': 8.818744335456978, 'NX_10_ctr': '0.88187', 'NX_10_CV': '0.07544', 'NX_10_CV_turn': '0.25100', 'NX_10_Diversity': '0.91916', 'NX_10_Novelty': '2.34838', 'NX_10_ifeat_feat': 0.836}]
[I 240107 01:40:21 loggers:84] Epoch: [19], Info: [{'num_test': 100, 'len_tra': 9.83, 'R_tra': 7.868627300445148, 'ctr': '0.80047', 'CV': '0.06853', 'CV_turn': '0.23194', 'Diversity': '0.83663', 'Novelty': '2.51505', 'ifeat_feat': 0.8250254323499492, 'NX_0_len_tra': 12.25, 'NX_0_R_tra': 10.647300816024094, 'NX_0_ctr': '0.86917', 'NX_0_CV': '0.07514', 'NX_0_CV_turn': '0.20408', 'NX_0_Diversity': '0.90853', 'NX_0_Novelty': '2.47974', 'NX_0_ifeat_feat': 0.830204081632653, 'NX_10_len_tra': 10.0, 'NX_10_R_tra': 8.328661403640233, 'NX_10_ctr': '0.83287', 'NX_10_CV': '0.07093', 'NX_10_CV_turn': '0.23600', 'NX_10_Diversity': '0.92169', 'NX_10_Novelty': '2.50632', 'NX_10_ifeat_feat': 0.83}]
[I 240107 01:43:43 loggers:84] Epoch: [20], Info: [{'num_test': 100, 'len_tra': 9.83, 'R_tra': 7.932699688264822, 'ctr': '0.80699', 'CV': '0.07364', 'CV_turn': '0.24924', 'Diversity': '0.84159', 'Novelty': '2.65739', 'ifeat_feat': 0.7314343845371313, 'NX_0_len_tra': 10.98, 'NX_0_R_tra': 9.074027471283946, 'NX_0_ctr': '0.82641', 'NX_0_CV': '0.07574', 'NX_0_CV_turn': '0.22951', 'NX_0_Diversity': '0.89729', 'NX_0_Novelty': '2.71882', 'NX_0_ifeat_feat': 0.7395264116575592, 'NX_10_len_tra': 10.0, 'NX_10_R_tra': 8.23014489691274, 'NX_10_ctr': '0.82301', 'NX_10_CV': '0.07695', 'NX_10_CV_turn': '0.25600', 'NX_10_Diversity': '0.92016', 'NX_10_Novelty': '2.64748', 'NX_10_ifeat_feat': 0.757}]
[I 240107 01:47:30 loggers:84] Epoch: [21], Info: [{'num_test': 100, 'len_tra': 9.47, 'R_tra': 7.313820500207449, 'ctr': '0.77231', 'CV': '0.08115', 'CV_turn': '0.28511', 'Diversity': '0.83147', 'Novelty': '2.55849', 'ifeat_feat': 0.8141499472016895, 'NX_0_len_tra': 10.36, 'NX_0_R_tra': 8.805829469892366, 'NX_0_ctr': '0.84998', 'NX_0_CV': '0.09017', 'NX_0_CV_turn': '0.28958', 'NX_0_Diversity': '0.88918', 'NX_0_Novelty': '2.59248', 'NX_0_ifeat_feat': 0.8388030888030888, 'NX_10_len_tra': 10.0, 'NX_10_R_tra': 8.019683535331788, 'NX_10_ctr': '0.80197', 'NX_10_CV': '0.08476', 'NX_10_CV_turn': '0.28200', 'NX_10_Diversity': '0.91827', 'NX_10_Novelty': '2.63407', 'NX_10_ifeat_feat': 0.852}]
[I 240107 01:51:19 loggers:84] Epoch: [22], Info: [{'num_test': 100, 'len_tra': 8.69, 'R_tra': 6.8416214755324685, 'ctr': '0.78730', 'CV': '0.06402', 'CV_turn': '0.24511', 'Diversity': '0.76992', 'Novelty': '2.40070', 'ifeat_feat': 0.7652474108170311, 'NX_0_len_tra': 11.13, 'NX_0_R_tra': 9.391954335017738, 'NX_0_ctr': '0.84384', 'NX_0_CV': '0.08446', 'NX_0_CV_turn': '0.25247', 'NX_0_Diversity': '0.89743', 'NX_0_Novelty': '2.52412', 'NX_0_ifeat_feat': 0.77088948787062, 'NX_10_len_tra': 10.0, 'NX_10_R_tra': 8.206707318366355, 'NX_10_ctr': '0.82067', 'NX_10_CV': '0.07695', 'NX_10_CV_turn': '0.25600', 'NX_10_Diversity': '0.93757', 'NX_10_Novelty': '2.51984', 'NX_10_ifeat_feat': 0.754}]
[I 240107 01:54:31 loggers:84] Epoch: [23], Info: [{'num_test': 100, 'len_tra': 10.62, 'R_tra': 9.113537242596195, 'ctr': '0.85815', 'CV': '0.08777', 'CV_turn': '0.27495', 'Diversity': '0.84375', 'Novelty': '2.50710', 'ifeat_feat': 0.807909604519774, 'NX_0_len_tra': 11.24, 'NX_0_R_tra': 10.073120918157153, 'NX_0_ctr': '0.89619', 'NX_0_CV': '0.09348', 'NX_0_CV_turn': '0.27669', 'NX_0_Diversity': '0.88399', 'NX_0_Novelty': '2.48253', 'NX_0_ifeat_feat': 0.8265124555160143, 'NX_10_len_tra': 10.0, 'NX_10_R_tra': 8.436440325711867, 'NX_10_ctr': '0.84364', 'NX_10_CV': '0.09228', 'NX_10_CV_turn': '0.30700', 'NX_10_Diversity': '0.91853', 'NX_10_Novelty': '2.58652', 'NX_10_ifeat_feat': 0.821}]
[I 240107 01:57:54 loggers:84] Epoch: [24], Info: [{'num_test': 100, 'len_tra': 9.64, 'R_tra': 8.235785970879554, 'ctr': '0.85433', 'CV': '0.07604', 'CV_turn': '0.26245', 'Diversity': '0.85171', 'Novelty': '2.63375', 'ifeat_feat': 0.8454356846473029, 'NX_0_len_tra': 11.18, 'NX_0_R_tra': 9.256397750216813, 'NX_0_ctr': '0.82794', 'NX_0_CV': '0.08837', 'NX_0_CV_turn': '0.26297', 'NX_0_Diversity': '0.89038', 'NX_0_Novelty': '2.61754', 'NX_0_ifeat_feat': 0.8202146690518783, 'NX_10_len_tra': 10.0, 'NX_10_R_tra': 8.357466656794465, 'NX_10_ctr': '0.83575', 'NX_10_CV': '0.08115', 'NX_10_CV_turn': '0.27000', 'NX_10_Diversity': '0.92079', 'NX_10_Novelty': '2.66662', 'NX_10_ifeat_feat': 0.833}]
[I 240107 02:01:39 loggers:84] Epoch: [25], Info: [{'num_test': 100, 'len_tra': 9.54, 'R_tra': 7.78511978065699, 'ctr': '0.81605', 'CV': '0.08176', 'CV_turn': '0.28512', 'Diversity': '0.85316', 'Novelty': '2.55751', 'ifeat_feat': 0.7872117400419287, 'NX_0_len_tra': 11.29, 'NX_0_R_tra': 9.158434265384109, 'NX_0_ctr': '0.81120', 'NX_0_CV': '0.09708', 'NX_0_CV_turn': '0.28609', 'NX_0_Diversity': '0.90487', 'NX_0_Novelty': '2.56344', 'NX_0_ifeat_feat': 0.7697077059344553, 'NX_10_len_tra': 10.0, 'NX_10_R_tra': 8.13615162976941, 'NX_10_ctr': '0.81362', 'NX_10_CV': '0.09047', 'NX_10_CV_turn': '0.30100', 'NX_10_Diversity': '0.92222', 'NX_10_Novelty': '2.58441', 'NX_10_ifeat_feat': 0.764}]
[I 240107 02:05:27 loggers:84] Epoch: [26], Info: [{'num_test': 100, 'len_tra': 8.69, 'R_tra': 7.932190313682579, 'ctr': '0.91280', 'CV': '0.08446', 'CV_turn': '0.32336', 'Diversity': '0.81009', 'Novelty': '2.42747', 'ifeat_feat': 0.759493670886076, 'NX_0_len_tra': 10.58, 'NX_0_R_tra': 9.388267784485125, 'NX_0_ctr': '0.88736', 'NX_0_CV': '0.10610', 'NX_0_CV_turn': '0.33365', 'NX_0_Diversity': '0.88645', 'NX_0_Novelty': '2.46398', 'NX_0_ifeat_feat': 0.8128544423440454, 'NX_10_len_tra': 10.0, 'NX_10_R_tra': 8.908434116428488, 'NX_10_ctr': '0.89084', 'NX_10_CV': '0.09979', 'NX_10_CV_turn': '0.33200', 'NX_10_Diversity': '0.92714', 'NX_10_Novelty': '2.47811', 'NX_10_ifeat_feat': 0.817}]
[I 240107 02:08:04 loggers:84] Epoch: [27], Info: [{'num_test': 100, 'len_tra': 11.2, 'R_tra': 9.432643151754474, 'ctr': '0.84220', 'CV': '0.08897', 'CV_turn': '0.26429', 'Diversity': '0.85948', 'Novelty': '2.41332', 'ifeat_feat': 0.7678571428571429, 'NX_0_len_tra': 13.7, 'NX_0_R_tra': 11.645758785140366, 'NX_0_ctr': '0.85006', 'NX_0_CV': '0.10280', 'NX_0_CV_turn': '0.24964', 'NX_0_Diversity': '0.90439', 'NX_0_Novelty': '2.47761', 'NX_0_ifeat_feat': 0.7394160583941606, 'NX_10_len_tra': 10.0, 'NX_10_R_tra': 8.437983185019077, 'NX_10_ctr': '0.84380', 'NX_10_CV': '0.09408', 'NX_10_CV_turn': '0.31300', 'NX_10_Diversity': '0.93699', 'NX_10_Novelty': '2.45907', 'NX_10_ifeat_feat': 0.752}]
[I 240107 02:10:29 loggers:84] Epoch: [28], Info: [{'num_test': 100, 'len_tra': 10.68, 'R_tra': 9.295579216546612, 'ctr': '0.87037', 'CV': '0.09288', 'CV_turn': '0.28933', 'Diversity': '0.88158', 'Novelty': '2.31420', 'ifeat_feat': 0.7565543071161048, 'NX_0_len_tra': 13.41, 'NX_0_R_tra': 11.202006579645364, 'NX_0_ctr': '0.83535', 'NX_0_CV': '0.10640', 'NX_0_CV_turn': '0.26398', 'NX_0_Diversity': '0.91050', 'NX_0_Novelty': '2.41403', 'NX_0_ifeat_feat': 0.7345264727815063, 'NX_10_len_tra': 10.0, 'NX_10_R_tra': 8.54025882828818, 'NX_10_ctr': '0.85403', 'NX_10_CV': '0.09408', 'NX_10_CV_turn': '0.31300', 'NX_10_Diversity': '0.93154', 'NX_10_Novelty': '2.36205', 'NX_10_ifeat_feat': 0.754}]
[I 240107 02:12:50 loggers:84] Epoch: [29], Info: [{'num_test': 100, 'len_tra': 10.79, 'R_tra': 9.652077827623721, 'ctr': '0.89454', 'CV': '0.06492', 'CV_turn': '0.20019', 'Diversity': '0.85130', 'Novelty': '2.35947', 'ifeat_feat': 0.7562557924003707, 'NX_0_len_tra': 13.11, 'NX_0_R_tra': 11.801981432967839, 'NX_0_ctr': '0.90023', 'NX_0_CV': '0.08326', 'NX_0_CV_turn': '0.21129', 'NX_0_Diversity': '0.89746', 'NX_0_Novelty': '2.35143', 'NX_0_ifeat_feat': 0.7215865751334859, 'NX_10_len_tra': 10.0, 'NX_10_R_tra': 8.588553346917745, 'NX_10_ctr': '0.85886', 'NX_10_CV': '0.07334', 'NX_10_CV_turn': '0.24400', 'NX_10_Diversity': '0.93371', 'NX_10_Novelty': '2.36540', 'NX_10_ifeat_feat': 0.736}]
[I 240107 02:15:10 loggers:84] Epoch: [30], Info: [{'num_test': 100, 'len_tra': 10.04, 'R_tra': 9.80328180132691, 'ctr': '0.97642', 'CV': '0.07604', 'CV_turn': '0.25199', 'Diversity': '0.82683', 'Novelty': '2.41774', 'ifeat_feat': 0.8446215139442231, 'NX_0_len_tra': 10.55, 'NX_0_R_tra': 9.551886465135814, 'NX_0_ctr': '0.90539', 'NX_0_CV': '0.08356', 'NX_0_CV_turn': '0.26351', 'NX_0_Diversity': '0.90135', 'NX_0_Novelty': '2.45437', 'NX_0_ifeat_feat': 0.8322274881516588, 'NX_10_len_tra': 10.0, 'NX_10_R_tra': 8.866374301639109, 'NX_10_ctr': '0.88664', 'NX_10_CV': '0.07725', 'NX_10_CV_turn': '0.25700', 'NX_10_Diversity': '0.93434', 'NX_10_Novelty': '2.42620', 'NX_10_ifeat_feat': 0.84}]
[I 240107 02:17:30 loggers:84] Epoch: [31], Info: [{'num_test': 100, 'len_tra': 10.31, 'R_tra': 8.898391849754596, 'ctr': '0.86308', 'CV': '0.08837', 'CV_turn': '0.28516', 'Diversity': '0.79970', 'Novelty': '2.51511', 'ifeat_feat': 0.7429679922405431, 'NX_0_len_tra': 12.64, 'NX_0_R_tra': 11.53608452896448, 'NX_0_ctr': '0.91266', 'NX_0_CV': '0.10791', 'NX_0_CV_turn': '0.28402', 'NX_0_Diversity': '0.89918', 'NX_0_Novelty': '2.39030', 'NX_0_ifeat_feat': 0.7231012658227848, 'NX_10_len_tra': 10.0, 'NX_10_R_tra': 8.485270987228441, 'NX_10_ctr': '0.84853', 'NX_10_CV': '0.09829', 'NX_10_CV_turn': '0.32700', 'NX_10_Diversity': '0.93514', 'NX_10_Novelty': '2.48555', 'NX_10_ifeat_feat': 0.724}]
[I 240107 02:19:50 loggers:84] Epoch: [32], Info: [{'num_test': 100, 'len_tra': 9.08, 'R_tra': 7.725967484530383, 'ctr': '0.85088', 'CV': '0.06613', 'CV_turn': '0.24229', 'Diversity': '0.82286', 'Novelty': '2.44355', 'ifeat_feat': 0.8193832599118943, 'NX_0_len_tra': 11.59, 'NX_0_R_tra': 9.316729024646225, 'NX_0_ctr': '0.80386', 'NX_0_CV': '0.08025', 'NX_0_CV_turn': '0.23037', 'NX_0_Diversity': '0.89860', 'NX_0_Novelty': '2.56672', 'NX_0_ifeat_feat': 0.8093183779119931, 'NX_10_len_tra': 10.0, 'NX_10_R_tra': 8.156491358522073, 'NX_10_ctr': '0.81565', 'NX_10_CV': '0.07544', 'NX_10_CV_turn': '0.25100', 'NX_10_Diversity': '0.93209', 'NX_10_Novelty': '2.51704', 'NX_10_ifeat_feat': 0.813}]
[I 240107 02:22:09 loggers:84] Epoch: [33], Info: [{'num_test': 100, 'len_tra': 10.69, 'R_tra': 8.378426569503025, 'ctr': '0.78376', 'CV': '0.08115', 'CV_turn': '0.25257', 'Diversity': '0.82391', 'Novelty': '2.53886', 'ifeat_feat': 0.7530402245088869, 'NX_0_len_tra': 12.37, 'NX_0_R_tra': 9.936038119997615, 'NX_0_ctr': '0.80324', 'NX_0_CV': '0.09708', 'NX_0_CV_turn': '0.26112', 'NX_0_Diversity': '0.88889', 'NX_0_Novelty': '2.58532', 'NX_0_ifeat_feat': 0.7510105092966856, 'NX_10_len_tra': 10.0, 'NX_10_R_tra': 7.665684884731295, 'NX_10_ctr': '0.76657', 'NX_10_CV': '0.09258', 'NX_10_CV_turn': '0.30800', 'NX_10_Diversity': '0.93124', 'NX_10_Novelty': '2.59502', 'NX_10_ifeat_feat': 0.737}]
[I 240107 02:24:30 loggers:84] Epoch: [34], Info: [{'num_test': 100, 'len_tra': 10.09, 'R_tra': 7.607303778697017, 'ctr': '0.75394', 'CV': '0.06432', 'CV_turn': '0.21209', 'Diversity': '0.81301', 'Novelty': '2.54563', 'ifeat_feat': 0.798810703666997, 'NX_0_len_tra': 13.32, 'NX_0_R_tra': 10.857665863051079, 'NX_0_ctr': '0.81514', 'NX_0_CV': '0.09348', 'NX_0_CV_turn': '0.23348', 'NX_0_Diversity': '0.90561', 'NX_0_Novelty': '2.52144', 'NX_0_ifeat_feat': 0.7792792792792793, 'NX_10_len_tra': 10.0, 'NX_10_R_tra': 8.756309941861065, 'NX_10_ctr': '0.87563', 'NX_10_CV': '0.08085', 'NX_10_CV_turn': '0.26900', 'NX_10_Diversity': '0.93276', 'NX_10_Novelty': '2.49823', 'NX_10_ifeat_feat': 0.771}]
[I 240107 02:26:48 loggers:84] Epoch: [35], Info: [{'num_test': 100, 'len_tra': 11.49, 'R_tra': 8.758661391185719, 'ctr': '0.76229', 'CV': '0.07424', 'CV_turn': '0.21497', 'Diversity': '0.84676', 'Novelty': '2.77207', 'ifeat_feat': 0.5726718885987816, 'NX_0_len_tra': 13.85, 'NX_0_R_tra': 11.107104725990277, 'NX_0_ctr': '0.80196', 'NX_0_CV': '0.09889', 'NX_0_CV_turn': '0.23755', 'NX_0_Diversity': '0.92143', 'NX_0_Novelty': '2.56103', 'NX_0_ifeat_feat': 0.6685920577617328, 'NX_10_len_tra': 10.0, 'NX_10_R_tra': 8.112496565765126, 'NX_10_ctr': '0.81125', 'NX_10_CV': '0.08296', 'NX_10_CV_turn': '0.27600', 'NX_10_Diversity': '0.94026', 'NX_10_Novelty': '2.57577', 'NX_10_ifeat_feat': 0.652}]
[I 240107 02:29:08 loggers:84] Epoch: [36], Info: [{'num_test': 100, 'len_tra': 12.38, 'R_tra': 10.544940828668985, 'ctr': '0.85177', 'CV': '0.08566', 'CV_turn': '0.23021', 'Diversity': '0.83036', 'Novelty': '2.38511', 'ifeat_feat': 0.672859450726979, 'NX_0_len_tra': 14.44, 'NX_0_R_tra': 11.937226757681296, 'NX_0_ctr': '0.82668', 'NX_0_CV': '0.11181', 'NX_0_CV_turn': '0.25762', 'NX_0_Diversity': '0.92069', 'NX_0_Novelty': '2.40164', 'NX_0_ifeat_feat': 0.685595567867036, 'NX_10_len_tra': 10.0, 'NX_10_R_tra': 8.463116268526178, 'NX_10_ctr': '0.84631', 'NX_10_CV': '0.08957', 'NX_10_CV_turn': '0.29800', 'NX_10_Diversity': '0.93343', 'NX_10_Novelty': '2.44265', 'NX_10_ifeat_feat': 0.687}]
[I 240107 02:31:31 loggers:84] Epoch: [37], Info: [{'num_test': 100, 'len_tra': 11.88, 'R_tra': 9.584812619705042, 'ctr': '0.80680', 'CV': '0.10009', 'CV_turn': '0.28030', 'Diversity': '0.86441', 'Novelty': '2.54263', 'ifeat_feat': 0.7373737373737373, 'NX_0_len_tra': 14.09, 'NX_0_R_tra': 12.38607243823521, 'NX_0_ctr': '0.87907', 'NX_0_CV': '0.11482', 'NX_0_CV_turn': '0.27111', 'NX_0_Diversity': '0.92119', 'NX_0_Novelty': '2.54640', 'NX_0_ifeat_feat': 0.6997870830376153, 'NX_10_len_tra': 10.0, 'NX_10_R_tra': 8.090126248743212, 'NX_10_ctr': '0.80901', 'NX_10_CV': '0.09799', 'NX_10_CV_turn': '0.32600', 'NX_10_Diversity': '0.94157', 'NX_10_Novelty': '2.58613', 'NX_10_ifeat_feat': 0.711}]
[I 240107 02:33:48 loggers:84] Epoch: [38], Info: [{'num_test': 100, 'len_tra': 11.2, 'R_tra': 10.210406031146864, 'ctr': '0.91164', 'CV': '0.08055', 'CV_turn': '0.23929', 'Diversity': '0.85953', 'Novelty': '2.57423', 'ifeat_feat': 0.7133928571428572, 'NX_0_len_tra': 14.69, 'NX_0_R_tra': 12.663917538538902, 'NX_0_ctr': '0.86208', 'NX_0_CV': '0.10310', 'NX_0_CV_turn': '0.23349', 'NX_0_Diversity': '0.91388', 'NX_0_Novelty': '2.52733', 'NX_0_ifeat_feat': 0.686861810755616, 'NX_10_len_tra': 10.0, 'NX_10_R_tra': 8.848819030587627, 'NX_10_ctr': '0.88488', 'NX_10_CV': '0.08807', 'NX_10_CV_turn': '0.29300', 'NX_10_Diversity': '0.94076', 'NX_10_Novelty': '2.57290', 'NX_10_ifeat_feat': 0.69}]
[I 240107 02:36:44 loggers:84] Epoch: [39], Info: [{'num_test': 100, 'len_tra': 11.1, 'R_tra': 9.494443559132218, 'ctr': '0.85536', 'CV': '0.09799', 'CV_turn': '0.29369', 'Diversity': '0.81688', 'Novelty': '2.35979', 'ifeat_feat': 0.7252252252252253, 'NX_0_len_tra': 13.79, 'NX_0_R_tra': 11.34398988842718, 'NX_0_ctr': '0.82262', 'NX_0_CV': '0.12353', 'NX_0_CV_turn': '0.29804', 'NX_0_Diversity': '0.90784', 'NX_0_Novelty': '2.47107', 'NX_0_ifeat_feat': 0.7121102248005802, 'NX_10_len_tra': 10.0, 'NX_10_R_tra': 8.178317221043098, 'NX_10_ctr': '0.81783', 'NX_10_CV': '0.10460', 'NX_10_CV_turn': '0.34800', 'NX_10_Diversity': '0.94235', 'NX_10_Novelty': '2.45494', 'NX_10_ifeat_feat': 0.688}]
[I 240107 02:39:51 loggers:84] Epoch: [40], Info: [{'num_test': 100, 'len_tra': 11.84, 'R_tra': 9.99755148289245, 'ctr': '0.84439', 'CV': '0.09378', 'CV_turn': '0.26351', 'Diversity': '0.87657', 'Novelty': '2.24553', 'ifeat_feat': 0.75, 'NX_0_len_tra': 13.66, 'NX_0_R_tra': 12.025029602889477, 'NX_0_ctr': '0.88031', 'NX_0_CV': '0.11031', 'NX_0_CV_turn': '0.26867', 'NX_0_Diversity': '0.91847', 'NX_0_Novelty': '2.26014', 'NX_0_ifeat_feat': 0.7364568081991215, 'NX_10_len_tra': 10.0, 'NX_10_R_tra': 8.682616672610498, 'NX_10_ctr': '0.86826', 'NX_10_CV': '0.09979', 'NX_10_CV_turn': '0.33200', 'NX_10_Diversity': '0.93638', 'NX_10_Novelty': '2.26785', 'NX_10_ifeat_feat': 0.736}]
[I 240107 02:43:25 loggers:84] Epoch: [41], Info: [{'num_test': 100, 'len_tra': 11.3, 'R_tra': 9.472082546659545, 'ctr': '0.83824', 'CV': '0.10881', 'CV_turn': '0.32035', 'Diversity': '0.88209', 'Novelty': '2.43666', 'ifeat_feat': 0.6734513274336283, 'NX_0_len_tra': 11.57, 'NX_0_R_tra': 10.168340558327564, 'NX_0_ctr': '0.87885', 'NX_0_CV': '0.10941', 'NX_0_CV_turn': '0.31461', 'NX_0_Diversity': '0.91045', 'NX_0_Novelty': '2.43423', 'NX_0_ifeat_feat': 0.742437337942956, 'NX_10_len_tra': 10.0, 'NX_10_R_tra': 8.807130129996755, 'NX_10_ctr': '0.88071', 'NX_10_CV': '0.10911', 'NX_10_CV_turn': '0.36300', 'NX_10_Diversity': '0.93100', 'NX_10_Novelty': '2.44306', 'NX_10_ifeat_feat': 0.715}]
[I 240107 02:46:34 loggers:84] Epoch: [42], Info: [{'num_test': 100, 'len_tra': 13.4, 'R_tra': 10.794183895245421, 'ctr': '0.80554', 'CV': '0.10670', 'CV_turn': '0.26493', 'Diversity': '0.88810', 'Novelty': '2.52097', 'ifeat_feat': 0.6783582089552239, 'NX_0_len_tra': 14.05, 'NX_0_R_tra': 12.145812185244774, 'NX_0_ctr': '0.86447', 'NX_0_CV': '0.11422', 'NX_0_CV_turn': '0.27046', 'NX_0_Diversity': '0.92407', 'NX_0_Novelty': '2.52274', 'NX_0_ifeat_feat': 0.6911032028469751, 'NX_10_len_tra': 10.0, 'NX_10_R_tra': 8.403666762622118, 'NX_10_ctr': '0.84037', 'NX_10_CV': '0.09528', 'NX_10_CV_turn': '0.31700', 'NX_10_Diversity': '0.94704', 'NX_10_Novelty': '2.56093', 'NX_10_ifeat_feat': 0.688}]
[I 240107 02:49:46 loggers:84] Epoch: [43], Info: [{'num_test': 100, 'len_tra': 12.84, 'R_tra': 11.23710127034632, 'ctr': '0.87516', 'CV': '0.07334', 'CV_turn': '0.19003', 'Diversity': '0.85969', 'Novelty': '2.47727', 'ifeat_feat': 0.6954828660436138, 'NX_0_len_tra': 15.17, 'NX_0_R_tra': 12.836050905149097, 'NX_0_ctr': '0.84615', 'NX_0_CV': '0.09408', 'NX_0_CV_turn': '0.20633', 'NX_0_Diversity': '0.93158', 'NX_0_Novelty': '2.47690', 'NX_0_ifeat_feat': 0.6908371786420567, 'NX_10_len_tra': 10.0, 'NX_10_R_tra': 8.962697586014642, 'NX_10_ctr': '0.89627', 'NX_10_CV': '0.07695', 'NX_10_CV_turn': '0.25600', 'NX_10_Diversity': '0.94937', 'NX_10_Novelty': '2.48788', 'NX_10_ifeat_feat': 0.695}]
[I 240107 02:52:33 loggers:84] Epoch: [44], Info: [{'num_test': 100, 'len_tra': 10.83, 'R_tra': 8.40736589611814, 'ctr': '0.77630', 'CV': '0.07665', 'CV_turn': '0.23546', 'Diversity': '0.85415', 'Novelty': '2.58071', 'ifeat_feat': 0.6980609418282548, 'NX_0_len_tra': 12.13, 'NX_0_R_tra': 10.17594508790239, 'NX_0_ctr': '0.83891', 'NX_0_CV': '0.08957', 'NX_0_CV_turn': '0.24567', 'NX_0_Diversity': '0.91536', 'NX_0_Novelty': '2.60463', 'NX_0_ifeat_feat': 0.6957955482275351, 'NX_10_len_tra': 10.0, 'NX_10_R_tra': 7.760619413198294, 'NX_10_ctr': '0.77606', 'NX_10_CV': '0.07875', 'NX_10_CV_turn': '0.26200', 'NX_10_Diversity': '0.93298', 'NX_10_Novelty': '2.54397', 'NX_10_ifeat_feat': 0.71}]
[I 240107 02:55:22 loggers:84] Epoch: [45], Info: [{'num_test': 100, 'len_tra': 11.2, 'R_tra': 9.396397837930435, 'ctr': '0.83896', 'CV': '0.08777', 'CV_turn': '0.26071', 'Diversity': '0.83980', 'Novelty': '2.35833', 'ifeat_feat': 0.6580357142857143, 'NX_0_len_tra': 14.88, 'NX_0_R_tra': 12.894937920528973, 'NX_0_ctr': '0.86660', 'NX_0_CV': '0.11151', 'NX_0_CV_turn': '0.24933', 'NX_0_Diversity': '0.92337', 'NX_0_Novelty': '2.40828', 'NX_0_ifeat_feat': 0.6733870967741935, 'NX_10_len_tra': 10.0, 'NX_10_R_tra': 8.68032447239652, 'NX_10_ctr': '0.86803', 'NX_10_CV': '0.09528', 'NX_10_CV_turn': '0.31700', 'NX_10_Diversity': '0.94678', 'NX_10_Novelty': '2.44252', 'NX_10_ifeat_feat': 0.654}]
[I 240107 02:58:32 loggers:84] Epoch: [46], Info: [{'num_test': 100, 'len_tra': 11.4, 'R_tra': 9.469019754131656, 'ctr': '0.83062', 'CV': '0.08987', 'CV_turn': '0.26228', 'Diversity': '0.86983', 'Novelty': '2.40469', 'ifeat_feat': 0.769298245614035, 'NX_0_len_tra': 12.99, 'NX_0_R_tra': 11.092632381314388, 'NX_0_ctr': '0.85394', 'NX_0_CV': '0.10941', 'NX_0_CV_turn': '0.28022', 'NX_0_Diversity': '0.89542', 'NX_0_Novelty': '2.32748', 'NX_0_ifeat_feat': 0.75211701308699, 'NX_10_len_tra': 10.0, 'NX_10_R_tra': 8.209352856464605, 'NX_10_ctr': '0.82094', 'NX_10_CV': '0.09588', 'NX_10_CV_turn': '0.31900', 'NX_10_Diversity': '0.93830', 'NX_10_Novelty': '2.42155', 'NX_10_ifeat_feat': 0.755}]
[I 240107 03:01:44 loggers:84] Epoch: [47], Info: [{'num_test': 100, 'len_tra': 11.32, 'R_tra': 8.856697303377864, 'ctr': '0.78239', 'CV': '0.09258', 'CV_turn': '0.27208', 'Diversity': '0.85419', 'Novelty': '2.63914', 'ifeat_feat': 0.627208480565371, 'NX_0_len_tra': 15.88, 'NX_0_R_tra': 13.051920171689954, 'NX_0_ctr': '0.82191', 'NX_0_CV': '0.13255', 'NX_0_CV_turn': '0.27771', 'NX_0_Diversity': '0.93213', 'NX_0_Novelty': '2.53321', 'NX_0_ifeat_feat': 0.6700251889168766, 'NX_10_len_tra': 10.0, 'NX_10_R_tra': 8.022125009163336, 'NX_10_ctr': '0.80221', 'NX_10_CV': '0.10730', 'NX_10_CV_turn': '0.35700', 'NX_10_Diversity': '0.95272', 'NX_10_Novelty': '2.53401', 'NX_10_ifeat_feat': 0.678}]
[I 240107 03:04:57 loggers:84] Epoch: [48], Info: [{'num_test': 100, 'len_tra': 10.81, 'R_tra': 8.271492039148235, 'ctr': '0.76517', 'CV': '0.08656', 'CV_turn': '0.26642', 'Diversity': '0.85800', 'Novelty': '2.49075', 'ifeat_feat': 0.6762257169287696, 'NX_0_len_tra': 14.39, 'NX_0_R_tra': 11.511978910579177, 'NX_0_ctr': '0.80000', 'NX_0_CV': '0.12083', 'NX_0_CV_turn': '0.27936', 'NX_0_Diversity': '0.93054', 'NX_0_Novelty': '2.54362', 'NX_0_ifeat_feat': 0.6643502432244615, 'NX_10_len_tra': 10.0, 'NX_10_R_tra': 7.798685966402953, 'NX_10_ctr': '0.77987', 'NX_10_CV': '0.10159', 'NX_10_CV_turn': '0.33800', 'NX_10_Diversity': '0.94431', 'NX_10_Novelty': '2.55293', 'NX_10_ifeat_feat': 0.666}]
[I 240107 03:08:00 loggers:84] Epoch: [49], Info: [{'num_test': 100, 'len_tra': 12.53, 'R_tra': 10.592472196980106, 'ctr': '0.84537', 'CV': '0.10881', 'CV_turn': '0.28891', 'Diversity': '0.87766', 'Novelty': '2.54402', 'ifeat_feat': 0.6512370311252993, 'NX_0_len_tra': 13.93, 'NX_0_R_tra': 11.511752923895916, 'NX_0_ctr': '0.82640', 'NX_0_CV': '0.12744', 'NX_0_CV_turn': '0.30438', 'NX_0_Diversity': '0.91785', 'NX_0_Novelty': '2.54002', 'NX_0_ifeat_feat': 0.656137832017229, 'NX_10_len_tra': 10.0, 'NX_10_R_tra': 8.284946811316516, 'NX_10_ctr': '0.82849', 'NX_10_CV': '0.11031', 'NX_10_CV_turn': '0.36700', 'NX_10_Diversity': '0.95027', 'NX_10_Novelty': '2.60160', 'NX_10_ifeat_feat': 0.655}]
[I 240107 03:11:20 loggers:84] Epoch: [50], Info: [{'num_test': 100, 'len_tra': 11.13, 'R_tra': 9.08703499141653, 'ctr': '0.81645', 'CV': '0.11061', 'CV_turn': '0.33064', 'Diversity': '0.82701', 'Novelty': '2.62018', 'ifeat_feat': 0.6900269541778976, 'NX_0_len_tra': 13.75, 'NX_0_R_tra': 11.432421033458168, 'NX_0_ctr': '0.83145', 'NX_0_CV': '0.12714', 'NX_0_CV_turn': '0.30764', 'NX_0_Diversity': '0.91653', 'NX_0_Novelty': '2.53246', 'NX_0_ifeat_feat': 0.6952727272727273, 'NX_10_len_tra': 10.0, 'NX_10_R_tra': 7.993636958207662, 'NX_10_ctr': '0.79936', 'NX_10_CV': '0.11241', 'NX_10_CV_turn': '0.37400', 'NX_10_Diversity': '0.93689', 'NX_10_Novelty': '2.55059', 'NX_10_ifeat_feat': 0.694}]
[I 240107 03:14:34 loggers:84] Epoch: [51], Info: [{'num_test': 100, 'len_tra': 13.3, 'R_tra': 11.007310768367041, 'ctr': '0.82762', 'CV': '0.10700', 'CV_turn': '0.26767', 'Diversity': '0.84820', 'Novelty': '2.47168', 'ifeat_feat': 0.637593984962406, 'NX_0_len_tra': 15.31, 'NX_0_R_tra': 12.88029563360167, 'NX_0_ctr': '0.84130', 'NX_0_CV': '0.13315', 'NX_0_CV_turn': '0.28935', 'NX_0_Diversity': '0.91868', 'NX_0_Novelty': '2.46861', 'NX_0_ifeat_feat': 0.6544741998693664, 'NX_10_len_tra': 10.0, 'NX_10_R_tra': 8.225737472086161, 'NX_10_ctr': '0.82257', 'NX_10_CV': '0.10460', 'NX_10_CV_turn': '0.34800', 'NX_10_Diversity': '0.94802', 'NX_10_Novelty': '2.51567', 'NX_10_ifeat_feat': 0.655}]
[I 240107 03:17:55 loggers:84] Epoch: [52], Info: [{'num_test': 100, 'len_tra': 13.72, 'R_tra': 11.45530808107922, 'ctr': '0.83493', 'CV': '0.10670', 'CV_turn': '0.25875', 'Diversity': '0.86080', 'Novelty': '2.57154', 'ifeat_feat': 0.6654518950437318, 'NX_0_len_tra': 16.88, 'NX_0_R_tra': 13.875962336021212, 'NX_0_ctr': '0.82204', 'NX_0_CV': '0.13466', 'NX_0_CV_turn': '0.26540', 'NX_0_Diversity': '0.94023', 'NX_0_Novelty': '2.56893', 'NX_0_ifeat_feat': 0.6575829383886256, 'NX_10_len_tra': 10.0, 'NX_10_R_tra': 8.238033875910451, 'NX_10_ctr': '0.82380', 'NX_10_CV': '0.10490', 'NX_10_CV_turn': '0.34900', 'NX_10_Diversity': '0.94952', 'NX_10_Novelty': '2.62170', 'NX_10_ifeat_feat': 0.655}]
[I 240107 03:21:26 loggers:84] Epoch: [53], Info: [{'num_test': 100, 'len_tra': 12.36, 'R_tra': 9.784982793985817, 'ctr': '0.79167', 'CV': '0.09799', 'CV_turn': '0.26375', 'Diversity': '0.84277', 'Novelty': '2.65536', 'ifeat_feat': 0.7127831715210357, 'NX_0_len_tra': 15.2, 'NX_0_R_tra': 12.203092918825906, 'NX_0_ctr': '0.80284', 'NX_0_CV': '0.12955', 'NX_0_CV_turn': '0.28355', 'NX_0_Diversity': '0.92568', 'NX_0_Novelty': '2.64068', 'NX_0_ifeat_feat': 0.7072368421052632, 'NX_10_len_tra': 10.0, 'NX_10_R_tra': 8.07566746425666, 'NX_10_ctr': '0.80757', 'NX_10_CV': '0.09859', 'NX_10_CV_turn': '0.32800', 'NX_10_Diversity': '0.94700', 'NX_10_Novelty': '2.65441', 'NX_10_ifeat_feat': 0.717}]
[I 240107 03:24:41 loggers:84] Epoch: [54], Info: [{'num_test': 100, 'len_tra': 11.29, 'R_tra': 8.860886563816273, 'ctr': '0.78484', 'CV': '0.08296', 'CV_turn': '0.24446', 'Diversity': '0.82455', 'Novelty': '2.25367', 'ifeat_feat': 0.7307351638618246, 'NX_0_len_tra': 14.39, 'NX_0_R_tra': 11.55660393065556, 'NX_0_ctr': '0.80310', 'NX_0_CV': '0.10610', 'NX_0_CV_turn': '0.24531', 'NX_0_Diversity': '0.92138', 'NX_0_Novelty': '2.39673', 'NX_0_ifeat_feat': 0.7129951355107713, 'NX_10_len_tra': 10.0, 'NX_10_R_tra': 8.442641991602787, 'NX_10_ctr': '0.84426', 'NX_10_CV': '0.09348', 'NX_10_CV_turn': '0.31100', 'NX_10_Diversity': '0.94017', 'NX_10_Novelty': '2.40199', 'NX_10_ifeat_feat': 0.707}]
[I 240107 03:27:53 loggers:84] Epoch: [55], Info: [{'num_test': 100, 'len_tra': 10.95, 'R_tra': 8.610675389243898, 'ctr': '0.78636', 'CV': '0.09919', 'CV_turn': '0.30137', 'Diversity': '0.80096', 'Novelty': '2.51418', 'ifeat_feat': 0.6666666666666666, 'NX_0_len_tra': 13.67, 'NX_0_R_tra': 10.753022504773758, 'NX_0_ctr': '0.78661', 'NX_0_CV': '0.12384', 'NX_0_CV_turn': '0.30139', 'NX_0_Diversity': '0.91685', 'NX_0_Novelty': '2.49910', 'NX_0_ifeat_feat': 0.6737381126554499, 'NX_10_len_tra': 10.0, 'NX_10_R_tra': 8.448143011157793, 'NX_10_ctr': '0.84481', 'NX_10_CV': '0.10730', 'NX_10_CV_turn': '0.35700', 'NX_10_Diversity': '0.94631', 'NX_10_Novelty': '2.47100', 'NX_10_ifeat_feat': 0.683}]
[I 240107 03:31:22 loggers:84] Epoch: [56], Info: [{'num_test': 100, 'len_tra': 12.49, 'R_tra': 10.955924832496839, 'ctr': '0.87718', 'CV': '0.11993', 'CV_turn': '0.31946', 'Diversity': '0.86435', 'Novelty': '2.55289', 'ifeat_feat': 0.6981585268214572, 'NX_0_len_tra': 15.19, 'NX_0_R_tra': 13.15317658095861, 'NX_0_ctr': '0.86591', 'NX_0_CV': '0.14037', 'NX_0_CV_turn': '0.30744', 'NX_0_Diversity': '0.93051', 'NX_0_Novelty': '2.51548', 'NX_0_ifeat_feat': 0.6721527320605661, 'NX_10_len_tra': 10.0, 'NX_10_R_tra': 8.010045177302805, 'NX_10_ctr': '0.80100', 'NX_10_CV': '0.11241', 'NX_10_CV_turn': '0.37400', 'NX_10_Diversity': '0.94433', 'NX_10_Novelty': '2.61016', 'NX_10_ifeat_feat': 0.696}]
[I 240107 03:34:33 loggers:84] Epoch: [57], Info: [{'num_test': 100, 'len_tra': 11.58, 'R_tra': 9.743145968325535, 'ctr': '0.84138', 'CV': '0.10971', 'CV_turn': '0.31520', 'Diversity': '0.84011', 'Novelty': '2.46208', 'ifeat_feat': 0.6658031088082902, 'NX_0_len_tra': 15.02, 'NX_0_R_tra': 12.878805199441427, 'NX_0_ctr': '0.85744', 'NX_0_CV': '0.13466', 'NX_0_CV_turn': '0.29827', 'NX_0_Diversity': '0.90121', 'NX_0_Novelty': '2.38279', 'NX_0_ifeat_feat': 0.6611185086551264, 'NX_10_len_tra': 10.0, 'NX_10_R_tra': 8.228060759823503, 'NX_10_ctr': '0.82281', 'NX_10_CV': '0.11151', 'NX_10_CV_turn': '0.37100', 'NX_10_Diversity': '0.94218', 'NX_10_Novelty': '2.40948', 'NX_10_ifeat_feat': 0.679}]
[I 240107 03:37:43 loggers:84] Epoch: [58], Info: [{'num_test': 100, 'len_tra': 11.31, 'R_tra': 9.69352975747591, 'ctr': '0.85708', 'CV': '0.10941', 'CV_turn': '0.32184', 'Diversity': '0.83993', 'Novelty': '2.38760', 'ifeat_feat': 0.6861184792219275, 'NX_0_len_tra': 15.89, 'NX_0_R_tra': 13.235416200149023, 'NX_0_ctr': '0.83294', 'NX_0_CV': '0.13616', 'NX_0_CV_turn': '0.28508', 'NX_0_Diversity': '0.92911', 'NX_0_Novelty': '2.35912', 'NX_0_ifeat_feat': 0.658275645059786, 'NX_10_len_tra': 10.0, 'NX_10_R_tra': 8.514742878463016, 'NX_10_ctr': '0.85147', 'NX_10_CV': '0.11121', 'NX_10_CV_turn': '0.37000', 'NX_10_Diversity': '0.94942', 'NX_10_Novelty': '2.34361', 'NX_10_ifeat_feat': 0.66}]
[I 240107 03:40:53 loggers:84] Epoch: [59], Info: [{'num_test': 100, 'len_tra': 14.02, 'R_tra': 12.194712701344232, 'ctr': '0.86981', 'CV': '0.12143', 'CV_turn': '0.28816', 'Diversity': '0.85355', 'Novelty': '2.34312', 'ifeat_feat': 0.6340941512125535, 'NX_0_len_tra': 16.09, 'NX_0_R_tra': 14.106254972426974, 'NX_0_ctr': '0.87671', 'NX_0_CV': '0.14427', 'NX_0_CV_turn': '0.29832', 'NX_0_Diversity': '0.92750', 'NX_0_Novelty': '2.37669', 'NX_0_ifeat_feat': 0.6239900559353636, 'NX_10_len_tra': 10.0, 'NX_10_R_tra': 8.715539152119401, 'NX_10_ctr': '0.87155', 'NX_10_CV': '0.11031', 'NX_10_CV_turn': '0.36700', 'NX_10_Diversity': '0.95230', 'NX_10_Novelty': '2.32755', 'NX_10_ifeat_feat': 0.645}]
[I 240107 03:44:01 loggers:84] Epoch: [60], Info: [{'num_test': 100, 'len_tra': 13.19, 'R_tra': 11.519580426434148, 'ctr': '0.87336', 'CV': '0.11662', 'CV_turn': '0.29416', 'Diversity': '0.88797', 'Novelty': '2.36506', 'ifeat_feat': 0.6815769522365428, 'NX_0_len_tra': 17.37, 'NX_0_R_tra': 14.965145212585924, 'NX_0_ctr': '0.86155', 'NX_0_CV': '0.14518', 'NX_0_CV_turn': '0.27807', 'NX_0_Diversity': '0.93706', 'NX_0_Novelty': '2.41883', 'NX_0_ifeat_feat': 0.6770293609671848, 'NX_10_len_tra': 10.0, 'NX_10_R_tra': 8.312976011031047, 'NX_10_ctr': '0.83130', 'NX_10_CV': '0.10941', 'NX_10_CV_turn': '0.36400', 'NX_10_Diversity': '0.94450', 'NX_10_Novelty': '2.42830', 'NX_10_ifeat_feat': 0.685}]
[I 240107 03:47:19 loggers:84] Epoch: [61], Info: [{'num_test': 100, 'len_tra': 11.77, 'R_tra': 9.943760783831298, 'ctr': '0.84484', 'CV': '0.11271', 'CV_turn': '0.31861', 'Diversity': '0.85630', 'Novelty': '2.35531', 'ifeat_feat': 0.6966864910790145, 'NX_0_len_tra': 13.86, 'NX_0_R_tra': 11.89345689911384, 'NX_0_ctr': '0.85811', 'NX_0_CV': '0.12714', 'NX_0_CV_turn': '0.30519', 'NX_0_Diversity': '0.91112', 'NX_0_Novelty': '2.34023', 'NX_0_ifeat_feat': 0.702020202020202, 'NX_10_len_tra': 10.0, 'NX_10_R_tra': 8.873062331526578, 'NX_10_ctr': '0.88731', 'NX_10_CV': '0.11061', 'NX_10_CV_turn': '0.36800', 'NX_10_Diversity': '0.93969', 'NX_10_Novelty': '2.37935', 'NX_10_ifeat_feat': 0.708}]
[I 240107 03:50:37 loggers:84] Epoch: [62], Info: [{'num_test': 100, 'len_tra': 13.24, 'R_tra': 10.919394220543763, 'ctr': '0.82473', 'CV': '0.12233', 'CV_turn': '0.30740', 'Diversity': '0.88222', 'Novelty': '2.72099', 'ifeat_feat': 0.6737160120845922, 'NX_0_len_tra': 16.47, 'NX_0_R_tra': 12.996671916119489, 'NX_0_ctr': '0.78911', 'NX_0_CV': '0.14397', 'NX_0_CV_turn': '0.29083', 'NX_0_Diversity': '0.92750', 'NX_0_Novelty': '2.64063', 'NX_0_ifeat_feat': 0.6466302367941712, 'NX_10_len_tra': 10.0, 'NX_10_R_tra': 8.463336340220462, 'NX_10_ctr': '0.84633', 'NX_10_CV': '0.10610', 'NX_10_CV_turn': '0.35300', 'NX_10_Diversity': '0.94624', 'NX_10_Novelty': '2.66410', 'NX_10_ifeat_feat': 0.667}]
[I 240107 03:53:50 loggers:84] Epoch: [63], Info: [{'num_test': 100, 'len_tra': 11.79, 'R_tra': 10.113617369823519, 'ctr': '0.85781', 'CV': '0.11422', 'CV_turn': '0.32231', 'Diversity': '0.85654', 'Novelty': '2.35400', 'ifeat_feat': 0.6641221374045801, 'NX_0_len_tra': 14.96, 'NX_0_R_tra': 12.585108730935207, 'NX_0_ctr': '0.84125', 'NX_0_CV': '0.13165', 'NX_0_CV_turn': '0.29278', 'NX_0_Diversity': '0.91695', 'NX_0_Novelty': '2.39621', 'NX_0_ifeat_feat': 0.660427807486631, 'NX_10_len_tra': 10.0, 'NX_10_R_tra': 8.068385444940112, 'NX_10_ctr': '0.80684', 'NX_10_CV': '0.10700', 'NX_10_CV_turn': '0.35600', 'NX_10_Diversity': '0.94171', 'NX_10_Novelty': '2.40768', 'NX_10_ifeat_feat': 0.649}]
[I 240107 03:57:21 loggers:84] Epoch: [64], Info: [{'num_test': 100, 'len_tra': 11.9, 'R_tra': 8.853988587400798, 'ctr': '0.74403', 'CV': '0.08957', 'CV_turn': '0.25042', 'Diversity': '0.82799', 'Novelty': '2.54301', 'ifeat_feat': 0.5235294117647059, 'NX_0_len_tra': 17.18, 'NX_0_R_tra': 14.23905487408848, 'NX_0_ctr': '0.82882', 'NX_0_CV': '0.13526', 'NX_0_CV_turn': '0.26193', 'NX_0_Diversity': '0.94680', 'NX_0_Novelty': '2.58251', 'NX_0_ifeat_feat': 0.6024447031431898, 'NX_10_len_tra': 10.0, 'NX_10_R_tra': 8.012261509606061, 'NX_10_ctr': '0.80123', 'NX_10_CV': '0.09919', 'NX_10_CV_turn': '0.33000', 'NX_10_Diversity': '0.95133', 'NX_10_Novelty': '2.59467', 'NX_10_ifeat_feat': 0.598}]
[I 240107 04:00:41 loggers:84] Epoch: [65], Info: [{'num_test': 100, 'len_tra': 14.84, 'R_tra': 11.222467195031493, 'ctr': '0.75623', 'CV': '0.11572', 'CV_turn': '0.25943', 'Diversity': '0.87653', 'Novelty': '2.59144', 'ifeat_feat': 0.6556603773584906, 'NX_0_len_tra': 18.19, 'NX_0_R_tra': 14.387709589692733, 'NX_0_ctr': '0.79097', 'NX_0_CV': '0.13796', 'NX_0_CV_turn': '0.25234', 'NX_0_Diversity': '0.93183', 'NX_0_Novelty': '2.59430', 'NX_0_ifeat_feat': 0.6558548653106102, 'NX_10_len_tra': 10.0, 'NX_10_R_tra': 7.9178120390940965, 'NX_10_ctr': '0.79178', 'NX_10_CV': '0.09919', 'NX_10_CV_turn': '0.33000', 'NX_10_Diversity': '0.95409', 'NX_10_Novelty': '2.55967', 'NX_10_ifeat_feat': 0.643}]
[I 240107 04:03:49 loggers:84] Epoch: [66], Info: [{'num_test': 100, 'len_tra': 10.78, 'R_tra': 9.44962189424314, 'ctr': '0.87659', 'CV': '0.09919', 'CV_turn': '0.30612', 'Diversity': '0.82930', 'Novelty': '2.23054', 'ifeat_feat': 0.7059369202226345, 'NX_0_len_tra': 15.3, 'NX_0_R_tra': 13.099265019238116, 'NX_0_ctr': '0.85616', 'NX_0_CV': '0.12384', 'NX_0_CV_turn': '0.26928', 'NX_0_Diversity': '0.92121', 'NX_0_Novelty': '2.34002', 'NX_0_ifeat_feat': 0.6830065359477124, 'NX_10_len_tra': 10.0, 'NX_10_R_tra': 8.819603030170956, 'NX_10_ctr': '0.88196', 'NX_10_CV': '0.10370', 'NX_10_CV_turn': '0.34500', 'NX_10_Diversity': '0.93946', 'NX_10_Novelty': '2.26896', 'NX_10_ifeat_feat': 0.669}]
[I 240107 04:06:23 loggers:84] Epoch: [67], Info: [{'num_test': 100, 'len_tra': 12.81, 'R_tra': 9.9706527802406, 'ctr': '0.77835', 'CV': '0.12444', 'CV_turn': '0.32319', 'Diversity': '0.86246', 'Novelty': '2.45742', 'ifeat_feat': 0.6167056986729118, 'NX_0_len_tra': 16.3, 'NX_0_R_tra': 12.912772758192279, 'NX_0_ctr': '0.79219', 'NX_0_CV': '0.14127', 'NX_0_CV_turn': '0.28834', 'NX_0_Diversity': '0.92160', 'NX_0_Novelty': '2.51011', 'NX_0_ifeat_feat': 0.6447852760736197, 'NX_10_len_tra': 10.0, 'NX_10_R_tra': 8.418329004426537, 'NX_10_ctr': '0.84183', 'NX_10_CV': '0.11301', 'NX_10_CV_turn': '0.37600', 'NX_10_Diversity': '0.95413', 'NX_10_Novelty': '2.53959', 'NX_10_ifeat_feat': 0.617}]
[I 240107 04:09:39 loggers:84] Epoch: [68], Info: [{'num_test': 100, 'len_tra': 13.11, 'R_tra': 10.708216825216848, 'ctr': '0.81680', 'CV': '0.11963', 'CV_turn': '0.30359', 'Diversity': '0.87812', 'Novelty': '2.47787', 'ifeat_feat': 0.6498855835240275, 'NX_0_len_tra': 19.2, 'NX_0_R_tra': 15.867950364270923, 'NX_0_ctr': '0.82646', 'NX_0_CV': '0.14608', 'NX_0_CV_turn': '0.25312', 'NX_0_Diversity': '0.94219', 'NX_0_Novelty': '2.46880', 'NX_0_ifeat_feat': 0.6171875, 'NX_10_len_tra': 10.0, 'NX_10_R_tra': 8.08841883448364, 'NX_10_ctr': '0.80884', 'NX_10_CV': '0.11181', 'NX_10_CV_turn': '0.37200', 'NX_10_Diversity': '0.95376', 'NX_10_Novelty': '2.58759', 'NX_10_ifeat_feat': 0.614}]
[I 240107 04:12:53 loggers:84] Epoch: [69], Info: [{'num_test': 100, 'len_tra': 12.28, 'R_tra': 10.145131041984838, 'ctr': '0.82615', 'CV': '0.11452', 'CV_turn': '0.31026', 'Diversity': '0.86603', 'Novelty': '2.45941', 'ifeat_feat': 0.6620521172638436, 'NX_0_len_tra': 15.97, 'NX_0_R_tra': 13.884633636222764, 'NX_0_ctr': '0.86942', 'NX_0_CV': '0.13586', 'NX_0_CV_turn': '0.28303', 'NX_0_Diversity': '0.92871', 'NX_0_Novelty': '2.40734', 'NX_0_ifeat_feat': 0.6455854727614276, 'NX_10_len_tra': 10.0, 'NX_10_R_tra': 8.226631127333876, 'NX_10_ctr': '0.82266', 'NX_10_CV': '0.10490', 'NX_10_CV_turn': '0.34900', 'NX_10_Diversity': '0.94947', 'NX_10_Novelty': '2.41106', 'NX_10_ifeat_feat': 0.648}]
[I 240107 04:16:24 loggers:84] Epoch: [70], Info: [{'num_test': 100, 'len_tra': 13.59, 'R_tra': 10.69358626075553, 'ctr': '0.78687', 'CV': '0.10640', 'CV_turn': '0.26049', 'Diversity': '0.89765', 'Novelty': '2.69316', 'ifeat_feat': 0.5246504782928624, 'NX_0_len_tra': 18.75, 'NX_0_R_tra': 14.717352738129373, 'NX_0_ctr': '0.78493', 'NX_0_CV': '0.13766', 'NX_0_CV_turn': '0.24427', 'NX_0_Diversity': '0.93856', 'NX_0_Novelty': '2.67020', 'NX_0_ifeat_feat': 0.5664, 'NX_10_len_tra': 10.0, 'NX_10_R_tra': 7.837404562003839, 'NX_10_ctr': '0.78374', 'NX_10_CV': '0.09739', 'NX_10_CV_turn': '0.32400', 'NX_10_Diversity': '0.95949', 'NX_10_Novelty': '2.63263', 'NX_10_ifeat_feat': 0.567}]
[I 240107 04:19:34 loggers:84] Epoch: [71], Info: [{'num_test': 100, 'len_tra': 12.32, 'R_tra': 10.62529492090109, 'ctr': '0.86244', 'CV': '0.11903', 'CV_turn': '0.32143', 'Diversity': '0.87932', 'Novelty': '2.51852', 'ifeat_feat': 0.6826298701298701, 'NX_0_len_tra': 16.31, 'NX_0_R_tra': 13.297744112752593, 'NX_0_ctr': '0.81531', 'NX_0_CV': '0.12804', 'NX_0_CV_turn': '0.26119', 'NX_0_Diversity': '0.91819', 'NX_0_Novelty': '2.58312', 'NX_0_ifeat_feat': 0.6505211526670754, 'NX_10_len_tra': 10.0, 'NX_10_R_tra': 8.107025861324821, 'NX_10_ctr': '0.81070', 'NX_10_CV': '0.11332', 'NX_10_CV_turn': '0.37700', 'NX_10_Diversity': '0.95310', 'NX_10_Novelty': '2.60029', 'NX_10_ifeat_feat': 0.668}]
[I 240107 04:22:53 loggers:84] Epoch: [72], Info: [{'num_test': 100, 'len_tra': 12.99, 'R_tra': 10.627785327904306, 'ctr': '0.81815', 'CV': '0.11662', 'CV_turn': '0.29869', 'Diversity': '0.85811', 'Novelty': '2.47858', 'ifeat_feat': 0.6381832178598922, 'NX_0_len_tra': 14.9, 'NX_0_R_tra': 12.330840098821433, 'NX_0_ctr': '0.82757', 'NX_0_CV': '0.13015', 'NX_0_CV_turn': '0.29060', 'NX_0_Diversity': '0.89813', 'NX_0_Novelty': '2.51799', 'NX_0_ifeat_feat': 0.6268456375838927, 'NX_10_len_tra': 10.0, 'NX_10_R_tra': 8.479307880114648, 'NX_10_ctr': '0.84793', 'NX_10_CV': '0.10640', 'NX_10_CV_turn': '0.35400', 'NX_10_Diversity': '0.93087', 'NX_10_Novelty': '2.45917', 'NX_10_ifeat_feat': 0.677}]
[I 240107 04:26:25 loggers:84] Epoch: [73], Info: [{'num_test': 100, 'len_tra': 13.69, 'R_tra': 10.800522586968471, 'ctr': '0.78894', 'CV': '0.11001', 'CV_turn': '0.26735', 'Diversity': '0.87471', 'Novelty': '2.56121', 'ifeat_feat': 0.6033601168736303, 'NX_0_len_tra': 17.02, 'NX_0_R_tra': 13.31865307218527, 'NX_0_ctr': '0.78253', 'NX_0_CV': '0.14127', 'NX_0_CV_turn': '0.27615', 'NX_0_Diversity': '0.93187', 'NX_0_Novelty': '2.56482', 'NX_0_ifeat_feat': 0.6122209165687427, 'NX_10_len_tra': 10.0, 'NX_10_R_tra': 8.45797662694987, 'NX_10_ctr': '0.84580', 'NX_10_CV': '0.10400', 'NX_10_CV_turn': '0.34600', 'NX_10_Diversity': '0.94737', 'NX_10_Novelty': '2.48848', 'NX_10_ifeat_feat': 0.634}]
[I 240107 04:29:28 loggers:84] Epoch: [74], Info: [{'num_test': 100, 'len_tra': 13.22, 'R_tra': 11.043120999648249, 'ctr': '0.83533', 'CV': '0.10219', 'CV_turn': '0.25719', 'Diversity': '0.88511', 'Novelty': '2.56292', 'ifeat_feat': 0.5877458396369137, 'NX_0_len_tra': 17.86, 'NX_0_R_tra': 14.367380213136602, 'NX_0_ctr': '0.80444', 'NX_0_CV': '0.12714', 'NX_0_CV_turn': '0.23684', 'NX_0_Diversity': '0.94053', 'NX_0_Novelty': '2.50719', 'NX_0_ifeat_feat': 0.574468085106383, 'NX_10_len_tra': 10.0, 'NX_10_R_tra': 8.270709731398988, 'NX_10_ctr': '0.82707', 'NX_10_CV': '0.09769', 'NX_10_CV_turn': '0.32500', 'NX_10_Diversity': '0.95842', 'NX_10_Novelty': '2.52222', 'NX_10_ifeat_feat': 0.579}]
[I 240107 04:31:53 loggers:84] Epoch: [75], Info: [{'num_test': 100, 'len_tra': 14.83, 'R_tra': 11.494617346900812, 'ctr': '0.77509', 'CV': '0.10760', 'CV_turn': '0.24140', 'Diversity': '0.87900', 'Novelty': '2.62040', 'ifeat_feat': 0.5711395819285232, 'NX_0_len_tra': 18.12, 'NX_0_R_tra': 14.14241877536143, 'NX_0_ctr': '0.78049', 'NX_0_CV': '0.13315', 'NX_0_CV_turn': '0.24448', 'NX_0_Diversity': '0.92370', 'NX_0_Novelty': '2.58684', 'NX_0_ifeat_feat': 0.5618101545253863, 'NX_10_len_tra': 10.0, 'NX_10_R_tra': 7.7236856373998215, 'NX_10_ctr': '0.77237', 'NX_10_CV': '0.10099', 'NX_10_CV_turn': '0.33600', 'NX_10_Diversity': '0.95091', 'NX_10_Novelty': '2.59287', 'NX_10_ifeat_feat': 0.585}]
[I 240107 04:34:54 loggers:84] Epoch: [76], Info: [{'num_test': 100, 'len_tra': 13.7, 'R_tra': 11.9848729992845, 'ctr': '0.87481', 'CV': '0.11061', 'CV_turn': '0.26861', 'Diversity': '0.88520', 'Novelty': '2.46143', 'ifeat_feat': 0.5927007299270073, 'NX_0_len_tra': 16.5, 'NX_0_R_tra': 14.247883220786129, 'NX_0_ctr': '0.86351', 'NX_0_CV': '0.12684', 'NX_0_CV_turn': '0.25576', 'NX_0_Diversity': '0.92874', 'NX_0_Novelty': '2.36784', 'NX_0_ifeat_feat': 0.5903030303030303, 'NX_10_len_tra': 10.0, 'NX_10_R_tra': 8.630546381626965, 'NX_10_ctr': '0.86305', 'NX_10_CV': '0.10039', 'NX_10_CV_turn': '0.33400', 'NX_10_Diversity': '0.94481', 'NX_10_Novelty': '2.33275', 'NX_10_ifeat_feat': 0.624}]
[I 240107 04:37:58 loggers:84] Epoch: [77], Info: [{'num_test': 100, 'len_tra': 13.63, 'R_tra': 10.367886008253777, 'ctr': '0.76067', 'CV': '0.10610', 'CV_turn': '0.25899', 'Diversity': '0.85252', 'Novelty': '2.61743', 'ifeat_feat': 0.5392516507703595, 'NX_0_len_tra': 17.51, 'NX_0_R_tra': 13.465191711042076, 'NX_0_ctr': '0.76900', 'NX_0_CV': '0.12744', 'NX_0_CV_turn': '0.24215', 'NX_0_Diversity': '0.92167', 'NX_0_Novelty': '2.65360', 'NX_0_ifeat_feat': 0.5254140491147915, 'NX_10_len_tra': 10.0, 'NX_10_R_tra': 7.42656069582457, 'NX_10_ctr': '0.74266', 'NX_10_CV': '0.09678', 'NX_10_CV_turn': '0.32200', 'NX_10_Diversity': '0.95650', 'NX_10_Novelty': '2.67871', 'NX_10_ifeat_feat': 0.557}]
[I 240107 04:41:00 loggers:84] Epoch: [78], Info: [{'num_test': 100, 'len_tra': 13.78, 'R_tra': 11.56735517282482, 'ctr': '0.83943', 'CV': '0.11602', 'CV_turn': '0.28012', 'Diversity': '0.88527', 'Novelty': '2.57573', 'ifeat_feat': 0.6015965166908563, 'NX_0_len_tra': 16.84, 'NX_0_R_tra': 13.943319297839333, 'NX_0_ctr': '0.82799', 'NX_0_CV': '0.12955', 'NX_0_CV_turn': '0.25594', 'NX_0_Diversity': '0.93614', 'NX_0_Novelty': '2.47142', 'NX_0_ifeat_feat': 0.5979809976247031, 'NX_10_len_tra': 10.0, 'NX_10_R_tra': 8.332197392188014, 'NX_10_ctr': '0.83322', 'NX_10_CV': '0.10610', 'NX_10_CV_turn': '0.35300', 'NX_10_Diversity': '0.94794', 'NX_10_Novelty': '2.41394', 'NX_10_ifeat_feat': 0.597}]
[I 240107 04:43:27 loggers:84] Epoch: [79], Info: [{'num_test': 100, 'len_tra': 15.48, 'R_tra': 12.020233769072806, 'ctr': '0.77650', 'CV': '0.09618', 'CV_turn': '0.20672', 'Diversity': '0.90403', 'Novelty': '2.80637', 'ifeat_feat': 0.5794573643410853, 'NX_0_len_tra': 18.28, 'NX_0_R_tra': 14.648245854500225, 'NX_0_ctr': '0.80133', 'NX_0_CV': '0.12263', 'NX_0_CV_turn': '0.22319', 'NX_0_Diversity': '0.93179', 'NX_0_Novelty': '2.71362', 'NX_0_ifeat_feat': 0.6044857768052516, 'NX_10_len_tra': 10.0, 'NX_10_R_tra': 7.716589173058162, 'NX_10_ctr': '0.77166', 'NX_10_CV': '0.09137', 'NX_10_CV_turn': '0.30400', 'NX_10_Diversity': '0.95274', 'NX_10_Novelty': '2.71271', 'NX_10_ifeat_feat': 0.611}]
[I 240107 04:45:59 loggers:84] Epoch: [80], Info: [{'num_test': 100, 'len_tra': 12.86, 'R_tra': 11.505343035638742, 'ctr': '0.89466', 'CV': '0.10009', 'CV_turn': '0.25894', 'Diversity': '0.88912', 'Novelty': '2.24918', 'ifeat_feat': 0.6423017107309487, 'NX_0_len_tra': 16.34, 'NX_0_R_tra': 14.54323400029934, 'NX_0_ctr': '0.89004', 'NX_0_CV': '0.12504', 'NX_0_CV_turn': '0.25459', 'NX_0_Diversity': '0.94243', 'NX_0_Novelty': '2.29046', 'NX_0_ifeat_feat': 0.6346389228886169, 'NX_10_len_tra': 10.0, 'NX_10_R_tra': 8.56267427983081, 'NX_10_ctr': '0.85627', 'NX_10_CV': '0.10520', 'NX_10_CV_turn': '0.35000', 'NX_10_Diversity': '0.95346', 'NX_10_Novelty': '2.29003', 'NX_10_ifeat_feat': 0.632}]
[I 240107 04:48:38 loggers:84] Epoch: [81], Info: [{'num_test': 100, 'len_tra': 12.1, 'R_tra': 10.105411261564154, 'ctr': '0.83516', 'CV': '0.10640', 'CV_turn': '0.29256', 'Diversity': '0.85545', 'Novelty': '2.40620', 'ifeat_feat': 0.5917355371900826, 'NX_0_len_tra': 17.03, 'NX_0_R_tra': 13.748100208068912, 'NX_0_ctr': '0.80729', 'NX_0_CV': '0.13676', 'NX_0_CV_turn': '0.26718', 'NX_0_Diversity': '0.93073', 'NX_0_Novelty': '2.53390', 'NX_0_ifeat_feat': 0.6165590135055784, 'NX_10_len_tra': 10.0, 'NX_10_R_tra': 8.357923970817827, 'NX_10_ctr': '0.83579', 'NX_10_CV': '0.10189', 'NX_10_CV_turn': '0.33900', 'NX_10_Diversity': '0.95062', 'NX_10_Novelty': '2.46664', 'NX_10_ifeat_feat': 0.649}]
[I 240107 04:51:57 loggers:84] Epoch: [82], Info: [{'num_test': 100, 'len_tra': 11.58, 'R_tra': 10.495570788544123, 'ctr': '0.90635', 'CV': '0.09678', 'CV_turn': '0.27807', 'Diversity': '0.81875', 'Novelty': '2.42498', 'ifeat_feat': 0.5466321243523317, 'NX_0_len_tra': 16.05, 'NX_0_R_tra': 13.290137344736054, 'NX_0_ctr': '0.82805', 'NX_0_CV': '0.12384', 'NX_0_CV_turn': '0.25670', 'NX_0_Diversity': '0.92518', 'NX_0_Novelty': '2.56459', 'NX_0_ifeat_feat': 0.609968847352025, 'NX_10_len_tra': 10.0, 'NX_10_R_tra': 8.439805533181021, 'NX_10_ctr': '0.84398', 'NX_10_CV': '0.09558', 'NX_10_CV_turn': '0.31800', 'NX_10_Diversity': '0.95343', 'NX_10_Novelty': '2.49955', 'NX_10_ifeat_feat': 0.601}]
[I 240107 04:55:23 loggers:84] Epoch: [83], Info: [{'num_test': 100, 'len_tra': 13.14, 'R_tra': 11.226432938212008, 'ctr': '0.85437', 'CV': '0.08867', 'CV_turn': '0.22451', 'Diversity': '0.86860', 'Novelty': '2.30394', 'ifeat_feat': 0.6484018264840182, 'NX_0_len_tra': 18.99, 'NX_0_R_tra': 16.033551484025804, 'NX_0_ctr': '0.84432', 'NX_0_CV': '0.12293', 'NX_0_CV_turn': '0.21538', 'NX_0_Diversity': '0.93770', 'NX_0_Novelty': '2.37598', 'NX_0_ifeat_feat': 0.6145339652448657, 'NX_10_len_tra': 10.0, 'NX_10_R_tra': 8.64845783269038, 'NX_10_ctr': '0.86485', 'NX_10_CV': '0.08987', 'NX_10_CV_turn': '0.29900', 'NX_10_Diversity': '0.95498', 'NX_10_Novelty': '2.37278', 'NX_10_ifeat_feat': 0.611}]
[I 240107 04:58:41 loggers:84] Epoch: [84], Info: [{'num_test': 100, 'len_tra': 16.53, 'R_tra': 14.258781640837638, 'ctr': '0.86260', 'CV': '0.10460', 'CV_turn': '0.21053', 'Diversity': '0.90801', 'Novelty': '2.46631', 'ifeat_feat': 0.574107683000605, 'NX_0_len_tra': 19.91, 'NX_0_R_tra': 16.43729241548158, 'NX_0_ctr': '0.82558', 'NX_0_CV': '0.12955', 'NX_0_CV_turn': '0.21647', 'NX_0_Diversity': '0.93140', 'NX_0_Novelty': '2.49689', 'NX_0_ifeat_feat': 0.5791059768960322, 'NX_10_len_tra': 10.0, 'NX_10_R_tra': 8.388903616597295, 'NX_10_ctr': '0.83889', 'NX_10_CV': '0.09859', 'NX_10_CV_turn': '0.32800', 'NX_10_Diversity': '0.95209', 'NX_10_Novelty': '2.48089', 'NX_10_ifeat_feat': 0.557}]
[I 240107 05:01:55 loggers:84] Epoch: [85], Info: [{'num_test': 100, 'len_tra': 13.87, 'R_tra': 10.7829032111371, 'ctr': '0.77743', 'CV': '0.11091', 'CV_turn': '0.26604', 'Diversity': '0.89645', 'Novelty': '2.49250', 'ifeat_feat': 0.608507570295602, 'NX_0_len_tra': 17.65, 'NX_0_R_tra': 14.729846317429876, 'NX_0_ctr': '0.83455', 'NX_0_CV': '0.13105', 'NX_0_CV_turn': '0.24703', 'NX_0_Diversity': '0.93912', 'NX_0_Novelty': '2.42446', 'NX_0_ifeat_feat': 0.6062322946175638, 'NX_10_len_tra': 10.0, 'NX_10_R_tra': 8.483678641881461, 'NX_10_ctr': '0.84837', 'NX_10_CV': '0.10129', 'NX_10_CV_turn': '0.33700', 'NX_10_Diversity': '0.95494', 'NX_10_Novelty': '2.40417', 'NX_10_ifeat_feat': 0.6}]
[I 240107 05:05:37 loggers:84] Epoch: [86], Info: [{'num_test': 100, 'len_tra': 16.88, 'R_tra': 14.181263549474233, 'ctr': '0.84012', 'CV': '0.11572', 'CV_turn': '0.22808', 'Diversity': '0.90504', 'Novelty': '2.57478', 'ifeat_feat': 0.5343601895734598, 'NX_0_len_tra': 20.72, 'NX_0_R_tra': 16.6952752071118, 'NX_0_ctr': '0.80576', 'NX_0_CV': '0.12894', 'NX_0_CV_turn': '0.20705', 'NX_0_Diversity': '0.94995', 'NX_0_Novelty': '2.54034', 'NX_0_ifeat_feat': 0.5444015444015444, 'NX_10_len_tra': 10.0, 'NX_10_R_tra': 8.079801599204888, 'NX_10_ctr': '0.80798', 'NX_10_CV': '0.10129', 'NX_10_CV_turn': '0.33700', 'NX_10_Diversity': '0.95378', 'NX_10_Novelty': '2.54404', 'NX_10_ifeat_feat': 0.534}]
[I 240107 05:08:55 loggers:84] Epoch: [87], Info: [{'num_test': 100, 'len_tra': 13.28, 'R_tra': 10.18910027932525, 'ctr': '0.76725', 'CV': '0.09468', 'CV_turn': '0.23720', 'Diversity': '0.84165', 'Novelty': '2.60315', 'ifeat_feat': 0.5225903614457831, 'NX_0_len_tra': 18.79, 'NX_0_R_tra': 14.85089669057315, 'NX_0_ctr': '0.79036', 'NX_0_CV': '0.11362', 'NX_0_CV_turn': '0.20117', 'NX_0_Diversity': '0.93244', 'NX_0_Novelty': '2.63700', 'NX_0_ifeat_feat': 0.535391165513571, 'NX_10_len_tra': 10.0, 'NX_10_R_tra': 8.246397399243593, 'NX_10_ctr': '0.82464', 'NX_10_CV': '0.08957', 'NX_10_CV_turn': '0.29800', 'NX_10_Diversity': '0.95828', 'NX_10_Novelty': '2.59217', 'NX_10_ifeat_feat': 0.551}]
[I 240107 05:12:03 loggers:84] Epoch: [88], Info: [{'num_test': 100, 'len_tra': 13.58, 'R_tra': 10.853678562492703, 'ctr': '0.79924', 'CV': '0.11031', 'CV_turn': '0.27025', 'Diversity': '0.87896', 'Novelty': '2.41529', 'ifeat_feat': 0.6060382916053019, 'NX_0_len_tra': 19.05, 'NX_0_R_tra': 16.041927280647837, 'NX_0_ctr': '0.84210', 'NX_0_CV': '0.13135', 'NX_0_CV_turn': '0.22940', 'NX_0_Diversity': '0.94173', 'NX_0_Novelty': '2.38812', 'NX_0_ifeat_feat': 0.6062992125984252, 'NX_10_len_tra': 10.0, 'NX_10_R_tra': 8.196854281407195, 'NX_10_ctr': '0.81969', 'NX_10_CV': '0.10310', 'NX_10_CV_turn': '0.34300', 'NX_10_Diversity': '0.95617', 'NX_10_Novelty': '2.42547', 'NX_10_ifeat_feat': 0.616}]
[I 240107 05:15:05 loggers:84] Epoch: [89], Info: [{'num_test': 100, 'len_tra': 14.53, 'R_tra': 11.796235121379082, 'ctr': '0.81185', 'CV': '0.11181', 'CV_turn': '0.25602', 'Diversity': '0.89326', 'Novelty': '2.48358', 'ifeat_feat': 0.5911906400550585, 'NX_0_len_tra': 17.23, 'NX_0_R_tra': 13.97449246924686, 'NX_0_ctr': '0.81106', 'NX_0_CV': '0.13045', 'NX_0_CV_turn': '0.25189', 'NX_0_Diversity': '0.92320', 'NX_0_Novelty': '2.45883', 'NX_0_ifeat_feat': 0.6390017411491584, 'NX_10_len_tra': 10.0, 'NX_10_R_tra': 8.361961586815124, 'NX_10_ctr': '0.83620', 'NX_10_CV': '0.10069', 'NX_10_CV_turn': '0.33500', 'NX_10_Diversity': '0.95365', 'NX_10_Novelty': '2.41567', 'NX_10_ifeat_feat': 0.608}]
[I 240107 05:18:34 loggers:84] Epoch: [90], Info: [{'num_test': 100, 'len_tra': 13.1, 'R_tra': 10.903278008360727, 'ctr': '0.83231', 'CV': '0.10460', 'CV_turn': '0.26565', 'Diversity': '0.87585', 'Novelty': '2.65567', 'ifeat_feat': 0.5885496183206107, 'NX_0_len_tra': 16.79, 'NX_0_R_tra': 13.714864985520293, 'NX_0_ctr': '0.81685', 'NX_0_CV': '0.12143', 'NX_0_CV_turn': '0.24062', 'NX_0_Diversity': '0.94205', 'NX_0_Novelty': '2.53893', 'NX_0_ifeat_feat': 0.5735556879094699, 'NX_10_len_tra': 10.0, 'NX_10_R_tra': 8.13052325609022, 'NX_10_ctr': '0.81305', 'NX_10_CV': '0.09678', 'NX_10_CV_turn': '0.32200', 'NX_10_Diversity': '0.94796', 'NX_10_Novelty': '2.61979', 'NX_10_ifeat_feat': 0.593}]
[I 240107 05:21:57 loggers:84] Epoch: [91], Info: [{'num_test': 100, 'len_tra': 13.96, 'R_tra': 10.752477653751798, 'ctr': '0.77023', 'CV': '0.09859', 'CV_turn': '0.23496', 'Diversity': '0.89697', 'Novelty': '2.70244', 'ifeat_feat': 0.5967048710601719, 'NX_0_len_tra': 17.87, 'NX_0_R_tra': 14.095836992562816, 'NX_0_ctr': '0.78880', 'NX_0_CV': '0.11662', 'NX_0_CV_turn': '0.21712', 'NX_0_Diversity': '0.93327', 'NX_0_Novelty': '2.63935', 'NX_0_ifeat_feat': 0.6278679350867375, 'NX_10_len_tra': 10.0, 'NX_10_R_tra': 7.95074754515202, 'NX_10_ctr': '0.79507', 'NX_10_CV': '0.09318', 'NX_10_CV_turn': '0.31000', 'NX_10_Diversity': '0.95489', 'NX_10_Novelty': '2.59572', 'NX_10_ifeat_feat': 0.618}]
[I 240107 05:25:40 loggers:84] Epoch: [92], Info: [{'num_test': 100, 'len_tra': 14.48, 'R_tra': 12.0417499047634, 'ctr': '0.83161', 'CV': '0.09769', 'CV_turn': '0.22445', 'Diversity': '0.89496', 'Novelty': '2.47657', 'ifeat_feat': 0.5600828729281768, 'NX_0_len_tra': 20.12, 'NX_0_R_tra': 15.951533904309533, 'NX_0_ctr': '0.79282', 'NX_0_CV': '0.12714', 'NX_0_CV_turn': '0.21024', 'NX_0_Diversity': '0.94646', 'NX_0_Novelty': '2.57851', 'NX_0_ifeat_feat': 0.5999005964214712, 'NX_10_len_tra': 10.0, 'NX_10_R_tra': 7.770600984405543, 'NX_10_ctr': '0.77706', 'NX_10_CV': '0.09288', 'NX_10_CV_turn': '0.30900', 'NX_10_Diversity': '0.96237', 'NX_10_Novelty': '2.53921', 'NX_10_ifeat_feat': 0.584}]
[I 240107 05:28:54 loggers:84] Epoch: [93], Info: [{'num_test': 100, 'len_tra': 14.24, 'R_tra': 11.361551627114375, 'ctr': '0.79786', 'CV': '0.10400', 'CV_turn': '0.24298', 'Diversity': '0.89222', 'Novelty': '2.52969', 'ifeat_feat': 0.5091292134831461, 'NX_0_len_tra': 19.87, 'NX_0_R_tra': 16.005857385453734, 'NX_0_ctr': '0.80553', 'NX_0_CV': '0.12323', 'NX_0_CV_turn': '0.20634', 'NX_0_Diversity': '0.93190', 'NX_0_Novelty': '2.56115', 'NX_0_ifeat_feat': 0.5405133366884751, 'NX_10_len_tra': 10.0, 'NX_10_R_tra': 8.09440737257202, 'NX_10_ctr': '0.80944', 'NX_10_CV': '0.08927', 'NX_10_CV_turn': '0.29700', 'NX_10_Diversity': '0.95789', 'NX_10_Novelty': '2.57519', 'NX_10_ifeat_feat': 0.531}]
[I 240107 05:32:05 loggers:84] Epoch: [94], Info: [{'num_test': 100, 'len_tra': 13.17, 'R_tra': 10.192008692203158, 'ctr': '0.77388', 'CV': '0.10340', 'CV_turn': '0.26120', 'Diversity': '0.88859', 'Novelty': '2.48155', 'ifeat_feat': 0.6173120728929385, 'NX_0_len_tra': 15.76, 'NX_0_R_tra': 12.339298036159649, 'NX_0_ctr': '0.78295', 'NX_0_CV': '0.11752', 'NX_0_CV_turn': '0.24810', 'NX_0_Diversity': '0.92741', 'NX_0_Novelty': '2.58208', 'NX_0_ifeat_feat': 0.5907360406091371, 'NX_10_len_tra': 10.0, 'NX_10_R_tra': 7.9534795571251315, 'NX_10_ctr': '0.79535', 'NX_10_CV': '0.09228', 'NX_10_CV_turn': '0.30700', 'NX_10_Diversity': '0.94870', 'NX_10_Novelty': '2.52790', 'NX_10_ifeat_feat': 0.632}]
[I 240107 05:35:31 loggers:84] Epoch: [95], Info: [{'num_test': 100, 'len_tra': 15.58, 'R_tra': 12.580416926499366, 'ctr': '0.80747', 'CV': '0.10851', 'CV_turn': '0.23171', 'Diversity': '0.87843', 'Novelty': '2.49963', 'ifeat_feat': 0.55198973042362, 'NX_0_len_tra': 19.59, 'NX_0_R_tra': 15.450353796406398, 'NX_0_ctr': '0.78869', 'NX_0_CV': '0.12083', 'NX_0_CV_turn': '0.20521', 'NX_0_Diversity': '0.94214', 'NX_0_Novelty': '2.55378', 'NX_0_ifeat_feat': 0.5344563552833078, 'NX_10_len_tra': 10.0, 'NX_10_R_tra': 8.022962023600149, 'NX_10_ctr': '0.80230', 'NX_10_CV': '0.09318', 'NX_10_CV_turn': '0.31000', 'NX_10_Diversity': '0.95944', 'NX_10_Novelty': '2.52323', 'NX_10_ifeat_feat': 0.572}]
[I 240107 05:37:47 loggers:84] Epoch: [96], Info: [{'num_test': 100, 'len_tra': 12.14, 'R_tra': 9.96072002946294, 'ctr': '0.82049', 'CV': '0.06763', 'CV_turn': '0.18534', 'Diversity': '0.82782', 'Novelty': '2.40134', 'ifeat_feat': 0.36902800658978585, 'NX_0_len_tra': 19.89, 'NX_0_R_tra': 15.905340888850942, 'NX_0_ctr': '0.79967', 'NX_0_CV': '0.11031', 'NX_0_CV_turn': '0.18451', 'NX_0_Diversity': '0.93166', 'NX_0_Novelty': '2.49400', 'NX_0_ifeat_feat': 0.521870286576169, 'NX_10_len_tra': 10.0, 'NX_10_R_tra': 8.02608983172121, 'NX_10_ctr': '0.80261', 'NX_10_CV': '0.08596', 'NX_10_CV_turn': '0.28600', 'NX_10_Diversity': '0.96389', 'NX_10_Novelty': '2.51219', 'NX_10_ifeat_feat': 0.484}]
[I 240107 05:40:08 loggers:84] Epoch: [97], Info: [{'num_test': 100, 'len_tra': 17.25, 'R_tra': 13.65126166514155, 'ctr': '0.79138', 'CV': '0.10730', 'CV_turn': '0.20696', 'Diversity': '0.90577', 'Novelty': '2.53453', 'ifeat_feat': 0.5756521739130435, 'NX_0_len_tra': 17.59, 'NX_0_R_tra': 14.295840250625622, 'NX_0_ctr': '0.81273', 'NX_0_CV': '0.11692', 'NX_0_CV_turn': '0.22115', 'NX_0_Diversity': '0.93455', 'NX_0_Novelty': '2.60595', 'NX_0_ifeat_feat': 0.602615122228539, 'NX_10_len_tra': 10.0, 'NX_10_R_tra': 8.204420511198734, 'NX_10_ctr': '0.82044', 'NX_10_CV': '0.08717', 'NX_10_CV_turn': '0.29000', 'NX_10_Diversity': '0.95870', 'NX_10_Novelty': '2.58114', 'NX_10_ifeat_feat': 0.573}]
[I 240107 05:43:19 loggers:84] Epoch: [98], Info: [{'num_test': 100, 'len_tra': 14.09, 'R_tra': 10.452404802956574, 'ctr': '0.74183', 'CV': '0.09648', 'CV_turn': '0.22782', 'Diversity': '0.85990', 'Novelty': '2.69702', 'ifeat_feat': 0.6132008516678495, 'NX_0_len_tra': 17.36, 'NX_0_R_tra': 13.96839302300535, 'NX_0_ctr': '0.80463', 'NX_0_CV': '0.11542', 'NX_0_CV_turn': '0.22120', 'NX_0_Diversity': '0.92637', 'NX_0_Novelty': '2.58523', 'NX_0_ifeat_feat': 0.5990783410138248, 'NX_10_len_tra': 10.0, 'NX_10_R_tra': 8.107659164985597, 'NX_10_ctr': '0.81077', 'NX_10_CV': '0.09588', 'NX_10_CV_turn': '0.31900', 'NX_10_Diversity': '0.95986', 'NX_10_Novelty': '2.58983', 'NX_10_ifeat_feat': 0.607}]
[I 240107 05:45:04 loggers:84] Epoch: [99], Info: [{'num_test': 100, 'len_tra': 16.32, 'R_tra': 12.847435988276656, 'ctr': '0.78722', 'CV': '0.11211', 'CV_turn': '0.22855', 'Diversity': '0.90116', 'Novelty': '2.45852', 'ifeat_feat': 0.5949754901960784, 'NX_0_len_tra': 21.59, 'NX_0_R_tra': 17.078371536884315, 'NX_0_ctr': '0.79103', 'NX_0_CV': '0.12894', 'NX_0_CV_turn': '0.19870', 'NX_0_Diversity': '0.94299', 'NX_0_Novelty': '2.51935', 'NX_0_ifeat_feat': 0.5905511811023622, 'NX_10_len_tra': 10.0, 'NX_10_R_tra': 8.051777999831238, 'NX_10_ctr': '0.80518', 'NX_10_CV': '0.09618', 'NX_10_CV_turn': '0.32000', 'NX_10_Diversity': '0.95785', 'NX_10_Novelty': '2.50459', 'NX_10_ifeat_feat': 0.614}]
[I 240107 05:46:58 loggers:84] Epoch: [100], Info: [{'num_test': 100, 'len_tra': 16.49, 'R_tra': 13.558082324741948, 'ctr': '0.82220', 'CV': '0.09829', 'CV_turn': '0.19830', 'Diversity': '0.88954', 'Novelty': '2.52046', 'ifeat_feat': 0.5997574287446937, 'NX_0_len_tra': 19.2, 'NX_0_R_tra': 15.640480370264227, 'NX_0_ctr': '0.81461', 'NX_0_CV': '0.11873', 'NX_0_CV_turn': '0.20573', 'NX_0_Diversity': '0.92639', 'NX_0_Novelty': '2.57607', 'NX_0_ifeat_feat': 0.5994791666666667, 'NX_10_len_tra': 10.0, 'NX_10_R_tra': 7.669430824256732, 'NX_10_ctr': '0.76694', 'NX_10_CV': '0.08717', 'NX_10_CV_turn': '0.29000', 'NX_10_Diversity': '0.96465', 'NX_10_Novelty': '2.54101', 'NX_10_ifeat_feat': 0.58}]
[I 240107 05:46:58 policy_utils:403] {'duration': '18663.87s', 'train_time/model': '17848.20s', 'test_step': 114086, 'test_episode': 10100, 'test_time': '107.60s', 'test_speed': '1060.31 step/s', 'best_reward': 14.258781640837638, 'best_result': '14.26  7.34', 'train_step': 1000000, 'train_episode': 87074, 'train_time/collector': '708.07s', 'train_speed': '53.89 step/s'}
