[I 240109 03:06:40 policy_utils:158] {
      "env": "KuaiEnv-v0",
      "user_model_name": "DeepFM",
      "seed": 2023,
      "cuda": 0,
      "remove_recommended_ids": false,
      "draw_bar": false,
      "is_userinfo": false,
      "is_all_item_ranking": false,
      "cpu": false,
      "is_save": false,
      "use_userEmbedding": false,
      "use_pretrained_embedding": true,
      "exploration_noise": false,
      "explore_eps": 0.01,
      "need_state_norm": false,
      "freeze_emb": false,
      "reward_handle": "cat",
      "which_tracker": "avg",
      "embedding_dim": 32,
      "window_size": 3,
      "random_init": true,
      "filter_sizes": [
        2,
        3,
        4
      ],
      "num_filters": 16,
      "dropout_rate": 0.1,
      "num_heads": 1,
      "dilations": "[1, 2, 1, 2, 1, 2]",
      "buffer_size": 100000,
      "lr": 0.001,
      "epoch": 100,
      "batch_size": 1024,
      "hidden_sizes": [
        64,
        64
      ],
      "episode_per_collect": 100,
      "n_step": 3,
      "update_per_step": 0.125,
      "training_num": 100,
      "test_num": 100,
      "render": 0,
      "reward_threshold": null,
      "gamma": 0.9,
      "step_per_epoch": 100000,
      "step_per_collect": 100,
      "repeat_per_collect": 1,
      "logdir": "log",
      "read_message": "pointneg",
      "all_item_ranking": false,
      "is_binarize": false,
      "need_transform": true,
      "use_auxiliary": false,
      "entropy_window": [
        1,
        2
      ],
      "yfeat": "watch_ratio_normed",
      "leave_threshold": 1,
      "num_leave_compute": 9,
      "max_turn": 30,
      "force_length": 10,
      "top_rate": 0.8,
      "model_name": "DORL",
      "vf_coef": 0.5,
      "ent_coef": 0.0,
      "max_grad_norm": null,
      "gae_lambda": 1.0,
      "rew_norm": false,
      "use_exposure_intervention": false,
      "use_feature_level": false,
      "is_sorted": true,
      "version": "v1",
      "tau": 0,
      "gamma_exposure": 10,
      "lambda_entropy": 5,
      "message": "DORL",
      "feature_level": true,
      "hostname": "server3"
    }
[I 240109 03:13:06 loggers:84] Epoch: [1], Info: [{'num_test': 100, 'len_tra': 12.48, 'R_tra': 10.433440529564155, 'ctr': '0.83601', 'CV': '0.30508', 'CV_turn': '0.81330', 'Diversity': '0.91431', 'Novelty': '2.50759', 'ifeat_feat': 0.7387820512820513, 'NX_0_len_tra': 12.61, 'NX_0_R_tra': 11.109172889025821, 'NX_0_ctr': '0.88098', 'NX_0_CV': '0.30718', 'NX_0_CV_turn': '0.81047', 'NX_0_Diversity': '0.91621', 'NX_0_Novelty': '2.47476', 'NX_0_ifeat_feat': 0.7383029341792229, 'NX_10_len_tra': 10.0, 'NX_10_R_tra': 8.409612389276468, 'NX_10_ctr': '0.84096', 'NX_10_CV': '0.25488', 'NX_10_CV_turn': '0.84800', 'NX_10_Diversity': '0.93684', 'NX_10_Novelty': '2.46082', 'NX_10_ifeat_feat': 0.734}]
[I 240109 03:14:13 loggers:84] Epoch: [2], Info: [{'num_test': 100, 'len_tra': 17.43, 'R_tra': 10.892354649353416, 'ctr': '0.62492', 'CV': '0.16982', 'CV_turn': '0.32415', 'Diversity': '0.93147', 'Novelty': '3.31538', 'ifeat_feat': 0.25243832472748134, 'NX_0_len_tra': 20.66, 'NX_0_R_tra': 13.955297058550268, 'NX_0_ctr': '0.67547', 'NX_0_CV': '0.21912', 'NX_0_CV_turn': '0.35286', 'NX_0_Diversity': '0.94483', 'NX_0_Novelty': '3.10552', 'NX_0_ifeat_feat': 0.3005808325266215, 'NX_10_len_tra': 10.0, 'NX_10_R_tra': 6.0425986101276, 'NX_10_ctr': '0.60426', 'NX_10_CV': '0.13015', 'NX_10_CV_turn': '0.43300', 'NX_10_Diversity': '0.96615', 'NX_10_Novelty': '3.21048', 'NX_10_ifeat_feat': 0.284}]
[I 240109 03:15:17 loggers:84] Epoch: [3], Info: [{'num_test': 100, 'len_tra': 19.92, 'R_tra': 11.168999971501576, 'ctr': '0.56069', 'CV': '0.11782', 'CV_turn': '0.19679', 'Diversity': '0.93212', 'Novelty': '3.44477', 'ifeat_feat': 0.1290160642570281, 'NX_0_len_tra': 24.11, 'NX_0_R_tra': 15.794939415552376, 'NX_0_ctr': '0.65512', 'NX_0_CV': '0.18064', 'NX_0_CV_turn': '0.24927', 'NX_0_Diversity': '0.96223', 'NX_0_Novelty': '3.12072', 'NX_0_ifeat_feat': 0.21236001659062628, 'NX_10_len_tra': 10.0, 'NX_10_R_tra': 6.529815684208648, 'NX_10_ctr': '0.65298', 'NX_10_CV': '0.08987', 'NX_10_CV_turn': '0.29900', 'NX_10_Diversity': '0.98007', 'NX_10_Novelty': '3.24330', 'NX_10_ifeat_feat': 0.182}]
[I 240109 03:16:22 loggers:84] Epoch: [4], Info: [{'num_test': 100, 'len_tra': 20.1, 'R_tra': 12.371645090260941, 'ctr': '0.61550', 'CV': '0.10580', 'CV_turn': '0.17512', 'Diversity': '0.93542', 'Novelty': '3.34928', 'ifeat_feat': 0.12885572139303483, 'NX_0_len_tra': 25.07, 'NX_0_R_tra': 16.78457768326561, 'NX_0_ctr': '0.66951', 'NX_0_CV': '0.15239', 'NX_0_CV_turn': '0.20223', 'NX_0_Diversity': '0.96492', 'NX_0_Novelty': '3.09022', 'NX_0_ifeat_feat': 0.1743119266055046, 'NX_10_len_tra': 10.0, 'NX_10_R_tra': 6.330971286803466, 'NX_10_ctr': '0.63310', 'NX_10_CV': '0.07003', 'NX_10_CV_turn': '0.23300', 'NX_10_Diversity': '0.97670', 'NX_10_Novelty': '3.32334', 'NX_10_ifeat_feat': 0.13}]
[I 240109 03:17:37 loggers:84] Epoch: [5], Info: [{'num_test': 100, 'len_tra': 19.72, 'R_tra': 11.835382348368569, 'ctr': '0.60017', 'CV': '0.09739', 'CV_turn': '0.16430', 'Diversity': '0.92369', 'Novelty': '3.38308', 'ifeat_feat': 0.11663286004056796, 'NX_0_len_tra': 24.72, 'NX_0_R_tra': 17.378990111430404, 'NX_0_ctr': '0.70303', 'NX_0_CV': '0.15149', 'NX_0_CV_turn': '0.20388', 'NX_0_Diversity': '0.96042', 'NX_0_Novelty': '3.03571', 'NX_0_ifeat_feat': 0.1779935275080906, 'NX_10_len_tra': 10.0, 'NX_10_R_tra': 5.859909155564065, 'NX_10_ctr': '0.58599', 'NX_10_CV': '0.06733', 'NX_10_CV_turn': '0.22400', 'NX_10_Diversity': '0.97759', 'NX_10_Novelty': '3.25160', 'NX_10_ifeat_feat': 0.14}]
[I 240109 03:18:58 loggers:84] Epoch: [6], Info: [{'num_test': 100, 'len_tra': 19.6, 'R_tra': 11.945490910833653, 'ctr': '0.60946', 'CV': '0.09017', 'CV_turn': '0.15306', 'Diversity': '0.94064', 'Novelty': '3.28693', 'ifeat_feat': 0.1076530612244898, 'NX_0_len_tra': 25.27, 'NX_0_R_tra': 17.322949705491162, 'NX_0_ctr': '0.68551', 'NX_0_CV': '0.13436', 'NX_0_CV_turn': '0.17689', 'NX_0_Diversity': '0.96758', 'NX_0_Novelty': '2.98555', 'NX_0_ifeat_feat': 0.1598733676296003, 'NX_10_len_tra': 10.0, 'NX_10_R_tra': 6.697763636059022, 'NX_10_ctr': '0.66978', 'NX_10_CV': '0.06282', 'NX_10_CV_turn': '0.20900', 'NX_10_Diversity': '0.97596', 'NX_10_Novelty': '3.14450', 'NX_10_ifeat_feat': 0.105}]
[I 240109 03:20:15 loggers:84] Epoch: [7], Info: [{'num_test': 100, 'len_tra': 18.2, 'R_tra': 12.16323160170168, 'ctr': '0.66831', 'CV': '0.07003', 'CV_turn': '0.12802', 'Diversity': '0.92806', 'Novelty': '3.13503', 'ifeat_feat': 0.08571428571428572, 'NX_0_len_tra': 25.05, 'NX_0_R_tra': 18.163412070402806, 'NX_0_ctr': '0.72509', 'NX_0_CV': '0.12143', 'NX_0_CV_turn': '0.16128', 'NX_0_Diversity': '0.96673', 'NX_0_Novelty': '2.95199', 'NX_0_ifeat_feat': 0.1437125748502994, 'NX_10_len_tra': 10.0, 'NX_10_R_tra': 6.6497109058506165, 'NX_10_ctr': '0.66497', 'NX_10_CV': '0.05741', 'NX_10_CV_turn': '0.19100', 'NX_10_Diversity': '0.97563', 'NX_10_Novelty': '3.10863', 'NX_10_ifeat_feat': 0.104}]
[I 240109 03:21:19 loggers:84] Epoch: [8], Info: [{'num_test': 100, 'len_tra': 17.8, 'R_tra': 12.032992389578556, 'ctr': '0.67601', 'CV': '0.07124', 'CV_turn': '0.13315', 'Diversity': '0.90844', 'Novelty': '3.13702', 'ifeat_feat': 0.07359550561797752, 'NX_0_len_tra': 25.21, 'NX_0_R_tra': 18.21464180263978, 'NX_0_ctr': '0.72252', 'NX_0_CV': '0.12083', 'NX_0_CV_turn': '0.15946', 'NX_0_Diversity': '0.96475', 'NX_0_Novelty': '2.89118', 'NX_0_ifeat_feat': 0.14875049583498612, 'NX_10_len_tra': 10.0, 'NX_10_R_tra': 6.624371723362926, 'NX_10_ctr': '0.66244', 'NX_10_CV': '0.05681', 'NX_10_CV_turn': '0.18900', 'NX_10_Diversity': '0.97963', 'NX_10_Novelty': '3.05539', 'NX_10_ifeat_feat': 0.099}]
[I 240109 03:22:22 loggers:84] Epoch: [9], Info: [{'num_test': 100, 'len_tra': 17.86, 'R_tra': 11.929704055938283, 'ctr': '0.66796', 'CV': '0.06733', 'CV_turn': '0.12542', 'Diversity': '0.91590', 'Novelty': '3.11368', 'ifeat_feat': 0.08118701007838745, 'NX_0_len_tra': 25.09, 'NX_0_R_tra': 18.68156721533037, 'NX_0_ctr': '0.74458', 'NX_0_CV': '0.10610', 'NX_0_CV_turn': '0.14069', 'NX_0_Diversity': '0.96584', 'NX_0_Novelty': '2.86459', 'NX_0_ifeat_feat': 0.14507772020725387, 'NX_10_len_tra': 10.0, 'NX_10_R_tra': 7.2656609834143815, 'NX_10_ctr': '0.72657', 'NX_10_CV': '0.05230', 'NX_10_CV_turn': '0.17400', 'NX_10_Diversity': '0.97900', 'NX_10_Novelty': '2.96996', 'NX_10_ifeat_feat': 0.099}]
[I 240109 03:23:27 loggers:84] Epoch: [10], Info: [{'num_test': 100, 'len_tra': 19.02, 'R_tra': 12.519204840902699, 'ctr': '0.65821', 'CV': '0.06853', 'CV_turn': '0.11987', 'Diversity': '0.92214', 'Novelty': '3.12208', 'ifeat_feat': 0.08569926393270241, 'NX_0_len_tra': 25.23, 'NX_0_R_tra': 19.438127276559683, 'NX_0_ctr': '0.77044', 'NX_0_CV': '0.10219', 'NX_0_CV_turn': '0.13476', 'NX_0_Diversity': '0.96636', 'NX_0_Novelty': '2.82131', 'NX_0_ifeat_feat': 0.14229092350376535, 'NX_10_len_tra': 10.0, 'NX_10_R_tra': 7.044049180084052, 'NX_10_ctr': '0.70440', 'NX_10_CV': '0.04839', 'NX_10_CV_turn': '0.16100', 'NX_10_Diversity': '0.98174', 'NX_10_Novelty': '3.03202', 'NX_10_ifeat_feat': 0.099}]
[I 240109 03:26:40 loggers:84] Epoch: [11], Info: [{'num_test': 100, 'len_tra': 19.38, 'R_tra': 12.962696734463197, 'ctr': '0.66887', 'CV': '0.06252', 'CV_turn': '0.10733', 'Diversity': '0.92881', 'Novelty': '3.22164', 'ifeat_feat': 0.07739938080495357, 'NX_0_len_tra': 23.74, 'NX_0_R_tra': 18.591024076825946, 'NX_0_ctr': '0.78311', 'NX_0_CV': '0.09708', 'NX_0_CV_turn': '0.13606', 'NX_0_Diversity': '0.96054', 'NX_0_Novelty': '2.86038', 'NX_0_ifeat_feat': 0.14279696714406065, 'NX_10_len_tra': 10.0, 'NX_10_R_tra': 6.899068496462361, 'NX_10_ctr': '0.68991', 'NX_10_CV': '0.04779', 'NX_10_CV_turn': '0.15900', 'NX_10_Diversity': '0.98178', 'NX_10_Novelty': '3.09469', 'NX_10_ifeat_feat': 0.078}]
[I 240109 03:30:00 loggers:84] Epoch: [12], Info: [{'num_test': 100, 'len_tra': 18.64, 'R_tra': 11.997709236960496, 'ctr': '0.64365', 'CV': '0.05561', 'CV_turn': '0.09925', 'Diversity': '0.91456', 'Novelty': '3.20868', 'ifeat_feat': 0.07510729613733906, 'NX_0_len_tra': 26.19, 'NX_0_R_tra': 19.336024460071233, 'NX_0_ctr': '0.73830', 'NX_0_CV': '0.09648', 'NX_0_CV_turn': '0.12257', 'NX_0_Diversity': '0.96535', 'NX_0_Novelty': '2.87880', 'NX_0_ifeat_feat': 0.143184421534937, 'NX_10_len_tra': 10.0, 'NX_10_R_tra': 6.648925274734389, 'NX_10_ctr': '0.66489', 'NX_10_CV': '0.04088', 'NX_10_CV_turn': '0.13600', 'NX_10_Diversity': '0.98022', 'NX_10_Novelty': '3.08351', 'NX_10_ifeat_feat': 0.082}]
[I 240109 03:33:20 loggers:84] Epoch: [13], Info: [{'num_test': 100, 'len_tra': 18.32, 'R_tra': 12.836929254336978, 'ctr': '0.70071', 'CV': '0.04779', 'CV_turn': '0.08679', 'Diversity': '0.92963', 'Novelty': '3.02231', 'ifeat_feat': 0.11899563318777293, 'NX_0_len_tra': 26.23, 'NX_0_R_tra': 19.97113561516828, 'NX_0_ctr': '0.76139', 'NX_0_CV': '0.09318', 'NX_0_CV_turn': '0.11819', 'NX_0_Diversity': '0.97076', 'NX_0_Novelty': '2.78357', 'NX_0_ifeat_feat': 0.16202821197102554, 'NX_10_len_tra': 10.0, 'NX_10_R_tra': 7.129766711941511, 'NX_10_ctr': '0.71298', 'NX_10_CV': '0.03968', 'NX_10_CV_turn': '0.13200', 'NX_10_Diversity': '0.98326', 'NX_10_Novelty': '2.98069', 'NX_10_ifeat_feat': 0.127}]
[I 240109 03:36:45 loggers:84] Epoch: [14], Info: [{'num_test': 100, 'len_tra': 18.35, 'R_tra': 12.639210411282434, 'ctr': '0.68879', 'CV': '0.04779', 'CV_turn': '0.08665', 'Diversity': '0.92147', 'Novelty': '3.05359', 'ifeat_feat': 0.08010899182561308, 'NX_0_len_tra': 24.94, 'NX_0_R_tra': 19.545427218557254, 'NX_0_ctr': '0.78370', 'NX_0_CV': '0.08416', 'NX_0_CV_turn': '0.11227', 'NX_0_Diversity': '0.96805', 'NX_0_Novelty': '2.79561', 'NX_0_ifeat_feat': 0.13913392141138733, 'NX_10_len_tra': 10.0, 'NX_10_R_tra': 7.389000966035453, 'NX_10_ctr': '0.73890', 'NX_10_CV': '0.03817', 'NX_10_CV_turn': '0.12700', 'NX_10_Diversity': '0.98144', 'NX_10_Novelty': '2.94443', 'NX_10_ifeat_feat': 0.107}]
[I 240109 03:39:58 loggers:84] Epoch: [15], Info: [{'num_test': 100, 'len_tra': 19.5, 'R_tra': 13.90559486250915, 'ctr': '0.71311', 'CV': '0.04238', 'CV_turn': '0.07231', 'Diversity': '0.91520', 'Novelty': '3.08441', 'ifeat_feat': 0.08923076923076922, 'NX_0_len_tra': 25.66, 'NX_0_R_tra': 20.671288130659992, 'NX_0_ctr': '0.80558', 'NX_0_CV': '0.07604', 'NX_0_CV_turn': '0.09860', 'NX_0_Diversity': '0.96796', 'NX_0_Novelty': '2.74866', 'NX_0_ifeat_feat': 0.1383476227591582, 'NX_10_len_tra': 10.0, 'NX_10_R_tra': 7.197458655902096, 'NX_10_ctr': '0.71975', 'NX_10_CV': '0.03487', 'NX_10_CV_turn': '0.11600', 'NX_10_Diversity': '0.98611', 'NX_10_Novelty': '2.95323', 'NX_10_ifeat_feat': 0.096}]
[I 240109 03:43:18 loggers:84] Epoch: [16], Info: [{'num_test': 100, 'len_tra': 18.96, 'R_tra': 13.200605360435475, 'ctr': '0.69623', 'CV': '0.04058', 'CV_turn': '0.07120', 'Diversity': '0.92175', 'Novelty': '3.05561', 'ifeat_feat': 0.0981012658227848, 'NX_0_len_tra': 25.39, 'NX_0_R_tra': 20.89506078598842, 'NX_0_ctr': '0.82296', 'NX_0_CV': '0.07905', 'NX_0_CV_turn': '0.10358', 'NX_0_Diversity': '0.97212', 'NX_0_Novelty': '2.73569', 'NX_0_ifeat_feat': 0.14336352894840487, 'NX_10_len_tra': 10.0, 'NX_10_R_tra': 7.289106605128602, 'NX_10_ctr': '0.72891', 'NX_10_CV': '0.03607', 'NX_10_CV_turn': '0.12000', 'NX_10_Diversity': '0.98656', 'NX_10_Novelty': '2.91647', 'NX_10_ifeat_feat': 0.108}]
[I 240109 03:46:30 loggers:84] Epoch: [17], Info: [{'num_test': 100, 'len_tra': 19.0, 'R_tra': 14.098603786593934, 'ctr': '0.74203', 'CV': '0.03968', 'CV_turn': '0.06947', 'Diversity': '0.92096', 'Novelty': '2.96231', 'ifeat_feat': 0.11421052631578947, 'NX_0_len_tra': 25.4, 'NX_0_R_tra': 20.514017694710873, 'NX_0_ctr': '0.80764', 'NX_0_CV': '0.07124', 'NX_0_CV_turn': '0.09331', 'NX_0_Diversity': '0.97000', 'NX_0_Novelty': '2.63718', 'NX_0_ifeat_feat': 0.16220472440944883, 'NX_10_len_tra': 10.0, 'NX_10_R_tra': 7.365900397744148, 'NX_10_ctr': '0.73659', 'NX_10_CV': '0.03727', 'NX_10_CV_turn': '0.12400', 'NX_10_Diversity': '0.98722', 'NX_10_Novelty': '2.83666', 'NX_10_ifeat_feat': 0.126}]
[I 240109 03:49:49 loggers:84] Epoch: [18], Info: [{'num_test': 100, 'len_tra': 19.48, 'R_tra': 13.91499834203992, 'ctr': '0.71432', 'CV': '0.04238', 'CV_turn': '0.07238', 'Diversity': '0.92938', 'Novelty': '2.97941', 'ifeat_feat': 0.1026694045174538, 'NX_0_len_tra': 26.83, 'NX_0_R_tra': 20.980501639859895, 'NX_0_ctr': '0.78198', 'NX_0_CV': '0.07514', 'NX_0_CV_turn': '0.09318', 'NX_0_Diversity': '0.97221', 'NX_0_Novelty': '2.65605', 'NX_0_ifeat_feat': 0.17070443533358182, 'NX_10_len_tra': 10.0, 'NX_10_R_tra': 7.705675531368297, 'NX_10_ctr': '0.77057', 'NX_10_CV': '0.03396', 'NX_10_CV_turn': '0.11300', 'NX_10_Diversity': '0.98670', 'NX_10_Novelty': '2.82492', 'NX_10_ifeat_feat': 0.125}]
[I 240109 03:53:22 loggers:84] Epoch: [19], Info: [{'num_test': 100, 'len_tra': 18.53, 'R_tra': 13.521447070821155, 'ctr': '0.72971', 'CV': '0.04058', 'CV_turn': '0.07285', 'Diversity': '0.92379', 'Novelty': '2.91849', 'ifeat_feat': 0.09875876956287102, 'NX_0_len_tra': 25.9, 'NX_0_R_tra': 20.68658817475042, 'NX_0_ctr': '0.79871', 'NX_0_CV': '0.07033', 'NX_0_CV_turn': '0.09035', 'NX_0_Diversity': '0.97116', 'NX_0_Novelty': '2.66987', 'NX_0_ifeat_feat': 0.138996138996139, 'NX_10_len_tra': 10.0, 'NX_10_R_tra': 7.811801907507589, 'NX_10_ctr': '0.78118', 'NX_10_CV': '0.03306', 'NX_10_CV_turn': '0.11000', 'NX_10_Diversity': '0.98778', 'NX_10_Novelty': '2.78931', 'NX_10_ifeat_feat': 0.097}]
[I 240109 03:57:25 loggers:84] Epoch: [20], Info: [{'num_test': 100, 'len_tra': 19.97, 'R_tra': 15.108526626430406, 'ctr': '0.75656', 'CV': '0.03877', 'CV_turn': '0.06460', 'Diversity': '0.93181', 'Novelty': '2.93914', 'ifeat_feat': 0.09414121181772658, 'NX_0_len_tra': 25.85, 'NX_0_R_tra': 21.096355974044272, 'NX_0_ctr': '0.81611', 'NX_0_CV': '0.06462', 'NX_0_CV_turn': '0.08317', 'NX_0_Diversity': '0.96873', 'NX_0_Novelty': '2.63683', 'NX_0_ifeat_feat': 0.14584139264990328, 'NX_10_len_tra': 10.0, 'NX_10_R_tra': 8.027050283162579, 'NX_10_ctr': '0.80271', 'NX_10_CV': '0.03396', 'NX_10_CV_turn': '0.11300', 'NX_10_Diversity': '0.98722', 'NX_10_Novelty': '2.83120', 'NX_10_ifeat_feat': 0.109}]
[I 240109 04:01:39 loggers:84] Epoch: [21], Info: [{'num_test': 100, 'len_tra': 18.92, 'R_tra': 13.858690532619521, 'ctr': '0.73249', 'CV': '0.03457', 'CV_turn': '0.06078', 'Diversity': '0.91335', 'Novelty': '3.00952', 'ifeat_feat': 0.09090909090909091, 'NX_0_len_tra': 25.44, 'NX_0_R_tra': 20.406331541537412, 'NX_0_ctr': '0.80214', 'NX_0_CV': '0.06583', 'NX_0_CV_turn': '0.08608', 'NX_0_Diversity': '0.97121', 'NX_0_Novelty': '2.62241', 'NX_0_ifeat_feat': 0.16430817610062892, 'NX_10_len_tra': 10.0, 'NX_10_R_tra': 7.6658242656948365, 'NX_10_ctr': '0.76658', 'NX_10_CV': '0.03156', 'NX_10_CV_turn': '0.10500', 'NX_10_Diversity': '0.98778', 'NX_10_Novelty': '2.81715', 'NX_10_ifeat_feat': 0.116}]
[I 240109 04:05:43 loggers:84] Epoch: [22], Info: [{'num_test': 100, 'len_tra': 19.64, 'R_tra': 14.565020268685615, 'ctr': '0.74160', 'CV': '0.03577', 'CV_turn': '0.06059', 'Diversity': '0.93029', 'Novelty': '2.93688', 'ifeat_feat': 0.12627291242362526, 'NX_0_len_tra': 24.38, 'NX_0_R_tra': 20.72542640187983, 'NX_0_ctr': '0.85010', 'NX_0_CV': '0.05831', 'NX_0_CV_turn': '0.07957', 'NX_0_Diversity': '0.96914', 'NX_0_Novelty': '2.65383', 'NX_0_ifeat_feat': 0.16365873666940114, 'NX_10_len_tra': 10.0, 'NX_10_R_tra': 8.107894411073604, 'NX_10_ctr': '0.81079', 'NX_10_CV': '0.02705', 'NX_10_CV_turn': '0.09000', 'NX_10_Diversity': '0.98756', 'NX_10_Novelty': '2.74079', 'NX_10_ifeat_feat': 0.141}]
[I 240109 04:09:56 loggers:84] Epoch: [23], Info: [{'num_test': 100, 'len_tra': 19.32, 'R_tra': 13.832001846804424, 'ctr': '0.71594', 'CV': '0.03427', 'CV_turn': '0.05901', 'Diversity': '0.92095', 'Novelty': '2.96717', 'ifeat_feat': 0.10041407867494824, 'NX_0_len_tra': 25.71, 'NX_0_R_tra': 20.541540097181258, 'NX_0_ctr': '0.79897', 'NX_0_CV': '0.05771', 'NX_0_CV_turn': '0.07468', 'NX_0_Diversity': '0.97111', 'NX_0_Novelty': '2.61437', 'NX_0_ifeat_feat': 0.15130299494360172, 'NX_10_len_tra': 10.0, 'NX_10_R_tra': 7.969246424099531, 'NX_10_ctr': '0.79692', 'NX_10_CV': '0.02885', 'NX_10_CV_turn': '0.09600', 'NX_10_Diversity': '0.98889', 'NX_10_Novelty': '2.73330', 'NX_10_ifeat_feat': 0.108}]
[I 240109 04:12:55 loggers:84] Epoch: [24], Info: [{'num_test': 100, 'len_tra': 19.2, 'R_tra': 14.769803805237673, 'ctr': '0.76926', 'CV': '0.02795', 'CV_turn': '0.04844', 'Diversity': '0.92577', 'Novelty': '2.91116', 'ifeat_feat': 0.09322916666666667, 'NX_0_len_tra': 25.28, 'NX_0_R_tra': 21.283749829074864, 'NX_0_ctr': '0.84192', 'NX_0_CV': '0.05771', 'NX_0_CV_turn': '0.07595', 'NX_0_Diversity': '0.97121', 'NX_0_Novelty': '2.58117', 'NX_0_ifeat_feat': 0.13686708860759494, 'NX_10_len_tra': 10.0, 'NX_10_R_tra': 8.170651580894166, 'NX_10_ctr': '0.81707', 'NX_10_CV': '0.02735', 'NX_10_CV_turn': '0.09100', 'NX_10_Diversity': '0.98956', 'NX_10_Novelty': '2.69513', 'NX_10_ifeat_feat': 0.124}]
[I 240109 04:15:01 loggers:84] Epoch: [25], Info: [{'num_test': 100, 'len_tra': 18.99, 'R_tra': 13.468898368337179, 'ctr': '0.70926', 'CV': '0.02825', 'CV_turn': '0.04950', 'Diversity': '0.92504', 'Novelty': '2.93004', 'ifeat_feat': 0.06845708267509215, 'NX_0_len_tra': 24.92, 'NX_0_R_tra': 20.19598008033764, 'NX_0_ctr': '0.81043', 'NX_0_CV': '0.05410', 'NX_0_CV_turn': '0.07223', 'NX_0_Diversity': '0.96994', 'NX_0_Novelty': '2.53143', 'NX_0_ifeat_feat': 0.13523274478330657, 'NX_10_len_tra': 10.0, 'NX_10_R_tra': 7.900474591426879, 'NX_10_ctr': '0.79005', 'NX_10_CV': '0.02495', 'NX_10_CV_turn': '0.08300', 'NX_10_Diversity': '0.98893', 'NX_10_Novelty': '2.60995', 'NX_10_ifeat_feat': 0.097}]
[I 240109 04:17:10 loggers:84] Epoch: [26], Info: [{'num_test': 100, 'len_tra': 19.75, 'R_tra': 14.880951400922266, 'ctr': '0.75347', 'CV': '0.02615', 'CV_turn': '0.04405', 'Diversity': '0.92828', 'Novelty': '2.93095', 'ifeat_feat': 0.08658227848101266, 'NX_0_len_tra': 26.38, 'NX_0_R_tra': 21.157387519722455, 'NX_0_ctr': '0.80202', 'NX_0_CV': '0.04869', 'NX_0_CV_turn': '0.06141', 'NX_0_Diversity': '0.97062', 'NX_0_Novelty': '2.53152', 'NX_0_ifeat_feat': 0.12130401819560273, 'NX_10_len_tra': 10.0, 'NX_10_R_tra': 7.633183347927509, 'NX_10_ctr': '0.76332', 'NX_10_CV': '0.02194', 'NX_10_CV_turn': '0.07300', 'NX_10_Diversity': '0.99033', 'NX_10_Novelty': '2.68392', 'NX_10_ifeat_feat': 0.102}]
[I 240109 04:19:39 loggers:84] Epoch: [27], Info: [{'num_test': 100, 'len_tra': 17.47, 'R_tra': 13.120701740604877, 'ctr': '0.75104', 'CV': '0.02645', 'CV_turn': '0.05037', 'Diversity': '0.92439', 'Novelty': '3.02082', 'ifeat_feat': 0.059530623926731537, 'NX_0_len_tra': 23.85, 'NX_0_R_tra': 20.288565404157286, 'NX_0_ctr': '0.85067', 'NX_0_CV': '0.05410', 'NX_0_CV_turn': '0.07547', 'NX_0_Diversity': '0.96926', 'NX_0_Novelty': '2.50947', 'NX_0_ifeat_feat': 0.1220125786163522, 'NX_10_len_tra': 10.0, 'NX_10_R_tra': 8.477019451302853, 'NX_10_ctr': '0.84770', 'NX_10_CV': '0.02344', 'NX_10_CV_turn': '0.07800', 'NX_10_Diversity': '0.99122', 'NX_10_Novelty': '2.61980', 'NX_10_ifeat_feat': 0.092}]
[I 240109 04:21:57 loggers:84] Epoch: [28], Info: [{'num_test': 100, 'len_tra': 20.7, 'R_tra': 14.432869873490022, 'ctr': '0.69724', 'CV': '0.02435', 'CV_turn': '0.03913', 'Diversity': '0.92162', 'Novelty': '2.99684', 'ifeat_feat': 0.058454106280193235, 'NX_0_len_tra': 24.85, 'NX_0_R_tra': 20.525558027977812, 'NX_0_ctr': '0.82598', 'NX_0_CV': '0.04448', 'NX_0_CV_turn': '0.05956', 'NX_0_Diversity': '0.97142', 'NX_0_Novelty': '2.48669', 'NX_0_ifeat_feat': 0.1227364185110664, 'NX_10_len_tra': 10.0, 'NX_10_R_tra': 8.219351816282842, 'NX_10_ctr': '0.82194', 'NX_10_CV': '0.02014', 'NX_10_CV_turn': '0.06700', 'NX_10_Diversity': '0.99289', 'NX_10_Novelty': '2.57166', 'NX_10_ifeat_feat': 0.082}]
[I 240109 04:24:09 loggers:84] Epoch: [29], Info: [{'num_test': 100, 'len_tra': 19.52, 'R_tra': 13.958402451591052, 'ctr': '0.71508', 'CV': '0.02164', 'CV_turn': '0.03689', 'Diversity': '0.91629', 'Novelty': '2.91235', 'ifeat_feat': 0.07377049180327869, 'NX_0_len_tra': 25.96, 'NX_0_R_tra': 22.16527701017019, 'NX_0_ctr': '0.85382', 'NX_0_CV': '0.04689', 'NX_0_CV_turn': '0.06009', 'NX_0_Diversity': '0.97253', 'NX_0_Novelty': '2.44159', 'NX_0_ifeat_feat': 0.14445300462249616, 'NX_10_len_tra': 10.0, 'NX_10_R_tra': 8.475383016409914, 'NX_10_ctr': '0.84754', 'NX_10_CV': '0.01713', 'NX_10_CV_turn': '0.05700', 'NX_10_Diversity': '0.99611', 'NX_10_Novelty': '2.51114', 'NX_10_ifeat_feat': 0.096}]
[I 240109 04:26:44 loggers:84] Epoch: [30], Info: [{'num_test': 100, 'len_tra': 19.71, 'R_tra': 15.202331360460727, 'ctr': '0.77130', 'CV': '0.01713', 'CV_turn': '0.02892', 'Diversity': '0.90946', 'Novelty': '3.00894', 'ifeat_feat': 0.07813292744799594, 'NX_0_len_tra': 25.33, 'NX_0_R_tra': 21.42395886817671, 'NX_0_ctr': '0.84579', 'NX_0_CV': '0.04358', 'NX_0_CV_turn': '0.05724', 'NX_0_Diversity': '0.97129', 'NX_0_Novelty': '2.43858', 'NX_0_ifeat_feat': 0.1405448085274378, 'NX_10_len_tra': 10.0, 'NX_10_R_tra': 8.785885044327928, 'NX_10_ctr': '0.87859', 'NX_10_CV': '0.01503', 'NX_10_CV_turn': '0.05000', 'NX_10_Diversity': '0.99489', 'NX_10_Novelty': '2.46327', 'NX_10_ifeat_feat': 0.089}]
[I 240109 04:28:55 loggers:84] Epoch: [31], Info: [{'num_test': 100, 'len_tra': 23.87, 'R_tra': 17.117878518693296, 'ctr': '0.71713', 'CV': '0.01413', 'CV_turn': '0.01969', 'Diversity': '0.89689', 'Novelty': '3.01067', 'ifeat_feat': 0.07415165479681608, 'NX_0_len_tra': 25.63, 'NX_0_R_tra': 21.931153280360345, 'NX_0_ctr': '0.85568', 'NX_0_CV': '0.03396', 'NX_0_CV_turn': '0.04409', 'NX_0_Diversity': '0.97039', 'NX_0_Novelty': '2.43115', 'NX_0_ifeat_feat': 0.14709325009754196, 'NX_10_len_tra': 10.0, 'NX_10_R_tra': 8.435963546237916, 'NX_10_ctr': '0.84360', 'NX_10_CV': '0.01353', 'NX_10_CV_turn': '0.04500', 'NX_10_Diversity': '0.99300', 'NX_10_Novelty': '2.46416', 'NX_10_ifeat_feat': 0.096}]
[I 240109 04:31:10 loggers:84] Epoch: [32], Info: [{'num_test': 100, 'len_tra': 25.89, 'R_tra': 20.674345726968454, 'ctr': '0.79855', 'CV': '0.01142', 'CV_turn': '0.01468', 'Diversity': '0.90651', 'Novelty': '2.98407', 'ifeat_feat': 0.06797991502510622, 'NX_0_len_tra': 26.45, 'NX_0_R_tra': 23.36095824542995, 'NX_0_ctr': '0.88321', 'NX_0_CV': '0.03667', 'NX_0_CV_turn': '0.04612', 'NX_0_Diversity': '0.97051', 'NX_0_Novelty': '2.42374', 'NX_0_ifeat_feat': 0.14291115311909264, 'NX_10_len_tra': 10.0, 'NX_10_R_tra': 8.055198970994027, 'NX_10_ctr': '0.80552', 'NX_10_CV': '0.01323', 'NX_10_CV_turn': '0.04400', 'NX_10_Diversity': '0.99100', 'NX_10_Novelty': '2.48399', 'NX_10_ifeat_feat': 0.088}]
[I 240109 04:33:42 loggers:84] Epoch: [33], Info: [{'num_test': 100, 'len_tra': 24.0, 'R_tra': 19.72071979638604, 'ctr': '0.82170', 'CV': '0.00992', 'CV_turn': '0.01375', 'Diversity': '0.89988', 'Novelty': '2.88191', 'ifeat_feat': 0.04958333333333333, 'NX_0_len_tra': 24.53, 'NX_0_R_tra': 21.603031963468716, 'NX_0_ctr': '0.88068', 'NX_0_CV': '0.03577', 'NX_0_CV_turn': '0.04851', 'NX_0_Diversity': '0.96740', 'NX_0_Novelty': '2.37687', 'NX_0_ifeat_feat': 0.13534447615165104, 'NX_10_len_tra': 10.0, 'NX_10_R_tra': 8.296874078452317, 'NX_10_ctr': '0.82969', 'NX_10_CV': '0.01503', 'NX_10_CV_turn': '0.05000', 'NX_10_Diversity': '0.99189', 'NX_10_Novelty': '2.40152', 'NX_10_ifeat_feat': 0.085}]
[I 240109 04:35:56 loggers:84] Epoch: [34], Info: [{'num_test': 100, 'len_tra': 25.23, 'R_tra': 20.479062670139424, 'ctr': '0.81169', 'CV': '0.01142', 'CV_turn': '0.01506', 'Diversity': '0.90336', 'Novelty': '2.92209', 'ifeat_feat': 0.03804994054696789, 'NX_0_len_tra': 23.9, 'NX_0_R_tra': 20.971430028555584, 'NX_0_ctr': '0.87747', 'NX_0_CV': '0.03667', 'NX_0_CV_turn': '0.05105', 'NX_0_Diversity': '0.96907', 'NX_0_Novelty': '2.36981', 'NX_0_ifeat_feat': 0.13682008368200838, 'NX_10_len_tra': 10.0, 'NX_10_R_tra': 8.609047651651533, 'NX_10_ctr': '0.86090', 'NX_10_CV': '0.01503', 'NX_10_CV_turn': '0.05000', 'NX_10_Diversity': '0.99300', 'NX_10_Novelty': '2.44349', 'NX_10_ifeat_feat': 0.078}]
[I 240109 04:38:09 loggers:84] Epoch: [35], Info: [{'num_test': 100, 'len_tra': 24.63, 'R_tra': 18.965486667269882, 'ctr': '0.77002', 'CV': '0.01082', 'CV_turn': '0.01462', 'Diversity': '0.90213', 'Novelty': '2.96086', 'ifeat_feat': 0.03654080389768575, 'NX_0_len_tra': 21.72, 'NX_0_R_tra': 19.42846807812874, 'NX_0_ctr': '0.89450', 'NX_0_CV': '0.02976', 'NX_0_CV_turn': '0.04558', 'NX_0_Diversity': '0.96374', 'NX_0_Novelty': '2.39807', 'NX_0_ifeat_feat': 0.12154696132596685, 'NX_10_len_tra': 10.0, 'NX_10_R_tra': 8.15891219791336, 'NX_10_ctr': '0.81589', 'NX_10_CV': '0.01262', 'NX_10_CV_turn': '0.04200', 'NX_10_Diversity': '0.98900', 'NX_10_Novelty': '2.46391', 'NX_10_ifeat_feat': 0.08}]
[I 240109 04:40:25 loggers:84] Epoch: [36], Info: [{'num_test': 100, 'len_tra': 25.15, 'R_tra': 18.888558476192816, 'ctr': '0.75104', 'CV': '0.01142', 'CV_turn': '0.01511', 'Diversity': '0.90038', 'Novelty': '3.02415', 'ifeat_feat': 0.03061630218687873, 'NX_0_len_tra': 23.5, 'NX_0_R_tra': 21.120696379899012, 'NX_0_ctr': '0.89875', 'NX_0_CV': '0.03126', 'NX_0_CV_turn': '0.04426', 'NX_0_Diversity': '0.96534', 'NX_0_Novelty': '2.38597', 'NX_0_ifeat_feat': 0.1276595744680851, 'NX_10_len_tra': 10.0, 'NX_10_R_tra': 8.465605879977215, 'NX_10_ctr': '0.84656', 'NX_10_CV': '0.01292', 'NX_10_CV_turn': '0.04300', 'NX_10_Diversity': '0.98756', 'NX_10_Novelty': '2.49922', 'NX_10_ifeat_feat': 0.077}]
[I 240109 04:42:49 loggers:84] Epoch: [37], Info: [{'num_test': 100, 'len_tra': 25.18, 'R_tra': 19.754897820740624, 'ctr': '0.78455', 'CV': '0.01262', 'CV_turn': '0.01668', 'Diversity': '0.89521', 'Novelty': '2.93174', 'ifeat_feat': 0.05798252581413821, 'NX_0_len_tra': 23.87, 'NX_0_R_tra': 21.92358680768171, 'NX_0_ctr': '0.91846', 'NX_0_CV': '0.02946', 'NX_0_CV_turn': '0.04106', 'NX_0_Diversity': '0.96672', 'NX_0_Novelty': '2.33751', 'NX_0_ifeat_feat': 0.14034352744030162, 'NX_10_len_tra': 10.0, 'NX_10_R_tra': 8.370902150641035, 'NX_10_ctr': '0.83709', 'NX_10_CV': '0.01202', 'NX_10_CV_turn': '0.04000', 'NX_10_Diversity': '0.98700', 'NX_10_Novelty': '2.41438', 'NX_10_ifeat_feat': 0.131}]
[I 240109 04:44:59 loggers:84] Epoch: [38], Info: [{'num_test': 100, 'len_tra': 25.67, 'R_tra': 20.026704984437814, 'ctr': '0.78016', 'CV': '0.00932', 'CV_turn': '0.01208', 'Diversity': '0.88861', 'Novelty': '2.99155', 'ifeat_feat': 0.05765485001947799, 'NX_0_len_tra': 23.55, 'NX_0_R_tra': 21.144708573066527, 'NX_0_ctr': '0.89786', 'NX_0_CV': '0.03066', 'NX_0_CV_turn': '0.04331', 'NX_0_Diversity': '0.96739', 'NX_0_Novelty': '2.35286', 'NX_0_ifeat_feat': 0.12951167728237792, 'NX_10_len_tra': 10.0, 'NX_10_R_tra': 8.49517418475497, 'NX_10_ctr': '0.84952', 'NX_10_CV': '0.01292', 'NX_10_CV_turn': '0.04300', 'NX_10_Diversity': '0.99256', 'NX_10_Novelty': '2.44458', 'NX_10_ifeat_feat': 0.126}]
[I 240109 04:47:05 loggers:84] Epoch: [39], Info: [{'num_test': 100, 'len_tra': 26.44, 'R_tra': 19.49021340346644, 'ctr': '0.73715', 'CV': '0.01142', 'CV_turn': '0.01437', 'Diversity': '0.87917', 'Novelty': '3.06764', 'ifeat_feat': 0.05068078668683813, 'NX_0_len_tra': 22.39, 'NX_0_R_tra': 20.04989569362942, 'NX_0_ctr': '0.89548', 'NX_0_CV': '0.02946', 'NX_0_CV_turn': '0.04377', 'NX_0_Diversity': '0.96705', 'NX_0_Novelty': '2.34461', 'NX_0_ifeat_feat': 0.1317552478785172, 'NX_10_len_tra': 10.0, 'NX_10_R_tra': 9.083172495281346, 'NX_10_ctr': '0.90832', 'NX_10_CV': '0.01112', 'NX_10_CV_turn': '0.03700', 'NX_10_Diversity': '0.99078', 'NX_10_Novelty': '2.44545', 'NX_10_ifeat_feat': 0.106}]
[I 240109 04:49:21 loggers:84] Epoch: [40], Info: [{'num_test': 100, 'len_tra': 26.52, 'R_tra': 20.410137767955213, 'ctr': '0.76961', 'CV': '0.01142', 'CV_turn': '0.01433', 'Diversity': '0.87253', 'Novelty': '3.14601', 'ifeat_feat': 0.042232277526395176, 'NX_0_len_tra': 23.61, 'NX_0_R_tra': 20.265698994657193, 'NX_0_ctr': '0.85835', 'NX_0_CV': '0.02645', 'NX_0_CV_turn': '0.03727', 'NX_0_Diversity': '0.96868', 'NX_0_Novelty': '2.38099', 'NX_0_ifeat_feat': 0.12621770436255825, 'NX_10_len_tra': 10.0, 'NX_10_R_tra': 8.797988404342272, 'NX_10_ctr': '0.87980', 'NX_10_CV': '0.01082', 'NX_10_CV_turn': '0.03600', 'NX_10_Diversity': '0.99289', 'NX_10_Novelty': '2.53831', 'NX_10_ifeat_feat': 0.108}]
[I 240109 04:51:43 loggers:84] Epoch: [41], Info: [{'num_test': 100, 'len_tra': 27.73, 'R_tra': 21.282396216201132, 'ctr': '0.76749', 'CV': '0.01112', 'CV_turn': '0.01334', 'Diversity': '0.87994', 'Novelty': '3.12144', 'ifeat_feat': 0.03425892535160476, 'NX_0_len_tra': 21.66, 'NX_0_R_tra': 18.86416445409625, 'NX_0_ctr': '0.87092', 'NX_0_CV': '0.02405', 'NX_0_CV_turn': '0.03693', 'NX_0_Diversity': '0.97223', 'NX_0_Novelty': '2.35905', 'NX_0_ifeat_feat': 0.11588180978762697, 'NX_10_len_tra': 10.0, 'NX_10_R_tra': 8.550689962683647, 'NX_10_ctr': '0.85507', 'NX_10_CV': '0.01112', 'NX_10_CV_turn': '0.03700', 'NX_10_Diversity': '0.99456', 'NX_10_Novelty': '2.53447', 'NX_10_ifeat_feat': 0.076}]
[I 240109 04:53:53 loggers:84] Epoch: [42], Info: [{'num_test': 100, 'len_tra': 26.27, 'R_tra': 20.193698360151142, 'ctr': '0.76870', 'CV': '0.00781', 'CV_turn': '0.00990', 'Diversity': '0.87807', 'Novelty': '3.17525', 'ifeat_feat': 0.037685572896840505, 'NX_0_len_tra': 23.14, 'NX_0_R_tra': 21.185359784106403, 'NX_0_ctr': '0.91553', 'NX_0_CV': '0.02495', 'NX_0_CV_turn': '0.03587', 'NX_0_Diversity': '0.97322', 'NX_0_Novelty': '2.35368', 'NX_0_ifeat_feat': 0.12316335350043216, 'NX_10_len_tra': 10.0, 'NX_10_R_tra': 8.666033976648581, 'NX_10_ctr': '0.86660', 'NX_10_CV': '0.00992', 'NX_10_CV_turn': '0.03300', 'NX_10_Diversity': '0.99800', 'NX_10_Novelty': '2.54700', 'NX_10_ifeat_feat': 0.085}]
[I 240109 04:56:06 loggers:84] Epoch: [43], Info: [{'num_test': 100, 'len_tra': 27.79, 'R_tra': 21.34686124437298, 'ctr': '0.76815', 'CV': '0.00751', 'CV_turn': '0.00900', 'Diversity': '0.87655', 'Novelty': '3.07632', 'ifeat_feat': 0.04929830874415257, 'NX_0_len_tra': 22.21, 'NX_0_R_tra': 20.425399190718633, 'NX_0_ctr': '0.91965', 'NX_0_CV': '0.02375', 'NX_0_CV_turn': '0.03557', 'NX_0_Diversity': '0.97409', 'NX_0_Novelty': '2.35185', 'NX_0_ifeat_feat': 0.11616389013957677, 'NX_10_len_tra': 10.0, 'NX_10_R_tra': 8.91779863172066, 'NX_10_ctr': '0.89178', 'NX_10_CV': '0.01022', 'NX_10_CV_turn': '0.03400', 'NX_10_Diversity': '0.99844', 'NX_10_Novelty': '2.53080', 'NX_10_ifeat_feat': 0.103}]
[I 240109 04:58:12 loggers:84] Epoch: [44], Info: [{'num_test': 100, 'len_tra': 27.26, 'R_tra': 20.476980352520947, 'ctr': '0.75117', 'CV': '0.00842', 'CV_turn': '0.01027', 'Diversity': '0.87818', 'Novelty': '3.11436', 'ifeat_feat': 0.03044754218635363, 'NX_0_len_tra': 21.66, 'NX_0_R_tra': 19.66865046117193, 'NX_0_ctr': '0.90806', 'NX_0_CV': '0.01954', 'NX_0_CV_turn': '0.03001', 'NX_0_Diversity': '0.97510', 'NX_0_Novelty': '2.35094', 'NX_0_ifeat_feat': 0.11911357340720222, 'NX_10_len_tra': 10.0, 'NX_10_R_tra': 8.798404039418092, 'NX_10_ctr': '0.87984', 'NX_10_CV': '0.00902', 'NX_10_CV_turn': '0.03000', 'NX_10_Diversity': '0.99867', 'NX_10_Novelty': '2.60842', 'NX_10_ifeat_feat': 0.087}]
[I 240109 05:00:45 loggers:84] Epoch: [45], Info: [{'num_test': 100, 'len_tra': 26.68, 'R_tra': 21.38566699672413, 'ctr': '0.80156', 'CV': '0.00691', 'CV_turn': '0.00862', 'Diversity': '0.87631', 'Novelty': '3.12112', 'ifeat_feat': 0.03260869565217391, 'NX_0_len_tra': 21.79, 'NX_0_R_tra': 20.37923889169727, 'NX_0_ctr': '0.93526', 'NX_0_CV': '0.01743', 'NX_0_CV_turn': '0.02662', 'NX_0_Diversity': '0.97479', 'NX_0_Novelty': '2.37115', 'NX_0_ifeat_feat': 0.11243689765947683, 'NX_10_len_tra': 10.0, 'NX_10_R_tra': 8.819120293331364, 'NX_10_ctr': '0.88191', 'NX_10_CV': '0.00751', 'NX_10_CV_turn': '0.02500', 'NX_10_Diversity': '0.99933', 'NX_10_Novelty': '2.61495', 'NX_10_ifeat_feat': 0.08}]
[I 240109 05:02:56 loggers:84] Epoch: [46], Info: [{'num_test': 100, 'len_tra': 27.46, 'R_tra': 19.588454645187387, 'ctr': '0.71335', 'CV': '0.00661', 'CV_turn': '0.00801', 'Diversity': '0.86824', 'Novelty': '3.10346', 'ifeat_feat': 0.019664967225054626, 'NX_0_len_tra': 23.16, 'NX_0_R_tra': 21.231340706145282, 'NX_0_ctr': '0.91672', 'NX_0_CV': '0.01743', 'NX_0_CV_turn': '0.02504', 'NX_0_Diversity': '0.97296', 'NX_0_Novelty': '2.36047', 'NX_0_ifeat_feat': 0.10362694300518134, 'NX_10_len_tra': 10.0, 'NX_10_R_tra': 8.303147255201537, 'NX_10_ctr': '0.83031', 'NX_10_CV': '0.00812', 'NX_10_CV_turn': '0.02700', 'NX_10_Diversity': '0.99956', 'NX_10_Novelty': '2.63137', 'NX_10_ifeat_feat': 0.067}]
[I 240109 05:05:05 loggers:84] Epoch: [47], Info: [{'num_test': 100, 'len_tra': 28.11, 'R_tra': 20.77523135502616, 'ctr': '0.73907', 'CV': '0.00511', 'CV_turn': '0.00605', 'Diversity': '0.85357', 'Novelty': '3.14464', 'ifeat_feat': 0.0064034151547491995, 'NX_0_len_tra': 23.63, 'NX_0_R_tra': 20.907437785363722, 'NX_0_ctr': '0.88478', 'NX_0_CV': '0.02014', 'NX_0_CV_turn': '0.02835', 'NX_0_Diversity': '0.97191', 'NX_0_Novelty': '2.34965', 'NX_0_ifeat_feat': 0.10960643250105798, 'NX_10_len_tra': 10.0, 'NX_10_R_tra': 8.326435939509162, 'NX_10_ctr': '0.83264', 'NX_10_CV': '0.00781', 'NX_10_CV_turn': '0.02600', 'NX_10_Diversity': '0.99956', 'NX_10_Novelty': '2.61938', 'NX_10_ifeat_feat': 0.081}]
[I 240109 05:07:12 loggers:84] Epoch: [48], Info: [{'num_test': 100, 'len_tra': 27.67, 'R_tra': 21.888809582764647, 'ctr': '0.79107', 'CV': '0.00481', 'CV_turn': '0.00578', 'Diversity': '0.85206', 'Novelty': '3.11647', 'ifeat_feat': 0.003614022406938923, 'NX_0_len_tra': 24.0, 'NX_0_R_tra': 21.75139750314228, 'NX_0_ctr': '0.90631', 'NX_0_CV': '0.01924', 'NX_0_CV_turn': '0.02667', 'NX_0_Diversity': '0.97201', 'NX_0_Novelty': '2.33992', 'NX_0_ifeat_feat': 0.10791666666666666, 'NX_10_len_tra': 10.0, 'NX_10_R_tra': 9.012064819207735, 'NX_10_ctr': '0.90121', 'NX_10_CV': '0.00872', 'NX_10_CV_turn': '0.02900', 'NX_10_Diversity': '0.99933', 'NX_10_Novelty': '2.59745', 'NX_10_ifeat_feat': 0.08}]
[I 240109 05:09:28 loggers:84] Epoch: [49], Info: [{'num_test': 100, 'len_tra': 29.21, 'R_tra': 22.8730044894654, 'ctr': '0.78305', 'CV': '0.00481', 'CV_turn': '0.00548', 'Diversity': '0.85515', 'Novelty': '3.13632', 'ifeat_feat': 0.004792879150975694, 'NX_0_len_tra': 24.16, 'NX_0_R_tra': 20.386712390921407, 'NX_0_ctr': '0.84382', 'NX_0_CV': '0.01984', 'NX_0_CV_turn': '0.02732', 'NX_0_Diversity': '0.97161', 'NX_0_Novelty': '2.33848', 'NX_0_ifeat_feat': 0.11423841059602649, 'NX_10_len_tra': 10.0, 'NX_10_R_tra': 8.557265394036532, 'NX_10_ctr': '0.85573', 'NX_10_CV': '0.00721', 'NX_10_CV_turn': '0.02400', 'NX_10_Diversity': '0.99978', 'NX_10_Novelty': '2.59283', 'NX_10_ifeat_feat': 0.091}]
[I 240109 05:11:44 loggers:84] Epoch: [50], Info: [{'num_test': 100, 'len_tra': 29.08, 'R_tra': 21.132047820594508, 'ctr': '0.72669', 'CV': '0.00421', 'CV_turn': '0.00481', 'Diversity': '0.84391', 'Novelty': '3.18131', 'ifeat_feat': 0.006189821182943604, 'NX_0_len_tra': 23.44, 'NX_0_R_tra': 21.95315297599434, 'NX_0_ctr': '0.93657', 'NX_0_CV': '0.01954', 'NX_0_CV_turn': '0.02773', 'NX_0_Diversity': '0.97244', 'NX_0_Novelty': '2.34187', 'NX_0_ifeat_feat': 0.11049488054607509, 'NX_10_len_tra': 10.0, 'NX_10_R_tra': 8.796351632658673, 'NX_10_ctr': '0.87964', 'NX_10_CV': '0.00812', 'NX_10_CV_turn': '0.02700', 'NX_10_Diversity': '1.00000', 'NX_10_Novelty': '2.60001', 'NX_10_ifeat_feat': 0.085}]
[I 240109 05:13:55 loggers:84] Epoch: [51], Info: [{'num_test': 100, 'len_tra': 29.21, 'R_tra': 23.151052788658696, 'ctr': '0.79257', 'CV': '0.00391', 'CV_turn': '0.00445', 'Diversity': '0.84538', 'Novelty': '3.12456', 'ifeat_feat': 0.002396439575487847, 'NX_0_len_tra': 23.72, 'NX_0_R_tra': 22.609953069575898, 'NX_0_ctr': '0.95320', 'NX_0_CV': '0.01864', 'NX_0_CV_turn': '0.02614', 'NX_0_Diversity': '0.97148', 'NX_0_Novelty': '2.34987', 'NX_0_ifeat_feat': 0.10623946037099494, 'NX_10_len_tra': 10.0, 'NX_10_R_tra': 8.926767053589618, 'NX_10_ctr': '0.89268', 'NX_10_CV': '0.00872', 'NX_10_CV_turn': '0.02900', 'NX_10_Diversity': '1.00000', 'NX_10_Novelty': '2.59940', 'NX_10_ifeat_feat': 0.081}]
[I 240109 05:16:01 loggers:84] Epoch: [52], Info: [{'num_test': 100, 'len_tra': 29.2, 'R_tra': 21.686824487678678, 'ctr': '0.74270', 'CV': '0.00361', 'CV_turn': '0.00411', 'Diversity': '0.83903', 'Novelty': '3.13886', 'ifeat_feat': 0.0017123287671232876, 'NX_0_len_tra': 23.84, 'NX_0_R_tra': 21.316027135198848, 'NX_0_ctr': '0.89413', 'NX_0_CV': '0.02044', 'NX_0_CV_turn': '0.02852', 'NX_0_Diversity': '0.97104', 'NX_0_Novelty': '2.36911', 'NX_0_ifeat_feat': 0.10486577181208054, 'NX_10_len_tra': 10.0, 'NX_10_R_tra': 8.342632773783388, 'NX_10_ctr': '0.83426', 'NX_10_CV': '0.00691', 'NX_10_CV_turn': '0.02300', 'NX_10_Diversity': '1.00000', 'NX_10_Novelty': '2.60463', 'NX_10_ifeat_feat': 0.079}]
[I 240109 05:18:16 loggers:84] Epoch: [53], Info: [{'num_test': 100, 'len_tra': 29.14, 'R_tra': 21.926140852672457, 'ctr': '0.75244', 'CV': '0.00451', 'CV_turn': '0.00515', 'Diversity': '0.84258', 'Novelty': '3.10962', 'ifeat_feat': 0.00034317089910775565, 'NX_0_len_tra': 23.83, 'NX_0_R_tra': 21.257716978848222, 'NX_0_ctr': '0.89206', 'NX_0_CV': '0.01803', 'NX_0_CV_turn': '0.02518', 'NX_0_Diversity': '0.97136', 'NX_0_Novelty': '2.36138', 'NX_0_ifeat_feat': 0.10365086026017625, 'NX_10_len_tra': 10.0, 'NX_10_R_tra': 8.908882960795133, 'NX_10_ctr': '0.89089', 'NX_10_CV': '0.00751', 'NX_10_CV_turn': '0.02500', 'NX_10_Diversity': '0.99933', 'NX_10_Novelty': '2.59894', 'NX_10_ifeat_feat': 0.07}]
[I 240109 05:20:36 loggers:84] Epoch: [54], Info: [{'num_test': 100, 'len_tra': 29.86, 'R_tra': 22.30991484534234, 'ctr': '0.74715', 'CV': '0.00391', 'CV_turn': '0.00435', 'Diversity': '0.84917', 'Novelty': '3.12962', 'ifeat_feat': 0.0006697923643670462, 'NX_0_len_tra': 23.41, 'NX_0_R_tra': 20.810001073955554, 'NX_0_ctr': '0.88894', 'NX_0_CV': '0.01773', 'NX_0_CV_turn': '0.02520', 'NX_0_Diversity': '0.97124', 'NX_0_Novelty': '2.36928', 'NX_0_ifeat_feat': 0.10337462622810764, 'NX_10_len_tra': 10.0, 'NX_10_R_tra': 8.506794680612556, 'NX_10_ctr': '0.85068', 'NX_10_CV': '0.00872', 'NX_10_CV_turn': '0.02900', 'NX_10_Diversity': '0.99956', 'NX_10_Novelty': '2.59208', 'NX_10_ifeat_feat': 0.075}]
[I 240109 05:22:50 loggers:84] Epoch: [55], Info: [{'num_test': 100, 'len_tra': 29.44, 'R_tra': 21.55981324846894, 'ctr': '0.73233', 'CV': '0.00391', 'CV_turn': '0.00442', 'Diversity': '0.84269', 'Novelty': '3.11552', 'ifeat_feat': 0.0016983695652173913, 'NX_0_len_tra': 22.83, 'NX_0_R_tra': 20.389595644077172, 'NX_0_ctr': '0.89311', 'NX_0_CV': '0.01864', 'NX_0_CV_turn': '0.02716', 'NX_0_Diversity': '0.97244', 'NX_0_Novelty': '2.36812', 'NX_0_ifeat_feat': 0.1020586946999562, 'NX_10_len_tra': 10.0, 'NX_10_R_tra': 9.045121121663321, 'NX_10_ctr': '0.90451', 'NX_10_CV': '0.00751', 'NX_10_CV_turn': '0.02500', 'NX_10_Diversity': '0.99933', 'NX_10_Novelty': '2.59912', 'NX_10_ifeat_feat': 0.079}]
[I 240109 05:24:59 loggers:84] Epoch: [56], Info: [{'num_test': 100, 'len_tra': 29.44, 'R_tra': 21.356903598071085, 'ctr': '0.72544', 'CV': '0.00421', 'CV_turn': '0.00476', 'Diversity': '0.83596', 'Novelty': '3.11086', 'ifeat_feat': 0.0006793478260869565, 'NX_0_len_tra': 23.79, 'NX_0_R_tra': 21.891033877938643, 'NX_0_ctr': '0.92018', 'NX_0_CV': '0.01683', 'NX_0_CV_turn': '0.02354', 'NX_0_Diversity': '0.97217', 'NX_0_Novelty': '2.34481', 'NX_0_ifeat_feat': 0.1080285834384195, 'NX_10_len_tra': 10.0, 'NX_10_R_tra': 8.424442958385717, 'NX_10_ctr': '0.84244', 'NX_10_CV': '0.00691', 'NX_10_CV_turn': '0.02300', 'NX_10_Diversity': '1.00000', 'NX_10_Novelty': '2.60686', 'NX_10_ifeat_feat': 0.074}]
[I 240109 05:27:11 loggers:84] Epoch: [57], Info: [{'num_test': 100, 'len_tra': 29.02, 'R_tra': 21.16946906070175, 'ctr': '0.72948', 'CV': '0.00301', 'CV_turn': '0.00345', 'Diversity': '0.84018', 'Novelty': '3.11849', 'ifeat_feat': 0.0, 'NX_0_len_tra': 22.84, 'NX_0_R_tra': 19.266624490242723, 'NX_0_ctr': '0.84355', 'NX_0_CV': '0.01713', 'NX_0_CV_turn': '0.02496', 'NX_0_Diversity': '0.97255', 'NX_0_Novelty': '2.34548', 'NX_0_ifeat_feat': 0.10288966725043783, 'NX_10_len_tra': 10.0, 'NX_10_R_tra': 8.954180803582714, 'NX_10_ctr': '0.89542', 'NX_10_CV': '0.00751', 'NX_10_CV_turn': '0.02500', 'NX_10_Diversity': '0.99944', 'NX_10_Novelty': '2.59863', 'NX_10_ifeat_feat': 0.068}]
[I 240109 05:29:26 loggers:84] Epoch: [58], Info: [{'num_test': 100, 'len_tra': 29.37, 'R_tra': 22.48099681808839, 'ctr': '0.76544', 'CV': '0.00331', 'CV_turn': '0.00375', 'Diversity': '0.82892', 'Novelty': '3.13292', 'ifeat_feat': 0.0, 'NX_0_len_tra': 23.49, 'NX_0_R_tra': 22.366219652598943, 'NX_0_ctr': '0.95216', 'NX_0_CV': '0.01713', 'NX_0_CV_turn': '0.02427', 'NX_0_Diversity': '0.97246', 'NX_0_Novelty': '2.34492', 'NX_0_ifeat_feat': 0.10855683269476372, 'NX_10_len_tra': 10.0, 'NX_10_R_tra': 8.39108914930889, 'NX_10_ctr': '0.83911', 'NX_10_CV': '0.00691', 'NX_10_CV_turn': '0.02300', 'NX_10_Diversity': '0.99978', 'NX_10_Novelty': '2.60913', 'NX_10_ifeat_feat': 0.051}]
[I 240109 05:31:45 loggers:84] Epoch: [59], Info: [{'num_test': 100, 'len_tra': 29.59, 'R_tra': 23.422841595505666, 'ctr': '0.79158', 'CV': '0.00331', 'CV_turn': '0.00372', 'Diversity': '0.84017', 'Novelty': '3.11741', 'ifeat_feat': 0.0, 'NX_0_len_tra': 23.56, 'NX_0_R_tra': 21.618887627752912, 'NX_0_ctr': '0.91761', 'NX_0_CV': '0.01653', 'NX_0_CV_turn': '0.02334', 'NX_0_Diversity': '0.97204', 'NX_0_Novelty': '2.34139', 'NX_0_ifeat_feat': 0.10908319185059423, 'NX_10_len_tra': 10.0, 'NX_10_R_tra': 8.565665183162738, 'NX_10_ctr': '0.85657', 'NX_10_CV': '0.00812', 'NX_10_CV_turn': '0.02700', 'NX_10_Diversity': '0.99933', 'NX_10_Novelty': '2.61277', 'NX_10_ifeat_feat': 0.049}]
[I 240109 05:33:53 loggers:84] Epoch: [60], Info: [{'num_test': 100, 'len_tra': 30.0, 'R_tra': 21.844502210699957, 'ctr': '0.72815', 'CV': '0.00271', 'CV_turn': '0.00300', 'Diversity': '0.84159', 'Novelty': '3.12854', 'ifeat_feat': 0.0003333333333333333, 'NX_0_len_tra': 23.12, 'NX_0_R_tra': 20.92286045474283, 'NX_0_ctr': '0.90497', 'NX_0_CV': '0.01563', 'NX_0_CV_turn': '0.02249', 'NX_0_Diversity': '0.97177', 'NX_0_Novelty': '2.34746', 'NX_0_ifeat_feat': 0.10769896193771626, 'NX_10_len_tra': 10.0, 'NX_10_R_tra': 8.539320480606541, 'NX_10_ctr': '0.85393', 'NX_10_CV': '0.00781', 'NX_10_CV_turn': '0.02600', 'NX_10_Diversity': '0.99933', 'NX_10_Novelty': '2.61053', 'NX_10_ifeat_feat': 0.052}]
[I 240109 05:36:01 loggers:84] Epoch: [61], Info: [{'num_test': 100, 'len_tra': 29.7, 'R_tra': 21.820452020930478, 'ctr': '0.73470', 'CV': '0.00301', 'CV_turn': '0.00337', 'Diversity': '0.84094', 'Novelty': '3.11874', 'ifeat_feat': 0.0, 'NX_0_len_tra': 23.84, 'NX_0_R_tra': 22.059185616635414, 'NX_0_ctr': '0.92530', 'NX_0_CV': '0.01713', 'NX_0_CV_turn': '0.02391', 'NX_0_Diversity': '0.97244', 'NX_0_Novelty': '2.31944', 'NX_0_ifeat_feat': 0.11283557046979865, 'NX_10_len_tra': 10.0, 'NX_10_R_tra': 8.802867822299367, 'NX_10_ctr': '0.88029', 'NX_10_CV': '0.00691', 'NX_10_CV_turn': '0.02300', 'NX_10_Diversity': '0.99978', 'NX_10_Novelty': '2.59382', 'NX_10_ifeat_feat': 0.061}]
[I 240109 05:38:07 loggers:84] Epoch: [62], Info: [{'num_test': 100, 'len_tra': 29.54, 'R_tra': 23.70563998835921, 'ctr': '0.80249', 'CV': '0.00271', 'CV_turn': '0.00305', 'Diversity': '0.83675', 'Novelty': '3.11616', 'ifeat_feat': 0.0, 'NX_0_len_tra': 23.73, 'NX_0_R_tra': 22.21865258391941, 'NX_0_ctr': '0.93631', 'NX_0_CV': '0.01593', 'NX_0_CV_turn': '0.02233', 'NX_0_Diversity': '0.97205', 'NX_0_Novelty': '2.33578', 'NX_0_ifeat_feat': 0.11083017277707544, 'NX_10_len_tra': 10.0, 'NX_10_R_tra': 8.841261592340999, 'NX_10_ctr': '0.88413', 'NX_10_CV': '0.00812', 'NX_10_CV_turn': '0.02700', 'NX_10_Diversity': '0.99933', 'NX_10_Novelty': '2.61678', 'NX_10_ifeat_feat': 0.067}]
[I 240109 05:40:25 loggers:84] Epoch: [63], Info: [{'num_test': 100, 'len_tra': 29.55, 'R_tra': 21.838521874735143, 'ctr': '0.73904', 'CV': '0.00271', 'CV_turn': '0.00305', 'Diversity': '0.83026', 'Novelty': '3.11134', 'ifeat_feat': 0.0, 'NX_0_len_tra': 22.78, 'NX_0_R_tra': 20.361185230928825, 'NX_0_ctr': '0.89382', 'NX_0_CV': '0.01563', 'NX_0_CV_turn': '0.02283', 'NX_0_Diversity': '0.97244', 'NX_0_Novelty': '2.33776', 'NX_0_ifeat_feat': 0.10886742756804214, 'NX_10_len_tra': 10.0, 'NX_10_R_tra': 8.842799054259187, 'NX_10_ctr': '0.88428', 'NX_10_CV': '0.00661', 'NX_10_CV_turn': '0.02200', 'NX_10_Diversity': '1.00000', 'NX_10_Novelty': '2.61164', 'NX_10_ifeat_feat': 0.066}]
[I 240109 05:42:45 loggers:84] Epoch: [64], Info: [{'num_test': 100, 'len_tra': 29.09, 'R_tra': 23.31789114093494, 'ctr': '0.80158', 'CV': '0.00331', 'CV_turn': '0.00378', 'Diversity': '0.84895', 'Novelty': '3.12093', 'ifeat_feat': 0.0, 'NX_0_len_tra': 24.62, 'NX_0_R_tra': 22.341391451985736, 'NX_0_ctr': '0.90745', 'NX_0_CV': '0.01713', 'NX_0_CV_turn': '0.02315', 'NX_0_Diversity': '0.97046', 'NX_0_Novelty': '2.32350', 'NX_0_ifeat_feat': 0.11169780666125101, 'NX_10_len_tra': 10.0, 'NX_10_R_tra': 8.503122950245254, 'NX_10_ctr': '0.85031', 'NX_10_CV': '0.00781', 'NX_10_CV_turn': '0.02600', 'NX_10_Diversity': '0.99978', 'NX_10_Novelty': '2.60779', 'NX_10_ifeat_feat': 0.067}]
[I 240109 05:44:53 loggers:84] Epoch: [65], Info: [{'num_test': 100, 'len_tra': 29.12, 'R_tra': 21.906346237686034, 'ctr': '0.75228', 'CV': '0.00271', 'CV_turn': '0.00309', 'Diversity': '0.83840', 'Novelty': '3.10576', 'ifeat_feat': 0.0, 'NX_0_len_tra': 23.73, 'NX_0_R_tra': 21.130640228487334, 'NX_0_ctr': '0.89046', 'NX_0_CV': '0.01683', 'NX_0_CV_turn': '0.02360', 'NX_0_Diversity': '0.97172', 'NX_0_Novelty': '2.34218', 'NX_0_ifeat_feat': 0.1078803202697008, 'NX_10_len_tra': 10.0, 'NX_10_R_tra': 8.039595716744566, 'NX_10_ctr': '0.80396', 'NX_10_CV': '0.00812', 'NX_10_CV_turn': '0.02700', 'NX_10_Diversity': '0.99978', 'NX_10_Novelty': '2.61639', 'NX_10_ifeat_feat': 0.083}]
[I 240109 05:46:58 loggers:84] Epoch: [66], Info: [{'num_test': 100, 'len_tra': 29.65, 'R_tra': 21.60114697931436, 'ctr': '0.72854', 'CV': '0.00301', 'CV_turn': '0.00337', 'Diversity': '0.84445', 'Novelty': '3.11875', 'ifeat_feat': 0.0, 'NX_0_len_tra': 24.23, 'NX_0_R_tra': 22.45315803660617, 'NX_0_ctr': '0.92667', 'NX_0_CV': '0.01713', 'NX_0_CV_turn': '0.02352', 'NX_0_Diversity': '0.97169', 'NX_0_Novelty': '2.34184', 'NX_0_ifeat_feat': 0.11267024349979364, 'NX_10_len_tra': 10.0, 'NX_10_R_tra': 8.827496476063802, 'NX_10_ctr': '0.88275', 'NX_10_CV': '0.00781', 'NX_10_CV_turn': '0.02600', 'NX_10_Diversity': '0.99978', 'NX_10_Novelty': '2.60395', 'NX_10_ifeat_feat': 0.077}]
[I 240109 05:49:05 loggers:84] Epoch: [67], Info: [{'num_test': 100, 'len_tra': 29.84, 'R_tra': 22.590901443720842, 'ctr': '0.75707', 'CV': '0.00301', 'CV_turn': '0.00335', 'Diversity': '0.83996', 'Novelty': '3.12407', 'ifeat_feat': 0.0, 'NX_0_len_tra': 23.17, 'NX_0_R_tra': 21.59573074161387, 'NX_0_ctr': '0.93206', 'NX_0_CV': '0.01623', 'NX_0_CV_turn': '0.02331', 'NX_0_Diversity': '0.97175', 'NX_0_Novelty': '2.34021', 'NX_0_ifeat_feat': 0.11178247734138973, 'NX_10_len_tra': 10.0, 'NX_10_R_tra': 8.442125144901127, 'NX_10_ctr': '0.84421', 'NX_10_CV': '0.00842', 'NX_10_CV_turn': '0.02800', 'NX_10_Diversity': '0.99956', 'NX_10_Novelty': '2.61607', 'NX_10_ifeat_feat': 0.067}]
[I 240109 05:51:11 loggers:84] Epoch: [68], Info: [{'num_test': 100, 'len_tra': 30.0, 'R_tra': 22.870940124539032, 'ctr': '0.76236', 'CV': '0.00271', 'CV_turn': '0.00300', 'Diversity': '0.84090', 'Novelty': '3.12405', 'ifeat_feat': 0.0, 'NX_0_len_tra': 24.31, 'NX_0_R_tra': 22.367847527669284, 'NX_0_ctr': '0.92011', 'NX_0_CV': '0.01683', 'NX_0_CV_turn': '0.02304', 'NX_0_Diversity': '0.97036', 'NX_0_Novelty': '2.32680', 'NX_0_ifeat_feat': 0.11476758535582066, 'NX_10_len_tra': 10.0, 'NX_10_R_tra': 8.878672594433677, 'NX_10_ctr': '0.88787', 'NX_10_CV': '0.00812', 'NX_10_CV_turn': '0.02700', 'NX_10_Diversity': '0.99978', 'NX_10_Novelty': '2.59994', 'NX_10_ifeat_feat': 0.079}]
[I 240109 05:53:22 loggers:84] Epoch: [69], Info: [{'num_test': 100, 'len_tra': 29.94, 'R_tra': 22.436908859172227, 'ctr': '0.74940', 'CV': '0.00240', 'CV_turn': '0.00267', 'Diversity': '0.84296', 'Novelty': '3.14128', 'ifeat_feat': 0.0, 'NX_0_len_tra': 23.69, 'NX_0_R_tra': 22.12820067165582, 'NX_0_ctr': '0.93407', 'NX_0_CV': '0.01803', 'NX_0_CV_turn': '0.02533', 'NX_0_Diversity': '0.97123', 'NX_0_Novelty': '2.34965', 'NX_0_ifeat_feat': 0.10595187842971718, 'NX_10_len_tra': 10.0, 'NX_10_R_tra': 8.624663046961915, 'NX_10_ctr': '0.86247', 'NX_10_CV': '0.00902', 'NX_10_CV_turn': '0.03000', 'NX_10_Diversity': '0.99933', 'NX_10_Novelty': '2.59455', 'NX_10_ifeat_feat': 0.077}]
[I 240109 05:55:33 loggers:84] Epoch: [70], Info: [{'num_test': 100, 'len_tra': 29.86, 'R_tra': 21.865989656785175, 'ctr': '0.73228', 'CV': '0.00271', 'CV_turn': '0.00301', 'Diversity': '0.84159', 'Novelty': '3.14312', 'ifeat_feat': 0.0, 'NX_0_len_tra': 23.75, 'NX_0_R_tra': 21.95645032224474, 'NX_0_ctr': '0.92448', 'NX_0_CV': '0.01713', 'NX_0_CV_turn': '0.02400', 'NX_0_Diversity': '0.97233', 'NX_0_Novelty': '2.32745', 'NX_0_ifeat_feat': 0.11031578947368421, 'NX_10_len_tra': 10.0, 'NX_10_R_tra': 8.96278931133142, 'NX_10_ctr': '0.89628', 'NX_10_CV': '0.00812', 'NX_10_CV_turn': '0.02700', 'NX_10_Diversity': '1.00000', 'NX_10_Novelty': '2.58575', 'NX_10_ifeat_feat': 0.077}]
[I 240109 05:57:34 loggers:84] Epoch: [71], Info: [{'num_test': 100, 'len_tra': 29.64, 'R_tra': 20.718532542151024, 'ctr': '0.69901', 'CV': '0.00271', 'CV_turn': '0.00304', 'Diversity': '0.84437', 'Novelty': '3.14775', 'ifeat_feat': 0.0, 'NX_0_len_tra': 23.71, 'NX_0_R_tra': 22.149498597520818, 'NX_0_ctr': '0.93418', 'NX_0_CV': '0.01563', 'NX_0_CV_turn': '0.02193', 'NX_0_Diversity': '0.97213', 'NX_0_Novelty': '2.33002', 'NX_0_ifeat_feat': 0.11092366090257276, 'NX_10_len_tra': 10.0, 'NX_10_R_tra': 8.434418735739117, 'NX_10_ctr': '0.84344', 'NX_10_CV': '0.00932', 'NX_10_CV_turn': '0.03100', 'NX_10_Diversity': '0.99956', 'NX_10_Novelty': '2.58503', 'NX_10_ifeat_feat': 0.07}]
[I 240109 05:59:31 loggers:84] Epoch: [72], Info: [{'num_test': 100, 'len_tra': 29.64, 'R_tra': 22.634871464365073, 'ctr': '0.76366', 'CV': '0.00271', 'CV_turn': '0.00304', 'Diversity': '0.84742', 'Novelty': '3.12892', 'ifeat_feat': 0.0, 'NX_0_len_tra': 24.29, 'NX_0_R_tra': 22.05649573804653, 'NX_0_ctr': '0.90805', 'NX_0_CV': '0.01473', 'NX_0_CV_turn': '0.02017', 'NX_0_Diversity': '0.97186', 'NX_0_Novelty': '2.32000', 'NX_0_ifeat_feat': 0.11321531494442157, 'NX_10_len_tra': 10.0, 'NX_10_R_tra': 8.677853463754268, 'NX_10_ctr': '0.86779', 'NX_10_CV': '0.00902', 'NX_10_CV_turn': '0.03000', 'NX_10_Diversity': '1.00000', 'NX_10_Novelty': '2.57886', 'NX_10_ifeat_feat': 0.075}]
[I 240109 06:01:42 loggers:84] Epoch: [73], Info: [{'num_test': 100, 'len_tra': 30.0, 'R_tra': 22.473910587289446, 'ctr': '0.74913', 'CV': '0.00301', 'CV_turn': '0.00333', 'Diversity': '0.84228', 'Novelty': '3.12643', 'ifeat_feat': 0.0, 'NX_0_len_tra': 24.31, 'NX_0_R_tra': 22.233377644500464, 'NX_0_ctr': '0.91458', 'NX_0_CV': '0.01623', 'NX_0_CV_turn': '0.02221', 'NX_0_Diversity': '0.97229', 'NX_0_Novelty': '2.31678', 'NX_0_ifeat_feat': 0.11723570547099958, 'NX_10_len_tra': 10.0, 'NX_10_R_tra': 8.612996183764164, 'NX_10_ctr': '0.86130', 'NX_10_CV': '0.00781', 'NX_10_CV_turn': '0.02600', 'NX_10_Diversity': '1.00000', 'NX_10_Novelty': '2.57520', 'NX_10_ifeat_feat': 0.078}]
[I 240109 06:03:47 loggers:84] Epoch: [74], Info: [{'num_test': 100, 'len_tra': 29.41, 'R_tra': 20.940910429530938, 'ctr': '0.71203', 'CV': '0.00240', 'CV_turn': '0.00272', 'Diversity': '0.83546', 'Novelty': '3.11926', 'ifeat_feat': 0.0, 'NX_0_len_tra': 24.04, 'NX_0_R_tra': 22.123315257204972, 'NX_0_ctr': '0.92027', 'NX_0_CV': '0.01563', 'NX_0_CV_turn': '0.02163', 'NX_0_Diversity': '0.97127', 'NX_0_Novelty': '2.31727', 'NX_0_ifeat_feat': 0.11605657237936771, 'NX_10_len_tra': 10.0, 'NX_10_R_tra': 8.700983102192978, 'NX_10_ctr': '0.87010', 'NX_10_CV': '0.00992', 'NX_10_CV_turn': '0.03300', 'NX_10_Diversity': '0.99956', 'NX_10_Novelty': '2.57007', 'NX_10_ifeat_feat': 0.079}]
[I 240109 06:05:57 loggers:84] Epoch: [75], Info: [{'num_test': 100, 'len_tra': 29.68, 'R_tra': 24.399641605773958, 'ctr': '0.82209', 'CV': '0.00271', 'CV_turn': '0.00303', 'Diversity': '0.84330', 'Novelty': '3.12237', 'ifeat_feat': 0.0, 'NX_0_len_tra': 24.32, 'NX_0_R_tra': 23.018106077738395, 'NX_0_ctr': '0.94647', 'NX_0_CV': '0.01683', 'NX_0_CV_turn': '0.02303', 'NX_0_Diversity': '0.97229', 'NX_0_Novelty': '2.31546', 'NX_0_ifeat_feat': 0.11924342105263158, 'NX_10_len_tra': 10.0, 'NX_10_R_tra': 8.420079821678321, 'NX_10_ctr': '0.84201', 'NX_10_CV': '0.00902', 'NX_10_CV_turn': '0.03000', 'NX_10_Diversity': '0.99989', 'NX_10_Novelty': '2.56500', 'NX_10_ifeat_feat': 0.083}]
[I 240109 06:08:05 loggers:84] Epoch: [76], Info: [{'num_test': 100, 'len_tra': 29.82, 'R_tra': 22.620425142115877, 'ctr': '0.75857', 'CV': '0.00210', 'CV_turn': '0.00235', 'Diversity': '0.83384', 'Novelty': '3.11281', 'ifeat_feat': 0.0, 'NX_0_len_tra': 24.33, 'NX_0_R_tra': 22.57475968260051, 'NX_0_ctr': '0.92786', 'NX_0_CV': '0.01743', 'NX_0_CV_turn': '0.02384', 'NX_0_Diversity': '0.97234', 'NX_0_Novelty': '2.32632', 'NX_0_ifeat_feat': 0.11960542540073983, 'NX_10_len_tra': 10.0, 'NX_10_R_tra': 8.800567599885426, 'NX_10_ctr': '0.88006', 'NX_10_CV': '0.00842', 'NX_10_CV_turn': '0.02800', 'NX_10_Diversity': '0.99956', 'NX_10_Novelty': '2.59396', 'NX_10_ifeat_feat': 0.088}]
[I 240109 06:10:12 loggers:84] Epoch: [77], Info: [{'num_test': 100, 'len_tra': 29.81, 'R_tra': 21.915490396558685, 'ctr': '0.73517', 'CV': '0.00240', 'CV_turn': '0.00268', 'Diversity': '0.83921', 'Novelty': '3.12099', 'ifeat_feat': 0.0003354579000335458, 'NX_0_len_tra': 24.42, 'NX_0_R_tra': 21.731252957046436, 'NX_0_ctr': '0.88990', 'NX_0_CV': '0.01653', 'NX_0_CV_turn': '0.02252', 'NX_0_Diversity': '0.97217', 'NX_0_Novelty': '2.33323', 'NX_0_ifeat_feat': 0.11588861588861589, 'NX_10_len_tra': 10.0, 'NX_10_R_tra': 8.726121968075109, 'NX_10_ctr': '0.87261', 'NX_10_CV': '0.00751', 'NX_10_CV_turn': '0.02500', 'NX_10_Diversity': '0.99967', 'NX_10_Novelty': '2.55826', 'NX_10_ifeat_feat': 0.091}]
[I 240109 06:12:31 loggers:84] Epoch: [78], Info: [{'num_test': 100, 'len_tra': 29.71, 'R_tra': 23.051671598411893, 'ctr': '0.77589', 'CV': '0.00240', 'CV_turn': '0.00269', 'Diversity': '0.83120', 'Novelty': '3.11160', 'ifeat_feat': 0.0003365870077415012, 'NX_0_len_tra': 24.49, 'NX_0_R_tra': 22.21211105933207, 'NX_0_ctr': '0.90699', 'NX_0_CV': '0.01743', 'NX_0_CV_turn': '0.02368', 'NX_0_Diversity': '0.97210', 'NX_0_Novelty': '2.32968', 'NX_0_ifeat_feat': 0.12004899959167006, 'NX_10_len_tra': 10.0, 'NX_10_R_tra': 8.692282382283441, 'NX_10_ctr': '0.86923', 'NX_10_CV': '0.00902', 'NX_10_CV_turn': '0.03000', 'NX_10_Diversity': '0.99967', 'NX_10_Novelty': '2.58403', 'NX_10_ifeat_feat': 0.086}]
[I 240109 06:14:39 loggers:84] Epoch: [79], Info: [{'num_test': 100, 'len_tra': 29.63, 'R_tra': 22.859321663458513, 'ctr': '0.77149', 'CV': '0.00210', 'CV_turn': '0.00236', 'Diversity': '0.83315', 'Novelty': '3.11323', 'ifeat_feat': 0.0, 'NX_0_len_tra': 24.37, 'NX_0_R_tra': 22.889354354412863, 'NX_0_ctr': '0.93924', 'NX_0_CV': '0.01773', 'NX_0_CV_turn': '0.02421', 'NX_0_Diversity': '0.97240', 'NX_0_Novelty': '2.32055', 'NX_0_ifeat_feat': 0.11694706606483381, 'NX_10_len_tra': 10.0, 'NX_10_R_tra': 8.497564622081983, 'NX_10_ctr': '0.84976', 'NX_10_CV': '0.00751', 'NX_10_CV_turn': '0.02500', 'NX_10_Diversity': '0.99911', 'NX_10_Novelty': '2.57017', 'NX_10_ifeat_feat': 0.072}]
[I 240109 06:16:49 loggers:84] Epoch: [80], Info: [{'num_test': 100, 'len_tra': 30.0, 'R_tra': 23.037191849258544, 'ctr': '0.76791', 'CV': '0.00210', 'CV_turn': '0.00233', 'Diversity': '0.83366', 'Novelty': '3.11602', 'ifeat_feat': 0.0, 'NX_0_len_tra': 24.79, 'NX_0_R_tra': 23.554897423696666, 'NX_0_ctr': '0.95018', 'NX_0_CV': '0.01864', 'NX_0_CV_turn': '0.02501', 'NX_0_Diversity': '0.97137', 'NX_0_Novelty': '2.31322', 'NX_0_ifeat_feat': 0.12101653892698669, 'NX_10_len_tra': 10.0, 'NX_10_R_tra': 9.054407834084952, 'NX_10_ctr': '0.90544', 'NX_10_CV': '0.00721', 'NX_10_CV_turn': '0.02400', 'NX_10_Diversity': '0.99967', 'NX_10_Novelty': '2.55723', 'NX_10_ifeat_feat': 0.08}]
[I 240109 06:19:02 loggers:84] Epoch: [81], Info: [{'num_test': 100, 'len_tra': 30.0, 'R_tra': 22.53828996666489, 'ctr': '0.75128', 'CV': '0.00210', 'CV_turn': '0.00233', 'Diversity': '0.83039', 'Novelty': '3.11901', 'ifeat_feat': 0.0, 'NX_0_len_tra': 25.01, 'NX_0_R_tra': 22.093633530039885, 'NX_0_ctr': '0.88339', 'NX_0_CV': '0.01773', 'NX_0_CV_turn': '0.02359', 'NX_0_Diversity': '0.97171', 'NX_0_Novelty': '2.31503', 'NX_0_ifeat_feat': 0.12155137944822071, 'NX_10_len_tra': 10.0, 'NX_10_R_tra': 8.632384492196115, 'NX_10_ctr': '0.86324', 'NX_10_CV': '0.00812', 'NX_10_CV_turn': '0.02700', 'NX_10_Diversity': '0.99933', 'NX_10_Novelty': '2.56822', 'NX_10_ifeat_feat': 0.086}]
[I 240109 06:21:08 loggers:84] Epoch: [82], Info: [{'num_test': 100, 'len_tra': 30.0, 'R_tra': 22.46188196063561, 'ctr': '0.74873', 'CV': '0.00240', 'CV_turn': '0.00267', 'Diversity': '0.83126', 'Novelty': '3.11713', 'ifeat_feat': 0.0, 'NX_0_len_tra': 24.39, 'NX_0_R_tra': 22.780639328332633, 'NX_0_ctr': '0.93402', 'NX_0_CV': '0.01743', 'NX_0_CV_turn': '0.02378', 'NX_0_Diversity': '0.97202', 'NX_0_Novelty': '2.32349', 'NX_0_ifeat_feat': 0.12218122181221812, 'NX_10_len_tra': 10.0, 'NX_10_R_tra': 8.664042425757655, 'NX_10_ctr': '0.86640', 'NX_10_CV': '0.00812', 'NX_10_CV_turn': '0.02700', 'NX_10_Diversity': '0.99944', 'NX_10_Novelty': '2.56343', 'NX_10_ifeat_feat': 0.084}]
[I 240109 06:23:27 loggers:84] Epoch: [83], Info: [{'num_test': 100, 'len_tra': 30.0, 'R_tra': 22.015011786089616, 'ctr': '0.73383', 'CV': '0.00210', 'CV_turn': '0.00233', 'Diversity': '0.82910', 'Novelty': '3.11890', 'ifeat_feat': 0.0, 'NX_0_len_tra': 22.99, 'NX_0_R_tra': 21.25032702742034, 'NX_0_ctr': '0.92433', 'NX_0_CV': '0.01773', 'NX_0_CV_turn': '0.02566', 'NX_0_Diversity': '0.97349', 'NX_0_Novelty': '2.34991', 'NX_0_ifeat_feat': 0.12005219660722052, 'NX_10_len_tra': 10.0, 'NX_10_R_tra': 8.74111646840331, 'NX_10_ctr': '0.87411', 'NX_10_CV': '0.00751', 'NX_10_CV_turn': '0.02500', 'NX_10_Diversity': '0.99878', 'NX_10_Novelty': '2.56808', 'NX_10_ifeat_feat': 0.074}]
[I 240109 06:25:53 loggers:84] Epoch: [84], Info: [{'num_test': 100, 'len_tra': 29.83, 'R_tra': 22.64713025898266, 'ctr': '0.75921', 'CV': '0.00240', 'CV_turn': '0.00268', 'Diversity': '0.83168', 'Novelty': '3.11669', 'ifeat_feat': 0.0, 'NX_0_len_tra': 24.45, 'NX_0_R_tra': 21.887998216144428, 'NX_0_ctr': '0.89521', 'NX_0_CV': '0.01623', 'NX_0_CV_turn': '0.02209', 'NX_0_Diversity': '0.97062', 'NX_0_Novelty': '2.33892', 'NX_0_ifeat_feat': 0.12229038854805727, 'NX_10_len_tra': 10.0, 'NX_10_R_tra': 8.663385138369252, 'NX_10_ctr': '0.86634', 'NX_10_CV': '0.00812', 'NX_10_CV_turn': '0.02700', 'NX_10_Diversity': '0.99967', 'NX_10_Novelty': '2.57877', 'NX_10_ifeat_feat': 0.083}]
[I 240109 06:28:01 loggers:84] Epoch: [85], Info: [{'num_test': 100, 'len_tra': 30.0, 'R_tra': 21.932915971026155, 'ctr': '0.73110', 'CV': '0.00240', 'CV_turn': '0.00267', 'Diversity': '0.82892', 'Novelty': '3.11838', 'ifeat_feat': 0.0, 'NX_0_len_tra': 23.48, 'NX_0_R_tra': 20.599520676092276, 'NX_0_ctr': '0.87732', 'NX_0_CV': '0.01683', 'NX_0_CV_turn': '0.02385', 'NX_0_Diversity': '0.97267', 'NX_0_Novelty': '2.33417', 'NX_0_ifeat_feat': 0.11925042589437819, 'NX_10_len_tra': 10.0, 'NX_10_R_tra': 8.754165492782654, 'NX_10_ctr': '0.87542', 'NX_10_CV': '0.00781', 'NX_10_CV_turn': '0.02600', 'NX_10_Diversity': '0.99811', 'NX_10_Novelty': '2.56852', 'NX_10_ifeat_feat': 0.087}]
[I 240109 06:30:11 loggers:84] Epoch: [86], Info: [{'num_test': 100, 'len_tra': 29.77, 'R_tra': 21.43920252735112, 'ctr': '0.72016', 'CV': '0.00210', 'CV_turn': '0.00235', 'Diversity': '0.82908', 'Novelty': '3.11411', 'ifeat_feat': 0.0, 'NX_0_len_tra': 23.71, 'NX_0_R_tra': 21.4268823393274, 'NX_0_ctr': '0.90371', 'NX_0_CV': '0.01713', 'NX_0_CV_turn': '0.02404', 'NX_0_Diversity': '0.97200', 'NX_0_Novelty': '2.33913', 'NX_0_ifeat_feat': 0.12062420919443273, 'NX_10_len_tra': 10.0, 'NX_10_R_tra': 8.831217848174312, 'NX_10_ctr': '0.88312', 'NX_10_CV': '0.00842', 'NX_10_CV_turn': '0.02800', 'NX_10_Diversity': '0.99933', 'NX_10_Novelty': '2.56847', 'NX_10_ifeat_feat': 0.084}]
[I 240109 06:32:41 loggers:84] Epoch: [87], Info: [{'num_test': 100, 'len_tra': 29.83, 'R_tra': 22.282062240509774, 'ctr': '0.74697', 'CV': '0.00210', 'CV_turn': '0.00235', 'Diversity': '0.83073', 'Novelty': '3.11682', 'ifeat_feat': 0.0, 'NX_0_len_tra': 23.98, 'NX_0_R_tra': 21.794602536526657, 'NX_0_ctr': '0.90887', 'NX_0_CV': '0.01683', 'NX_0_CV_turn': '0.02335', 'NX_0_Diversity': '0.97161', 'NX_0_Novelty': '2.33360', 'NX_0_ifeat_feat': 0.11968306922435362, 'NX_10_len_tra': 10.0, 'NX_10_R_tra': 8.978346151963155, 'NX_10_ctr': '0.89783', 'NX_10_CV': '0.00751', 'NX_10_CV_turn': '0.02500', 'NX_10_Diversity': '0.99900', 'NX_10_Novelty': '2.55704', 'NX_10_ifeat_feat': 0.09}]
[I 240109 06:34:48 loggers:84] Epoch: [88], Info: [{'num_test': 100, 'len_tra': 30.0, 'R_tra': 23.236500261308358, 'ctr': '0.77455', 'CV': '0.00210', 'CV_turn': '0.00233', 'Diversity': '0.83011', 'Novelty': '3.11419', 'ifeat_feat': 0.0, 'NX_0_len_tra': 23.61, 'NX_0_R_tra': 21.274013132770396, 'NX_0_ctr': '0.90106', 'NX_0_CV': '0.01713', 'NX_0_CV_turn': '0.02414', 'NX_0_Diversity': '0.97283', 'NX_0_Novelty': '2.35212', 'NX_0_ifeat_feat': 0.1156289707750953, 'NX_10_len_tra': 10.0, 'NX_10_R_tra': 8.899878772709922, 'NX_10_ctr': '0.88999', 'NX_10_CV': '0.00721', 'NX_10_CV_turn': '0.02400', 'NX_10_Diversity': '0.99978', 'NX_10_Novelty': '2.57536', 'NX_10_ifeat_feat': 0.09}]
[I 240109 06:36:58 loggers:84] Epoch: [89], Info: [{'num_test': 100, 'len_tra': 30.0, 'R_tra': 22.48754385992671, 'ctr': '0.74958', 'CV': '0.00271', 'CV_turn': '0.00300', 'Diversity': '0.83048', 'Novelty': '3.11611', 'ifeat_feat': 0.0, 'NX_0_len_tra': 24.18, 'NX_0_R_tra': 21.715205346234928, 'NX_0_ctr': '0.89806', 'NX_0_CV': '0.01683', 'NX_0_CV_turn': '0.02316', 'NX_0_Diversity': '0.97151', 'NX_0_Novelty': '2.33120', 'NX_0_ifeat_feat': 0.12200165425971878, 'NX_10_len_tra': 10.0, 'NX_10_R_tra': 8.776327889204746, 'NX_10_ctr': '0.87763', 'NX_10_CV': '0.00812', 'NX_10_CV_turn': '0.02700', 'NX_10_Diversity': '0.99978', 'NX_10_Novelty': '2.55642', 'NX_10_ifeat_feat': 0.093}]
[I 240109 06:39:06 loggers:84] Epoch: [90], Info: [{'num_test': 100, 'len_tra': 29.82, 'R_tra': 23.410203219757364, 'ctr': '0.78505', 'CV': '0.00210', 'CV_turn': '0.00235', 'Diversity': '0.82988', 'Novelty': '3.11530', 'ifeat_feat': 0.0, 'NX_0_len_tra': 24.06, 'NX_0_R_tra': 22.734529839781413, 'NX_0_ctr': '0.94491', 'NX_0_CV': '0.01833', 'NX_0_CV_turn': '0.02535', 'NX_0_Diversity': '0.97092', 'NX_0_Novelty': '2.34502', 'NX_0_ifeat_feat': 0.11637572734829593, 'NX_10_len_tra': 10.0, 'NX_10_R_tra': 8.731340282176637, 'NX_10_ctr': '0.87313', 'NX_10_CV': '0.00842', 'NX_10_CV_turn': '0.02800', 'NX_10_Diversity': '0.99911', 'NX_10_Novelty': '2.56881', 'NX_10_ifeat_feat': 0.093}]
[I 240109 06:41:16 loggers:84] Epoch: [91], Info: [{'num_test': 100, 'len_tra': 29.65, 'R_tra': 23.183780582366857, 'ctr': '0.78192', 'CV': '0.00180', 'CV_turn': '0.00202', 'Diversity': '0.83038', 'Novelty': '3.11081', 'ifeat_feat': 0.0, 'NX_0_len_tra': 24.21, 'NX_0_R_tra': 21.74133194618824, 'NX_0_ctr': '0.89803', 'NX_0_CV': '0.01683', 'NX_0_CV_turn': '0.02313', 'NX_0_Diversity': '0.97119', 'NX_0_Novelty': '2.34293', 'NX_0_ifeat_feat': 0.12102437009500207, 'NX_10_len_tra': 10.0, 'NX_10_R_tra': 8.782565368632643, 'NX_10_ctr': '0.87826', 'NX_10_CV': '0.00812', 'NX_10_CV_turn': '0.02700', 'NX_10_Diversity': '0.99978', 'NX_10_Novelty': '2.56676', 'NX_10_ifeat_feat': 0.092}]
[I 240109 06:43:39 loggers:84] Epoch: [92], Info: [{'num_test': 100, 'len_tra': 29.82, 'R_tra': 21.155165248256058, 'ctr': '0.70943', 'CV': '0.00240', 'CV_turn': '0.00268', 'Diversity': '0.82973', 'Novelty': '3.11298', 'ifeat_feat': 0.0006706908115358819, 'NX_0_len_tra': 23.92, 'NX_0_R_tra': 21.62751014852766, 'NX_0_ctr': '0.90416', 'NX_0_CV': '0.01593', 'NX_0_CV_turn': '0.02216', 'NX_0_Diversity': '0.97187', 'NX_0_Novelty': '2.33877', 'NX_0_ifeat_feat': 0.1245819397993311, 'NX_10_len_tra': 10.0, 'NX_10_R_tra': 9.09259249720397, 'NX_10_ctr': '0.90926', 'NX_10_CV': '0.00812', 'NX_10_CV_turn': '0.02700', 'NX_10_Diversity': '0.99944', 'NX_10_Novelty': '2.56842', 'NX_10_ifeat_feat': 0.088}]
[I 240109 06:45:52 loggers:84] Epoch: [93], Info: [{'num_test': 100, 'len_tra': 30.0, 'R_tra': 23.599813562378607, 'ctr': '0.78666', 'CV': '0.00210', 'CV_turn': '0.00233', 'Diversity': '0.82883', 'Novelty': '3.11778', 'ifeat_feat': 0.0, 'NX_0_len_tra': 23.33, 'NX_0_R_tra': 21.259730273538356, 'NX_0_ctr': '0.91126', 'NX_0_CV': '0.01503', 'NX_0_CV_turn': '0.02143', 'NX_0_Diversity': '0.97112', 'NX_0_Novelty': '2.36061', 'NX_0_ifeat_feat': 0.10672953279039862, 'NX_10_len_tra': 10.0, 'NX_10_R_tra': 8.792627371686585, 'NX_10_ctr': '0.87926', 'NX_10_CV': '0.00842', 'NX_10_CV_turn': '0.02800', 'NX_10_Diversity': '0.99967', 'NX_10_Novelty': '2.56991', 'NX_10_ifeat_feat': 0.087}]
[I 240109 06:48:00 loggers:84] Epoch: [94], Info: [{'num_test': 100, 'len_tra': 30.0, 'R_tra': 22.577400945875816, 'ctr': '0.75258', 'CV': '0.00240', 'CV_turn': '0.00267', 'Diversity': '0.82991', 'Novelty': '3.11848', 'ifeat_feat': 0.0003333333333333333, 'NX_0_len_tra': 23.82, 'NX_0_R_tra': 21.35229103058224, 'NX_0_ctr': '0.89640', 'NX_0_CV': '0.01683', 'NX_0_CV_turn': '0.02351', 'NX_0_Diversity': '0.97114', 'NX_0_Novelty': '2.35983', 'NX_0_ifeat_feat': 0.11586901763224182, 'NX_10_len_tra': 10.0, 'NX_10_R_tra': 8.37624232431309, 'NX_10_ctr': '0.83762', 'NX_10_CV': '0.00902', 'NX_10_CV_turn': '0.03000', 'NX_10_Diversity': '0.99922', 'NX_10_Novelty': '2.56978', 'NX_10_ifeat_feat': 0.091}]
[I 240109 06:50:10 loggers:84] Epoch: [95], Info: [{'num_test': 100, 'len_tra': 30.0, 'R_tra': 23.591253029710543, 'ctr': '0.78638', 'CV': '0.00180', 'CV_turn': '0.00200', 'Diversity': '0.82963', 'Novelty': '3.11658', 'ifeat_feat': 0.0, 'NX_0_len_tra': 23.29, 'NX_0_R_tra': 20.26624485765426, 'NX_0_ctr': '0.87017', 'NX_0_CV': '0.01773', 'NX_0_CV_turn': '0.02533', 'NX_0_Diversity': '0.97114', 'NX_0_Novelty': '2.36997', 'NX_0_ifeat_feat': 0.10991841992271362, 'NX_10_len_tra': 10.0, 'NX_10_R_tra': 8.810275505274094, 'NX_10_ctr': '0.88103', 'NX_10_CV': '0.00721', 'NX_10_CV_turn': '0.02400', 'NX_10_Diversity': '1.00000', 'NX_10_Novelty': '2.56551', 'NX_10_ifeat_feat': 0.083}]
[I 240109 06:52:14 loggers:84] Epoch: [96], Info: [{'num_test': 100, 'len_tra': 30.0, 'R_tra': 21.99391624142246, 'ctr': '0.73313', 'CV': '0.00210', 'CV_turn': '0.00233', 'Diversity': '0.82968', 'Novelty': '3.11611', 'ifeat_feat': 0.0, 'NX_0_len_tra': 23.84, 'NX_0_R_tra': 21.73156348606619, 'NX_0_ctr': '0.91156', 'NX_0_CV': '0.01593', 'NX_0_CV_turn': '0.02223', 'NX_0_Diversity': '0.97183', 'NX_0_Novelty': '2.35662', 'NX_0_ifeat_feat': 0.1136744966442953, 'NX_10_len_tra': 10.0, 'NX_10_R_tra': 8.43742105734472, 'NX_10_ctr': '0.84374', 'NX_10_CV': '0.00842', 'NX_10_CV_turn': '0.02800', 'NX_10_Diversity': '0.99911', 'NX_10_Novelty': '2.59037', 'NX_10_ifeat_feat': 0.085}]
[I 240109 06:54:45 loggers:84] Epoch: [97], Info: [{'num_test': 100, 'len_tra': 30.0, 'R_tra': 21.463349291380105, 'ctr': '0.71544', 'CV': '0.00180', 'CV_turn': '0.00200', 'Diversity': '0.82892', 'Novelty': '3.11773', 'ifeat_feat': 0.0, 'NX_0_len_tra': 25.59, 'NX_0_R_tra': 23.955204806677866, 'NX_0_ctr': '0.93612', 'NX_0_CV': '0.01803', 'NX_0_CV_turn': '0.02345', 'NX_0_Diversity': '0.97031', 'NX_0_Novelty': '2.30127', 'NX_0_ifeat_feat': 0.12153184837827276, 'NX_10_len_tra': 10.0, 'NX_10_R_tra': 8.651027182024537, 'NX_10_ctr': '0.86510', 'NX_10_CV': '0.00721', 'NX_10_CV_turn': '0.02400', 'NX_10_Diversity': '0.99944', 'NX_10_Novelty': '2.54724', 'NX_10_ifeat_feat': 0.087}]
[I 240109 06:56:53 loggers:84] Epoch: [98], Info: [{'num_test': 100, 'len_tra': 30.0, 'R_tra': 22.40599280340837, 'ctr': '0.74687', 'CV': '0.00180', 'CV_turn': '0.00200', 'Diversity': '0.82844', 'Novelty': '3.11815', 'ifeat_feat': 0.0, 'NX_0_len_tra': 25.93, 'NX_0_R_tra': 23.76740161093825, 'NX_0_ctr': '0.91660', 'NX_0_CV': '0.01894', 'NX_0_CV_turn': '0.02430', 'NX_0_Diversity': '0.96988', 'NX_0_Novelty': '2.30362', 'NX_0_ifeat_feat': 0.12186656382568453, 'NX_10_len_tra': 10.0, 'NX_10_R_tra': 8.90225082934832, 'NX_10_ctr': '0.89023', 'NX_10_CV': '0.00721', 'NX_10_CV_turn': '0.02400', 'NX_10_Diversity': '0.99978', 'NX_10_Novelty': '2.55362', 'NX_10_ifeat_feat': 0.094}]
[I 240109 06:58:58 loggers:84] Epoch: [99], Info: [{'num_test': 100, 'len_tra': 30.0, 'R_tra': 22.13104168827958, 'ctr': '0.73770', 'CV': '0.00180', 'CV_turn': '0.00200', 'Diversity': '0.82853', 'Novelty': '3.11681', 'ifeat_feat': 0.0, 'NX_0_len_tra': 25.7, 'NX_0_R_tra': 23.454389950442255, 'NX_0_ctr': '0.91262', 'NX_0_CV': '0.01924', 'NX_0_CV_turn': '0.02490', 'NX_0_Diversity': '0.96974', 'NX_0_Novelty': '2.31024', 'NX_0_ifeat_feat': 0.12217898832684825, 'NX_10_len_tra': 10.0, 'NX_10_R_tra': 9.001253183512727, 'NX_10_ctr': '0.90013', 'NX_10_CV': '0.00781', 'NX_10_CV_turn': '0.02600', 'NX_10_Diversity': '0.99967', 'NX_10_Novelty': '2.55952', 'NX_10_ifeat_feat': 0.093}]
[I 240109 07:01:04 loggers:84] Epoch: [100], Info: [{'num_test': 100, 'len_tra': 29.85, 'R_tra': 23.078748025337568, 'ctr': '0.77316', 'CV': '0.00180', 'CV_turn': '0.00201', 'Diversity': '0.83001', 'Novelty': '3.11238', 'ifeat_feat': 0.0, 'NX_0_len_tra': 25.31, 'NX_0_R_tra': 21.775978798413668, 'NX_0_ctr': '0.86037', 'NX_0_CV': '0.01743', 'NX_0_CV_turn': '0.02292', 'NX_0_Diversity': '0.97091', 'NX_0_Novelty': '2.30529', 'NX_0_ifeat_feat': 0.12366653496641644, 'NX_10_len_tra': 10.0, 'NX_10_R_tra': 8.694058503725621, 'NX_10_ctr': '0.86941', 'NX_10_CV': '0.00812', 'NX_10_CV_turn': '0.02700', 'NX_10_Diversity': '0.99944', 'NX_10_Novelty': '2.55682', 'NX_10_ifeat_feat': 0.098}]
[I 240109 07:01:04 policy_utils:403] {'duration': '13756.24s', 'train_time/model': '5803.99s', 'test_step': 259159, 'test_episode': 10100, 'test_time': '70.90s', 'test_speed': '3655.14 step/s', 'best_reward': 24.399641605773958, 'best_result': '24.40  9.83', 'train_step': 10129899, 'train_episode': 414200, 'train_time/collector': '7881.35s', 'train_speed': '740.20 step/s'}
