[I 240104 06:53:16 policy_utils:158] {
      "env": "KuaiEnv-v0",
      "user_model_name": "DeepFM",
      "seed": 2023,
      "cuda": 5,
      "remove_recommended_ids": false,
      "draw_bar": false,
      "is_userinfo": false,
      "is_all_item_ranking": false,
      "cpu": false,
      "is_save": false,
      "use_userEmbedding": false,
      "use_pretrained_embedding": true,
      "exploration_noise": false,
      "explore_eps": 0.01,
      "need_state_norm": false,
      "freeze_emb": false,
      "reward_handle": "cat",
      "which_tracker": "avg",
      "embedding_dim": 32,
      "window_size": 3,
      "random_init": true,
      "filter_sizes": [
        2,
        3,
        4
      ],
      "num_filters": 16,
      "dropout_rate": 0.1,
      "num_heads": 1,
      "dilations": "[1, 2, 1, 2, 1, 2]",
      "buffer_size": 100000,
      "lr": 0.001,
      "epoch": 100,
      "batch_size": 1024,
      "hidden_sizes": [
        64,
        64
      ],
      "episode_per_collect": 100,
      "n_step": 3,
      "update_per_step": 0.125,
      "training_num": 100,
      "test_num": 100,
      "render": 0,
      "reward_threshold": null,
      "gamma": 0.9,
      "step_per_epoch": 100000,
      "step_per_collect": 100,
      "repeat_per_collect": 1,
      "logdir": "log",
      "read_message": "pointneg",
      "all_item_ranking": false,
      "is_binarize": false,
      "need_transform": true,
      "use_auxiliary": false,
      "entropy_window": [
        1,
        2
      ],
      "yfeat": "watch_ratio_normed",
      "leave_threshold": 1,
      "num_leave_compute": 9,
      "max_turn": 30,
      "force_length": 10,
      "top_rate": 0.8,
      "model_name": "PPO",
      "vf_coef": 0.25,
      "ent_coef": 0.0,
      "eps_clip": 0.2,
      "max_grad_norm": 0.2,
      "gae_lambda": 0.95,
      "rew_norm": false,
      "norm_adv": true,
      "recompute_adv": false,
      "dual_clip": null,
      "value_clip": false,
      "message": "PPO-max0.2-0.25",
      "hostname": "server3"
    }
[I 240104 07:06:21 loggers:84] Epoch: [1], Info: [{'num_test': 100, 'len_tra': 3.0, 'R_tra': 1.7751913456429367, 'ctr': '0.59173', 'CV': '0.00030', 'CV_turn': '0.00333', 'Diversity': '0.00000', 'Novelty': '2.76261', 'ifeat_feat': 0.0, 'NX_0_len_tra': 17.32, 'NX_0_R_tra': 10.77685503334367, 'NX_0_ctr': '0.62222', 'NX_0_CV': '0.00691', 'NX_0_CV_turn': '0.01328', 'NX_0_Diversity': '0.91975', 'NX_0_Novelty': '3.43625', 'NX_0_ifeat_feat': 0.2956120092378753, 'NX_10_len_tra': 10.0, 'NX_10_R_tra': 5.390381912916541, 'NX_10_ctr': '0.53904', 'NX_10_CV': '0.00331', 'NX_10_CV_turn': '0.01100', 'NX_10_Diversity': '0.93311', 'NX_10_Novelty': '3.39929', 'NX_10_ifeat_feat': 0.301}]
[I 240104 07:11:53 loggers:84] Epoch: [2], Info: [{'num_test': 100, 'len_tra': 3.04, 'R_tra': 1.9480692701598377, 'ctr': '0.64081', 'CV': '0.00060', 'CV_turn': '0.00658', 'Diversity': '0.02000', 'Novelty': '2.76301', 'ifeat_feat': 0.0, 'NX_0_len_tra': 30.0, 'NX_0_R_tra': 23.78361821992556, 'NX_0_ctr': '0.79279', 'NX_0_CV': '0.00902', 'NX_0_CV_turn': '0.01000', 'NX_0_Diversity': '0.96552', 'NX_0_Novelty': '2.74868', 'NX_0_ifeat_feat': 0.36666666666666664, 'NX_10_len_tra': 10.0, 'NX_10_R_tra': 6.434158202836979, 'NX_10_ctr': '0.64342', 'NX_10_CV': '0.00301', 'NX_10_CV_turn': '0.01000', 'NX_10_Diversity': '1.00000', 'NX_10_Novelty': '2.82802', 'NX_10_ifeat_feat': 0.2}]
[I 240104 07:17:56 loggers:84] Epoch: [3], Info: [{'num_test': 100, 'len_tra': 4.7, 'R_tra': 3.355847073578589, 'ctr': '0.71401', 'CV': '0.00060', 'CV_turn': '0.00426', 'Diversity': '0.51000', 'Novelty': '2.48476', 'ifeat_feat': 0.474468085106383, 'NX_0_len_tra': 24.0, 'NX_0_R_tra': 17.584601251506545, 'NX_0_ctr': '0.73269', 'NX_0_CV': '0.00721', 'NX_0_CV_turn': '0.01000', 'NX_0_Diversity': '0.98913', 'NX_0_Novelty': '3.02528', 'NX_0_ifeat_feat': 0.375, 'NX_10_len_tra': 10.0, 'NX_10_R_tra': 7.092741463106019, 'NX_10_ctr': '0.70927', 'NX_10_CV': '0.00301', 'NX_10_CV_turn': '0.01000', 'NX_10_Diversity': '1.00000', 'NX_10_Novelty': '2.83341', 'NX_10_ifeat_feat': 0.3}]
[I 240104 07:23:49 loggers:84] Epoch: [4], Info: [{'num_test': 100, 'len_tra': 3.09, 'R_tra': 2.107591650492254, 'ctr': '0.68207', 'CV': '0.00060', 'CV_turn': '0.00647', 'Diversity': '0.04100', 'Novelty': '2.63837', 'ifeat_feat': 0.9611650485436893, 'NX_0_len_tra': 27.03, 'NX_0_R_tra': 19.393763720289225, 'NX_0_ctr': '0.71749', 'NX_0_CV': '0.00932', 'NX_0_CV_turn': '0.01147', 'NX_0_Diversity': '0.98858', 'NX_0_Novelty': '2.98326', 'NX_0_ifeat_feat': 0.4435812060673326, 'NX_10_len_tra': 10.0, 'NX_10_R_tra': 6.178688168022023, 'NX_10_ctr': '0.61787', 'NX_10_CV': '0.00331', 'NX_10_CV_turn': '0.01100', 'NX_10_Diversity': '1.00000', 'NX_10_Novelty': '2.98114', 'NX_10_ifeat_feat': 0.5}]
[I 240104 07:29:12 loggers:84] Epoch: [5], Info: [{'num_test': 100, 'len_tra': 3.07, 'R_tra': 2.0452444595478836, 'ctr': '0.66620', 'CV': '0.00060', 'CV_turn': '0.00651', 'Diversity': '0.03500', 'Novelty': '2.34716', 'ifeat_feat': 0.02280130293159609, 'NX_0_len_tra': 30.0, 'NX_0_R_tra': 20.126074083219883, 'NX_0_ctr': '0.67087', 'NX_0_CV': '0.00932', 'NX_0_CV_turn': '0.01033', 'NX_0_Diversity': '0.98614', 'NX_0_Novelty': '3.03379', 'NX_0_ifeat_feat': 0.39966666666666667, 'NX_10_len_tra': 10.0, 'NX_10_R_tra': 5.882516099878279, 'NX_10_ctr': '0.58825', 'NX_10_CV': '0.00331', 'NX_10_CV_turn': '0.01100', 'NX_10_Diversity': '1.00000', 'NX_10_Novelty': '2.84201', 'NX_10_ifeat_feat': 0.4}]
[I 240104 07:35:15 loggers:84] Epoch: [6], Info: [{'num_test': 100, 'len_tra': 3.52, 'R_tra': 2.269952085660349, 'ctr': '0.64487', 'CV': '0.00060', 'CV_turn': '0.00568', 'Diversity': '0.26000', 'Novelty': '2.38161', 'ifeat_feat': 0.14772727272727273, 'NX_0_len_tra': 30.0, 'NX_0_R_tra': 21.426171356175995, 'NX_0_ctr': '0.71421', 'NX_0_CV': '0.00902', 'NX_0_CV_turn': '0.01000', 'NX_0_Diversity': '0.98621', 'NX_0_Novelty': '3.02391', 'NX_0_ifeat_feat': 0.4, 'NX_10_len_tra': 10.0, 'NX_10_R_tra': 6.258209761972696, 'NX_10_ctr': '0.62582', 'NX_10_CV': '0.00301', 'NX_10_CV_turn': '0.01000', 'NX_10_Diversity': '1.00000', 'NX_10_Novelty': '2.97958', 'NX_10_ifeat_feat': 0.5}]
[I 240104 07:40:33 loggers:84] Epoch: [7], Info: [{'num_test': 100, 'len_tra': 4.98, 'R_tra': 3.2598161743585687, 'ctr': '0.65458', 'CV': '0.00090', 'CV_turn': '0.00602', 'Diversity': '0.59500', 'Novelty': '2.50012', 'ifeat_feat': 0.5160642570281124, 'NX_0_len_tra': 30.0, 'NX_0_R_tra': 20.4933803693221, 'NX_0_ctr': '0.68311', 'NX_0_CV': '0.00932', 'NX_0_CV_turn': '0.01033', 'NX_0_Diversity': '0.98611', 'NX_0_Novelty': '3.05473', 'NX_0_ifeat_feat': 0.36733333333333335, 'NX_10_len_tra': 10.0, 'NX_10_R_tra': 6.392863950895709, 'NX_10_ctr': '0.63929', 'NX_10_CV': '0.00301', 'NX_10_CV_turn': '0.01000', 'NX_10_Diversity': '1.00000', 'NX_10_Novelty': '2.96637', 'NX_10_ifeat_feat': 0.4}]
[I 240104 07:46:23 loggers:84] Epoch: [8], Info: [{'num_test': 100, 'len_tra': 5.19, 'R_tra': 3.1813414778781337, 'ctr': '0.61298', 'CV': '0.00120', 'CV_turn': '0.00771', 'Diversity': '0.61444', 'Novelty': '2.60045', 'ifeat_feat': 0.976878612716763, 'NX_0_len_tra': 30.0, 'NX_0_R_tra': 19.397306541732647, 'NX_0_ctr': '0.64658', 'NX_0_CV': '0.00902', 'NX_0_CV_turn': '0.01000', 'NX_0_Diversity': '0.99080', 'NX_0_Novelty': '3.05885', 'NX_0_ifeat_feat': 0.36666666666666664, 'NX_10_len_tra': 10.0, 'NX_10_R_tra': 5.86417354707092, 'NX_10_ctr': '0.58642', 'NX_10_CV': '0.00331', 'NX_10_CV_turn': '0.01100', 'NX_10_Diversity': '1.00000', 'NX_10_Novelty': '3.11187', 'NX_10_ifeat_feat': 0.4}]
[I 240104 07:52:22 loggers:84] Epoch: [9], Info: [{'num_test': 100, 'len_tra': 6.4, 'R_tra': 3.6440107058674944, 'ctr': '0.56938', 'CV': '0.00150', 'CV_turn': '0.00781', 'Diversity': '0.66400', 'Novelty': '2.92175', 'ifeat_feat': 0.4765625, 'NX_0_len_tra': 29.98, 'NX_0_R_tra': 21.161712522278343, 'NX_0_ctr': '0.70586', 'NX_0_CV': '0.00932', 'NX_0_CV_turn': '0.01034', 'NX_0_Diversity': '0.98393', 'NX_0_Novelty': '2.92156', 'NX_0_ifeat_feat': 0.4336224149432955, 'NX_10_len_tra': 10.0, 'NX_10_R_tra': 6.351165601929696, 'NX_10_ctr': '0.63512', 'NX_10_CV': '0.00301', 'NX_10_CV_turn': '0.01000', 'NX_10_Diversity': '1.00000', 'NX_10_Novelty': '2.97462', 'NX_10_ifeat_feat': 0.4}]
[I 240104 07:57:39 loggers:84] Epoch: [10], Info: [{'num_test': 100, 'len_tra': 6.76, 'R_tra': 4.290918818269018, 'ctr': '0.63475', 'CV': '0.00150', 'CV_turn': '0.00740', 'Diversity': '0.68022', 'Novelty': '2.77494', 'ifeat_feat': 0.8505917159763313, 'NX_0_len_tra': 30.0, 'NX_0_R_tra': 20.7245158493095, 'NX_0_ctr': '0.69082', 'NX_0_CV': '0.00932', 'NX_0_CV_turn': '0.01033', 'NX_0_Diversity': '0.98618', 'NX_0_Novelty': '2.96713', 'NX_0_ifeat_feat': 0.4, 'NX_10_len_tra': 10.0, 'NX_10_R_tra': 5.7755931823537905, 'NX_10_ctr': '0.57756', 'NX_10_CV': '0.00331', 'NX_10_CV_turn': '0.01100', 'NX_10_Diversity': '1.00000', 'NX_10_Novelty': '2.97974', 'NX_10_ifeat_feat': 0.5}]
[I 240104 08:02:03 loggers:84] Epoch: [11], Info: [{'num_test': 100, 'len_tra': 8.56, 'R_tra': 5.189650943364887, 'ctr': '0.60627', 'CV': '0.00180', 'CV_turn': '0.00701', 'Diversity': '0.76433', 'Novelty': '3.10766', 'ifeat_feat': 0.7044392523364486, 'NX_0_len_tra': 26.0, 'NX_0_R_tra': 20.04270342473794, 'NX_0_ctr': '0.77087', 'NX_0_CV': '0.00781', 'NX_0_CV_turn': '0.01000', 'NX_0_Diversity': '0.98769', 'NX_0_Novelty': '2.82005', 'NX_0_ifeat_feat': 0.46153846153846156, 'NX_10_len_tra': 10.0, 'NX_10_R_tra': 6.334180613780599, 'NX_10_ctr': '0.63342', 'NX_10_CV': '0.00331', 'NX_10_CV_turn': '0.01100', 'NX_10_Diversity': '1.00000', 'NX_10_Novelty': '2.98706', 'NX_10_ifeat_feat': 0.4}]
[I 240104 08:06:30 loggers:84] Epoch: [12], Info: [{'num_test': 100, 'len_tra': 8.32, 'R_tra': 5.345025993930936, 'ctr': '0.64243', 'CV': '0.00180', 'CV_turn': '0.00721', 'Diversity': '0.77463', 'Novelty': '2.88636', 'ifeat_feat': 0.6862980769230769, 'NX_0_len_tra': 27.0, 'NX_0_R_tra': 20.181646209274767, 'NX_0_ctr': '0.74747', 'NX_0_CV': '0.00812', 'NX_0_CV_turn': '0.01000', 'NX_0_Diversity': '0.98860', 'NX_0_Novelty': '2.83979', 'NX_0_ifeat_feat': 0.4444444444444444, 'NX_10_len_tra': 10.0, 'NX_10_R_tra': 6.2859661325526845, 'NX_10_ctr': '0.62860', 'NX_10_CV': '0.00361', 'NX_10_CV_turn': '0.01200', 'NX_10_Diversity': '1.00000', 'NX_10_Novelty': '3.01018', 'NX_10_ifeat_feat': 0.41}]
[I 240104 08:10:08 loggers:84] Epoch: [13], Info: [{'num_test': 100, 'len_tra': 10.01, 'R_tra': 6.21370219572076, 'ctr': '0.62075', 'CV': '0.00180', 'CV_turn': '0.00599', 'Diversity': '0.76873', 'Novelty': '2.97508', 'ifeat_feat': 0.46053946053946054, 'NX_0_len_tra': 25.0, 'NX_0_R_tra': 19.73632532234243, 'NX_0_ctr': '0.78945', 'NX_0_CV': '0.00751', 'NX_0_CV_turn': '0.01000', 'NX_0_Diversity': '0.98333', 'NX_0_Novelty': '2.69195', 'NX_0_ifeat_feat': 0.48, 'NX_10_len_tra': 10.0, 'NX_10_R_tra': 6.89451706267777, 'NX_10_ctr': '0.68945', 'NX_10_CV': '0.00331', 'NX_10_CV_turn': '0.01100', 'NX_10_Diversity': '1.00000', 'NX_10_Novelty': '2.93606', 'NX_10_ifeat_feat': 0.452}]
[I 240104 08:13:32 loggers:84] Epoch: [14], Info: [{'num_test': 100, 'len_tra': 8.18, 'R_tra': 4.987938811495601, 'ctr': '0.60977', 'CV': '0.00150', 'CV_turn': '0.00611', 'Diversity': '0.77039', 'Novelty': '2.61872', 'ifeat_feat': 0.7041564792176039, 'NX_0_len_tra': 25.99, 'NX_0_R_tra': 19.756881223448516, 'NX_0_ctr': '0.76017', 'NX_0_CV': '0.00781', 'NX_0_CV_turn': '0.01000', 'NX_0_Diversity': '0.98512', 'NX_0_Novelty': '2.73334', 'NX_0_ifeat_feat': 0.461716044632551, 'NX_10_len_tra': 10.0, 'NX_10_R_tra': 6.836769035089606, 'NX_10_ctr': '0.68368', 'NX_10_CV': '0.00331', 'NX_10_CV_turn': '0.01100', 'NX_10_Diversity': '1.00000', 'NX_10_Novelty': '2.67654', 'NX_10_ifeat_feat': 0.399}]
[I 240104 08:16:32 loggers:84] Epoch: [15], Info: [{'num_test': 100, 'len_tra': 11.13, 'R_tra': 7.297358465253169, 'ctr': '0.65565', 'CV': '0.00210', 'CV_turn': '0.00629', 'Diversity': '0.87937', 'Novelty': '2.57919', 'ifeat_feat': 0.6109613656783468, 'NX_0_len_tra': 30.0, 'NX_0_R_tra': 21.874107180555175, 'NX_0_ctr': '0.72914', 'NX_0_CV': '0.00902', 'NX_0_CV_turn': '0.01000', 'NX_0_Diversity': '0.98582', 'NX_0_Novelty': '2.92170', 'NX_0_ifeat_feat': 0.43333333333333335, 'NX_10_len_tra': 10.0, 'NX_10_R_tra': 6.192371125070589, 'NX_10_ctr': '0.61924', 'NX_10_CV': '0.00331', 'NX_10_CV_turn': '0.01100', 'NX_10_Diversity': '1.00000', 'NX_10_Novelty': '2.75707', 'NX_10_ifeat_feat': 0.4}]
[I 240104 08:19:13 loggers:84] Epoch: [16], Info: [{'num_test': 100, 'len_tra': 27.2, 'R_tra': 18.598345737664793, 'ctr': '0.68376', 'CV': '0.00180', 'CV_turn': '0.00221', 'Diversity': '0.83319', 'Novelty': '2.53513', 'ifeat_feat': 0.6066176470588235, 'NX_0_len_tra': 30.0, 'NX_0_R_tra': 21.77006552078181, 'NX_0_ctr': '0.72567', 'NX_0_CV': '0.00932', 'NX_0_CV_turn': '0.01033', 'NX_0_Diversity': '0.98352', 'NX_0_Novelty': '2.85519', 'NX_0_ifeat_feat': 0.4666666666666667, 'NX_10_len_tra': 10.0, 'NX_10_R_tra': 6.609674544936695, 'NX_10_ctr': '0.66097', 'NX_10_CV': '0.00331', 'NX_10_CV_turn': '0.01100', 'NX_10_Diversity': '1.00000', 'NX_10_Novelty': '2.75876', 'NX_10_ifeat_feat': 0.418}]
[I 240104 08:21:48 loggers:84] Epoch: [17], Info: [{'num_test': 100, 'len_tra': 30.0, 'R_tra': 18.49476307500709, 'ctr': '0.61649', 'CV': '0.00150', 'CV_turn': '0.00167', 'Diversity': '0.82759', 'Novelty': '2.54075', 'ifeat_feat': 0.6, 'NX_0_len_tra': 30.0, 'NX_0_R_tra': 21.162293871375123, 'NX_0_ctr': '0.70541', 'NX_0_CV': '0.00932', 'NX_0_CV_turn': '0.01033', 'NX_0_Diversity': '0.98468', 'NX_0_Novelty': '2.98383', 'NX_0_ifeat_feat': 0.43366666666666664, 'NX_10_len_tra': 10.0, 'NX_10_R_tra': 7.03764573092957, 'NX_10_ctr': '0.70376', 'NX_10_CV': '0.00301', 'NX_10_CV_turn': '0.01000', 'NX_10_Diversity': '1.00000', 'NX_10_Novelty': '2.78205', 'NX_10_ifeat_feat': 0.4}]
[I 240104 08:24:11 loggers:84] Epoch: [18], Info: [{'num_test': 100, 'len_tra': 30.0, 'R_tra': 19.22501518184734, 'ctr': '0.64083', 'CV': '0.00150', 'CV_turn': '0.00167', 'Diversity': '0.82759', 'Novelty': '2.54075', 'ifeat_feat': 0.6, 'NX_0_len_tra': 30.0, 'NX_0_R_tra': 21.050559867513908, 'NX_0_ctr': '0.70169', 'NX_0_CV': '0.00932', 'NX_0_CV_turn': '0.01033', 'NX_0_Diversity': '0.98471', 'NX_0_Novelty': '2.98478', 'NX_0_ifeat_feat': 0.43333333333333335, 'NX_10_len_tra': 10.0, 'NX_10_R_tra': 6.892607469296332, 'NX_10_ctr': '0.68926', 'NX_10_CV': '0.00331', 'NX_10_CV_turn': '0.01100', 'NX_10_Diversity': '1.00000', 'NX_10_Novelty': '2.69645', 'NX_10_ifeat_feat': 0.301}]
[I 240104 08:26:31 loggers:84] Epoch: [19], Info: [{'num_test': 100, 'len_tra': 30.0, 'R_tra': 19.184004620331216, 'ctr': '0.63947', 'CV': '0.00150', 'CV_turn': '0.00167', 'Diversity': '0.82756', 'Novelty': '2.54067', 'ifeat_feat': 0.6, 'NX_0_len_tra': 30.0, 'NX_0_R_tra': 21.39985793277799, 'NX_0_ctr': '0.71333', 'NX_0_CV': '0.00932', 'NX_0_CV_turn': '0.01033', 'NX_0_Diversity': '0.98465', 'NX_0_Novelty': '2.98373', 'NX_0_ifeat_feat': 0.43366666666666664, 'NX_10_len_tra': 10.0, 'NX_10_R_tra': 6.071345958870904, 'NX_10_ctr': '0.60713', 'NX_10_CV': '0.00301', 'NX_10_CV_turn': '0.01000', 'NX_10_Diversity': '1.00000', 'NX_10_Novelty': '2.81219', 'NX_10_ifeat_feat': 0.3}]
[I 240104 08:28:53 loggers:84] Epoch: [20], Info: [{'num_test': 100, 'len_tra': 30.0, 'R_tra': 18.189707571535674, 'ctr': '0.60632', 'CV': '0.00150', 'CV_turn': '0.00167', 'Diversity': '0.82759', 'Novelty': '2.54075', 'ifeat_feat': 0.6, 'NX_0_len_tra': 30.0, 'NX_0_R_tra': 21.136157642764047, 'NX_0_ctr': '0.70454', 'NX_0_CV': '0.00932', 'NX_0_CV_turn': '0.01033', 'NX_0_Diversity': '0.98543', 'NX_0_Novelty': '2.92465', 'NX_0_ifeat_feat': 0.40066666666666667, 'NX_10_len_tra': 10.0, 'NX_10_R_tra': 6.23642034544022, 'NX_10_ctr': '0.62364', 'NX_10_CV': '0.00301', 'NX_10_CV_turn': '0.01000', 'NX_10_Diversity': '1.00000', 'NX_10_Novelty': '2.69700', 'NX_10_ifeat_feat': 0.3}]
[I 240104 08:31:07 loggers:84] Epoch: [21], Info: [{'num_test': 100, 'len_tra': 30.0, 'R_tra': 20.31944517739494, 'ctr': '0.67731', 'CV': '0.00150', 'CV_turn': '0.00167', 'Diversity': '0.82759', 'Novelty': '2.54075', 'ifeat_feat': 0.6, 'NX_0_len_tra': 30.0, 'NX_0_R_tra': 20.972296627596247, 'NX_0_ctr': '0.69908', 'NX_0_CV': '0.00902', 'NX_0_CV_turn': '0.01000', 'NX_0_Diversity': '0.98467', 'NX_0_Novelty': '2.98537', 'NX_0_ifeat_feat': 0.43333333333333335, 'NX_10_len_tra': 10.0, 'NX_10_R_tra': 6.796216755155657, 'NX_10_ctr': '0.67962', 'NX_10_CV': '0.00301', 'NX_10_CV_turn': '0.01000', 'NX_10_Diversity': '1.00000', 'NX_10_Novelty': '2.67210', 'NX_10_ifeat_feat': 0.3}]
[I 240104 08:33:21 loggers:84] Epoch: [22], Info: [{'num_test': 100, 'len_tra': 30.0, 'R_tra': 18.414032709101164, 'ctr': '0.61380', 'CV': '0.00150', 'CV_turn': '0.00167', 'Diversity': '0.82759', 'Novelty': '2.54075', 'ifeat_feat': 0.6, 'NX_0_len_tra': 30.0, 'NX_0_R_tra': 20.532369619012787, 'NX_0_ctr': '0.68441', 'NX_0_CV': '0.00932', 'NX_0_CV_turn': '0.01033', 'NX_0_Diversity': '0.98542', 'NX_0_Novelty': '2.92492', 'NX_0_ifeat_feat': 0.4003333333333333, 'NX_10_len_tra': 10.0, 'NX_10_R_tra': 6.303706455451512, 'NX_10_ctr': '0.63037', 'NX_10_CV': '0.00331', 'NX_10_CV_turn': '0.01100', 'NX_10_Diversity': '1.00000', 'NX_10_Novelty': '2.69720', 'NX_10_ifeat_feat': 0.3}]
[I 240104 08:35:49 loggers:84] Epoch: [23], Info: [{'num_test': 100, 'len_tra': 30.0, 'R_tra': 18.331097631454764, 'ctr': '0.61104', 'CV': '0.00150', 'CV_turn': '0.00167', 'Diversity': '0.82759', 'Novelty': '2.54075', 'ifeat_feat': 0.6, 'NX_0_len_tra': 30.0, 'NX_0_R_tra': 21.319391602541533, 'NX_0_ctr': '0.71065', 'NX_0_CV': '0.00932', 'NX_0_CV_turn': '0.01033', 'NX_0_Diversity': '0.98541', 'NX_0_Novelty': '2.92364', 'NX_0_ifeat_feat': 0.4003333333333333, 'NX_10_len_tra': 10.0, 'NX_10_R_tra': 6.503381382653896, 'NX_10_ctr': '0.65034', 'NX_10_CV': '0.00301', 'NX_10_CV_turn': '0.01000', 'NX_10_Diversity': '1.00000', 'NX_10_Novelty': '2.67210', 'NX_10_ifeat_feat': 0.3}]
[I 240104 08:38:03 loggers:84] Epoch: [24], Info: [{'num_test': 100, 'len_tra': 30.0, 'R_tra': 19.909243474594614, 'ctr': '0.66364', 'CV': '0.00150', 'CV_turn': '0.00167', 'Diversity': '0.82759', 'Novelty': '2.54075', 'ifeat_feat': 0.6, 'NX_0_len_tra': 30.0, 'NX_0_R_tra': 21.54004753757972, 'NX_0_ctr': '0.71800', 'NX_0_CV': '0.00962', 'NX_0_CV_turn': '0.01067', 'NX_0_Diversity': '0.98545', 'NX_0_Novelty': '2.92312', 'NX_0_ifeat_feat': 0.4003333333333333, 'NX_10_len_tra': 10.0, 'NX_10_R_tra': 6.368679264004877, 'NX_10_ctr': '0.63687', 'NX_10_CV': '0.00301', 'NX_10_CV_turn': '0.01000', 'NX_10_Diversity': '1.00000', 'NX_10_Novelty': '2.69700', 'NX_10_ifeat_feat': 0.3}]
[I 240104 08:40:26 loggers:84] Epoch: [25], Info: [{'num_test': 100, 'len_tra': 30.0, 'R_tra': 18.474874909193296, 'ctr': '0.61583', 'CV': '0.00150', 'CV_turn': '0.00167', 'Diversity': '0.82759', 'Novelty': '2.54075', 'ifeat_feat': 0.6, 'NX_0_len_tra': 30.0, 'NX_0_R_tra': 21.2422752616499, 'NX_0_ctr': '0.70808', 'NX_0_CV': '0.00932', 'NX_0_CV_turn': '0.01033', 'NX_0_Diversity': '0.98541', 'NX_0_Novelty': '2.92381', 'NX_0_ifeat_feat': 0.4, 'NX_10_len_tra': 10.0, 'NX_10_R_tra': 6.535339502667728, 'NX_10_ctr': '0.65353', 'NX_10_CV': '0.00301', 'NX_10_CV_turn': '0.01000', 'NX_10_Diversity': '1.00000', 'NX_10_Novelty': '2.67210', 'NX_10_ifeat_feat': 0.3}]
[I 240104 08:42:38 loggers:84] Epoch: [26], Info: [{'num_test': 100, 'len_tra': 30.0, 'R_tra': 19.16611647786628, 'ctr': '0.63887', 'CV': '0.00150', 'CV_turn': '0.00167', 'Diversity': '0.82759', 'Novelty': '2.54075', 'ifeat_feat': 0.6, 'NX_0_len_tra': 30.0, 'NX_0_R_tra': 20.288196045086558, 'NX_0_ctr': '0.67627', 'NX_0_CV': '0.00932', 'NX_0_CV_turn': '0.01033', 'NX_0_Diversity': '0.98541', 'NX_0_Novelty': '2.92360', 'NX_0_ifeat_feat': 0.4003333333333333, 'NX_10_len_tra': 10.0, 'NX_10_R_tra': 6.683160854576553, 'NX_10_ctr': '0.66832', 'NX_10_CV': '0.00331', 'NX_10_CV_turn': '0.01100', 'NX_10_Diversity': '1.00000', 'NX_10_Novelty': '2.69762', 'NX_10_ifeat_feat': 0.3}]
[I 240104 08:44:51 loggers:84] Epoch: [27], Info: [{'num_test': 100, 'len_tra': 30.0, 'R_tra': 17.971227673451388, 'ctr': '0.59904', 'CV': '0.00150', 'CV_turn': '0.00167', 'Diversity': '0.82759', 'Novelty': '2.54075', 'ifeat_feat': 0.6, 'NX_0_len_tra': 30.0, 'NX_0_R_tra': 20.77160814854947, 'NX_0_ctr': '0.69239', 'NX_0_CV': '0.00932', 'NX_0_CV_turn': '0.01033', 'NX_0_Diversity': '0.98540', 'NX_0_Novelty': '2.92441', 'NX_0_ifeat_feat': 0.40066666666666667, 'NX_10_len_tra': 10.0, 'NX_10_R_tra': 6.516522249652871, 'NX_10_ctr': '0.65165', 'NX_10_CV': '0.00361', 'NX_10_CV_turn': '0.01200', 'NX_10_Diversity': '1.00000', 'NX_10_Novelty': '2.67121', 'NX_10_ifeat_feat': 0.302}]
[I 240104 08:47:07 loggers:84] Epoch: [28], Info: [{'num_test': 100, 'len_tra': 30.0, 'R_tra': 19.647376382774297, 'ctr': '0.65491', 'CV': '0.00150', 'CV_turn': '0.00167', 'Diversity': '0.82759', 'Novelty': '2.54075', 'ifeat_feat': 0.6, 'NX_0_len_tra': 30.0, 'NX_0_R_tra': 21.5447986169608, 'NX_0_ctr': '0.71816', 'NX_0_CV': '0.00932', 'NX_0_CV_turn': '0.01033', 'NX_0_Diversity': '0.98539', 'NX_0_Novelty': '2.92498', 'NX_0_ifeat_feat': 0.4003333333333333, 'NX_10_len_tra': 10.0, 'NX_10_R_tra': 6.672922196032621, 'NX_10_ctr': '0.66729', 'NX_10_CV': '0.00301', 'NX_10_CV_turn': '0.01000', 'NX_10_Diversity': '1.00000', 'NX_10_Novelty': '2.67210', 'NX_10_ifeat_feat': 0.3}]
[I 240104 08:49:13 loggers:84] Epoch: [29], Info: [{'num_test': 100, 'len_tra': 29.8, 'R_tra': 17.742464263275235, 'ctr': '0.59538', 'CV': '0.00150', 'CV_turn': '0.00168', 'Diversity': '0.82798', 'Novelty': '2.54033', 'ifeat_feat': 0.6, 'NX_0_len_tra': 30.0, 'NX_0_R_tra': 20.642912563464332, 'NX_0_ctr': '0.68810', 'NX_0_CV': '0.00932', 'NX_0_CV_turn': '0.01033', 'NX_0_Diversity': '0.98543', 'NX_0_Novelty': '2.92370', 'NX_0_ifeat_feat': 0.4, 'NX_10_len_tra': 10.0, 'NX_10_R_tra': 6.17002562618703, 'NX_10_ctr': '0.61700', 'NX_10_CV': '0.00301', 'NX_10_CV_turn': '0.01000', 'NX_10_Diversity': '1.00000', 'NX_10_Novelty': '2.69700', 'NX_10_ifeat_feat': 0.3}]
[I 240104 08:51:13 loggers:84] Epoch: [30], Info: [{'num_test': 100, 'len_tra': 30.0, 'R_tra': 18.19739786818174, 'ctr': '0.60658', 'CV': '0.00150', 'CV_turn': '0.00167', 'Diversity': '0.82759', 'Novelty': '2.54075', 'ifeat_feat': 0.6, 'NX_0_len_tra': 30.0, 'NX_0_R_tra': 21.689603509224913, 'NX_0_ctr': '0.72299', 'NX_0_CV': '0.00932', 'NX_0_CV_turn': '0.01033', 'NX_0_Diversity': '0.98541', 'NX_0_Novelty': '2.92393', 'NX_0_ifeat_feat': 0.4003333333333333, 'NX_10_len_tra': 10.0, 'NX_10_R_tra': 6.652129381368398, 'NX_10_ctr': '0.66521', 'NX_10_CV': '0.00301', 'NX_10_CV_turn': '0.01000', 'NX_10_Diversity': '1.00000', 'NX_10_Novelty': '2.67210', 'NX_10_ifeat_feat': 0.3}]
[I 240104 08:53:12 loggers:84] Epoch: [31], Info: [{'num_test': 100, 'len_tra': 30.0, 'R_tra': 19.85595608828505, 'ctr': '0.66187', 'CV': '0.00150', 'CV_turn': '0.00167', 'Diversity': '0.82759', 'Novelty': '2.54075', 'ifeat_feat': 0.6, 'NX_0_len_tra': 30.0, 'NX_0_R_tra': 21.074385050286825, 'NX_0_ctr': '0.70248', 'NX_0_CV': '0.00902', 'NX_0_CV_turn': '0.01000', 'NX_0_Diversity': '0.98544', 'NX_0_Novelty': '2.92319', 'NX_0_ifeat_feat': 0.4, 'NX_10_len_tra': 10.0, 'NX_10_R_tra': 6.491760687415256, 'NX_10_ctr': '0.64918', 'NX_10_CV': '0.00331', 'NX_10_CV_turn': '0.01100', 'NX_10_Diversity': '1.00000', 'NX_10_Novelty': '2.69636', 'NX_10_ifeat_feat': 0.301}]
[I 240104 08:55:10 loggers:84] Epoch: [32], Info: [{'num_test': 100, 'len_tra': 30.0, 'R_tra': 19.608360440057492, 'ctr': '0.65361', 'CV': '0.00150', 'CV_turn': '0.00167', 'Diversity': '0.82756', 'Novelty': '2.54067', 'ifeat_feat': 0.6, 'NX_0_len_tra': 30.0, 'NX_0_R_tra': 21.27242858265952, 'NX_0_ctr': '0.70908', 'NX_0_CV': '0.00902', 'NX_0_CV_turn': '0.01000', 'NX_0_Diversity': '0.98544', 'NX_0_Novelty': '2.92319', 'NX_0_ifeat_feat': 0.4, 'NX_10_len_tra': 10.0, 'NX_10_R_tra': 6.230559077514535, 'NX_10_ctr': '0.62306', 'NX_10_CV': '0.00301', 'NX_10_CV_turn': '0.01000', 'NX_10_Diversity': '1.00000', 'NX_10_Novelty': '2.67210', 'NX_10_ifeat_feat': 0.3}]
[I 240104 08:57:07 loggers:84] Epoch: [33], Info: [{'num_test': 100, 'len_tra': 30.0, 'R_tra': 19.648171194499326, 'ctr': '0.65494', 'CV': '0.00150', 'CV_turn': '0.00167', 'Diversity': '0.82759', 'Novelty': '2.54075', 'ifeat_feat': 0.6, 'NX_0_len_tra': 30.0, 'NX_0_R_tra': 21.881281657829557, 'NX_0_ctr': '0.72938', 'NX_0_CV': '0.00902', 'NX_0_CV_turn': '0.01000', 'NX_0_Diversity': '0.98544', 'NX_0_Novelty': '2.92319', 'NX_0_ifeat_feat': 0.4, 'NX_10_len_tra': 10.0, 'NX_10_R_tra': 6.186716335021167, 'NX_10_ctr': '0.61867', 'NX_10_CV': '0.00301', 'NX_10_CV_turn': '0.01000', 'NX_10_Diversity': '1.00000', 'NX_10_Novelty': '2.69700', 'NX_10_ifeat_feat': 0.3}]
[I 240104 08:59:04 loggers:84] Epoch: [34], Info: [{'num_test': 100, 'len_tra': 30.0, 'R_tra': 18.617085030278965, 'ctr': '0.62057', 'CV': '0.00150', 'CV_turn': '0.00167', 'Diversity': '0.82759', 'Novelty': '2.54075', 'ifeat_feat': 0.6, 'NX_0_len_tra': 30.0, 'NX_0_R_tra': 21.821436744989843, 'NX_0_ctr': '0.72738', 'NX_0_CV': '0.00932', 'NX_0_CV_turn': '0.01033', 'NX_0_Diversity': '0.98538', 'NX_0_Novelty': '2.92487', 'NX_0_ifeat_feat': 0.40066666666666667, 'NX_10_len_tra': 10.0, 'NX_10_R_tra': 6.5746219594974855, 'NX_10_ctr': '0.65746', 'NX_10_CV': '0.00301', 'NX_10_CV_turn': '0.01000', 'NX_10_Diversity': '1.00000', 'NX_10_Novelty': '2.69700', 'NX_10_ifeat_feat': 0.3}]
[I 240104 09:01:03 loggers:84] Epoch: [35], Info: [{'num_test': 100, 'len_tra': 30.0, 'R_tra': 20.664800857264396, 'ctr': '0.68883', 'CV': '0.00150', 'CV_turn': '0.00167', 'Diversity': '0.82759', 'Novelty': '2.54075', 'ifeat_feat': 0.6, 'NX_0_len_tra': 30.0, 'NX_0_R_tra': 21.55483062654322, 'NX_0_ctr': '0.71849', 'NX_0_CV': '0.00902', 'NX_0_CV_turn': '0.01000', 'NX_0_Diversity': '0.98544', 'NX_0_Novelty': '2.92319', 'NX_0_ifeat_feat': 0.4, 'NX_10_len_tra': 10.0, 'NX_10_R_tra': 6.2234756801855875, 'NX_10_ctr': '0.62235', 'NX_10_CV': '0.00301', 'NX_10_CV_turn': '0.01000', 'NX_10_Diversity': '1.00000', 'NX_10_Novelty': '2.69700', 'NX_10_ifeat_feat': 0.3}]
[I 240104 09:03:00 loggers:84] Epoch: [36], Info: [{'num_test': 100, 'len_tra': 30.0, 'R_tra': 18.720678803843235, 'ctr': '0.62402', 'CV': '0.00150', 'CV_turn': '0.00167', 'Diversity': '0.82759', 'Novelty': '2.54075', 'ifeat_feat': 0.6, 'NX_0_len_tra': 30.0, 'NX_0_R_tra': 21.437873947893767, 'NX_0_ctr': '0.71460', 'NX_0_CV': '0.00932', 'NX_0_CV_turn': '0.01033', 'NX_0_Diversity': '0.98541', 'NX_0_Novelty': '2.92397', 'NX_0_ifeat_feat': 0.4, 'NX_10_len_tra': 10.0, 'NX_10_R_tra': 6.413895840313855, 'NX_10_ctr': '0.64139', 'NX_10_CV': '0.00301', 'NX_10_CV_turn': '0.01000', 'NX_10_Diversity': '1.00000', 'NX_10_Novelty': '2.69700', 'NX_10_ifeat_feat': 0.3}]
[I 240104 09:04:58 loggers:84] Epoch: [37], Info: [{'num_test': 100, 'len_tra': 30.0, 'R_tra': 18.22397510024234, 'ctr': '0.60747', 'CV': '0.00150', 'CV_turn': '0.00167', 'Diversity': '0.82759', 'Novelty': '2.54075', 'ifeat_feat': 0.6, 'NX_0_len_tra': 30.0, 'NX_0_R_tra': 20.401311384438, 'NX_0_ctr': '0.68004', 'NX_0_CV': '0.00932', 'NX_0_CV_turn': '0.01033', 'NX_0_Diversity': '0.98541', 'NX_0_Novelty': '2.92412', 'NX_0_ifeat_feat': 0.4003333333333333, 'NX_10_len_tra': 10.0, 'NX_10_R_tra': 6.335732168720302, 'NX_10_ctr': '0.63357', 'NX_10_CV': '0.00301', 'NX_10_CV_turn': '0.01000', 'NX_10_Diversity': '1.00000', 'NX_10_Novelty': '2.69700', 'NX_10_ifeat_feat': 0.3}]
[I 240104 09:06:55 loggers:84] Epoch: [38], Info: [{'num_test': 100, 'len_tra': 30.0, 'R_tra': 18.78222781501335, 'ctr': '0.62607', 'CV': '0.00150', 'CV_turn': '0.00167', 'Diversity': '0.82759', 'Novelty': '2.54075', 'ifeat_feat': 0.6, 'NX_0_len_tra': 30.0, 'NX_0_R_tra': 20.960763198749106, 'NX_0_ctr': '0.69869', 'NX_0_CV': '0.00902', 'NX_0_CV_turn': '0.01000', 'NX_0_Diversity': '0.98544', 'NX_0_Novelty': '2.92319', 'NX_0_ifeat_feat': 0.4, 'NX_10_len_tra': 10.0, 'NX_10_R_tra': 6.410407452735455, 'NX_10_ctr': '0.64104', 'NX_10_CV': '0.00301', 'NX_10_CV_turn': '0.01000', 'NX_10_Diversity': '1.00000', 'NX_10_Novelty': '2.69700', 'NX_10_ifeat_feat': 0.3}]
[I 240104 09:08:54 loggers:84] Epoch: [39], Info: [{'num_test': 100, 'len_tra': 30.0, 'R_tra': 19.13764249977512, 'ctr': '0.63792', 'CV': '0.00150', 'CV_turn': '0.00167', 'Diversity': '0.82759', 'Novelty': '2.54075', 'ifeat_feat': 0.6, 'NX_0_len_tra': 30.0, 'NX_0_R_tra': 21.28034508257268, 'NX_0_ctr': '0.70934', 'NX_0_CV': '0.00902', 'NX_0_CV_turn': '0.01000', 'NX_0_Diversity': '0.98467', 'NX_0_Novelty': '2.98537', 'NX_0_ifeat_feat': 0.43333333333333335, 'NX_10_len_tra': 10.0, 'NX_10_R_tra': 6.633164576793684, 'NX_10_ctr': '0.66332', 'NX_10_CV': '0.00301', 'NX_10_CV_turn': '0.01000', 'NX_10_Diversity': '1.00000', 'NX_10_Novelty': '2.69700', 'NX_10_ifeat_feat': 0.3}]
[I 240104 09:10:59 loggers:84] Epoch: [40], Info: [{'num_test': 100, 'len_tra': 30.0, 'R_tra': 18.567329108604433, 'ctr': '0.61891', 'CV': '0.00150', 'CV_turn': '0.00167', 'Diversity': '0.82759', 'Novelty': '2.54075', 'ifeat_feat': 0.6, 'NX_0_len_tra': 30.0, 'NX_0_R_tra': 21.423308283412208, 'NX_0_ctr': '0.71411', 'NX_0_CV': '0.00932', 'NX_0_CV_turn': '0.01033', 'NX_0_Diversity': '0.98537', 'NX_0_Novelty': '2.92489', 'NX_0_ifeat_feat': 0.40066666666666667, 'NX_10_len_tra': 10.0, 'NX_10_R_tra': 6.455118837512543, 'NX_10_ctr': '0.64551', 'NX_10_CV': '0.00361', 'NX_10_CV_turn': '0.01200', 'NX_10_Diversity': '1.00000', 'NX_10_Novelty': '2.69737', 'NX_10_ifeat_feat': 0.3}]
[I 240104 09:13:03 loggers:84] Epoch: [41], Info: [{'num_test': 100, 'len_tra': 30.0, 'R_tra': 18.750907584530967, 'ctr': '0.62503', 'CV': '0.00150', 'CV_turn': '0.00167', 'Diversity': '0.82759', 'Novelty': '2.54075', 'ifeat_feat': 0.6, 'NX_0_len_tra': 30.0, 'NX_0_R_tra': 21.227336390619715, 'NX_0_ctr': '0.70758', 'NX_0_CV': '0.00902', 'NX_0_CV_turn': '0.01000', 'NX_0_Diversity': '0.98544', 'NX_0_Novelty': '2.92319', 'NX_0_ifeat_feat': 0.4, 'NX_10_len_tra': 10.0, 'NX_10_R_tra': 6.011379097102629, 'NX_10_ctr': '0.60114', 'NX_10_CV': '0.00301', 'NX_10_CV_turn': '0.01000', 'NX_10_Diversity': '1.00000', 'NX_10_Novelty': '2.69700', 'NX_10_ifeat_feat': 0.3}]
[I 240104 09:15:10 loggers:84] Epoch: [42], Info: [{'num_test': 100, 'len_tra': 30.0, 'R_tra': 21.282089485873765, 'ctr': '0.70940', 'CV': '0.00150', 'CV_turn': '0.00167', 'Diversity': '0.82759', 'Novelty': '2.54075', 'ifeat_feat': 0.6, 'NX_0_len_tra': 30.0, 'NX_0_R_tra': 21.24861817548642, 'NX_0_ctr': '0.70829', 'NX_0_CV': '0.00932', 'NX_0_CV_turn': '0.01033', 'NX_0_Diversity': '0.98542', 'NX_0_Novelty': '2.92539', 'NX_0_ifeat_feat': 0.40066666666666667, 'NX_10_len_tra': 10.0, 'NX_10_R_tra': 6.772614668510864, 'NX_10_ctr': '0.67726', 'NX_10_CV': '0.00391', 'NX_10_CV_turn': '0.01300', 'NX_10_Diversity': '1.00000', 'NX_10_Novelty': '2.69694', 'NX_10_ifeat_feat': 0.302}]
[I 240104 09:17:18 loggers:84] Epoch: [43], Info: [{'num_test': 100, 'len_tra': 30.0, 'R_tra': 19.104680717676278, 'ctr': '0.63682', 'CV': '0.00150', 'CV_turn': '0.00167', 'Diversity': '0.82756', 'Novelty': '2.54067', 'ifeat_feat': 0.6, 'NX_0_len_tra': 30.0, 'NX_0_R_tra': 21.03120017638664, 'NX_0_ctr': '0.70104', 'NX_0_CV': '0.00932', 'NX_0_CV_turn': '0.01033', 'NX_0_Diversity': '0.98543', 'NX_0_Novelty': '2.92370', 'NX_0_ifeat_feat': 0.4, 'NX_10_len_tra': 10.0, 'NX_10_R_tra': 6.373318005582409, 'NX_10_ctr': '0.63733', 'NX_10_CV': '0.00301', 'NX_10_CV_turn': '0.01000', 'NX_10_Diversity': '1.00000', 'NX_10_Novelty': '2.69700', 'NX_10_ifeat_feat': 0.3}]
[I 240104 09:19:30 loggers:84] Epoch: [44], Info: [{'num_test': 100, 'len_tra': 30.0, 'R_tra': 17.724667224626693, 'ctr': '0.59082', 'CV': '0.00150', 'CV_turn': '0.00167', 'Diversity': '0.82759', 'Novelty': '2.54075', 'ifeat_feat': 0.6, 'NX_0_len_tra': 30.0, 'NX_0_R_tra': 21.66009264098593, 'NX_0_ctr': '0.72200', 'NX_0_CV': '0.00902', 'NX_0_CV_turn': '0.01000', 'NX_0_Diversity': '0.98544', 'NX_0_Novelty': '2.92319', 'NX_0_ifeat_feat': 0.4, 'NX_10_len_tra': 10.0, 'NX_10_R_tra': 6.476937400589428, 'NX_10_ctr': '0.64769', 'NX_10_CV': '0.00301', 'NX_10_CV_turn': '0.01000', 'NX_10_Diversity': '1.00000', 'NX_10_Novelty': '2.69700', 'NX_10_ifeat_feat': 0.3}]
[I 240104 09:21:37 loggers:84] Epoch: [45], Info: [{'num_test': 100, 'len_tra': 30.0, 'R_tra': 18.725864482757476, 'ctr': '0.62420', 'CV': '0.00150', 'CV_turn': '0.00167', 'Diversity': '0.82759', 'Novelty': '2.54075', 'ifeat_feat': 0.6, 'NX_0_len_tra': 30.0, 'NX_0_R_tra': 20.96971914216108, 'NX_0_ctr': '0.69899', 'NX_0_CV': '0.00932', 'NX_0_CV_turn': '0.01033', 'NX_0_Diversity': '0.98546', 'NX_0_Novelty': '2.92424', 'NX_0_ifeat_feat': 0.4, 'NX_10_len_tra': 10.0, 'NX_10_R_tra': 6.3070783893819815, 'NX_10_ctr': '0.63071', 'NX_10_CV': '0.00301', 'NX_10_CV_turn': '0.01000', 'NX_10_Diversity': '1.00000', 'NX_10_Novelty': '2.69700', 'NX_10_ifeat_feat': 0.3}]
[I 240104 09:23:46 loggers:84] Epoch: [46], Info: [{'num_test': 100, 'len_tra': 29.8, 'R_tra': 18.62070798330269, 'ctr': '0.62486', 'CV': '0.00150', 'CV_turn': '0.00168', 'Diversity': '0.82798', 'Novelty': '2.54033', 'ifeat_feat': 0.6, 'NX_0_len_tra': 30.0, 'NX_0_R_tra': 21.192978632252938, 'NX_0_ctr': '0.70643', 'NX_0_CV': '0.00902', 'NX_0_CV_turn': '0.01000', 'NX_0_Diversity': '0.98544', 'NX_0_Novelty': '2.92319', 'NX_0_ifeat_feat': 0.4, 'NX_10_len_tra': 10.0, 'NX_10_R_tra': 6.2657920296033875, 'NX_10_ctr': '0.62658', 'NX_10_CV': '0.00301', 'NX_10_CV_turn': '0.01000', 'NX_10_Diversity': '1.00000', 'NX_10_Novelty': '2.69700', 'NX_10_ifeat_feat': 0.3}]
[I 240104 09:25:49 loggers:84] Epoch: [47], Info: [{'num_test': 100, 'len_tra': 30.0, 'R_tra': 19.248826170291, 'ctr': '0.64163', 'CV': '0.00150', 'CV_turn': '0.00167', 'Diversity': '0.82759', 'Novelty': '2.54075', 'ifeat_feat': 0.6, 'NX_0_len_tra': 30.0, 'NX_0_R_tra': 20.970895970802033, 'NX_0_ctr': '0.69903', 'NX_0_CV': '0.00932', 'NX_0_CV_turn': '0.01033', 'NX_0_Diversity': '0.98541', 'NX_0_Novelty': '2.92303', 'NX_0_ifeat_feat': 0.4003333333333333, 'NX_10_len_tra': 10.0, 'NX_10_R_tra': 5.914628434552676, 'NX_10_ctr': '0.59146', 'NX_10_CV': '0.00301', 'NX_10_CV_turn': '0.01000', 'NX_10_Diversity': '1.00000', 'NX_10_Novelty': '2.71231', 'NX_10_ifeat_feat': 0.4}]
[I 240104 09:27:58 loggers:84] Epoch: [48], Info: [{'num_test': 100, 'len_tra': 30.0, 'R_tra': 19.085298777977947, 'ctr': '0.63618', 'CV': '0.00150', 'CV_turn': '0.00167', 'Diversity': '0.82759', 'Novelty': '2.54075', 'ifeat_feat': 0.6, 'NX_0_len_tra': 30.0, 'NX_0_R_tra': 21.021090088095203, 'NX_0_ctr': '0.70070', 'NX_0_CV': '0.00902', 'NX_0_CV_turn': '0.01000', 'NX_0_Diversity': '0.98544', 'NX_0_Novelty': '2.92319', 'NX_0_ifeat_feat': 0.4, 'NX_10_len_tra': 10.0, 'NX_10_R_tra': 6.902408981490777, 'NX_10_ctr': '0.69024', 'NX_10_CV': '0.00361', 'NX_10_CV_turn': '0.01200', 'NX_10_Diversity': '1.00000', 'NX_10_Novelty': '2.70642', 'NX_10_ifeat_feat': 0.499}]
[I 240104 09:30:00 loggers:84] Epoch: [49], Info: [{'num_test': 100, 'len_tra': 30.0, 'R_tra': 18.653834909507953, 'ctr': '0.62179', 'CV': '0.00150', 'CV_turn': '0.00167', 'Diversity': '0.82759', 'Novelty': '2.54075', 'ifeat_feat': 0.6, 'NX_0_len_tra': 30.0, 'NX_0_R_tra': 20.761686376749562, 'NX_0_ctr': '0.69206', 'NX_0_CV': '0.00932', 'NX_0_CV_turn': '0.01033', 'NX_0_Diversity': '0.98541', 'NX_0_Novelty': '2.92412', 'NX_0_ifeat_feat': 0.4003333333333333, 'NX_10_len_tra': 10.0, 'NX_10_R_tra': 6.921729812142003, 'NX_10_ctr': '0.69217', 'NX_10_CV': '0.00301', 'NX_10_CV_turn': '0.01000', 'NX_10_Diversity': '1.00000', 'NX_10_Novelty': '2.70707', 'NX_10_ifeat_feat': 0.5}]
[I 240104 09:31:56 loggers:84] Epoch: [50], Info: [{'num_test': 100, 'len_tra': 30.0, 'R_tra': 18.917390165187975, 'ctr': '0.63058', 'CV': '0.00150', 'CV_turn': '0.00167', 'Diversity': '0.82759', 'Novelty': '2.54075', 'ifeat_feat': 0.6, 'NX_0_len_tra': 30.0, 'NX_0_R_tra': 20.85121522289268, 'NX_0_ctr': '0.69504', 'NX_0_CV': '0.00932', 'NX_0_CV_turn': '0.01033', 'NX_0_Diversity': '0.98546', 'NX_0_Novelty': '2.92395', 'NX_0_ifeat_feat': 0.4, 'NX_10_len_tra': 10.0, 'NX_10_R_tra': 6.947072976823681, 'NX_10_ctr': '0.69471', 'NX_10_CV': '0.00301', 'NX_10_CV_turn': '0.01000', 'NX_10_Diversity': '1.00000', 'NX_10_Novelty': '2.70707', 'NX_10_ifeat_feat': 0.5}]
[I 240104 09:33:57 loggers:84] Epoch: [51], Info: [{'num_test': 100, 'len_tra': 30.0, 'R_tra': 18.31191287762234, 'ctr': '0.61040', 'CV': '0.00150', 'CV_turn': '0.00167', 'Diversity': '0.82756', 'Novelty': '2.54067', 'ifeat_feat': 0.6, 'NX_0_len_tra': 30.0, 'NX_0_R_tra': 21.25610455510049, 'NX_0_ctr': '0.70854', 'NX_0_CV': '0.00902', 'NX_0_CV_turn': '0.01000', 'NX_0_Diversity': '0.98544', 'NX_0_Novelty': '2.92319', 'NX_0_ifeat_feat': 0.4, 'NX_10_len_tra': 10.0, 'NX_10_R_tra': 6.172751068976587, 'NX_10_ctr': '0.61728', 'NX_10_CV': '0.00331', 'NX_10_CV_turn': '0.01100', 'NX_10_Diversity': '1.00000', 'NX_10_Novelty': '2.71172', 'NX_10_ifeat_feat': 0.399}]
[I 240104 09:35:55 loggers:84] Epoch: [52], Info: [{'num_test': 100, 'len_tra': 30.0, 'R_tra': 19.2998296176809, 'ctr': '0.64333', 'CV': '0.00150', 'CV_turn': '0.00167', 'Diversity': '0.82759', 'Novelty': '2.54075', 'ifeat_feat': 0.6, 'NX_0_len_tra': 30.0, 'NX_0_R_tra': 21.323917372457718, 'NX_0_ctr': '0.71080', 'NX_0_CV': '0.00932', 'NX_0_CV_turn': '0.01033', 'NX_0_Diversity': '0.98543', 'NX_0_Novelty': '2.92392', 'NX_0_ifeat_feat': 0.4, 'NX_10_len_tra': 10.0, 'NX_10_R_tra': 6.172666871456993, 'NX_10_ctr': '0.61727', 'NX_10_CV': '0.00301', 'NX_10_CV_turn': '0.01000', 'NX_10_Diversity': '1.00000', 'NX_10_Novelty': '2.71231', 'NX_10_ifeat_feat': 0.4}]
[I 240104 09:37:51 loggers:84] Epoch: [53], Info: [{'num_test': 100, 'len_tra': 30.0, 'R_tra': 19.346694446363422, 'ctr': '0.64489', 'CV': '0.00150', 'CV_turn': '0.00167', 'Diversity': '0.82756', 'Novelty': '2.54067', 'ifeat_feat': 0.6, 'NX_0_len_tra': 30.0, 'NX_0_R_tra': 21.065543154983867, 'NX_0_ctr': '0.70218', 'NX_0_CV': '0.00932', 'NX_0_CV_turn': '0.01033', 'NX_0_Diversity': '0.98543', 'NX_0_Novelty': '2.92373', 'NX_0_ifeat_feat': 0.4003333333333333, 'NX_10_len_tra': 10.0, 'NX_10_R_tra': 5.765238129383806, 'NX_10_ctr': '0.57652', 'NX_10_CV': '0.00331', 'NX_10_CV_turn': '0.01100', 'NX_10_Diversity': '1.00000', 'NX_10_Novelty': '2.71172', 'NX_10_ifeat_feat': 0.399}]
[I 240104 09:39:50 loggers:84] Epoch: [54], Info: [{'num_test': 100, 'len_tra': 30.0, 'R_tra': 18.787421605478627, 'ctr': '0.62625', 'CV': '0.00150', 'CV_turn': '0.00167', 'Diversity': '0.82759', 'Novelty': '2.54075', 'ifeat_feat': 0.6, 'NX_0_len_tra': 30.0, 'NX_0_R_tra': 20.94842537566469, 'NX_0_ctr': '0.69828', 'NX_0_CV': '0.00932', 'NX_0_CV_turn': '0.01033', 'NX_0_Diversity': '0.98538', 'NX_0_Novelty': '2.92407', 'NX_0_ifeat_feat': 0.40066666666666667, 'NX_10_len_tra': 10.0, 'NX_10_R_tra': 6.296761785705123, 'NX_10_ctr': '0.62968', 'NX_10_CV': '0.00391', 'NX_10_CV_turn': '0.01300', 'NX_10_Diversity': '1.00000', 'NX_10_Novelty': '2.71049', 'NX_10_ifeat_feat': 0.401}]
[I 240104 09:41:53 loggers:84] Epoch: [55], Info: [{'num_test': 100, 'len_tra': 30.0, 'R_tra': 18.869264618847513, 'ctr': '0.62898', 'CV': '0.00150', 'CV_turn': '0.00167', 'Diversity': '0.82759', 'Novelty': '2.54075', 'ifeat_feat': 0.6, 'NX_0_len_tra': 30.0, 'NX_0_R_tra': 20.96580083564318, 'NX_0_ctr': '0.69886', 'NX_0_CV': '0.00932', 'NX_0_CV_turn': '0.01033', 'NX_0_Diversity': '0.98540', 'NX_0_Novelty': '2.92354', 'NX_0_ifeat_feat': 0.4003333333333333, 'NX_10_len_tra': 10.0, 'NX_10_R_tra': 6.294313476359435, 'NX_10_ctr': '0.62943', 'NX_10_CV': '0.00301', 'NX_10_CV_turn': '0.01000', 'NX_10_Diversity': '1.00000', 'NX_10_Novelty': '2.71231', 'NX_10_ifeat_feat': 0.4}]
[I 240104 09:43:49 loggers:84] Epoch: [56], Info: [{'num_test': 100, 'len_tra': 30.0, 'R_tra': 19.638605240282658, 'ctr': '0.65462', 'CV': '0.00150', 'CV_turn': '0.00167', 'Diversity': '0.82756', 'Novelty': '2.54071', 'ifeat_feat': 0.6003333333333334, 'NX_0_len_tra': 30.0, 'NX_0_R_tra': 20.683440085779168, 'NX_0_ctr': '0.68945', 'NX_0_CV': '0.00932', 'NX_0_CV_turn': '0.01033', 'NX_0_Diversity': '0.98543', 'NX_0_Novelty': '2.92411', 'NX_0_ifeat_feat': 0.4003333333333333, 'NX_10_len_tra': 10.0, 'NX_10_R_tra': 6.058359779790091, 'NX_10_ctr': '0.60584', 'NX_10_CV': '0.00301', 'NX_10_CV_turn': '0.01000', 'NX_10_Diversity': '1.00000', 'NX_10_Novelty': '2.71231', 'NX_10_ifeat_feat': 0.4}]
[I 240104 09:45:49 loggers:84] Epoch: [57], Info: [{'num_test': 100, 'len_tra': 30.0, 'R_tra': 19.483540907395263, 'ctr': '0.64945', 'CV': '0.00150', 'CV_turn': '0.00167', 'Diversity': '0.82759', 'Novelty': '2.54075', 'ifeat_feat': 0.6, 'NX_0_len_tra': 30.0, 'NX_0_R_tra': 21.32838839770373, 'NX_0_ctr': '0.71095', 'NX_0_CV': '0.00902', 'NX_0_CV_turn': '0.01000', 'NX_0_Diversity': '0.98544', 'NX_0_Novelty': '2.92319', 'NX_0_ifeat_feat': 0.4, 'NX_10_len_tra': 10.0, 'NX_10_R_tra': 6.41634253843226, 'NX_10_ctr': '0.64163', 'NX_10_CV': '0.00301', 'NX_10_CV_turn': '0.01000', 'NX_10_Diversity': '1.00000', 'NX_10_Novelty': '2.71231', 'NX_10_ifeat_feat': 0.4}]
[I 240104 09:47:45 loggers:84] Epoch: [58], Info: [{'num_test': 100, 'len_tra': 30.0, 'R_tra': 19.13442139739709, 'ctr': '0.63781', 'CV': '0.00150', 'CV_turn': '0.00167', 'Diversity': '0.82756', 'Novelty': '2.54071', 'ifeat_feat': 0.6003333333333334, 'NX_0_len_tra': 30.0, 'NX_0_R_tra': 21.52410690255203, 'NX_0_ctr': '0.71747', 'NX_0_CV': '0.00902', 'NX_0_CV_turn': '0.01000', 'NX_0_Diversity': '0.98544', 'NX_0_Novelty': '2.92319', 'NX_0_ifeat_feat': 0.4, 'NX_10_len_tra': 10.0, 'NX_10_R_tra': 6.385896478549765, 'NX_10_ctr': '0.63859', 'NX_10_CV': '0.00391', 'NX_10_CV_turn': '0.01300', 'NX_10_Diversity': '1.00000', 'NX_10_Novelty': '2.71178', 'NX_10_ifeat_feat': 0.4}]
[I 240104 09:49:40 loggers:84] Epoch: [59], Info: [{'num_test': 100, 'len_tra': 30.0, 'R_tra': 19.429730519728075, 'ctr': '0.64766', 'CV': '0.00150', 'CV_turn': '0.00167', 'Diversity': '0.82759', 'Novelty': '2.54075', 'ifeat_feat': 0.6, 'NX_0_len_tra': 30.0, 'NX_0_R_tra': 20.901110511885477, 'NX_0_ctr': '0.69670', 'NX_0_CV': '0.00902', 'NX_0_CV_turn': '0.01000', 'NX_0_Diversity': '0.98544', 'NX_0_Novelty': '2.92319', 'NX_0_ifeat_feat': 0.4, 'NX_10_len_tra': 10.0, 'NX_10_R_tra': 6.092763606616505, 'NX_10_ctr': '0.60928', 'NX_10_CV': '0.00331', 'NX_10_CV_turn': '0.01100', 'NX_10_Diversity': '1.00000', 'NX_10_Novelty': '2.71146', 'NX_10_ifeat_feat': 0.399}]
[I 240104 09:51:13 loggers:84] Epoch: [60], Info: [{'num_test': 100, 'len_tra': 30.0, 'R_tra': 18.33916126974429, 'ctr': '0.61131', 'CV': '0.00150', 'CV_turn': '0.00167', 'Diversity': '0.82759', 'Novelty': '2.54075', 'ifeat_feat': 0.6, 'NX_0_len_tra': 30.0, 'NX_0_R_tra': 21.29397411653151, 'NX_0_ctr': '0.70980', 'NX_0_CV': '0.00932', 'NX_0_CV_turn': '0.01033', 'NX_0_Diversity': '0.98537', 'NX_0_Novelty': '2.92497', 'NX_0_ifeat_feat': 0.40066666666666667, 'NX_10_len_tra': 10.0, 'NX_10_R_tra': 6.323382502008843, 'NX_10_ctr': '0.63234', 'NX_10_CV': '0.00301', 'NX_10_CV_turn': '0.01000', 'NX_10_Diversity': '1.00000', 'NX_10_Novelty': '2.71231', 'NX_10_ifeat_feat': 0.4}]
[I 240104 09:52:47 loggers:84] Epoch: [61], Info: [{'num_test': 100, 'len_tra': 30.0, 'R_tra': 19.11887143099127, 'ctr': '0.63730', 'CV': '0.00150', 'CV_turn': '0.00167', 'Diversity': '0.82759', 'Novelty': '2.54075', 'ifeat_feat': 0.6, 'NX_0_len_tra': 30.0, 'NX_0_R_tra': 20.897865079567836, 'NX_0_ctr': '0.69660', 'NX_0_CV': '0.00902', 'NX_0_CV_turn': '0.01000', 'NX_0_Diversity': '0.98544', 'NX_0_Novelty': '2.92319', 'NX_0_ifeat_feat': 0.4, 'NX_10_len_tra': 10.0, 'NX_10_R_tra': 6.519724125057593, 'NX_10_ctr': '0.65197', 'NX_10_CV': '0.00331', 'NX_10_CV_turn': '0.01100', 'NX_10_Diversity': '1.00000', 'NX_10_Novelty': '2.59827', 'NX_10_ifeat_feat': 0.4}]
[I 240104 09:54:09 loggers:84] Epoch: [62], Info: [{'num_test': 100, 'len_tra': 30.0, 'R_tra': 18.751235705437477, 'ctr': '0.62504', 'CV': '0.00150', 'CV_turn': '0.00167', 'Diversity': '0.82759', 'Novelty': '2.54075', 'ifeat_feat': 0.6, 'NX_0_len_tra': 30.0, 'NX_0_R_tra': 20.90447790978209, 'NX_0_ctr': '0.69682', 'NX_0_CV': '0.00932', 'NX_0_CV_turn': '0.01033', 'NX_0_Diversity': '0.98544', 'NX_0_Novelty': '2.92365', 'NX_0_ifeat_feat': 0.4, 'NX_10_len_tra': 10.0, 'NX_10_R_tra': 6.455240274048425, 'NX_10_ctr': '0.64552', 'NX_10_CV': '0.00301', 'NX_10_CV_turn': '0.01000', 'NX_10_Diversity': '1.00000', 'NX_10_Novelty': '2.59712', 'NX_10_ifeat_feat': 0.4}]
[I 240104 09:55:35 loggers:84] Epoch: [63], Info: [{'num_test': 100, 'len_tra': 30.0, 'R_tra': 19.00230846756882, 'ctr': '0.63341', 'CV': '0.00150', 'CV_turn': '0.00167', 'Diversity': '0.82759', 'Novelty': '2.54075', 'ifeat_feat': 0.6, 'NX_0_len_tra': 30.0, 'NX_0_R_tra': 20.687789857137318, 'NX_0_ctr': '0.68959', 'NX_0_CV': '0.00932', 'NX_0_CV_turn': '0.01033', 'NX_0_Diversity': '0.98541', 'NX_0_Novelty': '2.92364', 'NX_0_ifeat_feat': 0.4003333333333333, 'NX_10_len_tra': 10.0, 'NX_10_R_tra': 6.510385065111731, 'NX_10_ctr': '0.65104', 'NX_10_CV': '0.00361', 'NX_10_CV_turn': '0.01200', 'NX_10_Diversity': '1.00000', 'NX_10_Novelty': '2.59698', 'NX_10_ifeat_feat': 0.401}]
[I 240104 09:56:56 loggers:84] Epoch: [64], Info: [{'num_test': 100, 'len_tra': 30.0, 'R_tra': 18.949597778921337, 'ctr': '0.63165', 'CV': '0.00150', 'CV_turn': '0.00167', 'Diversity': '0.82759', 'Novelty': '2.54075', 'ifeat_feat': 0.6, 'NX_0_len_tra': 30.0, 'NX_0_R_tra': 21.72663979420706, 'NX_0_ctr': '0.72422', 'NX_0_CV': '0.00932', 'NX_0_CV_turn': '0.01033', 'NX_0_Diversity': '0.98543', 'NX_0_Novelty': '2.92459', 'NX_0_ifeat_feat': 0.4, 'NX_10_len_tra': 10.0, 'NX_10_R_tra': 6.252862364150047, 'NX_10_ctr': '0.62529', 'NX_10_CV': '0.00301', 'NX_10_CV_turn': '0.01000', 'NX_10_Diversity': '1.00000', 'NX_10_Novelty': '2.71231', 'NX_10_ifeat_feat': 0.4}]
[I 240104 09:58:23 loggers:84] Epoch: [65], Info: [{'num_test': 100, 'len_tra': 30.0, 'R_tra': 19.77031767499933, 'ctr': '0.65901', 'CV': '0.00150', 'CV_turn': '0.00167', 'Diversity': '0.82759', 'Novelty': '2.54075', 'ifeat_feat': 0.6, 'NX_0_len_tra': 30.0, 'NX_0_R_tra': 20.90956308097455, 'NX_0_ctr': '0.69699', 'NX_0_CV': '0.00932', 'NX_0_CV_turn': '0.01033', 'NX_0_Diversity': '0.98543', 'NX_0_Novelty': '2.92354', 'NX_0_ifeat_feat': 0.4003333333333333, 'NX_10_len_tra': 10.0, 'NX_10_R_tra': 6.614932625424851, 'NX_10_ctr': '0.66149', 'NX_10_CV': '0.00301', 'NX_10_CV_turn': '0.01000', 'NX_10_Diversity': '1.00000', 'NX_10_Novelty': '2.59712', 'NX_10_ifeat_feat': 0.4}]
[I 240104 09:59:46 loggers:84] Epoch: [66], Info: [{'num_test': 100, 'len_tra': 30.0, 'R_tra': 20.403984834082394, 'ctr': '0.68013', 'CV': '0.00150', 'CV_turn': '0.00167', 'Diversity': '0.82759', 'Novelty': '2.54075', 'ifeat_feat': 0.6, 'NX_0_len_tra': 30.0, 'NX_0_R_tra': 21.854399863805313, 'NX_0_ctr': '0.72848', 'NX_0_CV': '0.00932', 'NX_0_CV_turn': '0.01033', 'NX_0_Diversity': '0.98541', 'NX_0_Novelty': '2.92378', 'NX_0_ifeat_feat': 0.4003333333333333, 'NX_10_len_tra': 10.0, 'NX_10_R_tra': 6.355355429642845, 'NX_10_ctr': '0.63554', 'NX_10_CV': '0.00301', 'NX_10_CV_turn': '0.01000', 'NX_10_Diversity': '1.00000', 'NX_10_Novelty': '2.59712', 'NX_10_ifeat_feat': 0.4}]
[I 240104 10:01:10 loggers:84] Epoch: [67], Info: [{'num_test': 100, 'len_tra': 30.0, 'R_tra': 18.89636419805396, 'ctr': '0.62988', 'CV': '0.00150', 'CV_turn': '0.00167', 'Diversity': '0.82759', 'Novelty': '2.54075', 'ifeat_feat': 0.6, 'NX_0_len_tra': 30.0, 'NX_0_R_tra': 20.470468706723285, 'NX_0_ctr': '0.68235', 'NX_0_CV': '0.00902', 'NX_0_CV_turn': '0.01000', 'NX_0_Diversity': '0.98544', 'NX_0_Novelty': '2.92319', 'NX_0_ifeat_feat': 0.4, 'NX_10_len_tra': 10.0, 'NX_10_R_tra': 6.576634310272143, 'NX_10_ctr': '0.65766', 'NX_10_CV': '0.00331', 'NX_10_CV_turn': '0.01100', 'NX_10_Diversity': '1.00000', 'NX_10_Novelty': '2.59827', 'NX_10_ifeat_feat': 0.4}]
[I 240104 10:02:31 loggers:84] Epoch: [68], Info: [{'num_test': 100, 'len_tra': 30.0, 'R_tra': 18.899719612073774, 'ctr': '0.62999', 'CV': '0.00150', 'CV_turn': '0.00167', 'Diversity': '0.82759', 'Novelty': '2.54075', 'ifeat_feat': 0.6, 'NX_0_len_tra': 30.0, 'NX_0_R_tra': 20.64080584664867, 'NX_0_ctr': '0.68803', 'NX_0_CV': '0.00932', 'NX_0_CV_turn': '0.01033', 'NX_0_Diversity': '0.98542', 'NX_0_Novelty': '2.92534', 'NX_0_ifeat_feat': 0.4003333333333333, 'NX_10_len_tra': 10.0, 'NX_10_R_tra': 6.279740633971101, 'NX_10_ctr': '0.62797', 'NX_10_CV': '0.00301', 'NX_10_CV_turn': '0.01000', 'NX_10_Diversity': '1.00000', 'NX_10_Novelty': '2.59712', 'NX_10_ifeat_feat': 0.4}]
[I 240104 10:03:45 loggers:84] Epoch: [69], Info: [{'num_test': 100, 'len_tra': 30.0, 'R_tra': 18.737583485002133, 'ctr': '0.62459', 'CV': '0.00150', 'CV_turn': '0.00167', 'Diversity': '0.82759', 'Novelty': '2.54075', 'ifeat_feat': 0.6, 'NX_0_len_tra': 30.0, 'NX_0_R_tra': 21.158836494866694, 'NX_0_ctr': '0.70529', 'NX_0_CV': '0.00902', 'NX_0_CV_turn': '0.01000', 'NX_0_Diversity': '0.98544', 'NX_0_Novelty': '2.92319', 'NX_0_ifeat_feat': 0.4, 'NX_10_len_tra': 10.0, 'NX_10_R_tra': 6.566992662586139, 'NX_10_ctr': '0.65670', 'NX_10_CV': '0.00301', 'NX_10_CV_turn': '0.01000', 'NX_10_Diversity': '1.00000', 'NX_10_Novelty': '2.59712', 'NX_10_ifeat_feat': 0.4}]
[I 240104 10:05:00 loggers:84] Epoch: [70], Info: [{'num_test': 100, 'len_tra': 30.0, 'R_tra': 18.507637333631664, 'ctr': '0.61692', 'CV': '0.00150', 'CV_turn': '0.00167', 'Diversity': '0.82756', 'Novelty': '2.54072', 'ifeat_feat': 0.6, 'NX_0_len_tra': 30.0, 'NX_0_R_tra': 21.126077061537767, 'NX_0_ctr': '0.70420', 'NX_0_CV': '0.00932', 'NX_0_CV_turn': '0.01033', 'NX_0_Diversity': '0.98542', 'NX_0_Novelty': '2.92523', 'NX_0_ifeat_feat': 0.40066666666666667, 'NX_10_len_tra': 10.0, 'NX_10_R_tra': 6.32806488821161, 'NX_10_ctr': '0.63281', 'NX_10_CV': '0.00301', 'NX_10_CV_turn': '0.01000', 'NX_10_Diversity': '1.00000', 'NX_10_Novelty': '2.59712', 'NX_10_ifeat_feat': 0.4}]
[I 240104 10:06:25 loggers:84] Epoch: [71], Info: [{'num_test': 100, 'len_tra': 30.0, 'R_tra': 19.22494991330161, 'ctr': '0.64083', 'CV': '0.00150', 'CV_turn': '0.00167', 'Diversity': '0.82759', 'Novelty': '2.54075', 'ifeat_feat': 0.6, 'NX_0_len_tra': 30.0, 'NX_0_R_tra': 20.66833241613698, 'NX_0_ctr': '0.68894', 'NX_0_CV': '0.00932', 'NX_0_CV_turn': '0.01033', 'NX_0_Diversity': '0.98540', 'NX_0_Novelty': '2.92416', 'NX_0_ifeat_feat': 0.4003333333333333, 'NX_10_len_tra': 10.0, 'NX_10_R_tra': 6.849654804657312, 'NX_10_ctr': '0.68497', 'NX_10_CV': '0.00301', 'NX_10_CV_turn': '0.01000', 'NX_10_Diversity': '1.00000', 'NX_10_Novelty': '2.59712', 'NX_10_ifeat_feat': 0.4}]
[I 240104 10:07:51 loggers:84] Epoch: [72], Info: [{'num_test': 100, 'len_tra': 30.0, 'R_tra': 18.888696773394116, 'ctr': '0.62962', 'CV': '0.00150', 'CV_turn': '0.00167', 'Diversity': '0.82759', 'Novelty': '2.54075', 'ifeat_feat': 0.6, 'NX_0_len_tra': 30.0, 'NX_0_R_tra': 20.8791759188472, 'NX_0_ctr': '0.69597', 'NX_0_CV': '0.00932', 'NX_0_CV_turn': '0.01033', 'NX_0_Diversity': '0.98535', 'NX_0_Novelty': '2.92471', 'NX_0_ifeat_feat': 0.40066666666666667, 'NX_10_len_tra': 10.0, 'NX_10_R_tra': 6.641465220999967, 'NX_10_ctr': '0.66415', 'NX_10_CV': '0.00301', 'NX_10_CV_turn': '0.01000', 'NX_10_Diversity': '1.00000', 'NX_10_Novelty': '2.59712', 'NX_10_ifeat_feat': 0.4}]
[I 240104 10:09:09 loggers:84] Epoch: [73], Info: [{'num_test': 100, 'len_tra': 30.0, 'R_tra': 19.936281145362333, 'ctr': '0.66454', 'CV': '0.00150', 'CV_turn': '0.00167', 'Diversity': '0.82759', 'Novelty': '2.54075', 'ifeat_feat': 0.6, 'NX_0_len_tra': 30.0, 'NX_0_R_tra': 21.02611151936768, 'NX_0_ctr': '0.70087', 'NX_0_CV': '0.00902', 'NX_0_CV_turn': '0.01000', 'NX_0_Diversity': '0.98544', 'NX_0_Novelty': '2.92319', 'NX_0_ifeat_feat': 0.4, 'NX_10_len_tra': 10.0, 'NX_10_R_tra': 6.442601753083889, 'NX_10_ctr': '0.64426', 'NX_10_CV': '0.00301', 'NX_10_CV_turn': '0.01000', 'NX_10_Diversity': '1.00000', 'NX_10_Novelty': '2.59712', 'NX_10_ifeat_feat': 0.4}]
[I 240104 10:10:39 loggers:84] Epoch: [74], Info: [{'num_test': 100, 'len_tra': 30.0, 'R_tra': 19.29946477052084, 'ctr': '0.64332', 'CV': '0.00150', 'CV_turn': '0.00167', 'Diversity': '0.82759', 'Novelty': '2.54075', 'ifeat_feat': 0.6, 'NX_0_len_tra': 30.0, 'NX_0_R_tra': 21.43354649501805, 'NX_0_ctr': '0.71445', 'NX_0_CV': '0.00902', 'NX_0_CV_turn': '0.01000', 'NX_0_Diversity': '0.98544', 'NX_0_Novelty': '2.92319', 'NX_0_ifeat_feat': 0.4, 'NX_10_len_tra': 10.0, 'NX_10_R_tra': 6.259250730185114, 'NX_10_ctr': '0.62593', 'NX_10_CV': '0.00301', 'NX_10_CV_turn': '0.01000', 'NX_10_Diversity': '1.00000', 'NX_10_Novelty': '2.59712', 'NX_10_ifeat_feat': 0.4}]
[I 240104 10:11:58 loggers:84] Epoch: [75], Info: [{'num_test': 100, 'len_tra': 30.0, 'R_tra': 19.420260378523164, 'ctr': '0.64734', 'CV': '0.00150', 'CV_turn': '0.00167', 'Diversity': '0.82759', 'Novelty': '2.54075', 'ifeat_feat': 0.6, 'NX_0_len_tra': 30.0, 'NX_0_R_tra': 22.238111638400884, 'NX_0_ctr': '0.74127', 'NX_0_CV': '0.00932', 'NX_0_CV_turn': '0.01033', 'NX_0_Diversity': '0.98543', 'NX_0_Novelty': '2.92373', 'NX_0_ifeat_feat': 0.4003333333333333, 'NX_10_len_tra': 10.0, 'NX_10_R_tra': 6.279659006446377, 'NX_10_ctr': '0.62797', 'NX_10_CV': '0.00301', 'NX_10_CV_turn': '0.01000', 'NX_10_Diversity': '1.00000', 'NX_10_Novelty': '2.59712', 'NX_10_ifeat_feat': 0.4}]
[I 240104 10:13:22 loggers:84] Epoch: [76], Info: [{'num_test': 100, 'len_tra': 30.0, 'R_tra': 19.98097830501059, 'ctr': '0.66603', 'CV': '0.00150', 'CV_turn': '0.00167', 'Diversity': '0.82759', 'Novelty': '2.54075', 'ifeat_feat': 0.6, 'NX_0_len_tra': 30.0, 'NX_0_R_tra': 20.543239723904772, 'NX_0_ctr': '0.68477', 'NX_0_CV': '0.00902', 'NX_0_CV_turn': '0.01000', 'NX_0_Diversity': '0.98544', 'NX_0_Novelty': '2.92319', 'NX_0_ifeat_feat': 0.4, 'NX_10_len_tra': 10.0, 'NX_10_R_tra': 6.008888293011297, 'NX_10_ctr': '0.60089', 'NX_10_CV': '0.00301', 'NX_10_CV_turn': '0.01000', 'NX_10_Diversity': '1.00000', 'NX_10_Novelty': '2.59712', 'NX_10_ifeat_feat': 0.4}]
[I 240104 10:14:42 loggers:84] Epoch: [77], Info: [{'num_test': 100, 'len_tra': 30.0, 'R_tra': 18.652664036034626, 'ctr': '0.62176', 'CV': '0.00150', 'CV_turn': '0.00167', 'Diversity': '0.82759', 'Novelty': '2.54075', 'ifeat_feat': 0.6, 'NX_0_len_tra': 30.0, 'NX_0_R_tra': 21.783009643000003, 'NX_0_ctr': '0.72610', 'NX_0_CV': '0.00902', 'NX_0_CV_turn': '0.01000', 'NX_0_Diversity': '0.98544', 'NX_0_Novelty': '2.92319', 'NX_0_ifeat_feat': 0.4, 'NX_10_len_tra': 10.0, 'NX_10_R_tra': 6.243727103921121, 'NX_10_ctr': '0.62437', 'NX_10_CV': '0.00301', 'NX_10_CV_turn': '0.01000', 'NX_10_Diversity': '1.00000', 'NX_10_Novelty': '2.71231', 'NX_10_ifeat_feat': 0.4}]
[I 240104 10:15:48 loggers:84] Epoch: [78], Info: [{'num_test': 100, 'len_tra': 30.0, 'R_tra': 18.414052799675304, 'ctr': '0.61380', 'CV': '0.00150', 'CV_turn': '0.00167', 'Diversity': '0.82759', 'Novelty': '2.54075', 'ifeat_feat': 0.6, 'NX_0_len_tra': 30.0, 'NX_0_R_tra': 21.355117706621648, 'NX_0_ctr': '0.71184', 'NX_0_CV': '0.00902', 'NX_0_CV_turn': '0.01000', 'NX_0_Diversity': '0.98544', 'NX_0_Novelty': '2.92319', 'NX_0_ifeat_feat': 0.4, 'NX_10_len_tra': 10.0, 'NX_10_R_tra': 6.4237171348873865, 'NX_10_ctr': '0.64237', 'NX_10_CV': '0.00301', 'NX_10_CV_turn': '0.01000', 'NX_10_Diversity': '1.00000', 'NX_10_Novelty': '2.71231', 'NX_10_ifeat_feat': 0.4}]
[I 240104 10:16:55 loggers:84] Epoch: [79], Info: [{'num_test': 100, 'len_tra': 30.0, 'R_tra': 20.28138807203238, 'ctr': '0.67605', 'CV': '0.00150', 'CV_turn': '0.00167', 'Diversity': '0.82759', 'Novelty': '2.54075', 'ifeat_feat': 0.6, 'NX_0_len_tra': 30.0, 'NX_0_R_tra': 21.534752922282195, 'NX_0_ctr': '0.71783', 'NX_0_CV': '0.00932', 'NX_0_CV_turn': '0.01033', 'NX_0_Diversity': '0.98540', 'NX_0_Novelty': '2.92433', 'NX_0_ifeat_feat': 0.40066666666666667, 'NX_10_len_tra': 10.0, 'NX_10_R_tra': 6.358056498947738, 'NX_10_ctr': '0.63581', 'NX_10_CV': '0.00301', 'NX_10_CV_turn': '0.01000', 'NX_10_Diversity': '1.00000', 'NX_10_Novelty': '2.71231', 'NX_10_ifeat_feat': 0.4}]
[I 240104 10:18:03 loggers:84] Epoch: [80], Info: [{'num_test': 100, 'len_tra': 30.0, 'R_tra': 20.090050938981346, 'ctr': '0.66967', 'CV': '0.00150', 'CV_turn': '0.00167', 'Diversity': '0.82759', 'Novelty': '2.54075', 'ifeat_feat': 0.6, 'NX_0_len_tra': 30.0, 'NX_0_R_tra': 20.754790604846832, 'NX_0_ctr': '0.69183', 'NX_0_CV': '0.00902', 'NX_0_CV_turn': '0.01000', 'NX_0_Diversity': '0.98544', 'NX_0_Novelty': '2.92319', 'NX_0_ifeat_feat': 0.4, 'NX_10_len_tra': 10.0, 'NX_10_R_tra': 6.233474734935129, 'NX_10_ctr': '0.62335', 'NX_10_CV': '0.00301', 'NX_10_CV_turn': '0.01000', 'NX_10_Diversity': '1.00000', 'NX_10_Novelty': '2.71231', 'NX_10_ifeat_feat': 0.4}]
[I 240104 10:19:12 loggers:84] Epoch: [81], Info: [{'num_test': 100, 'len_tra': 30.0, 'R_tra': 18.596048396154515, 'ctr': '0.61987', 'CV': '0.00150', 'CV_turn': '0.00167', 'Diversity': '0.82759', 'Novelty': '2.54075', 'ifeat_feat': 0.6, 'NX_0_len_tra': 30.0, 'NX_0_R_tra': 21.71916903794954, 'NX_0_ctr': '0.72397', 'NX_0_CV': '0.00932', 'NX_0_CV_turn': '0.01033', 'NX_0_Diversity': '0.98538', 'NX_0_Novelty': '2.92450', 'NX_0_ifeat_feat': 0.4, 'NX_10_len_tra': 10.0, 'NX_10_R_tra': 6.167437120752613, 'NX_10_ctr': '0.61674', 'NX_10_CV': '0.00361', 'NX_10_CV_turn': '0.01200', 'NX_10_Diversity': '1.00000', 'NX_10_Novelty': '2.71151', 'NX_10_ifeat_feat': 0.4}]
[I 240104 10:20:25 loggers:84] Epoch: [82], Info: [{'num_test': 100, 'len_tra': 30.0, 'R_tra': 19.683875566113084, 'ctr': '0.65613', 'CV': '0.00150', 'CV_turn': '0.00167', 'Diversity': '0.82759', 'Novelty': '2.54075', 'ifeat_feat': 0.6, 'NX_0_len_tra': 30.0, 'NX_0_R_tra': 20.204053293220497, 'NX_0_ctr': '0.67347', 'NX_0_CV': '0.00902', 'NX_0_CV_turn': '0.01000', 'NX_0_Diversity': '0.98544', 'NX_0_Novelty': '2.92319', 'NX_0_ifeat_feat': 0.4, 'NX_10_len_tra': 10.0, 'NX_10_R_tra': 6.208486194216273, 'NX_10_ctr': '0.62085', 'NX_10_CV': '0.00391', 'NX_10_CV_turn': '0.01300', 'NX_10_Diversity': '1.00000', 'NX_10_Novelty': '2.70961', 'NX_10_ifeat_feat': 0.401}]
[I 240104 10:21:38 loggers:84] Epoch: [83], Info: [{'num_test': 100, 'len_tra': 30.0, 'R_tra': 18.942592837556386, 'ctr': '0.63142', 'CV': '0.00150', 'CV_turn': '0.00167', 'Diversity': '0.82759', 'Novelty': '2.54075', 'ifeat_feat': 0.6, 'NX_0_len_tra': 30.0, 'NX_0_R_tra': 20.790198489036353, 'NX_0_ctr': '0.69301', 'NX_0_CV': '0.00932', 'NX_0_CV_turn': '0.01033', 'NX_0_Diversity': '0.98543', 'NX_0_Novelty': '2.92392', 'NX_0_ifeat_feat': 0.4, 'NX_10_len_tra': 10.0, 'NX_10_R_tra': 6.285838707529681, 'NX_10_ctr': '0.62858', 'NX_10_CV': '0.00301', 'NX_10_CV_turn': '0.01000', 'NX_10_Diversity': '1.00000', 'NX_10_Novelty': '2.71231', 'NX_10_ifeat_feat': 0.4}]
[I 240104 10:22:46 loggers:84] Epoch: [84], Info: [{'num_test': 100, 'len_tra': 30.0, 'R_tra': 19.501412097630762, 'ctr': '0.65005', 'CV': '0.00150', 'CV_turn': '0.00167', 'Diversity': '0.82759', 'Novelty': '2.54075', 'ifeat_feat': 0.6, 'NX_0_len_tra': 30.0, 'NX_0_R_tra': 20.920935060890546, 'NX_0_ctr': '0.69736', 'NX_0_CV': '0.00902', 'NX_0_CV_turn': '0.01000', 'NX_0_Diversity': '0.98544', 'NX_0_Novelty': '2.92319', 'NX_0_ifeat_feat': 0.4, 'NX_10_len_tra': 10.0, 'NX_10_R_tra': 6.377337081558787, 'NX_10_ctr': '0.63773', 'NX_10_CV': '0.00331', 'NX_10_CV_turn': '0.01100', 'NX_10_Diversity': '1.00000', 'NX_10_Novelty': '2.71172', 'NX_10_ifeat_feat': 0.399}]
[I 240104 10:23:52 loggers:84] Epoch: [85], Info: [{'num_test': 100, 'len_tra': 30.0, 'R_tra': 18.631838787827093, 'ctr': '0.62106', 'CV': '0.00150', 'CV_turn': '0.00167', 'Diversity': '0.82759', 'Novelty': '2.54075', 'ifeat_feat': 0.6, 'NX_0_len_tra': 30.0, 'NX_0_R_tra': 21.031927793526233, 'NX_0_ctr': '0.70106', 'NX_0_CV': '0.00902', 'NX_0_CV_turn': '0.01000', 'NX_0_Diversity': '0.98544', 'NX_0_Novelty': '2.92319', 'NX_0_ifeat_feat': 0.4, 'NX_10_len_tra': 10.0, 'NX_10_R_tra': 6.4695309151029425, 'NX_10_ctr': '0.64695', 'NX_10_CV': '0.00331', 'NX_10_CV_turn': '0.01100', 'NX_10_Diversity': '1.00000', 'NX_10_Novelty': '2.62755', 'NX_10_ifeat_feat': 0.301}]
[I 240104 10:24:53 loggers:84] Epoch: [86], Info: [{'num_test': 100, 'len_tra': 30.0, 'R_tra': 18.835753736723404, 'ctr': '0.62786', 'CV': '0.00150', 'CV_turn': '0.00167', 'Diversity': '0.82759', 'Novelty': '2.54075', 'ifeat_feat': 0.6, 'NX_0_len_tra': 30.0, 'NX_0_R_tra': 21.249747166313277, 'NX_0_ctr': '0.70832', 'NX_0_CV': '0.00932', 'NX_0_CV_turn': '0.01033', 'NX_0_Diversity': '0.98539', 'NX_0_Novelty': '2.92485', 'NX_0_ifeat_feat': 0.4003333333333333, 'NX_10_len_tra': 10.0, 'NX_10_R_tra': 6.335772464251317, 'NX_10_ctr': '0.63358', 'NX_10_CV': '0.00331', 'NX_10_CV_turn': '0.01100', 'NX_10_Diversity': '1.00000', 'NX_10_Novelty': '2.62854', 'NX_10_ifeat_feat': 0.301}]
[I 240104 10:25:53 loggers:84] Epoch: [87], Info: [{'num_test': 100, 'len_tra': 30.0, 'R_tra': 18.269583255341665, 'ctr': '0.60899', 'CV': '0.00150', 'CV_turn': '0.00167', 'Diversity': '0.82759', 'Novelty': '2.54075', 'ifeat_feat': 0.6, 'NX_0_len_tra': 30.0, 'NX_0_R_tra': 20.621619284217577, 'NX_0_ctr': '0.68739', 'NX_0_CV': '0.00932', 'NX_0_CV_turn': '0.01033', 'NX_0_Diversity': '0.98541', 'NX_0_Novelty': '2.92350', 'NX_0_ifeat_feat': 0.4003333333333333, 'NX_10_len_tra': 10.0, 'NX_10_R_tra': 6.351781956877801, 'NX_10_ctr': '0.63518', 'NX_10_CV': '0.00301', 'NX_10_CV_turn': '0.01000', 'NX_10_Diversity': '1.00000', 'NX_10_Novelty': '2.62769', 'NX_10_ifeat_feat': 0.3}]
[I 240104 10:26:52 loggers:84] Epoch: [88], Info: [{'num_test': 100, 'len_tra': 30.0, 'R_tra': 19.33505108316296, 'ctr': '0.64450', 'CV': '0.00150', 'CV_turn': '0.00167', 'Diversity': '0.82759', 'Novelty': '2.54075', 'ifeat_feat': 0.6, 'NX_0_len_tra': 30.0, 'NX_0_R_tra': 21.411658698866702, 'NX_0_ctr': '0.71372', 'NX_0_CV': '0.00932', 'NX_0_CV_turn': '0.01033', 'NX_0_Diversity': '0.98541', 'NX_0_Novelty': '2.92378', 'NX_0_ifeat_feat': 0.4003333333333333, 'NX_10_len_tra': 10.0, 'NX_10_R_tra': 6.460386127450013, 'NX_10_ctr': '0.64604', 'NX_10_CV': '0.00301', 'NX_10_CV_turn': '0.01000', 'NX_10_Diversity': '1.00000', 'NX_10_Novelty': '2.62769', 'NX_10_ifeat_feat': 0.3}]
[I 240104 10:27:52 loggers:84] Epoch: [89], Info: [{'num_test': 100, 'len_tra': 30.0, 'R_tra': 19.011477674741194, 'ctr': '0.63372', 'CV': '0.00150', 'CV_turn': '0.00167', 'Diversity': '0.82759', 'Novelty': '2.54075', 'ifeat_feat': 0.6, 'NX_0_len_tra': 30.0, 'NX_0_R_tra': 20.981463027240512, 'NX_0_ctr': '0.69938', 'NX_0_CV': '0.00902', 'NX_0_CV_turn': '0.01000', 'NX_0_Diversity': '0.98544', 'NX_0_Novelty': '2.92319', 'NX_0_ifeat_feat': 0.4, 'NX_10_len_tra': 10.0, 'NX_10_R_tra': 6.785351031006258, 'NX_10_ctr': '0.67854', 'NX_10_CV': '0.00301', 'NX_10_CV_turn': '0.01000', 'NX_10_Diversity': '1.00000', 'NX_10_Novelty': '2.62769', 'NX_10_ifeat_feat': 0.3}]
[I 240104 10:28:53 loggers:84] Epoch: [90], Info: [{'num_test': 100, 'len_tra': 30.0, 'R_tra': 19.91422931328512, 'ctr': '0.66381', 'CV': '0.00150', 'CV_turn': '0.00167', 'Diversity': '0.82759', 'Novelty': '2.54075', 'ifeat_feat': 0.6, 'NX_0_len_tra': 30.0, 'NX_0_R_tra': 20.76963226538292, 'NX_0_ctr': '0.69232', 'NX_0_CV': '0.00902', 'NX_0_CV_turn': '0.01000', 'NX_0_Diversity': '0.98544', 'NX_0_Novelty': '2.92319', 'NX_0_ifeat_feat': 0.4, 'NX_10_len_tra': 10.0, 'NX_10_R_tra': 6.598649278368152, 'NX_10_ctr': '0.65986', 'NX_10_CV': '0.00301', 'NX_10_CV_turn': '0.01000', 'NX_10_Diversity': '1.00000', 'NX_10_Novelty': '2.62769', 'NX_10_ifeat_feat': 0.3}]
[I 240104 10:29:57 loggers:84] Epoch: [91], Info: [{'num_test': 100, 'len_tra': 30.0, 'R_tra': 18.320926474275833, 'ctr': '0.61070', 'CV': '0.00150', 'CV_turn': '0.00167', 'Diversity': '0.82759', 'Novelty': '2.54075', 'ifeat_feat': 0.6, 'NX_0_len_tra': 30.0, 'NX_0_R_tra': 20.766517364509454, 'NX_0_ctr': '0.69222', 'NX_0_CV': '0.00902', 'NX_0_CV_turn': '0.01000', 'NX_0_Diversity': '0.98544', 'NX_0_Novelty': '2.92319', 'NX_0_ifeat_feat': 0.4, 'NX_10_len_tra': 10.0, 'NX_10_R_tra': 6.051974109383156, 'NX_10_ctr': '0.60520', 'NX_10_CV': '0.00301', 'NX_10_CV_turn': '0.01000', 'NX_10_Diversity': '1.00000', 'NX_10_Novelty': '2.69700', 'NX_10_ifeat_feat': 0.3}]
[I 240104 10:30:59 loggers:84] Epoch: [92], Info: [{'num_test': 100, 'len_tra': 30.0, 'R_tra': 18.963182863167923, 'ctr': '0.63211', 'CV': '0.00150', 'CV_turn': '0.00167', 'Diversity': '0.82759', 'Novelty': '2.54075', 'ifeat_feat': 0.6, 'NX_0_len_tra': 30.0, 'NX_0_R_tra': 20.90671582507918, 'NX_0_ctr': '0.69689', 'NX_0_CV': '0.00902', 'NX_0_CV_turn': '0.01000', 'NX_0_Diversity': '0.98544', 'NX_0_Novelty': '2.92319', 'NX_0_ifeat_feat': 0.4, 'NX_10_len_tra': 10.0, 'NX_10_R_tra': 6.246499462169559, 'NX_10_ctr': '0.62465', 'NX_10_CV': '0.00361', 'NX_10_CV_turn': '0.01200', 'NX_10_Diversity': '1.00000', 'NX_10_Novelty': '2.69632', 'NX_10_ifeat_feat': 0.3}]
[I 240104 10:32:11 loggers:84] Epoch: [93], Info: [{'num_test': 100, 'len_tra': 30.0, 'R_tra': 19.152334243461404, 'ctr': '0.63841', 'CV': '0.00150', 'CV_turn': '0.00167', 'Diversity': '0.82759', 'Novelty': '2.54075', 'ifeat_feat': 0.6, 'NX_0_len_tra': 30.0, 'NX_0_R_tra': 21.768162190468253, 'NX_0_ctr': '0.72561', 'NX_0_CV': '0.00902', 'NX_0_CV_turn': '0.01000', 'NX_0_Diversity': '0.98544', 'NX_0_Novelty': '2.92319', 'NX_0_ifeat_feat': 0.4, 'NX_10_len_tra': 10.0, 'NX_10_R_tra': 6.09794576530098, 'NX_10_ctr': '0.60979', 'NX_10_CV': '0.00331', 'NX_10_CV_turn': '0.01100', 'NX_10_Diversity': '1.00000', 'NX_10_Novelty': '2.74643', 'NX_10_ifeat_feat': 0.4}]
[I 240104 10:33:34 loggers:84] Epoch: [94], Info: [{'num_test': 100, 'len_tra': 30.0, 'R_tra': 17.70702958555273, 'ctr': '0.59023', 'CV': '0.00150', 'CV_turn': '0.00167', 'Diversity': '0.82759', 'Novelty': '2.54075', 'ifeat_feat': 0.6, 'NX_0_len_tra': 30.0, 'NX_0_R_tra': 21.082907316781874, 'NX_0_ctr': '0.70276', 'NX_0_CV': '0.00932', 'NX_0_CV_turn': '0.01033', 'NX_0_Diversity': '0.98543', 'NX_0_Novelty': '2.92455', 'NX_0_ifeat_feat': 0.4003333333333333, 'NX_10_len_tra': 10.0, 'NX_10_R_tra': 6.048976975400169, 'NX_10_ctr': '0.60490', 'NX_10_CV': '0.00391', 'NX_10_CV_turn': '0.01300', 'NX_10_Diversity': '1.00000', 'NX_10_Novelty': '2.74867', 'NX_10_ifeat_feat': 0.4}]
[I 240104 10:34:53 loggers:84] Epoch: [95], Info: [{'num_test': 100, 'len_tra': 30.0, 'R_tra': 19.66130570745628, 'ctr': '0.65538', 'CV': '0.00150', 'CV_turn': '0.00167', 'Diversity': '0.82759', 'Novelty': '2.54075', 'ifeat_feat': 0.6, 'NX_0_len_tra': 30.0, 'NX_0_R_tra': 20.940253095814874, 'NX_0_ctr': '0.69801', 'NX_0_CV': '0.00932', 'NX_0_CV_turn': '0.01033', 'NX_0_Diversity': '0.98543', 'NX_0_Novelty': '2.92402', 'NX_0_ifeat_feat': 0.4003333333333333, 'NX_10_len_tra': 10.0, 'NX_10_R_tra': 6.461119009902115, 'NX_10_ctr': '0.64611', 'NX_10_CV': '0.00301', 'NX_10_CV_turn': '0.01000', 'NX_10_Diversity': '1.00000', 'NX_10_Novelty': '2.62769', 'NX_10_ifeat_feat': 0.3}]
[I 240104 10:36:11 loggers:84] Epoch: [96], Info: [{'num_test': 100, 'len_tra': 30.0, 'R_tra': 19.844676487812386, 'ctr': '0.66149', 'CV': '0.00150', 'CV_turn': '0.00167', 'Diversity': '0.82759', 'Novelty': '2.54075', 'ifeat_feat': 0.6, 'NX_0_len_tra': 30.0, 'NX_0_R_tra': 20.17301152053794, 'NX_0_ctr': '0.67243', 'NX_0_CV': '0.00932', 'NX_0_CV_turn': '0.01033', 'NX_0_Diversity': '0.98543', 'NX_0_Novelty': '2.92453', 'NX_0_ifeat_feat': 0.4, 'NX_10_len_tra': 10.0, 'NX_10_R_tra': 6.380569322649389, 'NX_10_ctr': '0.63806', 'NX_10_CV': '0.00391', 'NX_10_CV_turn': '0.01300', 'NX_10_Diversity': '1.00000', 'NX_10_Novelty': '2.74699', 'NX_10_ifeat_feat': 0.399}]
[I 240104 10:37:28 loggers:84] Epoch: [97], Info: [{'num_test': 100, 'len_tra': 30.0, 'R_tra': 18.52669237858245, 'ctr': '0.61756', 'CV': '0.00150', 'CV_turn': '0.00167', 'Diversity': '0.82759', 'Novelty': '2.54075', 'ifeat_feat': 0.6, 'NX_0_len_tra': 30.0, 'NX_0_R_tra': 20.53754716642835, 'NX_0_ctr': '0.68458', 'NX_0_CV': '0.00932', 'NX_0_CV_turn': '0.01033', 'NX_0_Diversity': '0.98543', 'NX_0_Novelty': '2.92371', 'NX_0_ifeat_feat': 0.4, 'NX_10_len_tra': 10.0, 'NX_10_R_tra': 6.064618246337383, 'NX_10_ctr': '0.60646', 'NX_10_CV': '0.00301', 'NX_10_CV_turn': '0.01000', 'NX_10_Diversity': '1.00000', 'NX_10_Novelty': '2.74783', 'NX_10_ifeat_feat': 0.4}]
[I 240104 10:38:36 loggers:84] Epoch: [98], Info: [{'num_test': 100, 'len_tra': 30.0, 'R_tra': 18.477438459535488, 'ctr': '0.61591', 'CV': '0.00150', 'CV_turn': '0.00167', 'Diversity': '0.82759', 'Novelty': '2.54075', 'ifeat_feat': 0.6, 'NX_0_len_tra': 30.0, 'NX_0_R_tra': 21.528658585588698, 'NX_0_ctr': '0.71762', 'NX_0_CV': '0.00932', 'NX_0_CV_turn': '0.01033', 'NX_0_Diversity': '0.98541', 'NX_0_Novelty': '2.92412', 'NX_0_ifeat_feat': 0.4003333333333333, 'NX_10_len_tra': 10.0, 'NX_10_R_tra': 6.312305539135097, 'NX_10_ctr': '0.63123', 'NX_10_CV': '0.00391', 'NX_10_CV_turn': '0.01300', 'NX_10_Diversity': '1.00000', 'NX_10_Novelty': '2.74867', 'NX_10_ifeat_feat': 0.4}]
[I 240104 10:39:45 loggers:84] Epoch: [99], Info: [{'num_test': 100, 'len_tra': 30.0, 'R_tra': 18.80158579817613, 'ctr': '0.62672', 'CV': '0.00150', 'CV_turn': '0.00167', 'Diversity': '0.82759', 'Novelty': '2.54075', 'ifeat_feat': 0.6, 'NX_0_len_tra': 30.0, 'NX_0_R_tra': 21.336409921016287, 'NX_0_ctr': '0.71121', 'NX_0_CV': '0.00932', 'NX_0_CV_turn': '0.01033', 'NX_0_Diversity': '0.98539', 'NX_0_Novelty': '2.92454', 'NX_0_ifeat_feat': 0.4, 'NX_10_len_tra': 10.0, 'NX_10_R_tra': 6.20051709740438, 'NX_10_ctr': '0.62005', 'NX_10_CV': '0.00301', 'NX_10_CV_turn': '0.01000', 'NX_10_Diversity': '1.00000', 'NX_10_Novelty': '2.74783', 'NX_10_ifeat_feat': 0.4}]
[I 240104 10:40:59 loggers:84] Epoch: [100], Info: [{'num_test': 100, 'len_tra': 30.0, 'R_tra': 19.321657358008583, 'ctr': '0.64406', 'CV': '0.00150', 'CV_turn': '0.00167', 'Diversity': '0.82759', 'Novelty': '2.54075', 'ifeat_feat': 0.6, 'NX_0_len_tra': 30.0, 'NX_0_R_tra': 21.02917674332759, 'NX_0_ctr': '0.70097', 'NX_0_CV': '0.00932', 'NX_0_CV_turn': '0.01033', 'NX_0_Diversity': '0.98543', 'NX_0_Novelty': '2.92371', 'NX_0_ifeat_feat': 0.4, 'NX_10_len_tra': 10.0, 'NX_10_R_tra': 5.664972263455148, 'NX_10_ctr': '0.56650', 'NX_10_CV': '0.00301', 'NX_10_CV_turn': '0.01000', 'NX_10_Diversity': '1.00000', 'NX_10_Novelty': '2.74783', 'NX_10_ifeat_feat': 0.4}]
[I 240104 10:40:59 policy_utils:403] {'duration': '13255.97s', 'train_time/model': '7876.35s', 'test_step': 264046, 'test_episode': 10100, 'test_time': '108.03s', 'test_speed': '2444.09 step/s', 'best_reward': 21.282089485873765, 'best_result': '21.28  8.81', 'train_step': 10176552, 'train_episode': 383000, 'train_time/collector': '5271.59s', 'train_speed': '774.00 step/s'}
