[I 240103 14:40:36 policy_utils:158] {
      "env": "KuaiEnv-v0",
      "user_model_name": "DeepFM",
      "seed": 2023,
      "cuda": 5,
      "remove_recommended_ids": false,
      "draw_bar": false,
      "is_userinfo": false,
      "is_all_item_ranking": false,
      "cpu": false,
      "is_save": false,
      "use_userEmbedding": false,
      "use_pretrained_embedding": true,
      "exploration_noise": false,
      "explore_eps": 0.01,
      "need_state_norm": false,
      "freeze_emb": false,
      "reward_handle": "cat",
      "which_tracker": "avg",
      "embedding_dim": 32,
      "window_size": 3,
      "random_init": true,
      "filter_sizes": [
        2,
        3,
        4
      ],
      "num_filters": 16,
      "dropout_rate": 0.1,
      "num_heads": 1,
      "dilations": "[1, 2, 1, 2, 1, 2]",
      "buffer_size": 100000,
      "lr": 0.001,
      "epoch": 100,
      "batch_size": 1024,
      "hidden_sizes": [
        64,
        64
      ],
      "episode_per_collect": 100,
      "n_step": 3,
      "update_per_step": 0.125,
      "training_num": 100,
      "test_num": 100,
      "render": 0,
      "reward_threshold": null,
      "gamma": 0.9,
      "step_per_epoch": 100000,
      "step_per_collect": 100,
      "repeat_per_collect": 1,
      "logdir": "log",
      "read_message": "pointneg",
      "all_item_ranking": false,
      "is_binarize": false,
      "need_transform": true,
      "use_auxiliary": false,
      "entropy_window": [
        1,
        2
      ],
      "yfeat": "watch_ratio_normed",
      "leave_threshold": 1,
      "num_leave_compute": 9,
      "max_turn": 30,
      "force_length": 10,
      "top_rate": 0.8,
      "model_name": "ContinuousPPO",
      "vf_coef": 0.25,
      "ent_coef": 0.0,
      "eps_clip": 0.2,
      "max_grad_norm": 0.5,
      "gae_lambda": 0.95,
      "rew_norm": false,
      "norm_adv": true,
      "recompute_adv": false,
      "dual_clip": null,
      "value_clip": true,
      "remap_eps": 0.01,
      "message": "ContinuousPPO",
      "hostname": "server3"
    }
[I 240103 14:45:27 loggers:84] Epoch: [1], Info: [{'num_test': 100, 'len_tra': 9.97, 'R_tra': 4.92368749252143, 'ctr': '0.49385', 'CV': '0.04118', 'CV_turn': '0.13741', 'Diversity': '0.81029', 'Novelty': '3.69755', 'ifeat_feat': 0.6118355065195586, 'NX_0_len_tra': 12.34, 'NX_0_R_tra': 5.9090715202575925, 'NX_0_ctr': '0.47886', 'NX_0_CV': '0.05440', 'NX_0_CV_turn': '0.14668', 'NX_0_Diversity': '0.90384', 'NX_0_Novelty': '3.74742', 'NX_0_ifeat_feat': 0.7212317666126418, 'NX_10_len_tra': 10.0, 'NX_10_R_tra': 5.2123928349159145, 'NX_10_ctr': '0.52124', 'NX_10_CV': '0.04689', 'NX_10_CV_turn': '0.15600', 'NX_10_Diversity': '0.92226', 'NX_10_Novelty': '3.73303', 'NX_10_ifeat_feat': 0.679}]
[I 240103 14:48:24 loggers:84] Epoch: [2], Info: [{'num_test': 100, 'len_tra': 12.46, 'R_tra': 5.941721607315187, 'ctr': '0.47686', 'CV': '0.05831', 'CV_turn': '0.15570', 'Diversity': '0.88518', 'Novelty': '3.65375', 'ifeat_feat': 0.5818619582664526, 'NX_0_len_tra': 13.76, 'NX_0_R_tra': 6.729619444865831, 'NX_0_ctr': '0.48907', 'NX_0_CV': '0.03937', 'NX_0_CV_turn': '0.09520', 'NX_0_Diversity': '0.92878', 'NX_0_Novelty': '3.76229', 'NX_0_ifeat_feat': 0.7136627906976745, 'NX_10_len_tra': 10.0, 'NX_10_R_tra': 4.536953520434387, 'NX_10_ctr': '0.45370', 'NX_10_CV': '0.02795', 'NX_10_CV_turn': '0.09300', 'NX_10_Diversity': '0.94630', 'NX_10_Novelty': '3.84080', 'NX_10_ifeat_feat': 0.663}]
[I 240103 14:52:34 loggers:84] Epoch: [3], Info: [{'num_test': 100, 'len_tra': 11.41, 'R_tra': 5.419414374964356, 'ctr': '0.47497', 'CV': '0.01894', 'CV_turn': '0.05521', 'Diversity': '0.86493', 'Novelty': '3.83731', 'ifeat_feat': 0.6021034180543383, 'NX_0_len_tra': 14.67, 'NX_0_R_tra': 7.1916656900205815, 'NX_0_ctr': '0.49023', 'NX_0_CV': '0.03096', 'NX_0_CV_turn': '0.07021', 'NX_0_Diversity': '0.93573', 'NX_0_Novelty': '3.88514', 'NX_0_ifeat_feat': 0.7259713701431493, 'NX_10_len_tra': 10.0, 'NX_10_R_tra': 4.472069112628801, 'NX_10_ctr': '0.44721', 'NX_10_CV': '0.02344', 'NX_10_CV_turn': '0.07800', 'NX_10_Diversity': '0.95702', 'NX_10_Novelty': '3.89041', 'NX_10_ifeat_feat': 0.666}]
[I 240103 14:57:04 loggers:84] Epoch: [4], Info: [{'num_test': 100, 'len_tra': 13.98, 'R_tra': 7.2988125542619935, 'ctr': '0.52209', 'CV': '0.05350', 'CV_turn': '0.12732', 'Diversity': '0.89419', 'Novelty': '3.67101', 'ifeat_feat': 0.6115879828326181, 'NX_0_len_tra': 13.81, 'NX_0_R_tra': 6.951418531936432, 'NX_0_ctr': '0.50336', 'NX_0_CV': '0.03427', 'NX_0_CV_turn': '0.08255', 'NX_0_Diversity': '0.92752', 'NX_0_Novelty': '3.74722', 'NX_0_ifeat_feat': 0.724112961622013, 'NX_10_len_tra': 10.0, 'NX_10_R_tra': 4.9897884206258984, 'NX_10_ctr': '0.49898', 'NX_10_CV': '0.02344', 'NX_10_CV_turn': '0.07800', 'NX_10_Diversity': '0.94819', 'NX_10_Novelty': '3.76049', 'NX_10_ifeat_feat': 0.707}]
[I 240103 15:01:15 loggers:84] Epoch: [5], Info: [{'num_test': 100, 'len_tra': 14.0, 'R_tra': 9.887299586328332, 'ctr': '0.70624', 'CV': '0.03937', 'CV_turn': '0.09357', 'Diversity': '0.90984', 'Novelty': '3.61544', 'ifeat_feat': 0.5414285714285715, 'NX_0_len_tra': 15.91, 'NX_0_R_tra': 11.130899770322628, 'NX_0_ctr': '0.69962', 'NX_0_CV': '0.03547', 'NX_0_CV_turn': '0.07417', 'NX_0_Diversity': '0.94180', 'NX_0_Novelty': '3.49559', 'NX_0_ifeat_feat': 0.6825895663104965, 'NX_10_len_tra': 10.0, 'NX_10_R_tra': 6.788931327261979, 'NX_10_ctr': '0.67889', 'NX_10_CV': '0.02555', 'NX_10_CV_turn': '0.08500', 'NX_10_Diversity': '0.95578', 'NX_10_Novelty': '3.56459', 'NX_10_ifeat_feat': 0.62}]
[I 240103 15:05:23 loggers:84] Epoch: [6], Info: [{'num_test': 100, 'len_tra': 15.0, 'R_tra': 10.7549254010924, 'ctr': '0.71700', 'CV': '0.02014', 'CV_turn': '0.04467', 'Diversity': '0.90798', 'Novelty': '3.56946', 'ifeat_feat': 0.6046666666666667, 'NX_0_len_tra': 16.19, 'NX_0_R_tra': 12.080806039013812, 'NX_0_ctr': '0.74619', 'NX_0_CV': '0.03306', 'NX_0_CV_turn': '0.06794', 'NX_0_Diversity': '0.94400', 'NX_0_Novelty': '3.55675', 'NX_0_ifeat_feat': 0.7134033353922175, 'NX_10_len_tra': 10.0, 'NX_10_R_tra': 7.398351366501808, 'NX_10_ctr': '0.73984', 'NX_10_CV': '0.01803', 'NX_10_CV_turn': '0.06000', 'NX_10_Diversity': '0.96370', 'NX_10_Novelty': '3.62815', 'NX_10_ifeat_feat': 0.66}]
[I 240103 15:09:34 loggers:84] Epoch: [7], Info: [{'num_test': 100, 'len_tra': 15.15, 'R_tra': 10.034126920357695, 'ctr': '0.66232', 'CV': '0.02224', 'CV_turn': '0.04884', 'Diversity': '0.90026', 'Novelty': '3.57689', 'ifeat_feat': 0.5933993399339934, 'NX_0_len_tra': 16.57, 'NX_0_R_tra': 11.596116204479438, 'NX_0_ctr': '0.69983', 'NX_0_CV': '0.03306', 'NX_0_CV_turn': '0.06639', 'NX_0_Diversity': '0.93929', 'NX_0_Novelty': '3.65544', 'NX_0_ifeat_feat': 0.71997585998793, 'NX_10_len_tra': 10.0, 'NX_10_R_tra': 6.617686808016876, 'NX_10_ctr': '0.66177', 'NX_10_CV': '0.01984', 'NX_10_CV_turn': '0.06600', 'NX_10_Diversity': '0.95463', 'NX_10_Novelty': '3.67604', 'NX_10_ifeat_feat': 0.668}]
[I 240103 15:14:11 loggers:84] Epoch: [8], Info: [{'num_test': 100, 'len_tra': 17.01, 'R_tra': 12.617727435966012, 'ctr': '0.74178', 'CV': '0.01713', 'CV_turn': '0.03351', 'Diversity': '0.90957', 'Novelty': '3.53169', 'ifeat_feat': 0.6308054085831863, 'NX_0_len_tra': 16.02, 'NX_0_R_tra': 11.308952302886707, 'NX_0_ctr': '0.70593', 'NX_0_CV': '0.06132', 'NX_0_CV_turn': '0.12734', 'NX_0_Diversity': '0.93820', 'NX_0_Novelty': '3.56785', 'NX_0_ifeat_feat': 0.7197253433208489, 'NX_10_len_tra': 10.0, 'NX_10_R_tra': 6.822132741164032, 'NX_10_ctr': '0.68221', 'NX_10_CV': '0.01593', 'NX_10_CV_turn': '0.05300', 'NX_10_Diversity': '0.96561', 'NX_10_Novelty': '3.61722', 'NX_10_ifeat_feat': 0.653}]
[I 240103 15:18:25 loggers:84] Epoch: [9], Info: [{'num_test': 100, 'len_tra': 14.0, 'R_tra': 9.80533512585636, 'ctr': '0.70038', 'CV': '0.01683', 'CV_turn': '0.04000', 'Diversity': '0.89627', 'Novelty': '3.49990', 'ifeat_feat': 0.5371428571428571, 'NX_0_len_tra': 16.84, 'NX_0_R_tra': 12.336353558046419, 'NX_0_ctr': '0.73256', 'NX_0_CV': '0.05651', 'NX_0_CV_turn': '0.11164', 'NX_0_Diversity': '0.94086', 'NX_0_Novelty': '3.44422', 'NX_0_ifeat_feat': 0.668646080760095, 'NX_10_len_tra': 10.0, 'NX_10_R_tra': 6.8849746747777605, 'NX_10_ctr': '0.68850', 'NX_10_CV': '0.01593', 'NX_10_CV_turn': '0.05300', 'NX_10_Diversity': '0.96059', 'NX_10_Novelty': '3.54439', 'NX_10_ifeat_feat': 0.599}]
[I 240103 15:22:48 loggers:84] Epoch: [10], Info: [{'num_test': 100, 'len_tra': 15.74, 'R_tra': 10.934237726372276, 'ctr': '0.69468', 'CV': '0.02314', 'CV_turn': '0.04892', 'Diversity': '0.90164', 'Novelty': '3.39640', 'ifeat_feat': 0.5756035578144854, 'NX_0_len_tra': 17.17, 'NX_0_R_tra': 11.734907127225004, 'NX_0_ctr': '0.68345', 'NX_0_CV': '0.04749', 'NX_0_CV_turn': '0.09202', 'NX_0_Diversity': '0.94641', 'NX_0_Novelty': '3.40713', 'NX_0_ifeat_feat': 0.6732673267326733, 'NX_10_len_tra': 10.0, 'NX_10_R_tra': 6.715826062299219, 'NX_10_ctr': '0.67158', 'NX_10_CV': '0.02014', 'NX_10_CV_turn': '0.06700', 'NX_10_Diversity': '0.96331', 'NX_10_Novelty': '3.49280', 'NX_10_ifeat_feat': 0.625}]
[I 240103 15:27:28 loggers:84] Epoch: [11], Info: [{'num_test': 100, 'len_tra': 15.71, 'R_tra': 11.223219532555229, 'ctr': '0.71440', 'CV': '0.03306', 'CV_turn': '0.07002', 'Diversity': '0.90611', 'Novelty': '3.47860', 'ifeat_feat': 0.6155315085932527, 'NX_0_len_tra': 15.96, 'NX_0_R_tra': 11.991116079936717, 'NX_0_ctr': '0.75132', 'NX_0_CV': '0.02705', 'NX_0_CV_turn': '0.05639', 'NX_0_Diversity': '0.94356', 'NX_0_Novelty': '3.56911', 'NX_0_ifeat_feat': 0.6885964912280702, 'NX_10_len_tra': 10.0, 'NX_10_R_tra': 6.552395673165296, 'NX_10_ctr': '0.65524', 'NX_10_CV': '0.01803', 'NX_10_CV_turn': '0.06000', 'NX_10_Diversity': '0.95970', 'NX_10_Novelty': '3.58721', 'NX_10_ifeat_feat': 0.649}]
[I 240103 15:31:47 loggers:84] Epoch: [12], Info: [{'num_test': 100, 'len_tra': 15.4, 'R_tra': 10.56989281616012, 'ctr': '0.68636', 'CV': '0.01323', 'CV_turn': '0.02857', 'Diversity': '0.90768', 'Novelty': '3.54895', 'ifeat_feat': 0.5116883116883116, 'NX_0_len_tra': 15.9, 'NX_0_R_tra': 10.64090623543023, 'NX_0_ctr': '0.66924', 'NX_0_CV': '0.02254', 'NX_0_CV_turn': '0.04717', 'NX_0_Diversity': '0.94545', 'NX_0_Novelty': '3.57188', 'NX_0_ifeat_feat': 0.6698113207547169, 'NX_10_len_tra': 10.0, 'NX_10_R_tra': 6.601599899227271, 'NX_10_ctr': '0.66016', 'NX_10_CV': '0.01443', 'NX_10_CV_turn': '0.04800', 'NX_10_Diversity': '0.95944', 'NX_10_Novelty': '3.64135', 'NX_10_ifeat_feat': 0.614}]
[I 240103 15:36:01 loggers:84] Epoch: [13], Info: [{'num_test': 100, 'len_tra': 14.73, 'R_tra': 9.36474387635188, 'ctr': '0.63576', 'CV': '0.00902', 'CV_turn': '0.02037', 'Diversity': '0.90652', 'Novelty': '3.71923', 'ifeat_feat': 0.5315682281059063, 'NX_0_len_tra': 16.23, 'NX_0_R_tra': 10.839433297133375, 'NX_0_ctr': '0.66786', 'NX_0_CV': '0.01833', 'NX_0_CV_turn': '0.03758', 'NX_0_Diversity': '0.94751', 'NX_0_Novelty': '3.70357', 'NX_0_ifeat_feat': 0.6481823783117683, 'NX_10_len_tra': 10.0, 'NX_10_R_tra': 6.2387693206920405, 'NX_10_ctr': '0.62388', 'NX_10_CV': '0.01262', 'NX_10_CV_turn': '0.04200', 'NX_10_Diversity': '0.96526', 'NX_10_Novelty': '3.67375', 'NX_10_ifeat_feat': 0.598}]
[I 240103 15:40:33 loggers:84] Epoch: [14], Info: [{'num_test': 100, 'len_tra': 15.7, 'R_tra': 11.228574953051913, 'ctr': '0.71520', 'CV': '0.01533', 'CV_turn': '0.03248', 'Diversity': '0.90874', 'Novelty': '3.49831', 'ifeat_feat': 0.5745222929936306, 'NX_0_len_tra': 16.46, 'NX_0_R_tra': 11.919034493332756, 'NX_0_ctr': '0.72412', 'NX_0_CV': '0.05110', 'NX_0_CV_turn': '0.10328', 'NX_0_Diversity': '0.94386', 'NX_0_Novelty': '3.56058', 'NX_0_ifeat_feat': 0.649453219927096, 'NX_10_len_tra': 10.0, 'NX_10_R_tra': 6.640229413358037, 'NX_10_ctr': '0.66402', 'NX_10_CV': '0.01533', 'NX_10_CV_turn': '0.05100', 'NX_10_Diversity': '0.96607', 'NX_10_Novelty': '3.57387', 'NX_10_ifeat_feat': 0.611}]
[I 240103 15:45:19 loggers:84] Epoch: [15], Info: [{'num_test': 100, 'len_tra': 14.55, 'R_tra': 8.98428644615403, 'ctr': '0.61748', 'CV': '0.01232', 'CV_turn': '0.02818', 'Diversity': '0.90481', 'Novelty': '3.80415', 'ifeat_feat': 0.5127147766323024, 'NX_0_len_tra': 14.32, 'NX_0_R_tra': 8.274433403573587, 'NX_0_ctr': '0.57782', 'NX_0_CV': '0.01984', 'NX_0_CV_turn': '0.04609', 'NX_0_Diversity': '0.93932', 'NX_0_Novelty': '3.84531', 'NX_0_ifeat_feat': 0.6536312849162011, 'NX_10_len_tra': 10.0, 'NX_10_R_tra': 6.224346900416875, 'NX_10_ctr': '0.62243', 'NX_10_CV': '0.01443', 'NX_10_CV_turn': '0.04800', 'NX_10_Diversity': '0.96111', 'NX_10_Novelty': '3.76284', 'NX_10_ifeat_feat': 0.618}]
[I 240103 15:50:03 loggers:84] Epoch: [16], Info: [{'num_test': 100, 'len_tra': 15.33, 'R_tra': 9.81009570411698, 'ctr': '0.63993', 'CV': '0.01052', 'CV_turn': '0.02283', 'Diversity': '0.90837', 'Novelty': '3.58746', 'ifeat_feat': 0.5257664709719504, 'NX_0_len_tra': 16.51, 'NX_0_R_tra': 10.941466532617294, 'NX_0_ctr': '0.66272', 'NX_0_CV': '0.02314', 'NX_0_CV_turn': '0.04664', 'NX_0_Diversity': '0.94428', 'NX_0_Novelty': '3.69828', 'NX_0_ifeat_feat': 0.6656571774682011, 'NX_10_len_tra': 10.0, 'NX_10_R_tra': 6.558103747005261, 'NX_10_ctr': '0.65581', 'NX_10_CV': '0.01232', 'NX_10_CV_turn': '0.04100', 'NX_10_Diversity': '0.96759', 'NX_10_Novelty': '3.60752', 'NX_10_ifeat_feat': 0.626}]
[I 240103 15:54:38 loggers:84] Epoch: [17], Info: [{'num_test': 100, 'len_tra': 14.44, 'R_tra': 8.70745552410396, 'ctr': '0.60301', 'CV': '0.01413', 'CV_turn': '0.03255', 'Diversity': '0.89771', 'Novelty': '3.84984', 'ifeat_feat': 0.4709141274238227, 'NX_0_len_tra': 14.24, 'NX_0_R_tra': 9.210020404499389, 'NX_0_ctr': '0.64677', 'NX_0_CV': '0.04629', 'NX_0_CV_turn': '0.10815', 'NX_0_Diversity': '0.93579', 'NX_0_Novelty': '3.88542', 'NX_0_ifeat_feat': 0.6376404494382022, 'NX_10_len_tra': 10.0, 'NX_10_R_tra': 6.529554579858196, 'NX_10_ctr': '0.65296', 'NX_10_CV': '0.01413', 'NX_10_CV_turn': '0.04700', 'NX_10_Diversity': '0.96022', 'NX_10_Novelty': '3.77951', 'NX_10_ifeat_feat': 0.589}]
[I 240103 15:59:20 loggers:84] Epoch: [18], Info: [{'num_test': 100, 'len_tra': 15.09, 'R_tra': 9.316872871047016, 'ctr': '0.61742', 'CV': '0.01232', 'CV_turn': '0.02717', 'Diversity': '0.89746', 'Novelty': '3.59935', 'ifeat_feat': 0.4870775347912525, 'NX_0_len_tra': 16.21, 'NX_0_R_tra': 10.811492343932384, 'NX_0_ctr': '0.66696', 'NX_0_CV': '0.02164', 'NX_0_CV_turn': '0.04442', 'NX_0_Diversity': '0.94767', 'NX_0_Novelty': '3.76057', 'NX_0_ifeat_feat': 0.6471314003701419, 'NX_10_len_tra': 10.0, 'NX_10_R_tra': 6.55333251789244, 'NX_10_ctr': '0.65533', 'NX_10_CV': '0.04088', 'NX_10_CV_turn': '0.13600', 'NX_10_Diversity': '0.96152', 'NX_10_Novelty': '3.62634', 'NX_10_ifeat_feat': 0.63}]
[I 240103 16:03:44 loggers:84] Epoch: [19], Info: [{'num_test': 100, 'len_tra': 16.34, 'R_tra': 10.990451608894926, 'ctr': '0.67261', 'CV': '0.01022', 'CV_turn': '0.02081', 'Diversity': '0.91123', 'Novelty': '3.48514', 'ifeat_feat': 0.5789473684210527, 'NX_0_len_tra': 16.71, 'NX_0_R_tra': 11.462953367292412, 'NX_0_ctr': '0.68599', 'NX_0_CV': '0.02314', 'NX_0_CV_turn': '0.04608', 'NX_0_Diversity': '0.94796', 'NX_0_Novelty': '3.61277', 'NX_0_ifeat_feat': 0.6726511071214841, 'NX_10_len_tra': 10.0, 'NX_10_R_tra': 6.5835708686568015, 'NX_10_ctr': '0.65836', 'NX_10_CV': '0.01112', 'NX_10_CV_turn': '0.03700', 'NX_10_Diversity': '0.96974', 'NX_10_Novelty': '3.53343', 'NX_10_ifeat_feat': 0.633}]
[I 240103 16:08:03 loggers:84] Epoch: [20], Info: [{'num_test': 100, 'len_tra': 15.39, 'R_tra': 9.62267744411844, 'ctr': '0.62526', 'CV': '0.00842', 'CV_turn': '0.01819', 'Diversity': '0.90795', 'Novelty': '3.48982', 'ifeat_feat': 0.5360623781676414, 'NX_0_len_tra': 18.29, 'NX_0_R_tra': 12.08323198503304, 'NX_0_ctr': '0.66065', 'NX_0_CV': '0.02164', 'NX_0_CV_turn': '0.03937', 'NX_0_Diversity': '0.95128', 'NX_0_Novelty': '3.68807', 'NX_0_ifeat_feat': 0.6440677966101694, 'NX_10_len_tra': 10.0, 'NX_10_R_tra': 6.572729736886192, 'NX_10_ctr': '0.65727', 'NX_10_CV': '0.00962', 'NX_10_CV_turn': '0.03200', 'NX_10_Diversity': '0.97322', 'NX_10_Novelty': '3.57140', 'NX_10_ifeat_feat': 0.596}]
[I 240103 16:12:50 loggers:84] Epoch: [21], Info: [{'num_test': 100, 'len_tra': 14.76, 'R_tra': 8.553951928461379, 'ctr': '0.57954', 'CV': '0.01623', 'CV_turn': '0.03659', 'Diversity': '0.90036', 'Novelty': '3.74365', 'ifeat_feat': 0.48848238482384826, 'NX_0_len_tra': 16.16, 'NX_0_R_tra': 9.272738326570085, 'NX_0_ctr': '0.57381', 'NX_0_CV': '0.02134', 'NX_0_CV_turn': '0.04394', 'NX_0_Diversity': '0.94097', 'NX_0_Novelty': '3.95687', 'NX_0_ifeat_feat': 0.6435643564356436, 'NX_10_len_tra': 10.0, 'NX_10_R_tra': 5.6273128379635775, 'NX_10_ctr': '0.56273', 'NX_10_CV': '0.01503', 'NX_10_CV_turn': '0.05000', 'NX_10_Diversity': '0.96511', 'NX_10_Novelty': '3.77789', 'NX_10_ifeat_feat': 0.605}]
[I 240103 16:17:27 loggers:84] Epoch: [22], Info: [{'num_test': 100, 'len_tra': 14.89, 'R_tra': 8.486491114845444, 'ctr': '0.56995', 'CV': '0.01773', 'CV_turn': '0.03962', 'Diversity': '0.90944', 'Novelty': '3.71327', 'ifeat_feat': 0.48354600402955006, 'NX_0_len_tra': 14.67, 'NX_0_R_tra': 8.361349019841938, 'NX_0_ctr': '0.56996', 'NX_0_CV': '0.02555', 'NX_0_CV_turn': '0.05794', 'NX_0_Diversity': '0.94481', 'NX_0_Novelty': '3.77971', 'NX_0_ifeat_feat': 0.6475800954328562, 'NX_10_len_tra': 10.0, 'NX_10_R_tra': 5.871570545447699, 'NX_10_ctr': '0.58716', 'NX_10_CV': '0.01864', 'NX_10_CV_turn': '0.06200', 'NX_10_Diversity': '0.96181', 'NX_10_Novelty': '3.69269', 'NX_10_ifeat_feat': 0.583}]
[I 240103 16:22:10 loggers:84] Epoch: [23], Info: [{'num_test': 100, 'len_tra': 16.22, 'R_tra': 9.618758347582654, 'ctr': '0.59302', 'CV': '0.02014', 'CV_turn': '0.04131', 'Diversity': '0.90959', 'Novelty': '3.79942', 'ifeat_feat': 0.4870530209617756, 'NX_0_len_tra': 15.73, 'NX_0_R_tra': 9.472684331754861, 'NX_0_ctr': '0.60220', 'NX_0_CV': '0.02705', 'NX_0_CV_turn': '0.05722', 'NX_0_Diversity': '0.94446', 'NX_0_Novelty': '3.89182', 'NX_0_ifeat_feat': 0.6503496503496503, 'NX_10_len_tra': 10.0, 'NX_10_R_tra': 6.293842257992744, 'NX_10_ctr': '0.62938', 'NX_10_CV': '0.01743', 'NX_10_CV_turn': '0.05800', 'NX_10_Diversity': '0.96080', 'NX_10_Novelty': '3.74991', 'NX_10_ifeat_feat': 0.602}]
[I 240103 16:26:38 loggers:84] Epoch: [24], Info: [{'num_test': 100, 'len_tra': 15.67, 'R_tra': 8.26992990059705, 'ctr': '0.52776', 'CV': '0.01262', 'CV_turn': '0.02680', 'Diversity': '0.90368', 'Novelty': '3.78703', 'ifeat_feat': 0.44416081684747927, 'NX_0_len_tra': 16.24, 'NX_0_R_tra': 8.745076200854042, 'NX_0_ctr': '0.53849', 'NX_0_CV': '0.02525', 'NX_0_CV_turn': '0.05172', 'NX_0_Diversity': '0.94423', 'NX_0_Novelty': '3.88867', 'NX_0_ifeat_feat': 0.6613300492610837, 'NX_10_len_tra': 10.0, 'NX_10_R_tra': 6.200222139979296, 'NX_10_ctr': '0.62002', 'NX_10_CV': '0.01623', 'NX_10_CV_turn': '0.05400', 'NX_10_Diversity': '0.96611', 'NX_10_Novelty': '3.65137', 'NX_10_ifeat_feat': 0.617}]
[I 240103 16:31:14 loggers:84] Epoch: [25], Info: [{'num_test': 100, 'len_tra': 16.76, 'R_tra': 9.729217289956553, 'ctr': '0.58050', 'CV': '0.01112', 'CV_turn': '0.02208', 'Diversity': '0.89786', 'Novelty': '3.77438', 'ifeat_feat': 0.47076372315035797, 'NX_0_len_tra': 14.25, 'NX_0_R_tra': 7.695831742085175, 'NX_0_ctr': '0.54006', 'NX_0_CV': '0.07454', 'NX_0_CV_turn': '0.17404', 'NX_0_Diversity': '0.93281', 'NX_0_Novelty': '3.82188', 'NX_0_ifeat_feat': 0.6771929824561403, 'NX_10_len_tra': 10.0, 'NX_10_R_tra': 6.114450215152308, 'NX_10_ctr': '0.61145', 'NX_10_CV': '0.01353', 'NX_10_CV_turn': '0.04500', 'NX_10_Diversity': '0.96311', 'NX_10_Novelty': '3.62252', 'NX_10_ifeat_feat': 0.612}]
[I 240103 16:35:35 loggers:84] Epoch: [26], Info: [{'num_test': 100, 'len_tra': 19.29, 'R_tra': 10.434712239519886, 'ctr': '0.54094', 'CV': '0.02224', 'CV_turn': '0.03836', 'Diversity': '0.90137', 'Novelty': '3.84774', 'ifeat_feat': 0.46967340590979784, 'NX_0_len_tra': 15.13, 'NX_0_R_tra': 8.51364047177651, 'NX_0_ctr': '0.56270', 'NX_0_CV': '0.02314', 'NX_0_CV_turn': '0.05089', 'NX_0_Diversity': '0.94064', 'NX_0_Novelty': '3.98784', 'NX_0_ifeat_feat': 0.6523463317911434, 'NX_10_len_tra': 10.0, 'NX_10_R_tra': 5.790817981686786, 'NX_10_ctr': '0.57908', 'NX_10_CV': '0.01413', 'NX_10_CV_turn': '0.04700', 'NX_10_Diversity': '0.96300', 'NX_10_Novelty': '3.70812', 'NX_10_ifeat_feat': 0.594}]
[I 240103 16:39:43 loggers:84] Epoch: [27], Info: [{'num_test': 100, 'len_tra': 22.22, 'R_tra': 13.032981181302318, 'ctr': '0.58654', 'CV': '0.03937', 'CV_turn': '0.05896', 'Diversity': '0.90388', 'Novelty': '3.67583', 'ifeat_feat': 0.5126012601260126, 'NX_0_len_tra': 15.2, 'NX_0_R_tra': 8.97692328411842, 'NX_0_ctr': '0.59059', 'NX_0_CV': '0.03156', 'NX_0_CV_turn': '0.06908', 'NX_0_Diversity': '0.93830', 'NX_0_Novelty': '3.96010', 'NX_0_ifeat_feat': 0.7019736842105263, 'NX_10_len_tra': 10.0, 'NX_10_R_tra': 6.459313948703524, 'NX_10_ctr': '0.64593', 'NX_10_CV': '0.01653', 'NX_10_CV_turn': '0.05500', 'NX_10_Diversity': '0.95956', 'NX_10_Novelty': '3.56297', 'NX_10_ifeat_feat': 0.633}]
[I 240103 16:43:45 loggers:84] Epoch: [28], Info: [{'num_test': 100, 'len_tra': 22.11, 'R_tra': 12.31909635063706, 'ctr': '0.55717', 'CV': '0.04358', 'CV_turn': '0.06558', 'Diversity': '0.90066', 'Novelty': '3.62987', 'ifeat_feat': 0.46087743102668477, 'NX_0_len_tra': 15.34, 'NX_0_R_tra': 9.975900231345895, 'NX_0_ctr': '0.65032', 'NX_0_CV': '0.02825', 'NX_0_CV_turn': '0.06128', 'NX_0_Diversity': '0.93643', 'NX_0_Novelty': '3.80463', 'NX_0_ifeat_feat': 0.6877444589308996, 'NX_10_len_tra': 10.0, 'NX_10_R_tra': 7.09967296727927, 'NX_10_ctr': '0.70997', 'NX_10_CV': '0.01924', 'NX_10_CV_turn': '0.06400', 'NX_10_Diversity': '0.95743', 'NX_10_Novelty': '3.48788', 'NX_10_ifeat_feat': 0.619}]
[I 240103 16:47:48 loggers:84] Epoch: [29], Info: [{'num_test': 100, 'len_tra': 26.72, 'R_tra': 16.195001881247084, 'ctr': '0.60610', 'CV': '0.01623', 'CV_turn': '0.02021', 'Diversity': '0.90287', 'Novelty': '3.61887', 'ifeat_feat': 0.4865269461077844, 'NX_0_len_tra': 13.78, 'NX_0_R_tra': 9.078117039954892, 'NX_0_ctr': '0.65879', 'NX_0_CV': '0.05140', 'NX_0_CV_turn': '0.12409', 'NX_0_Diversity': '0.93047', 'NX_0_Novelty': '3.63173', 'NX_0_ifeat_feat': 0.7220609579100146, 'NX_10_len_tra': 10.0, 'NX_10_R_tra': 6.694333731406277, 'NX_10_ctr': '0.66943', 'NX_10_CV': '0.01683', 'NX_10_CV_turn': '0.05600', 'NX_10_Diversity': '0.95630', 'NX_10_Novelty': '3.50243', 'NX_10_ifeat_feat': 0.654}]
[I 240103 16:51:54 loggers:84] Epoch: [30], Info: [{'num_test': 100, 'len_tra': 26.34, 'R_tra': 16.67629432499509, 'ctr': '0.63312', 'CV': '0.01413', 'CV_turn': '0.01784', 'Diversity': '0.89800', 'Novelty': '3.51548', 'ifeat_feat': 0.45671981776765375, 'NX_0_len_tra': 13.55, 'NX_0_R_tra': 8.536497839550275, 'NX_0_ctr': '0.63000', 'NX_0_CV': '0.02344', 'NX_0_CV_turn': '0.05756', 'NX_0_Diversity': '0.93377', 'NX_0_Novelty': '3.74334', 'NX_0_ifeat_feat': 0.6878228782287823, 'NX_10_len_tra': 10.0, 'NX_10_R_tra': 6.5362619667203035, 'NX_10_ctr': '0.65363', 'NX_10_CV': '0.01683', 'NX_10_CV_turn': '0.05600', 'NX_10_Diversity': '0.96159', 'NX_10_Novelty': '3.38867', 'NX_10_ifeat_feat': 0.613}]
[I 240103 16:56:02 loggers:84] Epoch: [31], Info: [{'num_test': 100, 'len_tra': 28.74, 'R_tra': 19.1039212611348, 'ctr': '0.66472', 'CV': '0.01413', 'CV_turn': '0.01635', 'Diversity': '0.89141', 'Novelty': '3.48586', 'ifeat_feat': 0.47425191370911624, 'NX_0_len_tra': 14.07, 'NX_0_R_tra': 8.816051302432783, 'NX_0_ctr': '0.62659', 'NX_0_CV': '0.02164', 'NX_0_CV_turn': '0.05117', 'NX_0_Diversity': '0.93334', 'NX_0_Novelty': '3.80294', 'NX_0_ifeat_feat': 0.6922530206112296, 'NX_10_len_tra': 10.0, 'NX_10_R_tra': 6.633279301709936, 'NX_10_ctr': '0.66333', 'NX_10_CV': '0.01503', 'NX_10_CV_turn': '0.05000', 'NX_10_Diversity': '0.96011', 'NX_10_Novelty': '3.41792', 'NX_10_ifeat_feat': 0.63}]
[I 240103 17:00:03 loggers:84] Epoch: [32], Info: [{'num_test': 100, 'len_tra': 28.05, 'R_tra': 17.845016384061964, 'ctr': '0.63619', 'CV': '0.01202', 'CV_turn': '0.01426', 'Diversity': '0.88992', 'Novelty': '3.45905', 'ifeat_feat': 0.46310160427807484, 'NX_0_len_tra': 13.56, 'NX_0_R_tra': 8.070623974108987, 'NX_0_ctr': '0.59518', 'NX_0_CV': '0.02014', 'NX_0_CV_turn': '0.04941', 'NX_0_Diversity': '0.93251', 'NX_0_Novelty': '3.79142', 'NX_0_ifeat_feat': 0.672566371681416, 'NX_10_len_tra': 10.0, 'NX_10_R_tra': 6.605111327417054, 'NX_10_ctr': '0.66051', 'NX_10_CV': '0.01443', 'NX_10_CV_turn': '0.04800', 'NX_10_Diversity': '0.95859', 'NX_10_Novelty': '3.45055', 'NX_10_ifeat_feat': 0.591}]
[I 240103 17:04:08 loggers:84] Epoch: [33], Info: [{'num_test': 100, 'len_tra': 21.99, 'R_tra': 13.91872584459905, 'ctr': '0.63296', 'CV': '0.07334', 'CV_turn': '0.11096', 'Diversity': '0.89312', 'Novelty': '3.49056', 'ifeat_feat': 0.5038653933606184, 'NX_0_len_tra': 12.82, 'NX_0_R_tra': 7.747677306246844, 'NX_0_ctr': '0.60434', 'NX_0_CV': '0.02314', 'NX_0_CV_turn': '0.06006', 'NX_0_Diversity': '0.92502', 'NX_0_Novelty': '3.99084', 'NX_0_ifeat_feat': 0.6591263650546022, 'NX_10_len_tra': 10.0, 'NX_10_R_tra': 6.466761577674241, 'NX_10_ctr': '0.64668', 'NX_10_CV': '0.01292', 'NX_10_CV_turn': '0.04300', 'NX_10_Diversity': '0.95106', 'NX_10_Novelty': '3.61654', 'NX_10_ifeat_feat': 0.586}]
[I 240103 17:08:19 loggers:84] Epoch: [34], Info: [{'num_test': 100, 'len_tra': 28.43, 'R_tra': 17.944389292047635, 'ctr': '0.63118', 'CV': '0.01473', 'CV_turn': '0.01724', 'Diversity': '0.88157', 'Novelty': '3.48380', 'ifeat_feat': 0.49067886035877595, 'NX_0_len_tra': 12.4, 'NX_0_R_tra': 7.0880600504306, 'NX_0_ctr': '0.57162', 'NX_0_CV': '0.02164', 'NX_0_CV_turn': '0.05806', 'NX_0_Diversity': '0.91988', 'NX_0_Novelty': '3.97488', 'NX_0_ifeat_feat': 0.6620967741935484, 'NX_10_len_tra': 10.0, 'NX_10_R_tra': 6.104785846929689, 'NX_10_ctr': '0.61048', 'NX_10_CV': '0.01533', 'NX_10_CV_turn': '0.05100', 'NX_10_Diversity': '0.94433', 'NX_10_Novelty': '3.72743', 'NX_10_ifeat_feat': 0.585}]
[I 240103 17:12:48 loggers:84] Epoch: [35], Info: [{'num_test': 100, 'len_tra': 29.77, 'R_tra': 18.087240045631745, 'ctr': '0.60757', 'CV': '0.00932', 'CV_turn': '0.01041', 'Diversity': '0.88311', 'Novelty': '3.52129', 'ifeat_feat': 0.4874034262680551, 'NX_0_len_tra': 13.37, 'NX_0_R_tra': 7.70272954926725, 'NX_0_ctr': '0.57612', 'NX_0_CV': '0.01984', 'NX_0_CV_turn': '0.04936', 'NX_0_Diversity': '0.91734', 'NX_0_Novelty': '4.12280', 'NX_0_ifeat_feat': 0.668661181750187, 'NX_10_len_tra': 10.0, 'NX_10_R_tra': 5.77394487729148, 'NX_10_ctr': '0.57739', 'NX_10_CV': '0.01383', 'NX_10_CV_turn': '0.04600', 'NX_10_Diversity': '0.92996', 'NX_10_Novelty': '3.93986', 'NX_10_ifeat_feat': 0.605}]
[I 240103 17:17:02 loggers:84] Epoch: [36], Info: [{'num_test': 100, 'len_tra': 28.56, 'R_tra': 19.169170371186503, 'ctr': '0.67119', 'CV': '0.00992', 'CV_turn': '0.01155', 'Diversity': '0.87681', 'Novelty': '3.53813', 'ifeat_feat': 0.49789915966386555, 'NX_0_len_tra': 13.02, 'NX_0_R_tra': 7.607347297491424, 'NX_0_ctr': '0.58428', 'NX_0_CV': '0.02134', 'NX_0_CV_turn': '0.05453', 'NX_0_Diversity': '0.90857', 'NX_0_Novelty': '4.07099', 'NX_0_ifeat_feat': 0.6751152073732719, 'NX_10_len_tra': 10.0, 'NX_10_R_tra': 5.5560147956928025, 'NX_10_ctr': '0.55560', 'NX_10_CV': '0.01653', 'NX_10_CV_turn': '0.05500', 'NX_10_Diversity': '0.92515', 'NX_10_Novelty': '4.04378', 'NX_10_ifeat_feat': 0.618}]
[I 240103 17:21:19 loggers:84] Epoch: [37], Info: [{'num_test': 100, 'len_tra': 29.21, 'R_tra': 18.961657725074065, 'ctr': '0.64915', 'CV': '0.00661', 'CV_turn': '0.00753', 'Diversity': '0.86950', 'Novelty': '3.55071', 'ifeat_feat': 0.49811708319068815, 'NX_0_len_tra': 12.81, 'NX_0_R_tra': 7.639142019454475, 'NX_0_ctr': '0.59634', 'NX_0_CV': '0.01803', 'NX_0_CV_turn': '0.04684', 'NX_0_Diversity': '0.91600', 'NX_0_Novelty': '4.03973', 'NX_0_ifeat_feat': 0.6705698672911787, 'NX_10_len_tra': 10.0, 'NX_10_R_tra': 5.8420769940760735, 'NX_10_ctr': '0.58421', 'NX_10_CV': '0.01202', 'NX_10_CV_turn': '0.04000', 'NX_10_Diversity': '0.93256', 'NX_10_Novelty': '3.96826', 'NX_10_ifeat_feat': 0.61}]
[I 240103 17:25:09 loggers:84] Epoch: [38], Info: [{'num_test': 100, 'len_tra': 27.04, 'R_tra': 17.31168534768773, 'ctr': '0.64023', 'CV': '0.03607', 'CV_turn': '0.04438', 'Diversity': '0.87579', 'Novelty': '3.57189', 'ifeat_feat': 0.49556213017751477, 'NX_0_len_tra': 12.59, 'NX_0_R_tra': 8.241089358155634, 'NX_0_ctr': '0.65457', 'NX_0_CV': '0.01803', 'NX_0_CV_turn': '0.04766', 'NX_0_Diversity': '0.90480', 'NX_0_Novelty': '3.99642', 'NX_0_ifeat_feat': 0.6671961874503575, 'NX_10_len_tra': 10.0, 'NX_10_R_tra': 5.825936144552384, 'NX_10_ctr': '0.58259', 'NX_10_CV': '0.01052', 'NX_10_CV_turn': '0.03500', 'NX_10_Diversity': '0.91881', 'NX_10_Novelty': '4.01066', 'NX_10_ifeat_feat': 0.613}]
[I 240103 17:29:18 loggers:84] Epoch: [39], Info: [{'num_test': 100, 'len_tra': 29.32, 'R_tra': 20.166796165174812, 'ctr': '0.68782', 'CV': '0.00661', 'CV_turn': '0.00750', 'Diversity': '0.86670', 'Novelty': '3.56155', 'ifeat_feat': 0.5013642564802183, 'NX_0_len_tra': 12.76, 'NX_0_R_tra': 7.683633361474206, 'NX_0_ctr': '0.60217', 'NX_0_CV': '0.02104', 'NX_0_CV_turn': '0.05486', 'NX_0_Diversity': '0.90782', 'NX_0_Novelty': '4.02341', 'NX_0_ifeat_feat': 0.6653605015673981, 'NX_10_len_tra': 10.0, 'NX_10_R_tra': 6.159314236038302, 'NX_10_ctr': '0.61593', 'NX_10_CV': '0.01383', 'NX_10_CV_turn': '0.04600', 'NX_10_Diversity': '0.92878', 'NX_10_Novelty': '3.87733', 'NX_10_ifeat_feat': 0.607}]
[I 240103 17:33:09 loggers:84] Epoch: [40], Info: [{'num_test': 100, 'len_tra': 28.3, 'R_tra': 18.095930522044725, 'ctr': '0.63943', 'CV': '0.03366', 'CV_turn': '0.03958', 'Diversity': '0.87298', 'Novelty': '3.55933', 'ifeat_feat': 0.48692579505300354, 'NX_0_len_tra': 12.51, 'NX_0_R_tra': 6.993523126665858, 'NX_0_ctr': '0.55903', 'NX_0_CV': '0.01743', 'NX_0_CV_turn': '0.04636', 'NX_0_Diversity': '0.90128', 'NX_0_Novelty': '4.08339', 'NX_0_ifeat_feat': 0.6594724220623501, 'NX_10_len_tra': 10.0, 'NX_10_R_tra': 5.679482768581157, 'NX_10_ctr': '0.56795', 'NX_10_CV': '0.01292', 'NX_10_CV_turn': '0.04300', 'NX_10_Diversity': '0.90311', 'NX_10_Novelty': '4.00189', 'NX_10_ifeat_feat': 0.62}]
[I 240103 17:37:04 loggers:84] Epoch: [41], Info: [{'num_test': 100, 'len_tra': 28.85, 'R_tra': 19.196459435378337, 'ctr': '0.66539', 'CV': '0.00872', 'CV_turn': '0.01005', 'Diversity': '0.86895', 'Novelty': '3.56617', 'ifeat_feat': 0.5022530329289429, 'NX_0_len_tra': 11.92, 'NX_0_R_tra': 7.141086328156735, 'NX_0_ctr': '0.59908', 'NX_0_CV': '0.01623', 'NX_0_CV_turn': '0.04530', 'NX_0_Diversity': '0.88997', 'NX_0_Novelty': '4.07924', 'NX_0_ifeat_feat': 0.6728187919463087, 'NX_10_len_tra': 10.0, 'NX_10_R_tra': 6.011655304272702, 'NX_10_ctr': '0.60117', 'NX_10_CV': '0.01443', 'NX_10_CV_turn': '0.04800', 'NX_10_Diversity': '0.90304', 'NX_10_Novelty': '4.06500', 'NX_10_ifeat_feat': 0.629}]
[I 240103 17:41:03 loggers:84] Epoch: [42], Info: [{'num_test': 100, 'len_tra': 29.52, 'R_tra': 19.175687149085064, 'ctr': '0.64958', 'CV': '0.00721', 'CV_turn': '0.00813', 'Diversity': '0.87349', 'Novelty': '3.55611', 'ifeat_feat': 0.48848238482384826, 'NX_0_len_tra': 11.44, 'NX_0_R_tra': 6.323282434748721, 'NX_0_ctr': '0.55273', 'NX_0_CV': '0.04388', 'NX_0_CV_turn': '0.12762', 'NX_0_Diversity': '0.89257', 'NX_0_Novelty': '4.09485', 'NX_0_ifeat_feat': 0.6783216783216783, 'NX_10_len_tra': 10.0, 'NX_10_R_tra': 5.458314837793845, 'NX_10_ctr': '0.54583', 'NX_10_CV': '0.00992', 'NX_10_CV_turn': '0.03300', 'NX_10_Diversity': '0.90161', 'NX_10_Novelty': '4.14464', 'NX_10_ifeat_feat': 0.63}]
[I 240103 17:44:40 loggers:84] Epoch: [43], Info: [{'num_test': 100, 'len_tra': 29.39, 'R_tra': 18.139942334732066, 'ctr': '0.61721', 'CV': '0.00691', 'CV_turn': '0.00783', 'Diversity': '0.87480', 'Novelty': '3.53807', 'ifeat_feat': 0.4964273562436203, 'NX_0_len_tra': 12.17, 'NX_0_R_tra': 6.116735439852593, 'NX_0_ctr': '0.50261', 'NX_0_CV': '0.04749', 'NX_0_CV_turn': '0.12983', 'NX_0_Diversity': '0.89076', 'NX_0_Novelty': '4.17626', 'NX_0_ifeat_feat': 0.6302382908792111, 'NX_10_len_tra': 10.0, 'NX_10_R_tra': 5.112426459881151, 'NX_10_ctr': '0.51124', 'NX_10_CV': '0.01323', 'NX_10_CV_turn': '0.04400', 'NX_10_Diversity': '0.89194', 'NX_10_Novelty': '4.19705', 'NX_10_ifeat_feat': 0.626}]
[I 240103 17:48:17 loggers:84] Epoch: [44], Info: [{'num_test': 100, 'len_tra': 29.74, 'R_tra': 18.634062968963384, 'ctr': '0.62657', 'CV': '0.00481', 'CV_turn': '0.00538', 'Diversity': '0.87441', 'Novelty': '3.52293', 'ifeat_feat': 0.49831876260928043, 'NX_0_len_tra': 13.5, 'NX_0_R_tra': 7.5661155902304325, 'NX_0_ctr': '0.56045', 'NX_0_CV': '0.02284', 'NX_0_CV_turn': '0.05630', 'NX_0_Diversity': '0.89980', 'NX_0_Novelty': '4.14647', 'NX_0_ifeat_feat': 0.6518518518518519, 'NX_10_len_tra': 10.0, 'NX_10_R_tra': 5.52892002538448, 'NX_10_ctr': '0.55289', 'NX_10_CV': '0.01112', 'NX_10_CV_turn': '0.03700', 'NX_10_Diversity': '0.91223', 'NX_10_Novelty': '4.07956', 'NX_10_ifeat_feat': 0.609}]
[I 240103 17:51:56 loggers:84] Epoch: [45], Info: [{'num_test': 100, 'len_tra': 30.0, 'R_tra': 19.16471123415632, 'ctr': '0.63882', 'CV': '0.00451', 'CV_turn': '0.00500', 'Diversity': '0.87014', 'Novelty': '3.52416', 'ifeat_feat': 0.49866666666666665, 'NX_0_len_tra': 13.4, 'NX_0_R_tra': 7.472827631501847, 'NX_0_ctr': '0.55767', 'NX_0_CV': '0.01984', 'NX_0_CV_turn': '0.04925', 'NX_0_Diversity': '0.90416', 'NX_0_Novelty': '4.21745', 'NX_0_ifeat_feat': 0.6574626865671642, 'NX_10_len_tra': 10.0, 'NX_10_R_tra': 5.221570588836926, 'NX_10_ctr': '0.52216', 'NX_10_CV': '0.01022', 'NX_10_CV_turn': '0.03400', 'NX_10_Diversity': '0.90089', 'NX_10_Novelty': '4.13255', 'NX_10_ifeat_feat': 0.622}]
[I 240103 17:55:24 loggers:84] Epoch: [46], Info: [{'num_test': 100, 'len_tra': 29.51, 'R_tra': 18.811659485068784, 'ctr': '0.63747', 'CV': '0.00631', 'CV_turn': '0.00712', 'Diversity': '0.87058', 'Novelty': '3.51500', 'ifeat_feat': 0.5018637749915283, 'NX_0_len_tra': 13.09, 'NX_0_R_tra': 7.505659157437467, 'NX_0_ctr': '0.57339', 'NX_0_CV': '0.02194', 'NX_0_CV_turn': '0.05577', 'NX_0_Diversity': '0.90915', 'NX_0_Novelty': '4.08554', 'NX_0_ifeat_feat': 0.6470588235294118, 'NX_10_len_tra': 10.0, 'NX_10_R_tra': 5.273107773560778, 'NX_10_ctr': '0.52731', 'NX_10_CV': '0.01683', 'NX_10_CV_turn': '0.05600', 'NX_10_Diversity': '0.92161', 'NX_10_Novelty': '4.07112', 'NX_10_ifeat_feat': 0.595}]
[I 240103 17:59:04 loggers:84] Epoch: [47], Info: [{'num_test': 100, 'len_tra': 29.18, 'R_tra': 18.39663876939257, 'ctr': '0.63045', 'CV': '0.00812', 'CV_turn': '0.00925', 'Diversity': '0.86748', 'Novelty': '3.52088', 'ifeat_feat': 0.498971898560658, 'NX_0_len_tra': 11.96, 'NX_0_R_tra': 6.378932703494323, 'NX_0_ctr': '0.53336', 'NX_0_CV': '0.02014', 'NX_0_CV_turn': '0.05602', 'NX_0_Diversity': '0.88461', 'NX_0_Novelty': '4.13247', 'NX_0_ifeat_feat': 0.6622073578595318, 'NX_10_len_tra': 10.0, 'NX_10_R_tra': 5.237784352859084, 'NX_10_ctr': '0.52378', 'NX_10_CV': '0.01473', 'NX_10_CV_turn': '0.04900', 'NX_10_Diversity': '0.90333', 'NX_10_Novelty': '4.11285', 'NX_10_ifeat_feat': 0.621}]
[I 240103 18:02:36 loggers:84] Epoch: [48], Info: [{'num_test': 100, 'len_tra': 29.14, 'R_tra': 17.379215890018443, 'ctr': '0.59640', 'CV': '0.00451', 'CV_turn': '0.00515', 'Diversity': '0.86507', 'Novelty': '3.52906', 'ifeat_feat': 0.5, 'NX_0_len_tra': 10.95, 'NX_0_R_tra': 5.515589093071555, 'NX_0_ctr': '0.50371', 'NX_0_CV': '0.01623', 'NX_0_CV_turn': '0.04932', 'NX_0_Diversity': '0.87558', 'NX_0_Novelty': '4.12241', 'NX_0_ifeat_feat': 0.6474885844748859, 'NX_10_len_tra': 10.0, 'NX_10_R_tra': 5.052931091195195, 'NX_10_ctr': '0.50529', 'NX_10_CV': '0.03937', 'NX_10_CV_turn': '0.13100', 'NX_10_Diversity': '0.90946', 'NX_10_Novelty': '4.06376', 'NX_10_ifeat_feat': 0.614}]
[I 240103 18:06:08 loggers:84] Epoch: [49], Info: [{'num_test': 100, 'len_tra': 27.85, 'R_tra': 16.90695137743976, 'ctr': '0.60707', 'CV': '0.03396', 'CV_turn': '0.04057', 'Diversity': '0.87186', 'Novelty': '3.51892', 'ifeat_feat': 0.49946140035906644, 'NX_0_len_tra': 10.96, 'NX_0_R_tra': 5.401603187448806, 'NX_0_ctr': '0.49285', 'NX_0_CV': '0.01653', 'NX_0_CV_turn': '0.05018', 'NX_0_Diversity': '0.87888', 'NX_0_Novelty': '4.11242', 'NX_0_ifeat_feat': 0.6332116788321168, 'NX_10_len_tra': 10.0, 'NX_10_R_tra': 5.2514378307674905, 'NX_10_ctr': '0.52514', 'NX_10_CV': '0.01323', 'NX_10_CV_turn': '0.04400', 'NX_10_Diversity': '0.88037', 'NX_10_Novelty': '4.02606', 'NX_10_ifeat_feat': 0.633}]
[I 240103 18:09:41 loggers:84] Epoch: [50], Info: [{'num_test': 100, 'len_tra': 29.58, 'R_tra': 17.579690028010265, 'ctr': '0.59431', 'CV': '0.00451', 'CV_turn': '0.00507', 'Diversity': '0.86362', 'Novelty': '3.51221', 'ifeat_feat': 0.4976335361730899, 'NX_0_len_tra': 10.82, 'NX_0_R_tra': 5.761655114378487, 'NX_0_ctr': '0.53250', 'NX_0_CV': '0.01563', 'NX_0_CV_turn': '0.04806', 'NX_0_Diversity': '0.87689', 'NX_0_Novelty': '4.09453', 'NX_0_ifeat_feat': 0.6349353049907579, 'NX_10_len_tra': 10.0, 'NX_10_R_tra': 5.197899151515169, 'NX_10_ctr': '0.51979', 'NX_10_CV': '0.01323', 'NX_10_CV_turn': '0.04400', 'NX_10_Diversity': '0.87752', 'NX_10_Novelty': '4.07883', 'NX_10_ifeat_feat': 0.621}]
[I 240103 18:13:12 loggers:84] Epoch: [51], Info: [{'num_test': 100, 'len_tra': 19.62, 'R_tra': 12.829208247272863, 'ctr': '0.65388', 'CV': '0.03667', 'CV_turn': '0.06218', 'Diversity': '0.88405', 'Novelty': '3.54434', 'ifeat_feat': 0.49592252803261977, 'NX_0_len_tra': 11.07, 'NX_0_R_tra': 5.8145088763805255, 'NX_0_ctr': '0.52525', 'NX_0_CV': '0.01623', 'NX_0_CV_turn': '0.04878', 'NX_0_Diversity': '0.87650', 'NX_0_Novelty': '4.04872', 'NX_0_ifeat_feat': 0.6476964769647696, 'NX_10_len_tra': 10.0, 'NX_10_R_tra': 5.446720026205116, 'NX_10_ctr': '0.54467', 'NX_10_CV': '0.04238', 'NX_10_CV_turn': '0.14100', 'NX_10_Diversity': '0.90941', 'NX_10_Novelty': '4.01640', 'NX_10_ifeat_feat': 0.625}]
[I 240103 18:16:30 loggers:84] Epoch: [52], Info: [{'num_test': 100, 'len_tra': 29.82, 'R_tra': 18.885161059253875, 'ctr': '0.63331', 'CV': '0.00361', 'CV_turn': '0.00402', 'Diversity': '0.86281', 'Novelty': '3.49491', 'ifeat_feat': 0.49798792756539234, 'NX_0_len_tra': 11.42, 'NX_0_R_tra': 5.928060299597442, 'NX_0_ctr': '0.51909', 'NX_0_CV': '0.01743', 'NX_0_CV_turn': '0.05079', 'NX_0_Diversity': '0.88881', 'NX_0_Novelty': '4.08146', 'NX_0_ifeat_feat': 0.6418563922942206, 'NX_10_len_tra': 10.0, 'NX_10_R_tra': 5.262796351861222, 'NX_10_ctr': '0.52628', 'NX_10_CV': '0.01623', 'NX_10_CV_turn': '0.05400', 'NX_10_Diversity': '0.89626', 'NX_10_Novelty': '4.00951', 'NX_10_ifeat_feat': 0.607}]
[I 240103 18:20:09 loggers:84] Epoch: [53], Info: [{'num_test': 100, 'len_tra': 28.7, 'R_tra': 18.920454963773032, 'ctr': '0.65925', 'CV': '0.00962', 'CV_turn': '0.01115', 'Diversity': '0.85592', 'Novelty': '3.49819', 'ifeat_feat': 0.49965156794425086, 'NX_0_len_tra': 12.18, 'NX_0_R_tra': 6.708732058273929, 'NX_0_ctr': '0.55080', 'NX_0_CV': '0.02164', 'NX_0_CV_turn': '0.05911', 'NX_0_Diversity': '0.90356', 'NX_0_Novelty': '4.03065', 'NX_0_ifeat_feat': 0.6494252873563219, 'NX_10_len_tra': 10.0, 'NX_10_R_tra': 5.98604191076103, 'NX_10_ctr': '0.59860', 'NX_10_CV': '0.01563', 'NX_10_CV_turn': '0.05200', 'NX_10_Diversity': '0.91859', 'NX_10_Novelty': '3.91474', 'NX_10_ifeat_feat': 0.594}]
[I 240103 18:23:47 loggers:84] Epoch: [54], Info: [{'num_test': 100, 'len_tra': 28.15, 'R_tra': 19.21324378003506, 'ctr': '0.68253', 'CV': '0.03517', 'CV_turn': '0.04156', 'Diversity': '0.86982', 'Novelty': '3.57488', 'ifeat_feat': 0.49875666074600356, 'NX_0_len_tra': 12.25, 'NX_0_R_tra': 6.803924281521313, 'NX_0_ctr': '0.55542', 'NX_0_CV': '0.01894', 'NX_0_CV_turn': '0.05143', 'NX_0_Diversity': '0.91300', 'NX_0_Novelty': '4.08095', 'NX_0_ifeat_feat': 0.6375510204081632, 'NX_10_len_tra': 10.0, 'NX_10_R_tra': 5.724573300166254, 'NX_10_ctr': '0.57246', 'NX_10_CV': '0.01503', 'NX_10_CV_turn': '0.05000', 'NX_10_Diversity': '0.91926', 'NX_10_Novelty': '3.98313', 'NX_10_ifeat_feat': 0.615}]
[I 240103 18:27:18 loggers:84] Epoch: [55], Info: [{'num_test': 100, 'len_tra': 26.82, 'R_tra': 17.124266959287727, 'ctr': '0.63849', 'CV': '0.03877', 'CV_turn': '0.04810', 'Diversity': '0.87117', 'Novelty': '3.59408', 'ifeat_feat': 0.49403430275913496, 'NX_0_len_tra': 11.77, 'NX_0_R_tra': 6.465053760305206, 'NX_0_ctr': '0.54928', 'NX_0_CV': '0.02074', 'NX_0_CV_turn': '0.05862', 'NX_0_Diversity': '0.90199', 'NX_0_Novelty': '4.05571', 'NX_0_ifeat_feat': 0.6474086661002549, 'NX_10_len_tra': 10.0, 'NX_10_R_tra': 5.696895402980919, 'NX_10_ctr': '0.56969', 'NX_10_CV': '0.01323', 'NX_10_CV_turn': '0.04400', 'NX_10_Diversity': '0.91507', 'NX_10_Novelty': '3.92202', 'NX_10_ifeat_feat': 0.605}]
[I 240103 18:30:31 loggers:84] Epoch: [56], Info: [{'num_test': 100, 'len_tra': 29.38, 'R_tra': 19.97834688714452, 'ctr': '0.68000', 'CV': '0.00601', 'CV_turn': '0.00681', 'Diversity': '0.86280', 'Novelty': '3.58877', 'ifeat_feat': 0.5010211027910143, 'NX_0_len_tra': 12.06, 'NX_0_R_tra': 6.942856515915773, 'NX_0_ctr': '0.57569', 'NX_0_CV': '0.01894', 'NX_0_CV_turn': '0.05224', 'NX_0_Diversity': '0.91456', 'NX_0_Novelty': '4.00910', 'NX_0_ifeat_feat': 0.6492537313432836, 'NX_10_len_tra': 10.0, 'NX_10_R_tra': 6.470461883395194, 'NX_10_ctr': '0.64705', 'NX_10_CV': '0.04178', 'NX_10_CV_turn': '0.13900', 'NX_10_Diversity': '0.91630', 'NX_10_Novelty': '3.64919', 'NX_10_ifeat_feat': 0.641}]
[I 240103 18:33:41 loggers:84] Epoch: [57], Info: [{'num_test': 100, 'len_tra': 20.23, 'R_tra': 13.027441188967716, 'ctr': '0.64397', 'CV': '0.03457', 'CV_turn': '0.05685', 'Diversity': '0.88678', 'Novelty': '3.58594', 'ifeat_feat': 0.5037073652990608, 'NX_0_len_tra': 11.69, 'NX_0_R_tra': 6.709687430001072, 'NX_0_ctr': '0.57397', 'NX_0_CV': '0.02074', 'NX_0_CV_turn': '0.05902', 'NX_0_Diversity': '0.89750', 'NX_0_Novelty': '4.13169', 'NX_0_ifeat_feat': 0.6552609067579127, 'NX_10_len_tra': 10.0, 'NX_10_R_tra': 5.451176515662706, 'NX_10_ctr': '0.54512', 'NX_10_CV': '0.01383', 'NX_10_CV_turn': '0.04600', 'NX_10_Diversity': '0.90767', 'NX_10_Novelty': '4.00549', 'NX_10_ifeat_feat': 0.629}]
[I 240103 18:36:43 loggers:84] Epoch: [58], Info: [{'num_test': 100, 'len_tra': 29.35, 'R_tra': 19.31154149079305, 'ctr': '0.65797', 'CV': '0.00451', 'CV_turn': '0.00511', 'Diversity': '0.86420', 'Novelty': '3.55067', 'ifeat_feat': 0.4988074957410562, 'NX_0_len_tra': 11.33, 'NX_0_R_tra': 6.522560786886475, 'NX_0_ctr': '0.57569', 'NX_0_CV': '0.01864', 'NX_0_CV_turn': '0.05472', 'NX_0_Diversity': '0.90512', 'NX_0_Novelty': '3.90569', 'NX_0_ifeat_feat': 0.6478375992939099, 'NX_10_len_tra': 10.0, 'NX_10_R_tra': 5.827751041104716, 'NX_10_ctr': '0.58278', 'NX_10_CV': '0.01533', 'NX_10_CV_turn': '0.05100', 'NX_10_Diversity': '0.92361', 'NX_10_Novelty': '3.82028', 'NX_10_ifeat_feat': 0.602}]
[I 240103 18:40:06 loggers:84] Epoch: [59], Info: [{'num_test': 100, 'len_tra': 29.63, 'R_tra': 20.35508946065848, 'ctr': '0.68698', 'CV': '0.00421', 'CV_turn': '0.00472', 'Diversity': '0.86325', 'Novelty': '3.55028', 'ifeat_feat': 0.49915626054674317, 'NX_0_len_tra': 11.82, 'NX_0_R_tra': 6.6224511523282015, 'NX_0_ctr': '0.56028', 'NX_0_CV': '0.01954', 'NX_0_CV_turn': '0.05499', 'NX_0_Diversity': '0.90893', 'NX_0_Novelty': '4.00130', 'NX_0_ifeat_feat': 0.631979695431472, 'NX_10_len_tra': 10.0, 'NX_10_R_tra': 5.576092927573892, 'NX_10_ctr': '0.55761', 'NX_10_CV': '0.01292', 'NX_10_CV_turn': '0.04300', 'NX_10_Diversity': '0.92704', 'NX_10_Novelty': '3.88117', 'NX_10_ifeat_feat': 0.59}]
[I 240103 18:43:07 loggers:84] Epoch: [60], Info: [{'num_test': 100, 'len_tra': 29.8, 'R_tra': 20.3867568472129, 'ctr': '0.68412', 'CV': '0.00661', 'CV_turn': '0.00738', 'Diversity': '0.86419', 'Novelty': '3.56912', 'ifeat_feat': 0.49899328859060404, 'NX_0_len_tra': 11.79, 'NX_0_R_tra': 6.282200401289292, 'NX_0_ctr': '0.53284', 'NX_0_CV': '0.01743', 'NX_0_CV_turn': '0.04919', 'NX_0_Diversity': '0.91134', 'NX_0_Novelty': '4.12074', 'NX_0_ifeat_feat': 0.6242578456318915, 'NX_10_len_tra': 10.0, 'NX_10_R_tra': 5.369168354158716, 'NX_10_ctr': '0.53692', 'NX_10_CV': '0.01353', 'NX_10_CV_turn': '0.04500', 'NX_10_Diversity': '0.91080', 'NX_10_Novelty': '4.13972', 'NX_10_ifeat_feat': 0.598}]
[I 240103 18:46:15 loggers:84] Epoch: [61], Info: [{'num_test': 100, 'len_tra': 29.6, 'R_tra': 20.394249262296295, 'ctr': '0.68899', 'CV': '0.00361', 'CV_turn': '0.00405', 'Diversity': '0.86310', 'Novelty': '3.57285', 'ifeat_feat': 0.49932432432432433, 'NX_0_len_tra': 11.33, 'NX_0_R_tra': 6.053031095286746, 'NX_0_ctr': '0.53425', 'NX_0_CV': '0.01473', 'NX_0_CV_turn': '0.04325', 'NX_0_Diversity': '0.90196', 'NX_0_Novelty': '4.18394', 'NX_0_ifeat_feat': 0.6310679611650486, 'NX_10_len_tra': 10.0, 'NX_10_R_tra': 5.287498089511368, 'NX_10_ctr': '0.52875', 'NX_10_CV': '0.01082', 'NX_10_CV_turn': '0.03600', 'NX_10_Diversity': '0.91137', 'NX_10_Novelty': '4.17420', 'NX_10_ifeat_feat': 0.598}]
[I 240103 18:49:24 loggers:84] Epoch: [62], Info: [{'num_test': 100, 'len_tra': 29.74, 'R_tra': 20.27009278361014, 'ctr': '0.68158', 'CV': '0.00331', 'CV_turn': '0.00370', 'Diversity': '0.86260', 'Novelty': '3.58011', 'ifeat_feat': 0.5, 'NX_0_len_tra': 11.08, 'NX_0_R_tra': 6.047374335850741, 'NX_0_ctr': '0.54579', 'NX_0_CV': '0.01353', 'NX_0_CV_turn': '0.04061', 'NX_0_Diversity': '0.90574', 'NX_0_Novelty': '4.11158', 'NX_0_ifeat_feat': 0.6371841155234657, 'NX_10_len_tra': 10.0, 'NX_10_R_tra': 5.073096607723013, 'NX_10_ctr': '0.50731', 'NX_10_CV': '0.01202', 'NX_10_CV_turn': '0.04000', 'NX_10_Diversity': '0.90654', 'NX_10_Novelty': '4.14509', 'NX_10_ifeat_feat': 0.622}]
[I 240103 18:52:29 loggers:84] Epoch: [63], Info: [{'num_test': 100, 'len_tra': 29.56, 'R_tra': 20.481522432321164, 'ctr': '0.69288', 'CV': '0.00361', 'CV_turn': '0.00406', 'Diversity': '0.86283', 'Novelty': '3.58349', 'ifeat_feat': 0.5, 'NX_0_len_tra': 10.57, 'NX_0_R_tra': 6.115526890103156, 'NX_0_ctr': '0.57857', 'NX_0_CV': '0.01323', 'NX_0_CV_turn': '0.04163', 'NX_0_Diversity': '0.89945', 'NX_0_Novelty': '3.99964', 'NX_0_ifeat_feat': 0.6641438032166509, 'NX_10_len_tra': 10.0, 'NX_10_R_tra': 5.507283846629605, 'NX_10_ctr': '0.55073', 'NX_10_CV': '0.00992', 'NX_10_CV_turn': '0.03300', 'NX_10_Diversity': '0.90785', 'NX_10_Novelty': '4.00688', 'NX_10_ifeat_feat': 0.635}]
[I 240103 18:55:49 loggers:84] Epoch: [64], Info: [{'num_test': 100, 'len_tra': 23.27, 'R_tra': 15.423417093782724, 'ctr': '0.66280', 'CV': '0.03427', 'CV_turn': '0.04899', 'Diversity': '0.87803', 'Novelty': '3.58788', 'ifeat_feat': 0.4903308981521272, 'NX_0_len_tra': 10.8, 'NX_0_R_tra': 5.606290206150838, 'NX_0_ctr': '0.51910', 'NX_0_CV': '0.01563', 'NX_0_CV_turn': '0.04815', 'NX_0_Diversity': '0.90594', 'NX_0_Novelty': '4.10066', 'NX_0_ifeat_feat': 0.6407407407407407, 'NX_10_len_tra': 10.0, 'NX_10_R_tra': 5.2934485776138205, 'NX_10_ctr': '0.52934', 'NX_10_CV': '0.01082', 'NX_10_CV_turn': '0.03600', 'NX_10_Diversity': '0.91056', 'NX_10_Novelty': '4.08795', 'NX_10_ifeat_feat': 0.63}]
[I 240103 18:59:06 loggers:84] Epoch: [65], Info: [{'num_test': 100, 'len_tra': 29.72, 'R_tra': 20.029345133525986, 'ctr': '0.67393', 'CV': '0.00361', 'CV_turn': '0.00404', 'Diversity': '0.86244', 'Novelty': '3.58375', 'ifeat_feat': 0.4989905787348587, 'NX_0_len_tra': 10.47, 'NX_0_R_tra': 5.878379807744913, 'NX_0_ctr': '0.56145', 'NX_0_CV': '0.01503', 'NX_0_CV_turn': '0.04776', 'NX_0_Diversity': '0.91100', 'NX_0_Novelty': '4.03048', 'NX_0_ifeat_feat': 0.6370582617000955, 'NX_10_len_tra': 10.0, 'NX_10_R_tra': 5.676641256519044, 'NX_10_ctr': '0.56766', 'NX_10_CV': '0.01082', 'NX_10_CV_turn': '0.03600', 'NX_10_Diversity': '0.91570', 'NX_10_Novelty': '4.03003', 'NX_10_ifeat_feat': 0.622}]
[I 240103 19:02:18 loggers:84] Epoch: [66], Info: [{'num_test': 100, 'len_tra': 29.61, 'R_tra': 19.54031846167214, 'ctr': '0.65992', 'CV': '0.00391', 'CV_turn': '0.00439', 'Diversity': '0.86285', 'Novelty': '3.58582', 'ifeat_feat': 0.4998311381290105, 'NX_0_len_tra': 10.2, 'NX_0_R_tra': 6.049276642741035, 'NX_0_ctr': '0.59307', 'NX_0_CV': '0.01353', 'NX_0_CV_turn': '0.04412', 'NX_0_Diversity': '0.90312', 'NX_0_Novelty': '3.98424', 'NX_0_ifeat_feat': 0.6450980392156863, 'NX_10_len_tra': 10.0, 'NX_10_R_tra': 5.672239653790481, 'NX_10_ctr': '0.56722', 'NX_10_CV': '0.04208', 'NX_10_CV_turn': '0.14000', 'NX_10_Diversity': '0.92093', 'NX_10_Novelty': '3.98590', 'NX_10_ifeat_feat': 0.615}]
[I 240103 19:05:29 loggers:84] Epoch: [67], Info: [{'num_test': 100, 'len_tra': 29.8, 'R_tra': 19.625786018751864, 'ctr': '0.65858', 'CV': '0.00571', 'CV_turn': '0.00638', 'Diversity': '0.86306', 'Novelty': '3.57869', 'ifeat_feat': 0.5003355704697987, 'NX_0_len_tra': 10.36, 'NX_0_R_tra': 5.8832025112617305, 'NX_0_ctr': '0.56788', 'NX_0_CV': '0.01443', 'NX_0_CV_turn': '0.04633', 'NX_0_Diversity': '0.90711', 'NX_0_Novelty': '4.01001', 'NX_0_ifeat_feat': 0.63996138996139, 'NX_10_len_tra': 10.0, 'NX_10_R_tra': 5.411470793440763, 'NX_10_ctr': '0.54115', 'NX_10_CV': '0.01262', 'NX_10_CV_turn': '0.04200', 'NX_10_Diversity': '0.91411', 'NX_10_Novelty': '3.99498', 'NX_10_ifeat_feat': 0.644}]
[I 240103 19:08:44 loggers:84] Epoch: [68], Info: [{'num_test': 100, 'len_tra': 29.63, 'R_tra': 20.793355413045287, 'ctr': '0.70177', 'CV': '0.00361', 'CV_turn': '0.00405', 'Diversity': '0.86297', 'Novelty': '3.57455', 'ifeat_feat': 0.49983125210934864, 'NX_0_len_tra': 10.64, 'NX_0_R_tra': 6.018126275215405, 'NX_0_ctr': '0.56561', 'NX_0_CV': '0.01383', 'NX_0_CV_turn': '0.04323', 'NX_0_Diversity': '0.91144', 'NX_0_Novelty': '4.03484', 'NX_0_ifeat_feat': 0.6466165413533834, 'NX_10_len_tra': 10.0, 'NX_10_R_tra': 5.488590917510029, 'NX_10_ctr': '0.54886', 'NX_10_CV': '0.00992', 'NX_10_CV_turn': '0.03300', 'NX_10_Diversity': '0.92219', 'NX_10_Novelty': '3.98075', 'NX_10_ifeat_feat': 0.632}]
[I 240103 19:11:56 loggers:84] Epoch: [69], Info: [{'num_test': 100, 'len_tra': 29.65, 'R_tra': 19.871632328340333, 'ctr': '0.67021', 'CV': '0.00331', 'CV_turn': '0.00371', 'Diversity': '0.86315', 'Novelty': '3.57738', 'ifeat_feat': 0.5005059021922428, 'NX_0_len_tra': 10.94, 'NX_0_R_tra': 6.063727460917607, 'NX_0_ctr': '0.55427', 'NX_0_CV': '0.01533', 'NX_0_CV_turn': '0.04662', 'NX_0_Diversity': '0.91980', 'NX_0_Novelty': '4.05277', 'NX_0_ifeat_feat': 0.623400365630713, 'NX_10_len_tra': 10.0, 'NX_10_R_tra': 5.198436553273741, 'NX_10_ctr': '0.51984', 'NX_10_CV': '0.00992', 'NX_10_CV_turn': '0.03300', 'NX_10_Diversity': '0.93152', 'NX_10_Novelty': '4.00802', 'NX_10_ifeat_feat': 0.613}]
[I 240103 19:14:56 loggers:84] Epoch: [70], Info: [{'num_test': 100, 'len_tra': 29.8, 'R_tra': 19.30702551191571, 'ctr': '0.64789', 'CV': '0.00301', 'CV_turn': '0.00336', 'Diversity': '0.86248', 'Novelty': '3.58148', 'ifeat_feat': 0.5003355704697987, 'NX_0_len_tra': 10.81, 'NX_0_R_tra': 5.535434529826907, 'NX_0_ctr': '0.51207', 'NX_0_CV': '0.01383', 'NX_0_CV_turn': '0.04255', 'NX_0_Diversity': '0.91785', 'NX_0_Novelty': '4.06162', 'NX_0_ifeat_feat': 0.6345975948196114, 'NX_10_len_tra': 10.0, 'NX_10_R_tra': 5.24826500340215, 'NX_10_ctr': '0.52483', 'NX_10_CV': '0.00932', 'NX_10_CV_turn': '0.03100', 'NX_10_Diversity': '0.92704', 'NX_10_Novelty': '4.04501', 'NX_10_ifeat_feat': 0.616}]
[I 240103 19:18:04 loggers:84] Epoch: [71], Info: [{'num_test': 100, 'len_tra': 30.0, 'R_tra': 20.558299723725256, 'ctr': '0.68528', 'CV': '0.00331', 'CV_turn': '0.00367', 'Diversity': '0.86244', 'Novelty': '3.57907', 'ifeat_feat': 0.499, 'NX_0_len_tra': 10.4, 'NX_0_R_tra': 5.522904526671085, 'NX_0_ctr': '0.53105', 'NX_0_CV': '0.01262', 'NX_0_CV_turn': '0.04038', 'NX_0_Diversity': '0.91188', 'NX_0_Novelty': '4.10465', 'NX_0_ifeat_feat': 0.635576923076923, 'NX_10_len_tra': 10.0, 'NX_10_R_tra': 5.310214666194895, 'NX_10_ctr': '0.53102', 'NX_10_CV': '0.00842', 'NX_10_CV_turn': '0.02800', 'NX_10_Diversity': '0.91496', 'NX_10_Novelty': '4.10322', 'NX_10_ifeat_feat': 0.628}]
[I 240103 19:21:07 loggers:84] Epoch: [72], Info: [{'num_test': 100, 'len_tra': 30.0, 'R_tra': 21.176208026776457, 'ctr': '0.70587', 'CV': '0.00301', 'CV_turn': '0.00333', 'Diversity': '0.86280', 'Novelty': '3.57759', 'ifeat_feat': 0.49933333333333335, 'NX_0_len_tra': 10.38, 'NX_0_R_tra': 5.312283037664255, 'NX_0_ctr': '0.51178', 'NX_0_CV': '0.01232', 'NX_0_CV_turn': '0.03950', 'NX_0_Diversity': '0.91385', 'NX_0_Novelty': '4.13216', 'NX_0_ifeat_feat': 0.628131021194605, 'NX_10_len_tra': 10.0, 'NX_10_R_tra': 4.7299287189583366, 'NX_10_ctr': '0.47299', 'NX_10_CV': '0.03757', 'NX_10_CV_turn': '0.12500', 'NX_10_Diversity': '0.92687', 'NX_10_Novelty': '4.01997', 'NX_10_ifeat_feat': 0.608}]
[I 240103 19:24:12 loggers:84] Epoch: [73], Info: [{'num_test': 100, 'len_tra': 30.0, 'R_tra': 18.989237787122548, 'ctr': '0.63297', 'CV': '0.00361', 'CV_turn': '0.00400', 'Diversity': '0.86322', 'Novelty': '3.57443', 'ifeat_feat': 0.499, 'NX_0_len_tra': 10.23, 'NX_0_R_tra': 5.5883616688062565, 'NX_0_ctr': '0.54627', 'NX_0_CV': '0.01292', 'NX_0_CV_turn': '0.04203', 'NX_0_Diversity': '0.91361', 'NX_0_Novelty': '4.09077', 'NX_0_ifeat_feat': 0.6197458455522972, 'NX_10_len_tra': 10.0, 'NX_10_R_tra': 5.227674796887, 'NX_10_ctr': '0.52277', 'NX_10_CV': '0.00902', 'NX_10_CV_turn': '0.03000', 'NX_10_Diversity': '0.91644', 'NX_10_Novelty': '4.06903', 'NX_10_ifeat_feat': 0.626}]
[I 240103 19:27:28 loggers:84] Epoch: [74], Info: [{'num_test': 100, 'len_tra': 29.8, 'R_tra': 19.405778179964447, 'ctr': '0.65120', 'CV': '0.00391', 'CV_turn': '0.00436', 'Diversity': '0.86759', 'Novelty': '3.54940', 'ifeat_feat': 0.501006711409396, 'NX_0_len_tra': 10.21, 'NX_0_R_tra': 5.622332583506508, 'NX_0_ctr': '0.55067', 'NX_0_CV': '0.01353', 'NX_0_CV_turn': '0.04407', 'NX_0_Diversity': '0.91024', 'NX_0_Novelty': '4.09626', 'NX_0_ifeat_feat': 0.6297747306562194, 'NX_10_len_tra': 10.0, 'NX_10_R_tra': 5.038893404318482, 'NX_10_ctr': '0.50389', 'NX_10_CV': '0.00902', 'NX_10_CV_turn': '0.03000', 'NX_10_Diversity': '0.91015', 'NX_10_Novelty': '4.07717', 'NX_10_ifeat_feat': 0.626}]
[I 240103 19:30:47 loggers:84] Epoch: [75], Info: [{'num_test': 100, 'len_tra': 20.94, 'R_tra': 12.859401501342752, 'ctr': '0.61411', 'CV': '0.03517', 'CV_turn': '0.05587', 'Diversity': '0.87635', 'Novelty': '3.70921', 'ifeat_feat': 0.5214899713467048, 'NX_0_len_tra': 10.38, 'NX_0_R_tra': 5.014768608767759, 'NX_0_ctr': '0.48312', 'NX_0_CV': '0.01082', 'NX_0_CV_turn': '0.03468', 'NX_0_Diversity': '0.91032', 'NX_0_Novelty': '4.25220', 'NX_0_ifeat_feat': 0.6271676300578035, 'NX_10_len_tra': 10.0, 'NX_10_R_tra': 5.063382355639519, 'NX_10_ctr': '0.50634', 'NX_10_CV': '0.00872', 'NX_10_CV_turn': '0.02900', 'NX_10_Diversity': '0.90893', 'NX_10_Novelty': '4.19777', 'NX_10_ifeat_feat': 0.623}]
[I 240103 19:33:50 loggers:84] Epoch: [76], Info: [{'num_test': 100, 'len_tra': 29.79, 'R_tra': 19.915267681484863, 'ctr': '0.66852', 'CV': '0.00361', 'CV_turn': '0.00403', 'Diversity': '0.86326', 'Novelty': '3.58330', 'ifeat_feat': 0.5008392077878483, 'NX_0_len_tra': 10.43, 'NX_0_R_tra': 4.949527315609999, 'NX_0_ctr': '0.47455', 'NX_0_CV': '0.00872', 'NX_0_CV_turn': '0.02780', 'NX_0_Diversity': '0.89527', 'NX_0_Novelty': '4.28465', 'NX_0_ifeat_feat': 0.6577181208053692, 'NX_10_len_tra': 10.0, 'NX_10_R_tra': 4.881373873530847, 'NX_10_ctr': '0.48814', 'NX_10_CV': '0.00781', 'NX_10_CV_turn': '0.02600', 'NX_10_Diversity': '0.90604', 'NX_10_Novelty': '4.21617', 'NX_10_ifeat_feat': 0.637}]
[I 240103 19:36:52 loggers:84] Epoch: [77], Info: [{'num_test': 100, 'len_tra': 23.97, 'R_tra': 14.435816310905645, 'ctr': '0.60225', 'CV': '0.03306', 'CV_turn': '0.04589', 'Diversity': '0.87367', 'Novelty': '3.61748', 'ifeat_feat': 0.4918648310387985, 'NX_0_len_tra': 10.01, 'NX_0_R_tra': 5.016502953581682, 'NX_0_ctr': '0.50115', 'NX_0_CV': '0.00902', 'NX_0_CV_turn': '0.02997', 'NX_0_Diversity': '0.89392', 'NX_0_Novelty': '4.19430', 'NX_0_ifeat_feat': 0.6583416583416584, 'NX_10_len_tra': 10.0, 'NX_10_R_tra': 5.144145488942514, 'NX_10_ctr': '0.51441', 'NX_10_CV': '0.00872', 'NX_10_CV_turn': '0.02900', 'NX_10_Diversity': '0.89796', 'NX_10_Novelty': '4.20382', 'NX_10_ifeat_feat': 0.653}]
[I 240103 19:40:08 loggers:84] Epoch: [78], Info: [{'num_test': 100, 'len_tra': 23.77, 'R_tra': 15.871291272118215, 'ctr': '0.66770', 'CV': '0.05050', 'CV_turn': '0.07068', 'Diversity': '0.87478', 'Novelty': '3.60742', 'ifeat_feat': 0.503155237694573, 'NX_0_len_tra': 10.11, 'NX_0_R_tra': 5.1255973303071345, 'NX_0_ctr': '0.50698', 'NX_0_CV': '0.01112', 'NX_0_CV_turn': '0.03660', 'NX_0_Diversity': '0.89674', 'NX_0_Novelty': '4.17144', 'NX_0_ifeat_feat': 0.6538081107814046, 'NX_10_len_tra': 10.0, 'NX_10_R_tra': 5.5044002608184925, 'NX_10_ctr': '0.55044', 'NX_10_CV': '0.03787', 'NX_10_CV_turn': '0.12600', 'NX_10_Diversity': '0.91378', 'NX_10_Novelty': '3.99627', 'NX_10_ifeat_feat': 0.645}]
[I 240103 19:43:07 loggers:84] Epoch: [79], Info: [{'num_test': 100, 'len_tra': 29.75, 'R_tra': 19.784519867108227, 'ctr': '0.66503', 'CV': '0.00301', 'CV_turn': '0.00336', 'Diversity': '0.86068', 'Novelty': '3.57380', 'ifeat_feat': 0.5001680672268908, 'NX_0_len_tra': 10.33, 'NX_0_R_tra': 5.273552365015769, 'NX_0_ctr': '0.51051', 'NX_0_CV': '0.00992', 'NX_0_CV_turn': '0.03195', 'NX_0_Diversity': '0.88821', 'NX_0_Novelty': '4.18281', 'NX_0_ifeat_feat': 0.6611810261374637, 'NX_10_len_tra': 10.0, 'NX_10_R_tra': 5.087754521294136, 'NX_10_ctr': '0.50878', 'NX_10_CV': '0.00781', 'NX_10_CV_turn': '0.02600', 'NX_10_Diversity': '0.89430', 'NX_10_Novelty': '4.14849', 'NX_10_ifeat_feat': 0.647}]
[I 240103 19:46:17 loggers:84] Epoch: [80], Info: [{'num_test': 100, 'len_tra': 18.94, 'R_tra': 11.289346528402671, 'ctr': '0.59606', 'CV': '0.03427', 'CV_turn': '0.06019', 'Diversity': '0.88755', 'Novelty': '3.62974', 'ifeat_feat': 0.48099260823653645, 'NX_0_len_tra': 10.38, 'NX_0_R_tra': 5.617312733954079, 'NX_0_ctr': '0.54117', 'NX_0_CV': '0.01172', 'NX_0_CV_turn': '0.03757', 'NX_0_Diversity': '0.89531', 'NX_0_Novelty': '4.11198', 'NX_0_ifeat_feat': 0.653179190751445, 'NX_10_len_tra': 10.0, 'NX_10_R_tra': 5.369494562979886, 'NX_10_ctr': '0.53695', 'NX_10_CV': '0.00902', 'NX_10_CV_turn': '0.03000', 'NX_10_Diversity': '0.89796', 'NX_10_Novelty': '4.11887', 'NX_10_ifeat_feat': 0.641}]
[I 240103 19:49:25 loggers:84] Epoch: [81], Info: [{'num_test': 100, 'len_tra': 30.0, 'R_tra': 20.23279155948002, 'ctr': '0.67443', 'CV': '0.00210', 'CV_turn': '0.00233', 'Diversity': '0.86216', 'Novelty': '3.57653', 'ifeat_feat': 0.5, 'NX_0_len_tra': 10.42, 'NX_0_R_tra': 5.3505206818018145, 'NX_0_ctr': '0.51349', 'NX_0_CV': '0.01172', 'NX_0_CV_turn': '0.03743', 'NX_0_Diversity': '0.89565', 'NX_0_Novelty': '4.10403', 'NX_0_ifeat_feat': 0.6497120921305183, 'NX_10_len_tra': 10.0, 'NX_10_R_tra': 5.281787846585372, 'NX_10_ctr': '0.52818', 'NX_10_CV': '0.00781', 'NX_10_CV_turn': '0.02600', 'NX_10_Diversity': '0.89644', 'NX_10_Novelty': '4.06894', 'NX_10_ifeat_feat': 0.656}]
[I 240103 19:52:37 loggers:84] Epoch: [82], Info: [{'num_test': 100, 'len_tra': 29.68, 'R_tra': 20.792338474860898, 'ctr': '0.70055', 'CV': '0.00301', 'CV_turn': '0.00337', 'Diversity': '0.86232', 'Novelty': '3.58131', 'ifeat_feat': 0.5003369272237197, 'NX_0_len_tra': 10.46, 'NX_0_R_tra': 5.731049607764395, 'NX_0_ctr': '0.54790', 'NX_0_CV': '0.01202', 'NX_0_CV_turn': '0.03824', 'NX_0_Diversity': '0.89683', 'NX_0_Novelty': '4.01486', 'NX_0_ifeat_feat': 0.6663479923518164, 'NX_10_len_tra': 10.0, 'NX_10_R_tra': 5.557920317400013, 'NX_10_ctr': '0.55579', 'NX_10_CV': '0.00872', 'NX_10_CV_turn': '0.02900', 'NX_10_Diversity': '0.89570', 'NX_10_Novelty': '4.02930', 'NX_10_ifeat_feat': 0.652}]
[I 240103 19:55:36 loggers:84] Epoch: [83], Info: [{'num_test': 100, 'len_tra': 30.0, 'R_tra': 19.42890740448707, 'ctr': '0.64763', 'CV': '0.00210', 'CV_turn': '0.00233', 'Diversity': '0.86216', 'Novelty': '3.57648', 'ifeat_feat': 0.5003333333333333, 'NX_0_len_tra': 10.29, 'NX_0_R_tra': 5.938434413672129, 'NX_0_ctr': '0.57711', 'NX_0_CV': '0.01232', 'NX_0_CV_turn': '0.03984', 'NX_0_Diversity': '0.89835', 'NX_0_Novelty': '4.05171', 'NX_0_ifeat_feat': 0.6452866861030127, 'NX_10_len_tra': 10.0, 'NX_10_R_tra': 5.287708594107255, 'NX_10_ctr': '0.52877', 'NX_10_CV': '0.00962', 'NX_10_CV_turn': '0.03200', 'NX_10_Diversity': '0.89852', 'NX_10_Novelty': '4.07881', 'NX_10_ifeat_feat': 0.634}]
[I 240103 19:58:48 loggers:84] Epoch: [84], Info: [{'num_test': 100, 'len_tra': 29.8, 'R_tra': 20.251461303820136, 'ctr': '0.67958', 'CV': '0.00301', 'CV_turn': '0.00336', 'Diversity': '0.86240', 'Novelty': '3.57863', 'ifeat_feat': 0.4986577181208054, 'NX_0_len_tra': 10.59, 'NX_0_R_tra': 5.633518113635826, 'NX_0_ctr': '0.53197', 'NX_0_CV': '0.01112', 'NX_0_CV_turn': '0.03494', 'NX_0_Diversity': '0.89886', 'NX_0_Novelty': '4.10559', 'NX_0_ifeat_feat': 0.6298394711992445, 'NX_10_len_tra': 10.0, 'NX_10_R_tra': 5.610019669069813, 'NX_10_ctr': '0.56100', 'NX_10_CV': '0.00902', 'NX_10_CV_turn': '0.03000', 'NX_10_Diversity': '0.90381', 'NX_10_Novelty': '4.07595', 'NX_10_ifeat_feat': 0.619}]
[I 240103 20:02:03 loggers:84] Epoch: [85], Info: [{'num_test': 100, 'len_tra': 29.78, 'R_tra': 21.29459566550098, 'ctr': '0.71506', 'CV': '0.00391', 'CV_turn': '0.00437', 'Diversity': '0.86306', 'Novelty': '3.57689', 'ifeat_feat': 0.49630624580255206, 'NX_0_len_tra': 10.73, 'NX_0_R_tra': 5.16472022581436, 'NX_0_ctr': '0.48133', 'NX_0_CV': '0.04328', 'NX_0_CV_turn': '0.13420', 'NX_0_Diversity': '0.91983', 'NX_0_Novelty': '3.99830', 'NX_0_ifeat_feat': 0.5852749301025163, 'NX_10_len_tra': 10.0, 'NX_10_R_tra': 5.425382341275682, 'NX_10_ctr': '0.54254', 'NX_10_CV': '0.00932', 'NX_10_CV_turn': '0.03100', 'NX_10_Diversity': '0.89744', 'NX_10_Novelty': '4.03911', 'NX_10_ifeat_feat': 0.628}]
[I 240103 20:05:07 loggers:84] Epoch: [86], Info: [{'num_test': 100, 'len_tra': 30.0, 'R_tra': 20.67273320688365, 'ctr': '0.68909', 'CV': '0.00240', 'CV_turn': '0.00267', 'Diversity': '0.86244', 'Novelty': '3.57594', 'ifeat_feat': 0.49933333333333335, 'NX_0_len_tra': 10.91, 'NX_0_R_tra': 5.675250634163956, 'NX_0_ctr': '0.52019', 'NX_0_CV': '0.01473', 'NX_0_CV_turn': '0.04491', 'NX_0_Diversity': '0.89744', 'NX_0_Novelty': '4.13358', 'NX_0_ifeat_feat': 0.6388634280476627, 'NX_10_len_tra': 10.0, 'NX_10_R_tra': 5.1474941553094, 'NX_10_ctr': '0.51475', 'NX_10_CV': '0.01082', 'NX_10_CV_turn': '0.03600', 'NX_10_Diversity': '0.90726', 'NX_10_Novelty': '4.06324', 'NX_10_ifeat_feat': 0.615}]
[I 240103 20:08:17 loggers:84] Epoch: [87], Info: [{'num_test': 100, 'len_tra': 29.81, 'R_tra': 21.17395502169727, 'ctr': '0.71030', 'CV': '0.00301', 'CV_turn': '0.00335', 'Diversity': '0.86329', 'Novelty': '3.57146', 'ifeat_feat': 0.5011741026501174, 'NX_0_len_tra': 10.92, 'NX_0_R_tra': 5.5359901047967774, 'NX_0_ctr': '0.50696', 'NX_0_CV': '0.01443', 'NX_0_CV_turn': '0.04396', 'NX_0_Diversity': '0.90064', 'NX_0_Novelty': '4.16603', 'NX_0_ifeat_feat': 0.6437728937728938, 'NX_10_len_tra': 10.0, 'NX_10_R_tra': 5.0807873636921235, 'NX_10_ctr': '0.50808', 'NX_10_CV': '0.01112', 'NX_10_CV_turn': '0.03700', 'NX_10_Diversity': '0.90519', 'NX_10_Novelty': '4.10431', 'NX_10_ifeat_feat': 0.631}]
[I 240103 20:11:24 loggers:84] Epoch: [88], Info: [{'num_test': 100, 'len_tra': 29.5, 'R_tra': 20.60103631282384, 'ctr': '0.69834', 'CV': '0.00361', 'CV_turn': '0.00407', 'Diversity': '0.86270', 'Novelty': '3.58279', 'ifeat_feat': 0.4986440677966102, 'NX_0_len_tra': 10.72, 'NX_0_R_tra': 5.503807234205483, 'NX_0_ctr': '0.51341', 'NX_0_CV': '0.01262', 'NX_0_CV_turn': '0.03918', 'NX_0_Diversity': '0.90191', 'NX_0_Novelty': '4.12331', 'NX_0_ifeat_feat': 0.6436567164179104, 'NX_10_len_tra': 10.0, 'NX_10_R_tra': 4.867756413802066, 'NX_10_ctr': '0.48678', 'NX_10_CV': '0.01142', 'NX_10_CV_turn': '0.03800', 'NX_10_Diversity': '0.91819', 'NX_10_Novelty': '4.10640', 'NX_10_ifeat_feat': 0.62}]
[I 240103 20:14:32 loggers:84] Epoch: [89], Info: [{'num_test': 100, 'len_tra': 24.1, 'R_tra': 16.523600275753903, 'ctr': '0.68563', 'CV': '0.03246', 'CV_turn': '0.04481', 'Diversity': '0.87753', 'Novelty': '3.58396', 'ifeat_feat': 0.4921161825726141, 'NX_0_len_tra': 10.98, 'NX_0_R_tra': 5.738760155332728, 'NX_0_ctr': '0.52266', 'NX_0_CV': '0.01443', 'NX_0_CV_turn': '0.04372', 'NX_0_Diversity': '0.90939', 'NX_0_Novelty': '4.04307', 'NX_0_ifeat_feat': 0.6402550091074681, 'NX_10_len_tra': 10.0, 'NX_10_R_tra': 5.2154928087644725, 'NX_10_ctr': '0.52155', 'NX_10_CV': '0.01052', 'NX_10_CV_turn': '0.03500', 'NX_10_Diversity': '0.92363', 'NX_10_Novelty': '4.01757', 'NX_10_ifeat_feat': 0.616}]
[I 240103 20:17:13 loggers:84] Epoch: [90], Info: [{'num_test': 100, 'len_tra': 29.55, 'R_tra': 19.471244537170683, 'ctr': '0.65893', 'CV': '0.00240', 'CV_turn': '0.00271', 'Diversity': '0.86039', 'Novelty': '3.57829', 'ifeat_feat': 0.5001692047377326, 'NX_0_len_tra': 10.6, 'NX_0_R_tra': 5.793314912576449, 'NX_0_ctr': '0.54654', 'NX_0_CV': '0.01262', 'NX_0_CV_turn': '0.03962', 'NX_0_Diversity': '0.90672', 'NX_0_Novelty': '4.05394', 'NX_0_ifeat_feat': 0.6415094339622641, 'NX_10_len_tra': 10.0, 'NX_10_R_tra': 5.456095098903964, 'NX_10_ctr': '0.54561', 'NX_10_CV': '0.00962', 'NX_10_CV_turn': '0.03200', 'NX_10_Diversity': '0.91177', 'NX_10_Novelty': '4.01564', 'NX_10_ifeat_feat': 0.639}]
[I 240103 20:20:04 loggers:84] Epoch: [91], Info: [{'num_test': 100, 'len_tra': 29.78, 'R_tra': 20.824123672894657, 'ctr': '0.69927', 'CV': '0.00391', 'CV_turn': '0.00437', 'Diversity': '0.86260', 'Novelty': '3.58539', 'ifeat_feat': 0.49865681665547346, 'NX_0_len_tra': 10.9, 'NX_0_R_tra': 5.83577251916699, 'NX_0_ctr': '0.53539', 'NX_0_CV': '0.01443', 'NX_0_CV_turn': '0.04404', 'NX_0_Diversity': '0.90672', 'NX_0_Novelty': '3.95084', 'NX_0_ifeat_feat': 0.6706422018348623, 'NX_10_len_tra': 10.0, 'NX_10_R_tra': 5.44263014544405, 'NX_10_ctr': '0.54426', 'NX_10_CV': '0.01142', 'NX_10_CV_turn': '0.03800', 'NX_10_Diversity': '0.91539', 'NX_10_Novelty': '3.91532', 'NX_10_ifeat_feat': 0.646}]
[I 240103 20:23:00 loggers:84] Epoch: [92], Info: [{'num_test': 100, 'len_tra': 24.36, 'R_tra': 15.948662156893322, 'ctr': '0.65471', 'CV': '0.03306', 'CV_turn': '0.04516', 'Diversity': '0.87567', 'Novelty': '3.54643', 'ifeat_feat': 0.5057471264367817, 'NX_0_len_tra': 10.81, 'NX_0_R_tra': 5.768041280276443, 'NX_0_ctr': '0.53358', 'NX_0_CV': '0.02555', 'NX_0_CV_turn': '0.07863', 'NX_0_Diversity': '0.91510', 'NX_0_Novelty': '3.92785', 'NX_0_ifeat_feat': 0.6308973172987974, 'NX_10_len_tra': 10.0, 'NX_10_R_tra': 5.5760830910772095, 'NX_10_ctr': '0.55761', 'NX_10_CV': '0.01232', 'NX_10_CV_turn': '0.04100', 'NX_10_Diversity': '0.92137', 'NX_10_Novelty': '3.96062', 'NX_10_ifeat_feat': 0.61}]
[I 240103 20:26:02 loggers:84] Epoch: [93], Info: [{'num_test': 100, 'len_tra': 29.57, 'R_tra': 20.124741781487966, 'ctr': '0.68058', 'CV': '0.00481', 'CV_turn': '0.00541', 'Diversity': '0.86275', 'Novelty': '3.58137', 'ifeat_feat': 0.49983090970578287, 'NX_0_len_tra': 10.08, 'NX_0_R_tra': 5.713350494231876, 'NX_0_ctr': '0.56680', 'NX_0_CV': '0.01533', 'NX_0_CV_turn': '0.05060', 'NX_0_Diversity': '0.90955', 'NX_0_Novelty': '3.89230', 'NX_0_ifeat_feat': 0.6369047619047619, 'NX_10_len_tra': 10.0, 'NX_10_R_tra': 5.659423186548208, 'NX_10_ctr': '0.56594', 'NX_10_CV': '0.01172', 'NX_10_CV_turn': '0.03900', 'NX_10_Diversity': '0.92719', 'NX_10_Novelty': '3.87272', 'NX_10_ifeat_feat': 0.626}]
[I 240103 20:28:41 loggers:84] Epoch: [94], Info: [{'num_test': 100, 'len_tra': 29.53, 'R_tra': 19.953115392997685, 'ctr': '0.67569', 'CV': '0.00421', 'CV_turn': '0.00474', 'Diversity': '0.85756', 'Novelty': '3.55820', 'ifeat_feat': 0.4998306806637318, 'NX_0_len_tra': 10.71, 'NX_0_R_tra': 6.231221262675921, 'NX_0_ctr': '0.58181', 'NX_0_CV': '0.01533', 'NX_0_CV_turn': '0.04762', 'NX_0_Diversity': '0.92256', 'NX_0_Novelty': '3.96238', 'NX_0_ifeat_feat': 0.6302521008403361, 'NX_10_len_tra': 10.0, 'NX_10_R_tra': 5.96853956660488, 'NX_10_ctr': '0.59685', 'NX_10_CV': '0.03937', 'NX_10_CV_turn': '0.13100', 'NX_10_Diversity': '0.90913', 'NX_10_Novelty': '3.88380', 'NX_10_ifeat_feat': 0.633}]
[I 240103 20:31:15 loggers:84] Epoch: [95], Info: [{'num_test': 100, 'len_tra': 29.55, 'R_tra': 20.63545427693506, 'ctr': '0.69832', 'CV': '0.00451', 'CV_turn': '0.00508', 'Diversity': '0.86124', 'Novelty': '3.57389', 'ifeat_feat': 0.500507614213198, 'NX_0_len_tra': 10.64, 'NX_0_R_tra': 6.065913000139241, 'NX_0_ctr': '0.57010', 'NX_0_CV': '0.01413', 'NX_0_CV_turn': '0.04417', 'NX_0_Diversity': '0.92369', 'NX_0_Novelty': '3.92696', 'NX_0_ifeat_feat': 0.6212406015037594, 'NX_10_len_tra': 10.0, 'NX_10_R_tra': 5.867947018595701, 'NX_10_ctr': '0.58679', 'NX_10_CV': '0.01022', 'NX_10_CV_turn': '0.03400', 'NX_10_Diversity': '0.92948', 'NX_10_Novelty': '3.91738', 'NX_10_ifeat_feat': 0.614}]
[I 240103 20:33:34 loggers:84] Epoch: [96], Info: [{'num_test': 100, 'len_tra': 27.47, 'R_tra': 18.47071450721903, 'ctr': '0.67240', 'CV': '0.03306', 'CV_turn': '0.04004', 'Diversity': '0.87173', 'Novelty': '3.63362', 'ifeat_feat': 0.5111030214779759, 'NX_0_len_tra': 10.48, 'NX_0_R_tra': 6.007345883333683, 'NX_0_ctr': '0.57322', 'NX_0_CV': '0.01653', 'NX_0_CV_turn': '0.05248', 'NX_0_Diversity': '0.91893', 'NX_0_Novelty': '4.00280', 'NX_0_ifeat_feat': 0.5963740458015268, 'NX_10_len_tra': 10.0, 'NX_10_R_tra': 5.584891707571062, 'NX_10_ctr': '0.55849', 'NX_10_CV': '0.01022', 'NX_10_CV_turn': '0.03400', 'NX_10_Diversity': '0.92511', 'NX_10_Novelty': '3.99999', 'NX_10_ifeat_feat': 0.579}]
[I 240103 20:36:10 loggers:84] Epoch: [97], Info: [{'num_test': 100, 'len_tra': 23.96, 'R_tra': 16.326952906478756, 'ctr': '0.68143', 'CV': '0.03336', 'CV_turn': '0.04633', 'Diversity': '0.87916', 'Novelty': '3.56078', 'ifeat_feat': 0.49373956594323876, 'NX_0_len_tra': 10.82, 'NX_0_R_tra': 6.406872198850895, 'NX_0_ctr': '0.59213', 'NX_0_CV': '0.01443', 'NX_0_CV_turn': '0.04436', 'NX_0_Diversity': '0.91988', 'NX_0_Novelty': '4.01103', 'NX_0_ifeat_feat': 0.6025878003696857, 'NX_10_len_tra': 10.0, 'NX_10_R_tra': 5.321876165092877, 'NX_10_ctr': '0.53219', 'NX_10_CV': '0.03817', 'NX_10_CV_turn': '0.12700', 'NX_10_Diversity': '0.94333', 'NX_10_Novelty': '3.87005', 'NX_10_ifeat_feat': 0.566}]
[I 240103 20:38:42 loggers:84] Epoch: [98], Info: [{'num_test': 100, 'len_tra': 29.98, 'R_tra': 20.8048807497935, 'ctr': '0.69396', 'CV': '0.00301', 'CV_turn': '0.00334', 'Diversity': '0.86230', 'Novelty': '3.57612', 'ifeat_feat': 0.49933288859239494, 'NX_0_len_tra': 10.79, 'NX_0_R_tra': 5.912631468216721, 'NX_0_ctr': '0.54797', 'NX_0_CV': '0.01383', 'NX_0_CV_turn': '0.04263', 'NX_0_Diversity': '0.91654', 'NX_0_Novelty': '4.08056', 'NX_0_ifeat_feat': 0.6320667284522706, 'NX_10_len_tra': 10.0, 'NX_10_R_tra': 5.360620248741184, 'NX_10_ctr': '0.53606', 'NX_10_CV': '0.00962', 'NX_10_CV_turn': '0.03200', 'NX_10_Diversity': '0.92978', 'NX_10_Novelty': '4.01518', 'NX_10_ifeat_feat': 0.588}]
[I 240103 20:41:13 loggers:84] Epoch: [99], Info: [{'num_test': 100, 'len_tra': 29.8, 'R_tra': 20.121363599146218, 'ctr': '0.67521', 'CV': '0.00331', 'CV_turn': '0.00369', 'Diversity': '0.87048', 'Novelty': '3.56338', 'ifeat_feat': 0.4986577181208054, 'NX_0_len_tra': 11.84, 'NX_0_R_tra': 6.587956261955756, 'NX_0_ctr': '0.55642', 'NX_0_CV': '0.01593', 'NX_0_CV_turn': '0.04476', 'NX_0_Diversity': '0.92653', 'NX_0_Novelty': '4.07312', 'NX_0_ifeat_feat': 0.6393581081081081, 'NX_10_len_tra': 10.0, 'NX_10_R_tra': 5.2951915302753445, 'NX_10_ctr': '0.52952', 'NX_10_CV': '0.01142', 'NX_10_CV_turn': '0.03800', 'NX_10_Diversity': '0.93578', 'NX_10_Novelty': '3.97094', 'NX_10_ifeat_feat': 0.61}]
[I 240103 20:43:44 loggers:84] Epoch: [100], Info: [{'num_test': 100, 'len_tra': 19.51, 'R_tra': 12.37036799176235, 'ctr': '0.63405', 'CV': '0.04719', 'CV_turn': '0.08047', 'Diversity': '0.89078', 'Novelty': '3.60198', 'ifeat_feat': 0.4848795489492568, 'NX_0_len_tra': 11.24, 'NX_0_R_tra': 6.184859318036204, 'NX_0_ctr': '0.55025', 'NX_0_CV': '0.01593', 'NX_0_CV_turn': '0.04715', 'NX_0_Diversity': '0.91539', 'NX_0_Novelty': '4.03714', 'NX_0_ifeat_feat': 0.6628113879003559, 'NX_10_len_tra': 10.0, 'NX_10_R_tra': 5.364724813908976, 'NX_10_ctr': '0.53647', 'NX_10_CV': '0.01172', 'NX_10_CV_turn': '0.03900', 'NX_10_Diversity': '0.92544', 'NX_10_Novelty': '3.93934', 'NX_10_ifeat_feat': 0.646}]
[I 240103 20:43:44 policy_utils:403] {'duration': '21688.28s', 'train_time/model': '14282.35s', 'test_step': 246081, 'test_episode': 10100, 'test_time': '162.02s', 'test_speed': '1518.82 step/s', 'best_reward': 21.29459566550098, 'best_result': '21.29  7.34', 'train_step': 10119272, 'train_episode': 450200, 'train_time/collector': '7243.91s', 'train_speed': '470.09 step/s'}
