[I 240115 15:23:38 policy_utils:158] {
      "env": "KuaiEnv-v0",
      "user_model_name": "DeepFM",
      "seed": 2023,
      "cuda": 3,
      "remove_recommended_ids": false,
      "draw_bar": false,
      "is_userinfo": false,
      "is_all_item_ranking": false,
      "cpu": false,
      "is_save": false,
      "use_userEmbedding": false,
      "use_pretrained_embedding": true,
      "exploration_noise": true,
      "explore_eps": 1.5,
      "need_state_norm": false,
      "freeze_emb": false,
      "reward_handle": "cat",
      "which_tracker": "avg",
      "embedding_dim": 32,
      "window_size": 3,
      "random_init": true,
      "filter_sizes": [
        2,
        3,
        4
      ],
      "num_filters": 16,
      "dropout_rate": 0.1,
      "num_heads": 1,
      "dilations": "[1, 2, 1, 2, 1, 2]",
      "buffer_size": 100000,
      "lr": 0.001,
      "epoch": 100,
      "batch_size": 64,
      "hidden_sizes": [
        64,
        64
      ],
      "episode_per_collect": 100,
      "n_step": 3,
      "update_per_step": 0.125,
      "training_num": 100,
      "test_num": 100,
      "render": 0,
      "reward_threshold": null,
      "gamma": 0.99,
      "step_per_epoch": 10000,
      "step_per_collect": 100,
      "repeat_per_collect": 1,
      "logdir": "log",
      "read_message": "pointneg",
      "all_item_ranking": false,
      "is_binarize": false,
      "need_transform": true,
      "use_auxiliary": false,
      "entropy_window": [
        1,
        2
      ],
      "yfeat": "watch_ratio_normed",
      "leave_threshold": 1,
      "num_leave_compute": 9,
      "max_turn": 30,
      "force_length": 10,
      "top_rate": 0.8,
      "model_name": "TD3-new",
      "actor_lr": 0.0001,
      "critic_lr": 0.001,
      "tau": 0.005,
      "policy_noise": 0.2,
      "noise_clip": 0.5,
      "update_actor_freq": 2,
      "remap_eps": 0.001,
      "rew_norm": false,
      "message": "TD3-1.5-0.001",
      "hostname": "server3"
    }
[I 240115 15:44:08 loggers:84] Epoch: [1], Info: [{'num_test': 100, 'len_tra': 4.98, 'R_tra': 1.3841623301813377, 'ctr': '0.27794', 'CV': '0.02435', 'CV_turn': '0.16265', 'Diversity': '0.52501', 'Novelty': '4.85978', 'ifeat_feat': 0.9196787148594378, 'NX_0_len_tra': 3.05, 'NX_0_R_tra': 0.2714063917056588, 'NX_0_ctr': '0.08899', 'NX_0_CV': '0.00120', 'NX_0_CV_turn': '0.01311', 'NX_0_Diversity': '0.02500', 'NX_0_Novelty': '5.98373', 'NX_0_ifeat_feat': 1.0, 'NX_10_len_tra': 10.0, 'NX_10_R_tra': 1.2874753596601016, 'NX_10_ctr': '0.12875', 'NX_10_CV': '0.00331', 'NX_10_CV_turn': '0.01100', 'NX_10_Diversity': '0.87800', 'NX_10_Novelty': '5.57552', 'NX_10_ifeat_feat': 0.898}]
[I 240115 15:53:58 loggers:84] Epoch: [2], Info: [{'num_test': 100, 'len_tra': 6.9, 'R_tra': 2.3534751096977597, 'ctr': '0.34108', 'CV': '0.03847', 'CV_turn': '0.18551', 'Diversity': '0.67574', 'Novelty': '5.06157', 'ifeat_feat': 0.8463768115942029, 'NX_0_len_tra': 10.03, 'NX_0_R_tra': 5.424452757001567, 'NX_0_ctr': '0.54082', 'NX_0_CV': '0.00481', 'NX_0_CV_turn': '0.01595', 'NX_0_Diversity': '0.88170', 'NX_0_Novelty': '3.72318', 'NX_0_ifeat_feat': 0.8005982053838484, 'NX_10_len_tra': 10.0, 'NX_10_R_tra': 5.4696389347315115, 'NX_10_ctr': '0.54696', 'NX_10_CV': '0.00331', 'NX_10_CV_turn': '0.01100', 'NX_10_Diversity': '0.88148', 'NX_10_Novelty': '3.76096', 'NX_10_ifeat_feat': 0.8}]
[I 240115 16:03:43 loggers:84] Epoch: [3], Info: [{'num_test': 100, 'len_tra': 6.51, 'R_tra': 2.540932710704859, 'ctr': '0.39031', 'CV': '0.04178', 'CV_turn': '0.21352', 'Diversity': '0.73451', 'Novelty': '4.67211', 'ifeat_feat': 0.8279569892473119, 'NX_0_len_tra': 10.04, 'NX_0_R_tra': 4.122533454199545, 'NX_0_ctr': '0.41061', 'NX_0_CV': '0.00481', 'NX_0_CV_turn': '0.01594', 'NX_0_Diversity': '0.89485', 'NX_0_Novelty': '4.05418', 'NX_0_ifeat_feat': 0.6952191235059761, 'NX_10_len_tra': 10.0, 'NX_10_R_tra': 3.9725142134748395, 'NX_10_ctr': '0.39725', 'NX_10_CV': '0.00421', 'NX_10_CV_turn': '0.01400', 'NX_10_Diversity': '0.89604', 'NX_10_Novelty': '4.07705', 'NX_10_ifeat_feat': 0.697}]
[I 240115 16:13:20 loggers:84] Epoch: [4], Info: [{'num_test': 100, 'len_tra': 8.67, 'R_tra': 3.808977054697382, 'ctr': '0.43933', 'CV': '0.06552', 'CV_turn': '0.25144', 'Diversity': '0.81263', 'Novelty': '4.53555', 'ifeat_feat': 0.7600922722029988, 'NX_0_len_tra': 10.12, 'NX_0_R_tra': 2.9523663248625227, 'NX_0_ctr': '0.29174', 'NX_0_CV': '0.00541', 'NX_0_CV_turn': '0.01779', 'NX_0_Diversity': '0.91717', 'NX_0_Novelty': '4.52183', 'NX_0_ifeat_feat': 0.700592885375494, 'NX_10_len_tra': 10.0, 'NX_10_R_tra': 3.09631153715683, 'NX_10_ctr': '0.30963', 'NX_10_CV': '0.00481', 'NX_10_CV_turn': '0.01600', 'NX_10_Diversity': '0.91904', 'NX_10_Novelty': '4.51784', 'NX_10_ifeat_feat': 0.69}]
[I 240115 16:22:42 loggers:84] Epoch: [5], Info: [{'num_test': 100, 'len_tra': 8.55, 'R_tra': 4.300128527104508, 'ctr': '0.50294', 'CV': '0.04058', 'CV_turn': '0.15789', 'Diversity': '0.82249', 'Novelty': '4.61482', 'ifeat_feat': 0.672514619883041, 'NX_0_len_tra': 22.36, 'NX_0_R_tra': 15.696536274605934, 'NX_0_ctr': '0.70199', 'NX_0_CV': '0.00962', 'NX_0_CV_turn': '0.01431', 'NX_0_Diversity': '0.92745', 'NX_0_Novelty': '3.44410', 'NX_0_ifeat_feat': 0.6900715563506261, 'NX_10_len_tra': 10.0, 'NX_10_R_tra': 6.828337716109449, 'NX_10_ctr': '0.68283', 'NX_10_CV': '0.00391', 'NX_10_CV_turn': '0.01300', 'NX_10_Diversity': '0.97844', 'NX_10_Novelty': '3.53519', 'NX_10_ifeat_feat': 0.54}]
[I 240115 16:32:06 loggers:84] Epoch: [6], Info: [{'num_test': 100, 'len_tra': 6.44, 'R_tra': 3.021771452972548, 'ctr': '0.46922', 'CV': '0.01683', 'CV_turn': '0.08696', 'Diversity': '0.67837', 'Novelty': '5.01958', 'ifeat_feat': 0.8975155279503105, 'NX_0_len_tra': 6.1, 'NX_0_R_tra': 4.222641744994454, 'NX_0_ctr': '0.69224', 'NX_0_CV': '0.00391', 'NX_0_CV_turn': '0.02131', 'NX_0_Diversity': '0.85346', 'NX_0_Novelty': '3.91013', 'NX_0_ifeat_feat': 0.839344262295082, 'NX_10_len_tra': 10.0, 'NX_10_R_tra': 6.898887573289276, 'NX_10_ctr': '0.68989', 'NX_10_CV': '0.00331', 'NX_10_CV_turn': '0.01100', 'NX_10_Diversity': '0.89630', 'NX_10_Novelty': '3.99239', 'NX_10_ifeat_feat': 0.896}]
[I 240115 16:41:27 loggers:84] Epoch: [7], Info: [{'num_test': 100, 'len_tra': 7.71, 'R_tra': 3.6808075058879384, 'ctr': '0.47741', 'CV': '0.03968', 'CV_turn': '0.17121', 'Diversity': '0.73463', 'Novelty': '4.81959', 'ifeat_feat': 0.7872892347600519, 'NX_0_len_tra': 10.56, 'NX_0_R_tra': 8.251966114762599, 'NX_0_ctr': '0.78144', 'NX_0_CV': '0.00541', 'NX_0_CV_turn': '0.01705', 'NX_0_Diversity': '0.89325', 'NX_0_Novelty': '3.26000', 'NX_0_ifeat_feat': 0.634469696969697, 'NX_10_len_tra': 10.0, 'NX_10_R_tra': 7.538682342834644, 'NX_10_ctr': '0.75387', 'NX_10_CV': '0.00481', 'NX_10_CV_turn': '0.01600', 'NX_10_Diversity': '0.90859', 'NX_10_Novelty': '3.16983', 'NX_10_ifeat_feat': 0.608}]
[I 240115 16:50:58 loggers:84] Epoch: [8], Info: [{'num_test': 100, 'len_tra': 7.24, 'R_tra': 3.5466417643198396, 'ctr': '0.48987', 'CV': '0.05831', 'CV_turn': '0.26796', 'Diversity': '0.77059', 'Novelty': '4.37073', 'ifeat_feat': 0.8383977900552486, 'NX_0_len_tra': 10.11, 'NX_0_R_tra': 9.983699205709724, 'NX_0_ctr': '0.98751', 'NX_0_CV': '0.00421', 'NX_0_CV_turn': '0.01385', 'NX_0_Diversity': '0.87400', 'NX_0_Novelty': '2.77836', 'NX_0_ifeat_feat': 0.8239366963402571, 'NX_10_len_tra': 10.0, 'NX_10_R_tra': 9.478578953703247, 'NX_10_ctr': '0.94786', 'NX_10_CV': '0.00391', 'NX_10_CV_turn': '0.01300', 'NX_10_Diversity': '0.92822', 'NX_10_Novelty': '2.85027', 'NX_10_ifeat_feat': 0.8}]
[I 240115 17:00:26 loggers:84] Epoch: [9], Info: [{'num_test': 100, 'len_tra': 6.53, 'R_tra': 3.805658854173481, 'ctr': '0.58280', 'CV': '0.01954', 'CV_turn': '0.09954', 'Diversity': '0.69621', 'Novelty': '4.43956', 'ifeat_feat': 0.8637059724349158, 'NX_0_len_tra': 21.14, 'NX_0_R_tra': 16.627023618223703, 'NX_0_ctr': '0.78652', 'NX_0_CV': '0.00721', 'NX_0_CV_turn': '0.01135', 'NX_0_Diversity': '0.94108', 'NX_0_Novelty': '2.95706', 'NX_0_ifeat_feat': 0.739356669820246, 'NX_10_len_tra': 10.0, 'NX_10_R_tra': 8.030089827369874, 'NX_10_ctr': '0.80301', 'NX_10_CV': '0.00361', 'NX_10_CV_turn': '0.01200', 'NX_10_Diversity': '0.97744', 'NX_10_Novelty': '2.87494', 'NX_10_ifeat_feat': 0.687}]
[I 240115 17:09:54 loggers:84] Epoch: [10], Info: [{'num_test': 100, 'len_tra': 6.55, 'R_tra': 4.018402051958094, 'ctr': '0.61350', 'CV': '0.01623', 'CV_turn': '0.08244', 'Diversity': '0.70880', 'Novelty': '4.24211', 'ifeat_feat': 0.7984732824427481, 'NX_0_len_tra': 10.08, 'NX_0_R_tra': 10.738396089010672, 'NX_0_ctr': '1.06532', 'NX_0_CV': '0.00571', 'NX_0_CV_turn': '0.01885', 'NX_0_Diversity': '0.93323', 'NX_0_Novelty': '2.46037', 'NX_0_ifeat_feat': 0.8015873015873016, 'NX_10_len_tra': 10.0, 'NX_10_R_tra': 11.235973466920157, 'NX_10_ctr': '1.12360', 'NX_10_CV': '0.00331', 'NX_10_CV_turn': '0.01100', 'NX_10_Diversity': '0.93333', 'NX_10_Novelty': '2.46457', 'NX_10_ifeat_feat': 0.8}]
[I 240115 17:19:24 loggers:84] Epoch: [11], Info: [{'num_test': 100, 'len_tra': 6.37, 'R_tra': 3.588035567299942, 'ctr': '0.56327', 'CV': '0.02014', 'CV_turn': '0.10518', 'Diversity': '0.69548', 'Novelty': '4.06689', 'ifeat_feat': 0.9544740973312402, 'NX_0_len_tra': 12.06, 'NX_0_R_tra': 12.710494578366577, 'NX_0_ctr': '1.05394', 'NX_0_CV': '0.00481', 'NX_0_CV_turn': '0.01327', 'NX_0_Diversity': '0.95481', 'NX_0_Novelty': '1.75501', 'NX_0_ifeat_feat': 0.8333333333333334, 'NX_10_len_tra': 10.0, 'NX_10_R_tra': 10.670734254847014, 'NX_10_ctr': '1.06707', 'NX_10_CV': '0.00331', 'NX_10_CV_turn': '0.01100', 'NX_10_Diversity': '0.96689', 'NX_10_Novelty': '1.72280', 'NX_10_ifeat_feat': 0.899}]
[I 240115 17:28:43 loggers:84] Epoch: [12], Info: [{'num_test': 100, 'len_tra': 5.95, 'R_tra': 3.0361145335396857, 'ctr': '0.51027', 'CV': '0.01443', 'CV_turn': '0.08067', 'Diversity': '0.62789', 'Novelty': '4.38106', 'ifeat_feat': 0.984873949579832, 'NX_0_len_tra': 9.96, 'NX_0_R_tra': 10.284543706039303, 'NX_0_ctr': '1.03258', 'NX_0_CV': '0.00301', 'NX_0_CV_turn': '0.01004', 'NX_0_Diversity': '0.91111', 'NX_0_Novelty': '2.18507', 'NX_0_ifeat_feat': 1.0, 'NX_10_len_tra': 10.0, 'NX_10_R_tra': 9.923504770773325, 'NX_10_ctr': '0.99235', 'NX_10_CV': '0.00301', 'NX_10_CV_turn': '0.01000', 'NX_10_Diversity': '0.91111', 'NX_10_Novelty': '2.18838', 'NX_10_ifeat_feat': 1.0}]
[I 240115 17:37:58 loggers:84] Epoch: [13], Info: [{'num_test': 100, 'len_tra': 4.71, 'R_tra': 2.460614946606828, 'ctr': '0.52242', 'CV': '0.01533', 'CV_turn': '0.10828', 'Diversity': '0.58332', 'Novelty': '4.38113', 'ifeat_feat': 0.9384288747346072, 'NX_0_len_tra': 4.64, 'NX_0_R_tra': 3.657437409858217, 'NX_0_ctr': '0.78824', 'NX_0_CV': '0.00210', 'NX_0_CV_turn': '0.01509', 'NX_0_Diversity': '0.83422', 'NX_0_Novelty': '2.41978', 'NX_0_ifeat_feat': 0.9913793103448276, 'NX_10_len_tra': 10.0, 'NX_10_R_tra': 10.285992113047877, 'NX_10_ctr': '1.02860', 'NX_10_CV': '0.00361', 'NX_10_CV_turn': '0.01200', 'NX_10_Diversity': '0.91437', 'NX_10_Novelty': '1.98151', 'NX_10_ifeat_feat': 0.898}]
[I 240115 17:47:23 loggers:84] Epoch: [14], Info: [{'num_test': 100, 'len_tra': 4.72, 'R_tra': 2.697607716096112, 'ctr': '0.57153', 'CV': '0.02014', 'CV_turn': '0.14195', 'Diversity': '0.50755', 'Novelty': '4.58789', 'ifeat_feat': 0.972457627118644, 'NX_0_len_tra': 6.45, 'NX_0_R_tra': 5.913808345282835, 'NX_0_ctr': '0.91687', 'NX_0_CV': '0.00331', 'NX_0_CV_turn': '0.01705', 'NX_0_Diversity': '0.83770', 'NX_0_Novelty': '2.01546', 'NX_0_ifeat_feat': 0.8449612403100775, 'NX_10_len_tra': 10.0, 'NX_10_R_tra': 10.951818975409479, 'NX_10_ctr': '1.09518', 'NX_10_CV': '0.00301', 'NX_10_CV_turn': '0.01000', 'NX_10_Diversity': '0.91111', 'NX_10_Novelty': '1.70915', 'NX_10_ifeat_feat': 0.9}]
[I 240115 17:56:55 loggers:84] Epoch: [15], Info: [{'num_test': 100, 'len_tra': 4.59, 'R_tra': 2.0120706369613695, 'ctr': '0.43836', 'CV': '0.03066', 'CV_turn': '0.22222', 'Diversity': '0.51841', 'Novelty': '5.10428', 'ifeat_feat': 0.9172113289760349, 'NX_0_len_tra': 4.07, 'NX_0_R_tra': 4.5094978912698025, 'NX_0_ctr': '1.10798', 'NX_0_CV': '0.00271', 'NX_0_CV_turn': '0.02211', 'NX_0_Diversity': '0.73060', 'NX_0_Novelty': '1.88125', 'NX_0_ifeat_feat': 0.7518427518427518, 'NX_10_len_tra': 10.0, 'NX_10_R_tra': 11.085034341849004, 'NX_10_ctr': '1.10850', 'NX_10_CV': '0.00331', 'NX_10_CV_turn': '0.01100', 'NX_10_Diversity': '0.94402', 'NX_10_Novelty': '1.80547', 'NX_10_ifeat_feat': 0.701}]
[I 240115 18:06:18 loggers:84] Epoch: [16], Info: [{'num_test': 100, 'len_tra': 6.08, 'R_tra': 2.93624399246494, 'ctr': '0.48293', 'CV': '0.03276', 'CV_turn': '0.17928', 'Diversity': '0.65436', 'Novelty': '4.51043', 'ifeat_feat': 0.9194078947368421, 'NX_0_len_tra': 6.35, 'NX_0_R_tra': 6.639022773445931, 'NX_0_ctr': '1.04552', 'NX_0_CV': '0.00331', 'NX_0_CV_turn': '0.01732', 'NX_0_Diversity': '0.90155', 'NX_0_Novelty': '1.93678', 'NX_0_ifeat_feat': 0.6834645669291338, 'NX_10_len_tra': 10.0, 'NX_10_R_tra': 9.923065580123065, 'NX_10_ctr': '0.99231', 'NX_10_CV': '0.00421', 'NX_10_CV_turn': '0.01400', 'NX_10_Diversity': '0.93637', 'NX_10_Novelty': '1.97876', 'NX_10_ifeat_feat': 0.701}]
[I 240115 18:15:46 loggers:84] Epoch: [17], Info: [{'num_test': 100, 'len_tra': 5.44, 'R_tra': 2.8939639214819244, 'ctr': '0.53198', 'CV': '0.03126', 'CV_turn': '0.19118', 'Diversity': '0.60342', 'Novelty': '4.53609', 'ifeat_feat': 0.8768382352941176, 'NX_0_len_tra': 10.0, 'NX_0_R_tra': 9.282274361775233, 'NX_0_ctr': '0.92823', 'NX_0_CV': '0.00301', 'NX_0_CV_turn': '0.01000', 'NX_0_Diversity': '0.91852', 'NX_0_Novelty': '2.34554', 'NX_0_ifeat_feat': 0.8, 'NX_10_len_tra': 10.0, 'NX_10_R_tra': 9.42885840728542, 'NX_10_ctr': '0.94289', 'NX_10_CV': '0.00301', 'NX_10_CV_turn': '0.01000', 'NX_10_Diversity': '0.91852', 'NX_10_Novelty': '2.34554', 'NX_10_ifeat_feat': 0.8}]
[I 240115 18:25:21 loggers:84] Epoch: [18], Info: [{'num_test': 100, 'len_tra': 4.87, 'R_tra': 2.2462370275705608, 'ctr': '0.46124', 'CV': '0.02885', 'CV_turn': '0.19713', 'Diversity': '0.59464', 'Novelty': '4.50564', 'ifeat_feat': 0.9383983572895277, 'NX_0_len_tra': 3.0, 'NX_0_R_tra': 2.678859678447833, 'NX_0_ctr': '0.89295', 'NX_0_CV': '0.00090', 'NX_0_CV_turn': '0.01000', 'NX_0_Diversity': '0.38889', 'NX_0_Novelty': '3.00295', 'NX_0_ifeat_feat': 1.0, 'NX_10_len_tra': 10.0, 'NX_10_R_tra': 8.540875095979061, 'NX_10_ctr': '0.85409', 'NX_10_CV': '0.00301', 'NX_10_CV_turn': '0.01000', 'NX_10_Diversity': '0.83519', 'NX_10_Novelty': '2.59076', 'NX_10_ifeat_feat': 0.8}]
[I 240115 18:35:04 loggers:84] Epoch: [19], Info: [{'num_test': 100, 'len_tra': 5.58, 'R_tra': 2.820460690812741, 'ctr': '0.50546', 'CV': '0.03366', 'CV_turn': '0.20072', 'Diversity': '0.59766', 'Novelty': '4.58133', 'ifeat_feat': 0.9139784946236559, 'NX_0_len_tra': 11.0, 'NX_0_R_tra': 11.230483723569343, 'NX_0_ctr': '1.02095', 'NX_0_CV': '0.00331', 'NX_0_CV_turn': '0.01000', 'NX_0_Diversity': '0.92727', 'NX_0_Novelty': '1.87914', 'NX_0_ifeat_feat': 0.7272727272727273, 'NX_10_len_tra': 10.0, 'NX_10_R_tra': 10.762554003750878, 'NX_10_ctr': '1.07626', 'NX_10_CV': '0.00331', 'NX_10_CV_turn': '0.01100', 'NX_10_Diversity': '0.95533', 'NX_10_Novelty': '1.84029', 'NX_10_ifeat_feat': 0.7}]
[I 240115 18:44:41 loggers:84] Epoch: [20], Info: [{'num_test': 100, 'len_tra': 5.61, 'R_tra': 3.9370681473192235, 'ctr': '0.70179', 'CV': '0.02194', 'CV_turn': '0.13012', 'Diversity': '0.64471', 'Novelty': '3.75433', 'ifeat_feat': 0.966131907308378, 'NX_0_len_tra': 10.0, 'NX_0_R_tra': 10.499444298226903, 'NX_0_ctr': '1.04994', 'NX_0_CV': '0.00331', 'NX_0_CV_turn': '0.01100', 'NX_0_Diversity': '0.88822', 'NX_0_Novelty': '2.12132', 'NX_0_ifeat_feat': 1.0, 'NX_10_len_tra': 10.0, 'NX_10_R_tra': 10.101889018832084, 'NX_10_ctr': '1.01019', 'NX_10_CV': '0.00301', 'NX_10_CV_turn': '0.01000', 'NX_10_Diversity': '0.88889', 'NX_10_Novelty': '2.12188', 'NX_10_ifeat_feat': 1.0}]
[I 240115 18:54:13 loggers:84] Epoch: [21], Info: [{'num_test': 100, 'len_tra': 5.35, 'R_tra': 3.0458401238637225, 'ctr': '0.56932', 'CV': '0.03366', 'CV_turn': '0.20935', 'Diversity': '0.63881', 'Novelty': '4.31424', 'ifeat_feat': 0.8803738317757009, 'NX_0_len_tra': 10.01, 'NX_0_R_tra': 9.390826393449, 'NX_0_ctr': '0.93814', 'NX_0_CV': '0.00331', 'NX_0_CV_turn': '0.01099', 'NX_0_Diversity': '0.91069', 'NX_0_Novelty': '2.26836', 'NX_0_ifeat_feat': 0.9000999000999002, 'NX_10_len_tra': 10.0, 'NX_10_R_tra': 8.934041579526307, 'NX_10_ctr': '0.89340', 'NX_10_CV': '0.00331', 'NX_10_CV_turn': '0.01100', 'NX_10_Diversity': '0.91089', 'NX_10_Novelty': '2.27098', 'NX_10_ifeat_feat': 0.9}]
[I 240115 19:04:19 loggers:84] Epoch: [22], Info: [{'num_test': 100, 'len_tra': 5.34, 'R_tra': 3.568645815226075, 'ctr': '0.66829', 'CV': '0.03517', 'CV_turn': '0.21910', 'Diversity': '0.67539', 'Novelty': '3.70278', 'ifeat_feat': 0.9269662921348315, 'NX_0_len_tra': 9.13, 'NX_0_R_tra': 10.376832797839727, 'NX_0_ctr': '1.13656', 'NX_0_CV': '0.00301', 'NX_0_CV_turn': '0.01095', 'NX_0_Diversity': '0.87360', 'NX_0_Novelty': '1.72077', 'NX_0_ifeat_feat': 0.9222343921139102, 'NX_10_len_tra': 10.0, 'NX_10_R_tra': 10.698371386294722, 'NX_10_ctr': '1.06984', 'NX_10_CV': '0.00331', 'NX_10_CV_turn': '0.01100', 'NX_10_Diversity': '0.87222', 'NX_10_Novelty': '1.76169', 'NX_10_ifeat_feat': 0.9}]
[I 240115 19:14:21 loggers:84] Epoch: [23], Info: [{'num_test': 100, 'len_tra': 6.67, 'R_tra': 5.838246024360656, 'ctr': '0.87530', 'CV': '0.01924', 'CV_turn': '0.09595', 'Diversity': '0.71942', 'Novelty': '3.68708', 'ifeat_feat': 0.7706146926536732, 'NX_0_len_tra': 5.0, 'NX_0_R_tra': 5.736116381036691, 'NX_0_ctr': '1.14722', 'NX_0_CV': '0.00150', 'NX_0_CV_turn': '0.01000', 'NX_0_Diversity': '0.86667', 'NX_0_Novelty': '3.43824', 'NX_0_ifeat_feat': 0.8, 'NX_10_len_tra': 10.0, 'NX_10_R_tra': 10.669874162022438, 'NX_10_ctr': '1.06699', 'NX_10_CV': '0.00301', 'NX_10_CV_turn': '0.01000', 'NX_10_Diversity': '0.87593', 'NX_10_Novelty': '2.65014', 'NX_10_ifeat_feat': 0.8}]
[I 240115 19:24:16 loggers:84] Epoch: [24], Info: [{'num_test': 100, 'len_tra': 5.43, 'R_tra': 3.916260281990373, 'ctr': '0.72123', 'CV': '0.02615', 'CV_turn': '0.16022', 'Diversity': '0.70849', 'Novelty': '3.27552', 'ifeat_feat': 0.9392265193370166, 'NX_0_len_tra': 9.9, 'NX_0_R_tra': 9.513115903531542, 'NX_0_ctr': '0.96092', 'NX_0_CV': '0.00301', 'NX_0_CV_turn': '0.01010', 'NX_0_Diversity': '0.85115', 'NX_0_Novelty': '2.06139', 'NX_0_ifeat_feat': 0.901010101010101, 'NX_10_len_tra': 10.0, 'NX_10_R_tra': 9.777392940423011, 'NX_10_ctr': '0.97774', 'NX_10_CV': '0.00331', 'NX_10_CV_turn': '0.01100', 'NX_10_Diversity': '0.85152', 'NX_10_Novelty': '2.05842', 'NX_10_ifeat_feat': 0.9}]
[I 240115 19:34:25 loggers:84] Epoch: [25], Info: [{'num_test': 100, 'len_tra': 7.08, 'R_tra': 5.208343156397944, 'ctr': '0.73564', 'CV': '0.03577', 'CV_turn': '0.16808', 'Diversity': '0.78046', 'Novelty': '3.09556', 'ifeat_feat': 0.8432203389830508, 'NX_0_len_tra': 11.0, 'NX_0_R_tra': 10.249167143978779, 'NX_0_ctr': '0.93174', 'NX_0_CV': '0.00331', 'NX_0_CV_turn': '0.01000', 'NX_0_Diversity': '0.86970', 'NX_0_Novelty': '2.35516', 'NX_0_ifeat_feat': 0.9090909090909091, 'NX_10_len_tra': 10.0, 'NX_10_R_tra': 9.726435290109087, 'NX_10_ctr': '0.97264', 'NX_10_CV': '0.00301', 'NX_10_CV_turn': '0.01000', 'NX_10_Diversity': '0.88519', 'NX_10_Novelty': '2.46301', 'NX_10_ifeat_feat': 0.9}]
[I 240115 19:44:19 loggers:84] Epoch: [26], Info: [{'num_test': 100, 'len_tra': 6.03, 'R_tra': 4.406800316586473, 'ctr': '0.73081', 'CV': '0.02044', 'CV_turn': '0.11277', 'Diversity': '0.67328', 'Novelty': '2.88663', 'ifeat_feat': 0.7661691542288557, 'NX_0_len_tra': 9.91, 'NX_0_R_tra': 6.18852098899036, 'NX_0_ctr': '0.62447', 'NX_0_CV': '0.00331', 'NX_0_CV_turn': '0.01110', 'NX_0_Diversity': '0.90830', 'NX_0_Novelty': '3.21402', 'NX_0_ifeat_feat': 0.7023208879919274, 'NX_10_len_tra': 10.0, 'NX_10_R_tra': 6.62037450340699, 'NX_10_ctr': '0.66204', 'NX_10_CV': '0.00331', 'NX_10_CV_turn': '0.01100', 'NX_10_Diversity': '0.90989', 'NX_10_Novelty': '3.21665', 'NX_10_ifeat_feat': 0.7}]
[I 240115 19:54:02 loggers:84] Epoch: [27], Info: [{'num_test': 100, 'len_tra': 6.28, 'R_tra': 3.0376650055553505, 'ctr': '0.48370', 'CV': '0.01894', 'CV_turn': '0.10032', 'Diversity': '0.69399', 'Novelty': '3.75398', 'ifeat_feat': 0.6560509554140127, 'NX_0_len_tra': 11.04, 'NX_0_R_tra': 3.6363012732694795, 'NX_0_ctr': '0.32938', 'NX_0_CV': '0.00451', 'NX_0_CV_turn': '0.01359', 'NX_0_Diversity': '0.94171', 'NX_0_Novelty': '4.39371', 'NX_0_ifeat_feat': 0.6385869565217391, 'NX_10_len_tra': 10.0, 'NX_10_R_tra': 2.988563428794976, 'NX_10_ctr': '0.29886', 'NX_10_CV': '0.00451', 'NX_10_CV_turn': '0.01500', 'NX_10_Diversity': '0.95341', 'NX_10_Novelty': '4.51616', 'NX_10_ifeat_feat': 0.606}]
[I 240115 20:04:00 loggers:84] Epoch: [28], Info: [{'num_test': 100, 'len_tra': 5.49, 'R_tra': 2.4489901821061326, 'ctr': '0.44608', 'CV': '0.01833', 'CV_turn': '0.11111', 'Diversity': '0.60140', 'Novelty': '3.38170', 'ifeat_feat': 0.8597449908925319, 'NX_0_len_tra': 11.12, 'NX_0_R_tra': 3.5673103128053487, 'NX_0_ctr': '0.32080', 'NX_0_CV': '0.00481', 'NX_0_CV_turn': '0.01439', 'NX_0_Diversity': '0.94569', 'NX_0_Novelty': '4.13956', 'NX_0_ifeat_feat': 0.6402877697841727, 'NX_10_len_tra': 10.0, 'NX_10_R_tra': 2.673731299473873, 'NX_10_ctr': '0.26737', 'NX_10_CV': '0.00331', 'NX_10_CV_turn': '0.01100', 'NX_10_Diversity': '0.96667', 'NX_10_Novelty': '4.36763', 'NX_10_ifeat_feat': 0.6}]
[I 240115 20:13:18 loggers:84] Epoch: [29], Info: [{'num_test': 100, 'len_tra': 7.78, 'R_tra': 3.2616248899053386, 'ctr': '0.41923', 'CV': '0.02705', 'CV_turn': '0.11568', 'Diversity': '0.78766', 'Novelty': '3.84655', 'ifeat_feat': 0.6439588688946015, 'NX_0_len_tra': 10.0, 'NX_0_R_tra': 3.048824705103872, 'NX_0_ctr': '0.30488', 'NX_0_CV': '0.00421', 'NX_0_CV_turn': '0.01400', 'NX_0_Diversity': '0.88104', 'NX_0_Novelty': '4.07036', 'NX_0_ifeat_feat': 0.699, 'NX_10_len_tra': 10.0, 'NX_10_R_tra': 3.005231915835069, 'NX_10_ctr': '0.30052', 'NX_10_CV': '0.00331', 'NX_10_CV_turn': '0.01100', 'NX_10_Diversity': '0.88148', 'NX_10_Novelty': '4.06390', 'NX_10_ifeat_feat': 0.7}]
[I 240115 20:22:59 loggers:84] Epoch: [30], Info: [{'num_test': 100, 'len_tra': 7.57, 'R_tra': 3.313923093151006, 'ctr': '0.43777', 'CV': '0.03787', 'CV_turn': '0.16645', 'Diversity': '0.79404', 'Novelty': '3.80927', 'ifeat_feat': 0.7437252311756936, 'NX_0_len_tra': 3.18, 'NX_0_R_tra': 0.7089465932849258, 'NX_0_ctr': '0.22294', 'NX_0_CV': '0.00240', 'NX_0_CV_turn': '0.02516', 'NX_0_Diversity': '0.38300', 'NX_0_Novelty': '4.15157', 'NX_0_ifeat_feat': 0.9779874213836478, 'NX_10_len_tra': 10.0, 'NX_10_R_tra': 2.0973708433912615, 'NX_10_ctr': '0.20974', 'NX_10_CV': '0.00331', 'NX_10_CV_turn': '0.01100', 'NX_10_Diversity': '0.81356', 'NX_10_Novelty': '4.17056', 'NX_10_ifeat_feat': 0.71}]
[I 240115 20:32:50 loggers:84] Epoch: [31], Info: [{'num_test': 100, 'len_tra': 8.88, 'R_tra': 5.031090637360577, 'ctr': '0.56656', 'CV': '0.05080', 'CV_turn': '0.19032', 'Diversity': '0.83483', 'Novelty': '3.51136', 'ifeat_feat': 0.7466216216216216, 'NX_0_len_tra': 10.01, 'NX_0_R_tra': 2.503389198276818, 'NX_0_ctr': '0.25009', 'NX_0_CV': '0.00391', 'NX_0_CV_turn': '0.01299', 'NX_0_Diversity': '0.93434', 'NX_0_Novelty': '4.77464', 'NX_0_ifeat_feat': 0.8001998001998002, 'NX_10_len_tra': 10.0, 'NX_10_R_tra': 2.3969565730963005, 'NX_10_ctr': '0.23970', 'NX_10_CV': '0.00361', 'NX_10_CV_turn': '0.01200', 'NX_10_Diversity': '0.93641', 'NX_10_Novelty': '4.78550', 'NX_10_ifeat_feat': 0.803}]
[I 240115 20:42:35 loggers:84] Epoch: [32], Info: [{'num_test': 100, 'len_tra': 8.04, 'R_tra': 5.292277700277213, 'ctr': '0.65824', 'CV': '0.02735', 'CV_turn': '0.11318', 'Diversity': '0.77635', 'Novelty': '3.01225', 'ifeat_feat': 0.7437810945273632, 'NX_0_len_tra': 13.36, 'NX_0_R_tra': 7.101328601256945, 'NX_0_ctr': '0.53154', 'NX_0_CV': '0.00631', 'NX_0_CV_turn': '0.01572', 'NX_0_Diversity': '0.92316', 'NX_0_Novelty': '3.62764', 'NX_0_ifeat_feat': 0.6676646706586826, 'NX_10_len_tra': 10.0, 'NX_10_R_tra': 4.468383031825505, 'NX_10_ctr': '0.44684', 'NX_10_CV': '0.00301', 'NX_10_CV_turn': '0.01000', 'NX_10_Diversity': '0.92593', 'NX_10_Novelty': '3.79243', 'NX_10_ifeat_feat': 0.6}]
[I 240115 20:52:25 loggers:84] Epoch: [33], Info: [{'num_test': 100, 'len_tra': 7.74, 'R_tra': 3.7538799044877567, 'ctr': '0.48500', 'CV': '0.01653', 'CV_turn': '0.07106', 'Diversity': '0.71896', 'Novelty': '3.44799', 'ifeat_feat': 0.417312661498708, 'NX_0_len_tra': 10.0, 'NX_0_R_tra': 3.4063556741307974, 'NX_0_ctr': '0.34064', 'NX_0_CV': '0.00301', 'NX_0_CV_turn': '0.01000', 'NX_0_Diversity': '0.85926', 'NX_0_Novelty': '4.14690', 'NX_0_ifeat_feat': 0.7, 'NX_10_len_tra': 10.0, 'NX_10_R_tra': 3.3819204326115537, 'NX_10_ctr': '0.33819', 'NX_10_CV': '0.00331', 'NX_10_CV_turn': '0.01100', 'NX_10_Diversity': '0.85978', 'NX_10_Novelty': '4.14531', 'NX_10_ifeat_feat': 0.7}]
[I 240115 21:02:25 loggers:84] Epoch: [34], Info: [{'num_test': 100, 'len_tra': 8.17, 'R_tra': 5.585621513961394, 'ctr': '0.68367', 'CV': '0.01683', 'CV_turn': '0.06854', 'Diversity': '0.75068', 'Novelty': '2.99927', 'ifeat_feat': 0.5618115055079559, 'NX_0_len_tra': 17.13, 'NX_0_R_tra': 12.540581605838344, 'NX_0_ctr': '0.73208', 'NX_0_CV': '0.00601', 'NX_0_CV_turn': '0.01168', 'NX_0_Diversity': '0.92269', 'NX_0_Novelty': '2.72793', 'NX_0_ifeat_feat': 0.7092819614711033, 'NX_10_len_tra': 10.0, 'NX_10_R_tra': 6.9814497930159405, 'NX_10_ctr': '0.69814', 'NX_10_CV': '0.00391', 'NX_10_CV_turn': '0.01300', 'NX_10_Diversity': '0.96630', 'NX_10_Novelty': '3.00282', 'NX_10_ifeat_feat': 0.702}]
[I 240115 21:12:24 loggers:84] Epoch: [35], Info: [{'num_test': 100, 'len_tra': 7.93, 'R_tra': 6.036269516389131, 'ctr': '0.76119', 'CV': '0.03847', 'CV_turn': '0.16141', 'Diversity': '0.80158', 'Novelty': '2.62671', 'ifeat_feat': 0.8133669609079445, 'NX_0_len_tra': 8.46, 'NX_0_R_tra': 6.196468301068386, 'NX_0_ctr': '0.73244', 'NX_0_CV': '0.00541', 'NX_0_CV_turn': '0.02128', 'NX_0_Diversity': '0.81972', 'NX_0_Novelty': '2.30531', 'NX_0_ifeat_feat': 0.9905437352245863, 'NX_10_len_tra': 10.0, 'NX_10_R_tra': 7.715860086922802, 'NX_10_ctr': '0.77159', 'NX_10_CV': '0.00361', 'NX_10_CV_turn': '0.01200', 'NX_10_Diversity': '0.79370', 'NX_10_Novelty': '2.43171', 'NX_10_ifeat_feat': 0.986}]
[I 240115 21:22:17 loggers:84] Epoch: [36], Info: [{'num_test': 100, 'len_tra': 7.67, 'R_tra': 5.731710385462719, 'ctr': '0.74729', 'CV': '0.04599', 'CV_turn': '0.19948', 'Diversity': '0.80449', 'Novelty': '2.92103', 'ifeat_feat': 0.9191655801825294, 'NX_0_len_tra': 6.25, 'NX_0_R_tra': 6.368545287675465, 'NX_0_ctr': '1.01897', 'NX_0_CV': '0.00421', 'NX_0_CV_turn': '0.02240', 'NX_0_Diversity': '0.87531', 'NX_0_Novelty': '1.50771', 'NX_0_ifeat_feat': 0.9984, 'NX_10_len_tra': 10.0, 'NX_10_R_tra': 9.26964328839784, 'NX_10_ctr': '0.92696', 'NX_10_CV': '0.00391', 'NX_10_CV_turn': '0.01300', 'NX_10_Diversity': '0.76404', 'NX_10_Novelty': '1.94937', 'NX_10_ifeat_feat': 0.999}]
[I 240115 21:32:20 loggers:84] Epoch: [37], Info: [{'num_test': 100, 'len_tra': 6.94, 'R_tra': 5.363215024204786, 'ctr': '0.77280', 'CV': '0.03156', 'CV_turn': '0.15130', 'Diversity': '0.71577', 'Novelty': '2.99546', 'ifeat_feat': 0.9481268011527377, 'NX_0_len_tra': 10.23, 'NX_0_R_tra': 9.007875191856247, 'NX_0_ctr': '0.88054', 'NX_0_CV': '0.00661', 'NX_0_CV_turn': '0.02151', 'NX_0_Diversity': '0.86765', 'NX_0_Novelty': '2.12473', 'NX_0_ifeat_feat': 0.9706744868035191, 'NX_10_len_tra': 10.0, 'NX_10_R_tra': 8.81914353804274, 'NX_10_ctr': '0.88191', 'NX_10_CV': '0.00511', 'NX_10_CV_turn': '0.01700', 'NX_10_Diversity': '0.90656', 'NX_10_Novelty': '2.14803', 'NX_10_ifeat_feat': 0.993}]
[I 240115 21:42:21 loggers:84] Epoch: [38], Info: [{'num_test': 100, 'len_tra': 6.36, 'R_tra': 5.187930766198178, 'ctr': '0.81571', 'CV': '0.02375', 'CV_turn': '0.12421', 'Diversity': '0.65622', 'Novelty': '2.72731', 'ifeat_feat': 0.8946540880503144, 'NX_0_len_tra': 11.39, 'NX_0_R_tra': 9.59042343466932, 'NX_0_ctr': '0.84200', 'NX_0_CV': '0.00812', 'NX_0_CV_turn': '0.02371', 'NX_0_Diversity': '0.91781', 'NX_0_Novelty': '2.18499', 'NX_0_ifeat_feat': 0.7752414398595259, 'NX_10_len_tra': 10.0, 'NX_10_R_tra': 8.363946399997781, 'NX_10_ctr': '0.83639', 'NX_10_CV': '0.00571', 'NX_10_CV_turn': '0.01900', 'NX_10_Diversity': '0.93409', 'NX_10_Novelty': '2.19777', 'NX_10_ifeat_feat': 0.801}]
[I 240115 21:52:12 loggers:84] Epoch: [39], Info: [{'num_test': 100, 'len_tra': 5.03, 'R_tra': 3.168461455975656, 'ctr': '0.62991', 'CV': '0.02645', 'CV_turn': '0.17495', 'Diversity': '0.54302', 'Novelty': '3.17659', 'ifeat_feat': 0.8648111332007953, 'NX_0_len_tra': 6.84, 'NX_0_R_tra': 3.7322738622873333, 'NX_0_ctr': '0.54565', 'NX_0_CV': '0.00511', 'NX_0_CV_turn': '0.02485', 'NX_0_Diversity': '0.72925', 'NX_0_Novelty': '3.25948', 'NX_0_ifeat_feat': 0.5599415204678363, 'NX_10_len_tra': 10.0, 'NX_10_R_tra': 5.763747095071783, 'NX_10_ctr': '0.57637', 'NX_10_CV': '0.00541', 'NX_10_CV_turn': '0.01800', 'NX_10_Diversity': '0.88311', 'NX_10_Novelty': '3.03380', 'NX_10_ifeat_feat': 0.663}]
[I 240115 22:01:54 loggers:84] Epoch: [40], Info: [{'num_test': 100, 'len_tra': 5.23, 'R_tra': 4.175736697559476, 'ctr': '0.79842', 'CV': '0.01202', 'CV_turn': '0.07648', 'Diversity': '0.52606', 'Novelty': '2.19602', 'ifeat_feat': 0.9789674952198852, 'NX_0_len_tra': 4.6, 'NX_0_R_tra': 4.147007561709883, 'NX_0_ctr': '0.90152', 'NX_0_CV': '0.00331', 'NX_0_CV_turn': '0.02391', 'NX_0_Diversity': '0.50651', 'NX_0_Novelty': '1.94879', 'NX_0_ifeat_feat': 1.0, 'NX_10_len_tra': 10.0, 'NX_10_R_tra': 9.45918031161929, 'NX_10_ctr': '0.94592', 'NX_10_CV': '0.00391', 'NX_10_CV_turn': '0.01300', 'NX_10_Diversity': '0.74459', 'NX_10_Novelty': '1.84959', 'NX_10_ifeat_feat': 0.995}]
[I 240115 22:11:14 loggers:84] Epoch: [41], Info: [{'num_test': 100, 'len_tra': 5.5, 'R_tra': 4.5189656570106385, 'ctr': '0.82163', 'CV': '0.02615', 'CV_turn': '0.15818', 'Diversity': '0.66478', 'Novelty': '2.99059', 'ifeat_feat': 0.9690909090909091, 'NX_0_len_tra': 4.26, 'NX_0_R_tra': 3.829867071361972, 'NX_0_ctr': '0.89903', 'NX_0_CV': '0.00361', 'NX_0_CV_turn': '0.02817', 'NX_0_Diversity': '0.45329', 'NX_0_Novelty': '2.23838', 'NX_0_ifeat_feat': 1.0, 'NX_10_len_tra': 10.0, 'NX_10_R_tra': 9.594831454118616, 'NX_10_ctr': '0.95948', 'NX_10_CV': '0.00511', 'NX_10_CV_turn': '0.01700', 'NX_10_Diversity': '0.79359', 'NX_10_Novelty': '2.19514', 'NX_10_ifeat_feat': 1.0}]
[I 240115 22:20:51 loggers:84] Epoch: [42], Info: [{'num_test': 100, 'len_tra': 6.17, 'R_tra': 3.9491055804110657, 'ctr': '0.64005', 'CV': '0.04418', 'CV_turn': '0.23825', 'Diversity': '0.73437', 'Novelty': '3.78061', 'ifeat_feat': 0.9124797406807131, 'NX_0_len_tra': 11.3, 'NX_0_R_tra': 12.355132294817434, 'NX_0_ctr': '1.09337', 'NX_0_CV': '0.00661', 'NX_0_CV_turn': '0.01947', 'NX_0_Diversity': '0.94037', 'NX_0_Novelty': '1.88743', 'NX_0_ifeat_feat': 0.8221238938053097, 'NX_10_len_tra': 10.0, 'NX_10_R_tra': 10.917382982623591, 'NX_10_ctr': '1.09174', 'NX_10_CV': '0.00631', 'NX_10_CV_turn': '0.02100', 'NX_10_Diversity': '0.94754', 'NX_10_Novelty': '1.95970', 'NX_10_ifeat_feat': 0.8}]
[I 240115 22:30:11 loggers:84] Epoch: [43], Info: [{'num_test': 100, 'len_tra': 5.99, 'R_tra': 3.0185462054477603, 'ctr': '0.50393', 'CV': '0.04509', 'CV_turn': '0.25042', 'Diversity': '0.71719', 'Novelty': '4.11282', 'ifeat_feat': 0.8530884808013356, 'NX_0_len_tra': 19.27, 'NX_0_R_tra': 16.1838830670537, 'NX_0_ctr': '0.83985', 'NX_0_CV': '0.00781', 'NX_0_CV_turn': '0.01349', 'NX_0_Diversity': '0.95298', 'NX_0_Novelty': '2.21779', 'NX_0_ifeat_feat': 0.6886351842241827, 'NX_10_len_tra': 10.0, 'NX_10_R_tra': 7.98416978726524, 'NX_10_ctr': '0.79842', 'NX_10_CV': '0.00451', 'NX_10_CV_turn': '0.01500', 'NX_10_Diversity': '0.96641', 'NX_10_Novelty': '2.19904', 'NX_10_ifeat_feat': 0.677}]
[I 240115 22:39:40 loggers:84] Epoch: [44], Info: [{'num_test': 100, 'len_tra': 5.76, 'R_tra': 2.7499744643472037, 'ctr': '0.47743', 'CV': '0.03998', 'CV_turn': '0.23090', 'Diversity': '0.68049', 'Novelty': '4.40683', 'ifeat_feat': 0.8315972222222222, 'NX_0_len_tra': 19.23, 'NX_0_R_tra': 16.44848013281442, 'NX_0_ctr': '0.85536', 'NX_0_CV': '0.00751', 'NX_0_CV_turn': '0.01300', 'NX_0_Diversity': '0.94726', 'NX_0_Novelty': '2.23143', 'NX_0_ifeat_feat': 0.6578263130525221, 'NX_10_len_tra': 10.0, 'NX_10_R_tra': 7.929312793306753, 'NX_10_ctr': '0.79293', 'NX_10_CV': '0.00391', 'NX_10_CV_turn': '0.01300', 'NX_10_Diversity': '0.94389', 'NX_10_Novelty': '2.46964', 'NX_10_ifeat_feat': 0.669}]
[I 240115 22:49:02 loggers:84] Epoch: [45], Info: [{'num_test': 100, 'len_tra': 5.31, 'R_tra': 2.546365481866859, 'ctr': '0.47954', 'CV': '0.03487', 'CV_turn': '0.21846', 'Diversity': '0.66174', 'Novelty': '4.30905', 'ifeat_feat': 0.8813559322033898, 'NX_0_len_tra': 5.28, 'NX_0_R_tra': 4.970657318825148, 'NX_0_ctr': '0.94141', 'NX_0_CV': '0.00240', 'NX_0_CV_turn': '0.01515', 'NX_0_Diversity': '0.81667', 'NX_0_Novelty': '2.20446', 'NX_0_ifeat_feat': 0.9450757575757576, 'NX_10_len_tra': 10.0, 'NX_10_R_tra': 8.77992887806553, 'NX_10_ctr': '0.87799', 'NX_10_CV': '0.00451', 'NX_10_CV_turn': '0.01500', 'NX_10_Diversity': '0.93922', 'NX_10_Novelty': '2.29818', 'NX_10_ifeat_feat': 0.772}]
[I 240115 22:58:33 loggers:84] Epoch: [46], Info: [{'num_test': 100, 'len_tra': 5.08, 'R_tra': 2.761431481065902, 'ctr': '0.54359', 'CV': '0.03066', 'CV_turn': '0.20079', 'Diversity': '0.66479', 'Novelty': '4.00160', 'ifeat_feat': 0.9212598425196851, 'NX_0_len_tra': 12.02, 'NX_0_R_tra': 10.83968344796907, 'NX_0_ctr': '0.90180', 'NX_0_CV': '0.00751', 'NX_0_CV_turn': '0.02080', 'NX_0_Diversity': '0.90820', 'NX_0_Novelty': '2.23255', 'NX_0_ifeat_feat': 0.8286189683860233, 'NX_10_len_tra': 10.0, 'NX_10_R_tra': 8.901641623717204, 'NX_10_ctr': '0.89016', 'NX_10_CV': '0.00451', 'NX_10_CV_turn': '0.01500', 'NX_10_Diversity': '0.93707', 'NX_10_Novelty': '2.26474', 'NX_10_ifeat_feat': 0.863}]
[I 240115 23:08:02 loggers:84] Epoch: [47], Info: [{'num_test': 100, 'len_tra': 5.58, 'R_tra': 3.5546778454544112, 'ctr': '0.63704', 'CV': '0.04268', 'CV_turn': '0.25448', 'Diversity': '0.69025', 'Novelty': '3.69308', 'ifeat_feat': 0.9301075268817204, 'NX_0_len_tra': 12.32, 'NX_0_R_tra': 11.604244320271267, 'NX_0_ctr': '0.94190', 'NX_0_CV': '0.00872', 'NX_0_CV_turn': '0.02354', 'NX_0_Diversity': '0.86854', 'NX_0_Novelty': '2.04627', 'NX_0_ifeat_feat': 0.8433441558441559, 'NX_10_len_tra': 10.0, 'NX_10_R_tra': 9.613906523511892, 'NX_10_ctr': '0.96139', 'NX_10_CV': '0.00661', 'NX_10_CV_turn': '0.02200', 'NX_10_Diversity': '0.88481', 'NX_10_Novelty': '1.96607', 'NX_10_ifeat_feat': 0.852}]
[I 240115 23:17:41 loggers:84] Epoch: [48], Info: [{'num_test': 100, 'len_tra': 4.63, 'R_tra': 2.8132569065869704, 'ctr': '0.60761', 'CV': '0.03607', 'CV_turn': '0.25918', 'Diversity': '0.63768', 'Novelty': '3.74427', 'ifeat_feat': 0.9395248380129589, 'NX_0_len_tra': 6.43, 'NX_0_R_tra': 6.544376620671635, 'NX_0_ctr': '1.01779', 'NX_0_CV': '0.00541', 'NX_0_CV_turn': '0.02799', 'NX_0_Diversity': '0.76560', 'NX_0_Novelty': '1.97943', 'NX_0_ifeat_feat': 0.9533437013996889, 'NX_10_len_tra': 10.0, 'NX_10_R_tra': 9.720781475307144, 'NX_10_ctr': '0.97208', 'NX_10_CV': '0.00541', 'NX_10_CV_turn': '0.01800', 'NX_10_Diversity': '0.82856', 'NX_10_Novelty': '2.07917', 'NX_10_ifeat_feat': 0.961}]
[I 240115 23:27:29 loggers:84] Epoch: [49], Info: [{'num_test': 100, 'len_tra': 4.26, 'R_tra': 2.774876955832489, 'ctr': '0.65138', 'CV': '0.03036', 'CV_turn': '0.23709', 'Diversity': '0.55247', 'Novelty': '3.01780', 'ifeat_feat': 0.9366197183098591, 'NX_0_len_tra': 13.01, 'NX_0_R_tra': 11.53711273685519, 'NX_0_ctr': '0.88679', 'NX_0_CV': '0.00601', 'NX_0_CV_turn': '0.01537', 'NX_0_Diversity': '0.92978', 'NX_0_Novelty': '2.19809', 'NX_0_ifeat_feat': 0.8324365872405841, 'NX_10_len_tra': 10.0, 'NX_10_R_tra': 8.636984213315978, 'NX_10_ctr': '0.86370', 'NX_10_CV': '0.00511', 'NX_10_CV_turn': '0.01700', 'NX_10_Diversity': '0.94407', 'NX_10_Novelty': '2.19436', 'NX_10_ifeat_feat': 0.838}]
[I 240115 23:36:34 loggers:84] Epoch: [50], Info: [{'num_test': 100, 'len_tra': 4.79, 'R_tra': 2.9370415016556914, 'ctr': '0.61316', 'CV': '0.04088', 'CV_turn': '0.28392', 'Diversity': '0.59850', 'Novelty': '3.64089', 'ifeat_feat': 0.9269311064718163, 'NX_0_len_tra': 11.22, 'NX_0_R_tra': 9.468708321052311, 'NX_0_ctr': '0.84391', 'NX_0_CV': '0.00691', 'NX_0_CV_turn': '0.02050', 'NX_0_Diversity': '0.94369', 'NX_0_Novelty': '2.50026', 'NX_0_ifeat_feat': 0.7005347593582888, 'NX_10_len_tra': 10.0, 'NX_10_R_tra': 8.94540297421622, 'NX_10_ctr': '0.89454', 'NX_10_CV': '0.00511', 'NX_10_CV_turn': '0.01700', 'NX_10_Diversity': '0.96041', 'NX_10_Novelty': '2.48682', 'NX_10_ifeat_feat': 0.679}]
[I 240115 23:46:14 loggers:84] Epoch: [51], Info: [{'num_test': 100, 'len_tra': 5.24, 'R_tra': 3.320276210910025, 'ctr': '0.63364', 'CV': '0.05050', 'CV_turn': '0.32061', 'Diversity': '0.66573', 'Novelty': '3.60305', 'ifeat_feat': 0.933206106870229, 'NX_0_len_tra': 9.44, 'NX_0_R_tra': 8.852618873961655, 'NX_0_ctr': '0.93778', 'NX_0_CV': '0.00571', 'NX_0_CV_turn': '0.02013', 'NX_0_Diversity': '0.90331', 'NX_0_Novelty': '3.33591', 'NX_0_ifeat_feat': 0.6716101694915254, 'NX_10_len_tra': 10.0, 'NX_10_R_tra': 9.991303962453978, 'NX_10_ctr': '0.99913', 'NX_10_CV': '0.00391', 'NX_10_CV_turn': '0.01300', 'NX_10_Diversity': '0.93967', 'NX_10_Novelty': '3.31825', 'NX_10_ifeat_feat': 0.672}]
[I 240115 23:56:16 loggers:84] Epoch: [52], Info: [{'num_test': 100, 'len_tra': 6.01, 'R_tra': 4.309526672826234, 'ctr': '0.71706', 'CV': '0.06132', 'CV_turn': '0.33943', 'Diversity': '0.70293', 'Novelty': '3.65575', 'ifeat_feat': 0.9151414309484193, 'NX_0_len_tra': 12.6, 'NX_0_R_tra': 13.246676976553326, 'NX_0_ctr': '1.05132', 'NX_0_CV': '0.00451', 'NX_0_CV_turn': '0.01190', 'NX_0_Diversity': '0.94903', 'NX_0_Novelty': '2.86064', 'NX_0_ifeat_feat': 0.7666666666666667, 'NX_10_len_tra': 10.0, 'NX_10_R_tra': 10.468877939320091, 'NX_10_ctr': '1.04689', 'NX_10_CV': '0.00421', 'NX_10_CV_turn': '0.01400', 'NX_10_Diversity': '0.95448', 'NX_10_Novelty': '2.88574', 'NX_10_ifeat_feat': 0.776}]
[I 240116 00:05:59 loggers:84] Epoch: [53], Info: [{'num_test': 100, 'len_tra': 5.39, 'R_tra': 3.5902690080576036, 'ctr': '0.66610', 'CV': '0.05651', 'CV_turn': '0.34879', 'Diversity': '0.65254', 'Novelty': '3.49630', 'ifeat_feat': 0.9313543599257885, 'NX_0_len_tra': 19.45, 'NX_0_R_tra': 20.238298516552973, 'NX_0_ctr': '1.04053', 'NX_0_CV': '0.00721', 'NX_0_CV_turn': '0.01234', 'NX_0_Diversity': '0.93475', 'NX_0_Novelty': '2.49989', 'NX_0_ifeat_feat': 0.8498714652956298, 'NX_10_len_tra': 10.0, 'NX_10_R_tra': 10.109046482069056, 'NX_10_ctr': '1.01090', 'NX_10_CV': '0.00451', 'NX_10_CV_turn': '0.01500', 'NX_10_Diversity': '0.95615', 'NX_10_Novelty': '3.08498', 'NX_10_ifeat_feat': 0.804}]
[I 240116 00:15:37 loggers:84] Epoch: [54], Info: [{'num_test': 100, 'len_tra': 6.2, 'R_tra': 4.241725119710491, 'ctr': '0.68415', 'CV': '0.06072', 'CV_turn': '0.32581', 'Diversity': '0.71529', 'Novelty': '3.61273', 'ifeat_feat': 0.896774193548387, 'NX_0_len_tra': 11.21, 'NX_0_R_tra': 11.022305323890247, 'NX_0_ctr': '0.98326', 'NX_0_CV': '0.00391', 'NX_0_CV_turn': '0.01160', 'NX_0_Diversity': '0.95906', 'NX_0_Novelty': '2.97241', 'NX_0_ifeat_feat': 0.6467439785905441, 'NX_10_len_tra': 10.0, 'NX_10_R_tra': 9.569052137782991, 'NX_10_ctr': '0.95691', 'NX_10_CV': '0.00361', 'NX_10_CV_turn': '0.01200', 'NX_10_Diversity': '0.97044', 'NX_10_Novelty': '3.10367', 'NX_10_ifeat_feat': 0.614}]
[I 240116 00:25:15 loggers:84] Epoch: [55], Info: [{'num_test': 100, 'len_tra': 5.96, 'R_tra': 4.235626700253132, 'ctr': '0.71068', 'CV': '0.05711', 'CV_turn': '0.31879', 'Diversity': '0.68695', 'Novelty': '3.38990', 'ifeat_feat': 0.9043624161073825, 'NX_0_len_tra': 10.95, 'NX_0_R_tra': 11.114300490936579, 'NX_0_ctr': '1.01500', 'NX_0_CV': '0.00421', 'NX_0_CV_turn': '0.01279', 'NX_0_Diversity': '0.95566', 'NX_0_Novelty': '2.98061', 'NX_0_ifeat_feat': 0.6374429223744292, 'NX_10_len_tra': 10.0, 'NX_10_R_tra': 10.070034366850397, 'NX_10_ctr': '1.00700', 'NX_10_CV': '0.00331', 'NX_10_CV_turn': '0.01100', 'NX_10_Diversity': '0.96993', 'NX_10_Novelty': '3.12024', 'NX_10_ifeat_feat': 0.6}]
[I 240116 00:35:18 loggers:84] Epoch: [56], Info: [{'num_test': 100, 'len_tra': 6.52, 'R_tra': 4.782426330528566, 'ctr': '0.73350', 'CV': '0.05651', 'CV_turn': '0.28834', 'Diversity': '0.73011', 'Novelty': '3.31135', 'ifeat_feat': 0.897239263803681, 'NX_0_len_tra': 11.01, 'NX_0_R_tra': 9.830576503934829, 'NX_0_ctr': '0.89288', 'NX_0_CV': '0.00451', 'NX_0_CV_turn': '0.01362', 'NX_0_Diversity': '0.94032', 'NX_0_Novelty': '2.59265', 'NX_0_ifeat_feat': 0.6821071752951862, 'NX_10_len_tra': 10.0, 'NX_10_R_tra': 8.8175569436615, 'NX_10_ctr': '0.88176', 'NX_10_CV': '0.00361', 'NX_10_CV_turn': '0.01200', 'NX_10_Diversity': '0.95430', 'NX_10_Novelty': '2.66186', 'NX_10_ifeat_feat': 0.653}]
[I 240116 00:45:02 loggers:84] Epoch: [57], Info: [{'num_test': 100, 'len_tra': 5.7, 'R_tra': 3.550652689737065, 'ctr': '0.62292', 'CV': '0.04989', 'CV_turn': '0.29123', 'Diversity': '0.71318', 'Novelty': '3.47535', 'ifeat_feat': 0.9298245614035088, 'NX_0_len_tra': 4.0, 'NX_0_R_tra': 3.134261788923841, 'NX_0_ctr': '0.78357', 'NX_0_CV': '0.00120', 'NX_0_CV_turn': '0.01000', 'NX_0_Diversity': '0.50000', 'NX_0_Novelty': '2.56785', 'NX_0_ifeat_feat': 0.75, 'NX_10_len_tra': 10.0, 'NX_10_R_tra': 9.46818411181871, 'NX_10_ctr': '0.94682', 'NX_10_CV': '0.00331', 'NX_10_CV_turn': '0.01100', 'NX_10_Diversity': '0.89659', 'NX_10_Novelty': '2.32084', 'NX_10_ifeat_feat': 0.7}]
[I 240116 00:54:57 loggers:84] Epoch: [58], Info: [{'num_test': 100, 'len_tra': 6.21, 'R_tra': 3.7340355985206766, 'ctr': '0.60129', 'CV': '0.04869', 'CV_turn': '0.26087', 'Diversity': '0.72582', 'Novelty': '3.72171', 'ifeat_feat': 0.9130434782608695, 'NX_0_len_tra': 5.0, 'NX_0_R_tra': 3.5685467722397526, 'NX_0_ctr': '0.71371', 'NX_0_CV': '0.00150', 'NX_0_CV_turn': '0.01000', 'NX_0_Diversity': '0.70000', 'NX_0_Novelty': '2.92562', 'NX_0_ifeat_feat': 0.8, 'NX_10_len_tra': 10.0, 'NX_10_R_tra': 6.892959912113518, 'NX_10_ctr': '0.68930', 'NX_10_CV': '0.00331', 'NX_10_CV_turn': '0.01100', 'NX_10_Diversity': '0.88085', 'NX_10_Novelty': '2.78910', 'NX_10_ifeat_feat': 0.801}]
[I 240116 01:04:45 loggers:84] Epoch: [59], Info: [{'num_test': 100, 'len_tra': 6.16, 'R_tra': 3.89862116887132, 'ctr': '0.63289', 'CV': '0.05020', 'CV_turn': '0.27110', 'Diversity': '0.74529', 'Novelty': '3.34853', 'ifeat_feat': 0.9285714285714286, 'NX_0_len_tra': 9.02, 'NX_0_R_tra': 8.232630266166943, 'NX_0_ctr': '0.91271', 'NX_0_CV': '0.00391', 'NX_0_CV_turn': '0.01441', 'NX_0_Diversity': '0.84803', 'NX_0_Novelty': '2.31301', 'NX_0_ifeat_feat': 0.8891352549889135, 'NX_10_len_tra': 10.0, 'NX_10_R_tra': 8.947111292238633, 'NX_10_ctr': '0.89471', 'NX_10_CV': '0.00391', 'NX_10_CV_turn': '0.01300', 'NX_10_Diversity': '0.85441', 'NX_10_Novelty': '2.38530', 'NX_10_ifeat_feat': 0.9}]
[I 240116 01:15:11 loggers:84] Epoch: [60], Info: [{'num_test': 100, 'len_tra': 5.35, 'R_tra': 3.1663238339908846, 'ctr': '0.59184', 'CV': '0.04088', 'CV_turn': '0.25421', 'Diversity': '0.67515', 'Novelty': '3.70315', 'ifeat_feat': 0.9065420560747663, 'NX_0_len_tra': 12.98, 'NX_0_R_tra': 11.541996619013755, 'NX_0_ctr': '0.88921', 'NX_0_CV': '0.00601', 'NX_0_CV_turn': '0.01541', 'NX_0_Diversity': '0.91165', 'NX_0_Novelty': '2.25681', 'NX_0_ifeat_feat': 0.6348228043143297, 'NX_10_len_tra': 10.0, 'NX_10_R_tra': 8.62654445558337, 'NX_10_ctr': '0.86265', 'NX_10_CV': '0.00391', 'NX_10_CV_turn': '0.01300', 'NX_10_Diversity': '0.93078', 'NX_10_Novelty': '2.35691', 'NX_10_ifeat_feat': 0.533}]
[I 240116 01:25:33 loggers:84] Epoch: [61], Info: [{'num_test': 100, 'len_tra': 5.83, 'R_tra': 3.536362013811135, 'ctr': '0.60658', 'CV': '0.04659', 'CV_turn': '0.26587', 'Diversity': '0.70128', 'Novelty': '3.80362', 'ifeat_feat': 0.9176672384219554, 'NX_0_len_tra': 4.04, 'NX_0_R_tra': 3.6457461222142626, 'NX_0_ctr': '0.90241', 'NX_0_CV': '0.00180', 'NX_0_CV_turn': '0.01485', 'NX_0_Diversity': '0.67200', 'NX_0_Novelty': '2.40795', 'NX_0_ifeat_feat': 0.745049504950495, 'NX_10_len_tra': 10.0, 'NX_10_R_tra': 9.499292254651188, 'NX_10_ctr': '0.94993', 'NX_10_CV': '0.00361', 'NX_10_CV_turn': '0.01200', 'NX_10_Diversity': '0.92244', 'NX_10_Novelty': '2.18040', 'NX_10_ifeat_feat': 0.6}]
[I 240116 01:35:38 loggers:84] Epoch: [62], Info: [{'num_test': 100, 'len_tra': 6.25, 'R_tra': 4.35198087645286, 'ctr': '0.69632', 'CV': '0.04599', 'CV_turn': '0.24480', 'Diversity': '0.75611', 'Novelty': '3.22057', 'ifeat_feat': 0.856, 'NX_0_len_tra': 12.49, 'NX_0_R_tra': 10.26053774866582, 'NX_0_ctr': '0.82150', 'NX_0_CV': '0.00421', 'NX_0_CV_turn': '0.01121', 'NX_0_Diversity': '0.92583', 'NX_0_Novelty': '2.26647', 'NX_0_ifeat_feat': 0.7598078462770216, 'NX_10_len_tra': 10.0, 'NX_10_R_tra': 8.359377529271859, 'NX_10_ctr': '0.83594', 'NX_10_CV': '0.00331', 'NX_10_CV_turn': '0.01100', 'NX_10_Diversity': '0.92578', 'NX_10_Novelty': '2.39664', 'NX_10_ifeat_feat': 0.7}]
[I 240116 01:46:25 loggers:84] Epoch: [63], Info: [{'num_test': 100, 'len_tra': 6.55, 'R_tra': 5.140698142749545, 'ctr': '0.78484', 'CV': '0.03937', 'CV_turn': '0.20000', 'Diversity': '0.78398', 'Novelty': '3.03881', 'ifeat_feat': 0.8274809160305343, 'NX_0_len_tra': 13.4, 'NX_0_R_tra': 12.148529187439715, 'NX_0_ctr': '0.90661', 'NX_0_CV': '0.00451', 'NX_0_CV_turn': '0.01119', 'NX_0_Diversity': '0.92599', 'NX_0_Novelty': '2.08870', 'NX_0_ifeat_feat': 0.7947761194029851, 'NX_10_len_tra': 10.0, 'NX_10_R_tra': 8.836873287717292, 'NX_10_ctr': '0.88369', 'NX_10_CV': '0.00391', 'NX_10_CV_turn': '0.01300', 'NX_10_Diversity': '0.93981', 'NX_10_Novelty': '2.01126', 'NX_10_ifeat_feat': 0.893}]
[I 240116 01:57:17 loggers:84] Epoch: [64], Info: [{'num_test': 100, 'len_tra': 6.69, 'R_tra': 4.965224886687698, 'ctr': '0.74219', 'CV': '0.03547', 'CV_turn': '0.17638', 'Diversity': '0.75382', 'Novelty': '3.06458', 'ifeat_feat': 0.757847533632287, 'NX_0_len_tra': 13.94, 'NX_0_R_tra': 11.590276766942718, 'NX_0_ctr': '0.83144', 'NX_0_CV': '0.00481', 'NX_0_CV_turn': '0.01148', 'NX_0_Diversity': '0.91164', 'NX_0_Novelty': '2.19330', 'NX_0_ifeat_feat': 0.8565279770444764, 'NX_10_len_tra': 10.0, 'NX_10_R_tra': 7.613651516388713, 'NX_10_ctr': '0.76137', 'NX_10_CV': '0.00361', 'NX_10_CV_turn': '0.01200', 'NX_10_Diversity': '0.91804', 'NX_10_Novelty': '2.41325', 'NX_10_ifeat_feat': 0.8}]
[I 240116 02:08:07 loggers:84] Epoch: [65], Info: [{'num_test': 100, 'len_tra': 7.49, 'R_tra': 5.552723216806095, 'ctr': '0.74135', 'CV': '0.03246', 'CV_turn': '0.14419', 'Diversity': '0.80971', 'Novelty': '2.73268', 'ifeat_feat': 0.8024032042723631, 'NX_0_len_tra': 10.09, 'NX_0_R_tra': 7.06162398067769, 'NX_0_ctr': '0.69986', 'NX_0_CV': '0.00391', 'NX_0_CV_turn': '0.01288', 'NX_0_Diversity': '0.91683', 'NX_0_Novelty': '2.53682', 'NX_0_ifeat_feat': 0.7879088206144698, 'NX_10_len_tra': 10.0, 'NX_10_R_tra': 7.0630465105344715, 'NX_10_ctr': '0.70630', 'NX_10_CV': '0.00331', 'NX_10_CV_turn': '0.01100', 'NX_10_Diversity': '0.91852', 'NX_10_Novelty': '2.53331', 'NX_10_ifeat_feat': 0.798}]
[I 240116 02:18:07 loggers:84] Epoch: [66], Info: [{'num_test': 100, 'len_tra': 7.16, 'R_tra': 5.6003220821413455, 'ctr': '0.78217', 'CV': '0.03427', 'CV_turn': '0.15922', 'Diversity': '0.81204', 'Novelty': '2.65427', 'ifeat_feat': 0.8519553072625698, 'NX_0_len_tra': 10.0, 'NX_0_R_tra': 7.379692284198935, 'NX_0_ctr': '0.73797', 'NX_0_CV': '0.00361', 'NX_0_CV_turn': '0.01200', 'NX_0_Diversity': '0.88889', 'NX_0_Novelty': '2.61001', 'NX_0_ifeat_feat': 0.9, 'NX_10_len_tra': 10.0, 'NX_10_R_tra': 7.40127894830266, 'NX_10_ctr': '0.74013', 'NX_10_CV': '0.00361', 'NX_10_CV_turn': '0.01200', 'NX_10_Diversity': '0.88889', 'NX_10_Novelty': '2.60862', 'NX_10_ifeat_feat': 0.901}]
[I 240116 02:28:42 loggers:84] Epoch: [67], Info: [{'num_test': 100, 'len_tra': 7.67, 'R_tra': 5.713173320284143, 'ctr': '0.74487', 'CV': '0.03036', 'CV_turn': '0.13168', 'Diversity': '0.79671', 'Novelty': '2.67611', 'ifeat_feat': 0.8683181225554107, 'NX_0_len_tra': 6.0, 'NX_0_R_tra': 4.015237013770046, 'NX_0_ctr': '0.66921', 'NX_0_CV': '0.00180', 'NX_0_CV_turn': '0.01000', 'NX_0_Diversity': '0.85556', 'NX_0_Novelty': '2.48815', 'NX_0_ifeat_feat': 1.0, 'NX_10_len_tra': 10.0, 'NX_10_R_tra': 6.835890142442748, 'NX_10_ctr': '0.68359', 'NX_10_CV': '0.00301', 'NX_10_CV_turn': '0.01000', 'NX_10_Diversity': '0.86296', 'NX_10_Novelty': '2.52882', 'NX_10_ifeat_feat': 0.8}]
[I 240116 02:39:06 loggers:84] Epoch: [68], Info: [{'num_test': 100, 'len_tra': 7.72, 'R_tra': 5.65738859058734, 'ctr': '0.73282', 'CV': '0.02765', 'CV_turn': '0.11917', 'Diversity': '0.79851', 'Novelty': '2.46944', 'ifeat_feat': 0.8756476683937824, 'NX_0_len_tra': 5.35, 'NX_0_R_tra': 3.3040681702451047, 'NX_0_ctr': '0.61758', 'NX_0_CV': '0.00180', 'NX_0_CV_turn': '0.01121', 'NX_0_Diversity': '0.84500', 'NX_0_Novelty': '2.56205', 'NX_0_ifeat_feat': 1.0, 'NX_10_len_tra': 10.0, 'NX_10_R_tra': 7.600593069108466, 'NX_10_ctr': '0.76006', 'NX_10_CV': '0.00301', 'NX_10_CV_turn': '0.01000', 'NX_10_Diversity': '0.93333', 'NX_10_Novelty': '2.35743', 'NX_10_ifeat_feat': 0.8}]
[I 240116 02:49:28 loggers:84] Epoch: [69], Info: [{'num_test': 100, 'len_tra': 8.41, 'R_tra': 6.566657543742589, 'ctr': '0.78082', 'CV': '0.02405', 'CV_turn': '0.09512', 'Diversity': '0.83765', 'Novelty': '2.41913', 'ifeat_feat': 0.8263971462544589, 'NX_0_len_tra': 11.0, 'NX_0_R_tra': 9.085816385752175, 'NX_0_ctr': '0.82598', 'NX_0_CV': '0.00331', 'NX_0_CV_turn': '0.01000', 'NX_0_Diversity': '0.90303', 'NX_0_Novelty': '2.30572', 'NX_0_ifeat_feat': 0.7272727272727273, 'NX_10_len_tra': 10.0, 'NX_10_R_tra': 7.589264135268657, 'NX_10_ctr': '0.75893', 'NX_10_CV': '0.00301', 'NX_10_CV_turn': '0.01000', 'NX_10_Diversity': '0.93704', 'NX_10_Novelty': '2.38490', 'NX_10_ifeat_feat': 0.7}]
[I 240116 02:59:38 loggers:84] Epoch: [70], Info: [{'num_test': 100, 'len_tra': 8.36, 'R_tra': 6.681138748752678, 'ctr': '0.79918', 'CV': '0.02465', 'CV_turn': '0.09809', 'Diversity': '0.81301', 'Novelty': '2.13965', 'ifeat_feat': 0.895933014354067, 'NX_0_len_tra': 11.0, 'NX_0_R_tra': 9.211168828855838, 'NX_0_ctr': '0.83738', 'NX_0_CV': '0.00331', 'NX_0_CV_turn': '0.01000', 'NX_0_Diversity': '0.92121', 'NX_0_Novelty': '2.15907', 'NX_0_ifeat_feat': 0.8181818181818182, 'NX_10_len_tra': 10.0, 'NX_10_R_tra': 8.05835894276742, 'NX_10_ctr': '0.80584', 'NX_10_CV': '0.00301', 'NX_10_CV_turn': '0.01000', 'NX_10_Diversity': '0.94815', 'NX_10_Novelty': '2.21276', 'NX_10_ifeat_feat': 0.8}]
[I 240116 03:09:40 loggers:84] Epoch: [71], Info: [{'num_test': 100, 'len_tra': 8.62, 'R_tra': 7.1430840783335325, 'ctr': '0.82866', 'CV': '0.02224', 'CV_turn': '0.08585', 'Diversity': '0.82581', 'Novelty': '2.04395', 'ifeat_feat': 0.8480278422273781, 'NX_0_len_tra': 15.0, 'NX_0_R_tra': 12.813650828937277, 'NX_0_ctr': '0.85424', 'NX_0_CV': '0.00451', 'NX_0_CV_turn': '0.01000', 'NX_0_Diversity': '0.92540', 'NX_0_Novelty': '2.06352', 'NX_0_ifeat_feat': 0.8, 'NX_10_len_tra': 10.0, 'NX_10_R_tra': 8.349391324010298, 'NX_10_ctr': '0.83494', 'NX_10_CV': '0.00301', 'NX_10_CV_turn': '0.01000', 'NX_10_Diversity': '0.92593', 'NX_10_Novelty': '2.14109', 'NX_10_ifeat_feat': 0.8}]
[I 240116 03:20:01 loggers:84] Epoch: [72], Info: [{'num_test': 100, 'len_tra': 9.69, 'R_tra': 8.40525758712929, 'ctr': '0.86742', 'CV': '0.02375', 'CV_turn': '0.08153', 'Diversity': '0.83327', 'Novelty': '2.34710', 'ifeat_feat': 0.7667698658410733, 'NX_0_len_tra': 12.06, 'NX_0_R_tra': 12.850757047507994, 'NX_0_ctr': '1.06557', 'NX_0_CV': '0.00511', 'NX_0_CV_turn': '0.01410', 'NX_0_Diversity': '0.95712', 'NX_0_Novelty': '1.86825', 'NX_0_ifeat_feat': 0.7512437810945274, 'NX_10_len_tra': 10.0, 'NX_10_R_tra': 10.690206700512848, 'NX_10_ctr': '1.06902', 'NX_10_CV': '0.00301', 'NX_10_CV_turn': '0.01000', 'NX_10_Diversity': '0.97778', 'NX_10_Novelty': '1.78424', 'NX_10_ifeat_feat': 0.7}]
[I 240116 03:30:26 loggers:84] Epoch: [73], Info: [{'num_test': 100, 'len_tra': 9.19, 'R_tra': 8.11407535162757, 'ctr': '0.88292', 'CV': '0.02705', 'CV_turn': '0.09793', 'Diversity': '0.82464', 'Novelty': '2.38801', 'ifeat_feat': 0.7682263329706203, 'NX_0_len_tra': 12.05, 'NX_0_R_tra': 12.538301694752722, 'NX_0_ctr': '1.04052', 'NX_0_CV': '0.00391', 'NX_0_CV_turn': '0.01079', 'NX_0_Diversity': '0.96414', 'NX_0_Novelty': '1.84757', 'NX_0_ifeat_feat': 0.7510373443983402, 'NX_10_len_tra': 10.0, 'NX_10_R_tra': 11.182399444315463, 'NX_10_ctr': '1.11824', 'NX_10_CV': '0.00331', 'NX_10_CV_turn': '0.01100', 'NX_10_Diversity': '0.97689', 'NX_10_Novelty': '1.76779', 'NX_10_ifeat_feat': 0.7}]
[I 240116 03:40:31 loggers:84] Epoch: [74], Info: [{'num_test': 100, 'len_tra': 8.37, 'R_tra': 7.291935270085687, 'ctr': '0.87120', 'CV': '0.02284', 'CV_turn': '0.09080', 'Diversity': '0.79653', 'Novelty': '2.21502', 'ifeat_feat': 0.8004778972520908, 'NX_0_len_tra': 16.18, 'NX_0_R_tra': 17.064458694314673, 'NX_0_ctr': '1.05466', 'NX_0_CV': '0.00661', 'NX_0_CV_turn': '0.01360', 'NX_0_Diversity': '0.94711', 'NX_0_Novelty': '1.83658', 'NX_0_ifeat_feat': 0.7911001236093943, 'NX_10_len_tra': 10.0, 'NX_10_R_tra': 10.742201655922752, 'NX_10_ctr': '1.07422', 'NX_10_CV': '0.00361', 'NX_10_CV_turn': '0.01200', 'NX_10_Diversity': '0.95633', 'NX_10_Novelty': '1.70840', 'NX_10_ifeat_feat': 0.7}]
[I 240116 03:50:45 loggers:84] Epoch: [75], Info: [{'num_test': 100, 'len_tra': 9.19, 'R_tra': 7.864757062258847, 'ctr': '0.85580', 'CV': '0.02976', 'CV_turn': '0.10773', 'Diversity': '0.82549', 'Novelty': '2.32204', 'ifeat_feat': 0.6463547334058759, 'NX_0_len_tra': 14.95, 'NX_0_R_tra': 14.614117896682735, 'NX_0_ctr': '0.97753', 'NX_0_CV': '0.00481', 'NX_0_CV_turn': '0.01070', 'NX_0_Diversity': '0.96495', 'NX_0_Novelty': '1.83810', 'NX_0_ifeat_feat': 0.6668896321070235, 'NX_10_len_tra': 10.0, 'NX_10_R_tra': 10.265365227795582, 'NX_10_ctr': '1.02654', 'NX_10_CV': '0.00391', 'NX_10_CV_turn': '0.01300', 'NX_10_Diversity': '0.95944', 'NX_10_Novelty': '1.78322', 'NX_10_ifeat_feat': 0.699}]
[I 240116 04:00:28 loggers:84] Epoch: [76], Info: [{'num_test': 100, 'len_tra': 8.99, 'R_tra': 7.008751273105136, 'ctr': '0.77962', 'CV': '0.03036', 'CV_turn': '0.11235', 'Diversity': '0.81634', 'Novelty': '2.67237', 'ifeat_feat': 0.7363737486095662, 'NX_0_len_tra': 14.56, 'NX_0_R_tra': 13.71365089390907, 'NX_0_ctr': '0.94187', 'NX_0_CV': '0.00872', 'NX_0_CV_turn': '0.01992', 'NX_0_Diversity': '0.96134', 'NX_0_Novelty': '2.09789', 'NX_0_ifeat_feat': 0.7623626373626373, 'NX_10_len_tra': 10.0, 'NX_10_R_tra': 10.40964431215689, 'NX_10_ctr': '1.04096', 'NX_10_CV': '0.00421', 'NX_10_CV_turn': '0.01400', 'NX_10_Diversity': '0.97744', 'NX_10_Novelty': '1.79781', 'NX_10_ifeat_feat': 0.699}]
[I 240116 04:10:23 loggers:84] Epoch: [77], Info: [{'num_test': 100, 'len_tra': 9.22, 'R_tra': 7.530194745893, 'ctr': '0.81672', 'CV': '0.03396', 'CV_turn': '0.12256', 'Diversity': '0.82576', 'Novelty': '2.63147', 'ifeat_feat': 0.6973969631236443, 'NX_0_len_tra': 14.37, 'NX_0_R_tra': 14.03446169408432, 'NX_0_ctr': '0.97665', 'NX_0_CV': '0.00571', 'NX_0_CV_turn': '0.01322', 'NX_0_Diversity': '0.96282', 'NX_0_Novelty': '1.85204', 'NX_0_ifeat_feat': 0.7202505219206681, 'NX_10_len_tra': 10.0, 'NX_10_R_tra': 9.512849675730804, 'NX_10_ctr': '0.95128', 'NX_10_CV': '0.00391', 'NX_10_CV_turn': '0.01300', 'NX_10_Diversity': '0.97319', 'NX_10_Novelty': '1.90752', 'NX_10_ifeat_feat': 0.701}]
[I 240116 04:20:13 loggers:84] Epoch: [78], Info: [{'num_test': 100, 'len_tra': 9.58, 'R_tra': 7.470214214163953, 'ctr': '0.77977', 'CV': '0.03577', 'CV_turn': '0.12422', 'Diversity': '0.82255', 'Novelty': '2.68767', 'ifeat_feat': 0.7150313152400835, 'NX_0_len_tra': 20.41, 'NX_0_R_tra': 19.16271923393719, 'NX_0_ctr': '0.93889', 'NX_0_CV': '0.00872', 'NX_0_CV_turn': '0.01421', 'NX_0_Diversity': '0.94555', 'NX_0_Novelty': '2.21544', 'NX_0_ifeat_feat': 0.720235178833905, 'NX_10_len_tra': 10.0, 'NX_10_R_tra': 9.531586239918429, 'NX_10_ctr': '0.95316', 'NX_10_CV': '0.00511', 'NX_10_CV_turn': '0.01700', 'NX_10_Diversity': '0.95548', 'NX_10_Novelty': '2.25632', 'NX_10_ifeat_feat': 0.759}]
[I 240116 04:30:06 loggers:84] Epoch: [79], Info: [{'num_test': 100, 'len_tra': 9.51, 'R_tra': 7.539117395453357, 'ctr': '0.79276', 'CV': '0.03637', 'CV_turn': '0.12723', 'Diversity': '0.82562', 'Novelty': '2.45310', 'ifeat_feat': 0.6992639327024185, 'NX_0_len_tra': 15.37, 'NX_0_R_tra': 14.834586296591818, 'NX_0_ctr': '0.96517', 'NX_0_CV': '0.00571', 'NX_0_CV_turn': '0.01236', 'NX_0_Diversity': '0.95639', 'NX_0_Novelty': '1.86556', 'NX_0_ifeat_feat': 0.7495120364346128, 'NX_10_len_tra': 10.0, 'NX_10_R_tra': 10.650604696056549, 'NX_10_ctr': '1.06506', 'NX_10_CV': '0.00481', 'NX_10_CV_turn': '0.01600', 'NX_10_Diversity': '0.96530', 'NX_10_Novelty': '1.78812', 'NX_10_ifeat_feat': 0.7}]
[I 240116 04:39:45 loggers:84] Epoch: [80], Info: [{'num_test': 100, 'len_tra': 9.86, 'R_tra': 7.984222822521159, 'ctr': '0.80976', 'CV': '0.03937', 'CV_turn': '0.13286', 'Diversity': '0.83412', 'Novelty': '2.50841', 'ifeat_feat': 0.7677484787018256, 'NX_0_len_tra': 15.46, 'NX_0_R_tra': 14.633351829944852, 'NX_0_ctr': '0.94653', 'NX_0_CV': '0.00721', 'NX_0_CV_turn': '0.01552', 'NX_0_Diversity': '0.96046', 'NX_0_Novelty': '2.00586', 'NX_0_ifeat_feat': 0.7289780077619664, 'NX_10_len_tra': 10.0, 'NX_10_R_tra': 9.764009248619109, 'NX_10_ctr': '0.97640', 'NX_10_CV': '0.00571', 'NX_10_CV_turn': '0.01900', 'NX_10_Diversity': '0.97100', 'NX_10_Novelty': '2.16007', 'NX_10_ifeat_feat': 0.758}]
[I 240116 04:49:35 loggers:84] Epoch: [81], Info: [{'num_test': 100, 'len_tra': 9.58, 'R_tra': 7.920297247677151, 'ctr': '0.82675', 'CV': '0.03096', 'CV_turn': '0.10752', 'Diversity': '0.82626', 'Novelty': '2.47797', 'ifeat_feat': 0.7734864300626305, 'NX_0_len_tra': 15.32, 'NX_0_R_tra': 14.973669125050712, 'NX_0_ctr': '0.97739', 'NX_0_CV': '0.01022', 'NX_0_CV_turn': '0.02219', 'NX_0_Diversity': '0.96278', 'NX_0_Novelty': '1.95119', 'NX_0_ifeat_feat': 0.741514360313316, 'NX_10_len_tra': 10.0, 'NX_10_R_tra': 8.967455513985202, 'NX_10_ctr': '0.89675', 'NX_10_CV': '0.00511', 'NX_10_CV_turn': '0.01700', 'NX_10_Diversity': '0.98719', 'NX_10_Novelty': '2.07405', 'NX_10_ifeat_feat': 0.706}]
[I 240116 04:59:13 loggers:84] Epoch: [82], Info: [{'num_test': 100, 'len_tra': 9.41, 'R_tra': 7.841738191797805, 'ctr': '0.83334', 'CV': '0.03156', 'CV_turn': '0.11158', 'Diversity': '0.83083', 'Novelty': '2.25487', 'ifeat_feat': 0.720510095642933, 'NX_0_len_tra': 13.6, 'NX_0_R_tra': 14.106931106861543, 'NX_0_ctr': '1.03727', 'NX_0_CV': '0.00661', 'NX_0_CV_turn': '0.01618', 'NX_0_Diversity': '0.95836', 'NX_0_Novelty': '1.82565', 'NX_0_ifeat_feat': 0.6838235294117647, 'NX_10_len_tra': 10.0, 'NX_10_R_tra': 8.694169871635141, 'NX_10_ctr': '0.86942', 'NX_10_CV': '0.00361', 'NX_10_CV_turn': '0.01200', 'NX_10_Diversity': '0.98326', 'NX_10_Novelty': '1.95704', 'NX_10_ifeat_feat': 0.616}]
[I 240116 05:08:45 loggers:84] Epoch: [83], Info: [{'num_test': 100, 'len_tra': 9.22, 'R_tra': 7.005284393239392, 'ctr': '0.75979', 'CV': '0.03246', 'CV_turn': '0.11714', 'Diversity': '0.80776', 'Novelty': '2.24748', 'ifeat_feat': 0.745119305856833, 'NX_0_len_tra': 13.97, 'NX_0_R_tra': 14.053310217126135, 'NX_0_ctr': '1.00596', 'NX_0_CV': '0.00421', 'NX_0_CV_turn': '0.01002', 'NX_0_Diversity': '0.95612', 'NX_0_Novelty': '1.81284', 'NX_0_ifeat_feat': 0.7136721546170365, 'NX_10_len_tra': 10.0, 'NX_10_R_tra': 8.87374244716749, 'NX_10_ctr': '0.88737', 'NX_10_CV': '0.00361', 'NX_10_CV_turn': '0.01200', 'NX_10_Diversity': '0.98144', 'NX_10_Novelty': '1.96639', 'NX_10_ifeat_feat': 0.6}]
[I 240116 05:18:26 loggers:84] Epoch: [84], Info: [{'num_test': 100, 'len_tra': 9.86, 'R_tra': 8.492463346806696, 'ctr': '0.86130', 'CV': '0.03817', 'CV_turn': '0.12880', 'Diversity': '0.83272', 'Novelty': '2.27609', 'ifeat_feat': 0.6926977687626775, 'NX_0_len_tra': 19.78, 'NX_0_R_tra': 19.423630662089565, 'NX_0_ctr': '0.98198', 'NX_0_CV': '0.00902', 'NX_0_CV_turn': '0.01517', 'NX_0_Diversity': '0.95140', 'NX_0_Novelty': '2.03666', 'NX_0_ifeat_feat': 0.762891809908999, 'NX_10_len_tra': 10.0, 'NX_10_R_tra': 10.969658085908057, 'NX_10_ctr': '1.09697', 'NX_10_CV': '0.00391', 'NX_10_CV_turn': '0.01300', 'NX_10_Diversity': '0.96030', 'NX_10_Novelty': '1.86212', 'NX_10_ifeat_feat': 0.728}]
[I 240116 05:28:18 loggers:84] Epoch: [85], Info: [{'num_test': 100, 'len_tra': 9.45, 'R_tra': 7.904505989704495, 'ctr': '0.83646', 'CV': '0.04148', 'CV_turn': '0.14603', 'Diversity': '0.84252', 'Novelty': '2.25172', 'ifeat_feat': 0.7153439153439154, 'NX_0_len_tra': 24.18, 'NX_0_R_tra': 22.514829738292686, 'NX_0_ctr': '0.93113', 'NX_0_CV': '0.00902', 'NX_0_CV_turn': '0.01241', 'NX_0_Diversity': '0.94923', 'NX_0_Novelty': '2.12683', 'NX_0_ifeat_feat': 0.7762613730355666, 'NX_10_len_tra': 10.0, 'NX_10_R_tra': 10.927390082805044, 'NX_10_ctr': '1.09274', 'NX_10_CV': '0.00481', 'NX_10_CV_turn': '0.01600', 'NX_10_Diversity': '0.96148', 'NX_10_Novelty': '1.76176', 'NX_10_ifeat_feat': 0.718}]
[I 240116 05:38:16 loggers:84] Epoch: [86], Info: [{'num_test': 100, 'len_tra': 9.9, 'R_tra': 8.831922721736388, 'ctr': '0.89211', 'CV': '0.04689', 'CV_turn': '0.15758', 'Diversity': '0.85476', 'Novelty': '2.13756', 'ifeat_feat': 0.7191919191919192, 'NX_0_len_tra': 10.74, 'NX_0_R_tra': 11.88596283023145, 'NX_0_ctr': '1.10670', 'NX_0_CV': '0.00571', 'NX_0_CV_turn': '0.01769', 'NX_0_Diversity': '0.92871', 'NX_0_Novelty': '1.71005', 'NX_0_ifeat_feat': 0.8975791433891993, 'NX_10_len_tra': 10.0, 'NX_10_R_tra': 10.819855629827147, 'NX_10_ctr': '1.08199', 'NX_10_CV': '0.00421', 'NX_10_CV_turn': '0.01400', 'NX_10_Diversity': '0.94659', 'NX_10_Novelty': '1.62819', 'NX_10_ifeat_feat': 0.899}]
[I 240116 05:47:37 loggers:84] Epoch: [87], Info: [{'num_test': 100, 'len_tra': 10.19, 'R_tra': 9.15419836422534, 'ctr': '0.89835', 'CV': '0.05020', 'CV_turn': '0.16389', 'Diversity': '0.83467', 'Novelty': '2.33468', 'ifeat_feat': 0.7026496565260059, 'NX_0_len_tra': 15.38, 'NX_0_R_tra': 15.062566094654322, 'NX_0_ctr': '0.97936', 'NX_0_CV': '0.00721', 'NX_0_CV_turn': '0.01560', 'NX_0_Diversity': '0.92330', 'NX_0_Novelty': '2.22519', 'NX_0_ifeat_feat': 0.8875162548764629, 'NX_10_len_tra': 10.0, 'NX_10_R_tra': 11.204417876639738, 'NX_10_ctr': '1.12044', 'NX_10_CV': '0.00421', 'NX_10_CV_turn': '0.01400', 'NX_10_Diversity': '0.92559', 'NX_10_Novelty': '1.81695', 'NX_10_ifeat_feat': 0.9}]
[I 240116 05:57:25 loggers:84] Epoch: [88], Info: [{'num_test': 100, 'len_tra': 9.84, 'R_tra': 8.353334859018846, 'ctr': '0.84892', 'CV': '0.05260', 'CV_turn': '0.17785', 'Diversity': '0.85027', 'Novelty': '2.15356', 'ifeat_feat': 0.6910569105691057, 'NX_0_len_tra': 17.76, 'NX_0_R_tra': 17.63726865097803, 'NX_0_ctr': '0.99309', 'NX_0_CV': '0.00812', 'NX_0_CV_turn': '0.01520', 'NX_0_Diversity': '0.92618', 'NX_0_Novelty': '1.81908', 'NX_0_ifeat_feat': 0.8367117117117117, 'NX_10_len_tra': 10.0, 'NX_10_R_tra': 10.77509750581706, 'NX_10_ctr': '1.07751', 'NX_10_CV': '0.00451', 'NX_10_CV_turn': '0.01500', 'NX_10_Diversity': '0.89278', 'NX_10_Novelty': '1.73435', 'NX_10_ifeat_feat': 0.9}]
[I 240116 06:07:02 loggers:84] Epoch: [89], Info: [{'num_test': 100, 'len_tra': 10.23, 'R_tra': 9.056692549090068, 'ctr': '0.88531', 'CV': '0.05290', 'CV_turn': '0.17204', 'Diversity': '0.86378', 'Novelty': '2.14951', 'ifeat_feat': 0.7360703812316716, 'NX_0_len_tra': 10.12, 'NX_0_R_tra': 10.720073565768674, 'NX_0_ctr': '1.05930', 'NX_0_CV': '0.00451', 'NX_0_CV_turn': '0.01482', 'NX_0_Diversity': '0.92568', 'NX_0_Novelty': '1.78580', 'NX_0_ifeat_feat': 0.900197628458498, 'NX_10_len_tra': 10.0, 'NX_10_R_tra': 10.656503387931926, 'NX_10_ctr': '1.06565', 'NX_10_CV': '0.00451', 'NX_10_CV_turn': '0.01500', 'NX_10_Diversity': '0.92737', 'NX_10_Novelty': '1.79499', 'NX_10_ifeat_feat': 0.9}]
[I 240116 06:16:42 loggers:84] Epoch: [90], Info: [{'num_test': 100, 'len_tra': 9.46, 'R_tra': 8.220897624519294, 'ctr': '0.86902', 'CV': '0.06282', 'CV_turn': '0.22093', 'Diversity': '0.85690', 'Novelty': '2.18048', 'ifeat_feat': 0.7463002114164905, 'NX_0_len_tra': 10.71, 'NX_0_R_tra': 11.919659773676399, 'NX_0_ctr': '1.11295', 'NX_0_CV': '0.00361', 'NX_0_CV_turn': '0.01120', 'NX_0_Diversity': '0.89941', 'NX_0_Novelty': '1.74881', 'NX_0_ifeat_feat': 0.9066293183940243, 'NX_10_len_tra': 10.0, 'NX_10_R_tra': 10.639756526861333, 'NX_10_ctr': '1.06398', 'NX_10_CV': '0.00451', 'NX_10_CV_turn': '0.01500', 'NX_10_Diversity': '0.92563', 'NX_10_Novelty': '1.79029', 'NX_10_ifeat_feat': 0.899}]
[I 240116 06:27:31 loggers:84] Epoch: [91], Info: [{'num_test': 100, 'len_tra': 8.93, 'R_tra': 7.912856240732639, 'ctr': '0.88610', 'CV': '0.05230', 'CV_turn': '0.19485', 'Diversity': '0.83450', 'Novelty': '2.18897', 'ifeat_feat': 0.7637178051511758, 'NX_0_len_tra': 11.65, 'NX_0_R_tra': 11.96359146421351, 'NX_0_ctr': '1.02692', 'NX_0_CV': '0.00481', 'NX_0_CV_turn': '0.01373', 'NX_0_Diversity': '0.89130', 'NX_0_Novelty': '1.70144', 'NX_0_ifeat_feat': 0.8489270386266095, 'NX_10_len_tra': 10.0, 'NX_10_R_tra': 10.860097094841095, 'NX_10_ctr': '1.08601', 'NX_10_CV': '0.00361', 'NX_10_CV_turn': '0.01200', 'NX_10_Diversity': '0.95533', 'NX_10_Novelty': '1.59580', 'NX_10_ifeat_feat': 0.798}]
[I 240116 06:37:59 loggers:84] Epoch: [92], Info: [{'num_test': 100, 'len_tra': 9.28, 'R_tra': 8.531716868434371, 'ctr': '0.91937', 'CV': '0.05741', 'CV_turn': '0.20582', 'Diversity': '0.83124', 'Novelty': '2.21116', 'ifeat_feat': 0.7834051724137931, 'NX_0_len_tra': 15.33, 'NX_0_R_tra': 15.63052814696672, 'NX_0_ctr': '1.01960', 'NX_0_CV': '0.00601', 'NX_0_CV_turn': '0.01305', 'NX_0_Diversity': '0.93545', 'NX_0_Novelty': '1.76525', 'NX_0_ifeat_feat': 0.8147423352902805, 'NX_10_len_tra': 10.0, 'NX_10_R_tra': 10.838597178151506, 'NX_10_ctr': '1.08386', 'NX_10_CV': '0.00361', 'NX_10_CV_turn': '0.01200', 'NX_10_Diversity': '0.94356', 'NX_10_Novelty': '1.71439', 'NX_10_ifeat_feat': 0.8}]
[I 240116 06:48:20 loggers:84] Epoch: [93], Info: [{'num_test': 100, 'len_tra': 8.97, 'R_tra': 7.909659286732827, 'ctr': '0.88179', 'CV': '0.05591', 'CV_turn': '0.20736', 'Diversity': '0.83449', 'Novelty': '2.17496', 'ifeat_feat': 0.7736900780379041, 'NX_0_len_tra': 11.06, 'NX_0_R_tra': 11.6252644612378, 'NX_0_ctr': '1.05111', 'NX_0_CV': '0.00872', 'NX_0_CV_turn': '0.02622', 'NX_0_Diversity': '0.70837', 'NX_0_Novelty': '1.41492', 'NX_0_ifeat_feat': 0.6889692585895117, 'NX_10_len_tra': 10.0, 'NX_10_R_tra': 10.472400088199182, 'NX_10_ctr': '1.04724', 'NX_10_CV': '0.00571', 'NX_10_CV_turn': '0.01900', 'NX_10_Diversity': '0.89148', 'NX_10_Novelty': '1.61559', 'NX_10_ifeat_feat': 0.723}]
[I 240116 06:58:44 loggers:84] Epoch: [94], Info: [{'num_test': 100, 'len_tra': 9.45, 'R_tra': 8.760659971576251, 'ctr': '0.92705', 'CV': '0.05470', 'CV_turn': '0.19259', 'Diversity': '0.85144', 'Novelty': '2.17503', 'ifeat_feat': 0.801058201058201, 'NX_0_len_tra': 5.14, 'NX_0_R_tra': 6.111331793444432, 'NX_0_ctr': '1.18898', 'NX_0_CV': '0.00391', 'NX_0_CV_turn': '0.02529', 'NX_0_Diversity': '0.79792', 'NX_0_Novelty': '1.51666', 'NX_0_ifeat_feat': 0.7957198443579766, 'NX_10_len_tra': 10.0, 'NX_10_R_tra': 11.695411074938999, 'NX_10_ctr': '1.16954', 'NX_10_CV': '0.00361', 'NX_10_CV_turn': '0.01200', 'NX_10_Diversity': '0.94411', 'NX_10_Novelty': '1.55974', 'NX_10_ifeat_feat': 0.898}]
[I 240116 07:09:12 loggers:84] Epoch: [95], Info: [{'num_test': 100, 'len_tra': 8.66, 'R_tra': 7.7095013497399565, 'ctr': '0.89024', 'CV': '0.05170', 'CV_turn': '0.19861', 'Diversity': '0.84966', 'Novelty': '2.11486', 'ifeat_feat': 0.7782909930715936, 'NX_0_len_tra': 4.03, 'NX_0_R_tra': 5.060141098865369, 'NX_0_ctr': '1.25562', 'NX_0_CV': '0.00210', 'NX_0_CV_turn': '0.01737', 'NX_0_Diversity': '0.66810', 'NX_0_Novelty': '1.54265', 'NX_0_ifeat_feat': 0.749379652605459, 'NX_10_len_tra': 10.0, 'NX_10_R_tra': 10.561800357750444, 'NX_10_ctr': '1.05618', 'NX_10_CV': '0.00391', 'NX_10_CV_turn': '0.01300', 'NX_10_Diversity': '0.92233', 'NX_10_Novelty': '1.68777', 'NX_10_ifeat_feat': 0.698}]
[I 240116 07:19:38 loggers:84] Epoch: [96], Info: [{'num_test': 100, 'len_tra': 7.95, 'R_tra': 7.042750717518544, 'ctr': '0.88588', 'CV': '0.03937', 'CV_turn': '0.16478', 'Diversity': '0.80311', 'Novelty': '1.92888', 'ifeat_feat': 0.7987421383647799, 'NX_0_len_tra': 16.19, 'NX_0_R_tra': 16.229225518108912, 'NX_0_ctr': '1.00242', 'NX_0_CV': '0.00661', 'NX_0_CV_turn': '0.01359', 'NX_0_Diversity': '0.91005', 'NX_0_Novelty': '2.00369', 'NX_0_ifeat_feat': 0.7479925880172946, 'NX_10_len_tra': 10.0, 'NX_10_R_tra': 10.715624417662616, 'NX_10_ctr': '1.07156', 'NX_10_CV': '0.00541', 'NX_10_CV_turn': '0.01800', 'NX_10_Diversity': '0.91174', 'NX_10_Novelty': '1.85494', 'NX_10_ifeat_feat': 0.692}]
[I 240116 07:29:41 loggers:84] Epoch: [97], Info: [{'num_test': 100, 'len_tra': 7.61, 'R_tra': 7.153135176857894, 'ctr': '0.93997', 'CV': '0.03697', 'CV_turn': '0.16163', 'Diversity': '0.79479', 'Novelty': '1.94540', 'ifeat_feat': 0.8160315374507228, 'NX_0_len_tra': 13.3, 'NX_0_R_tra': 13.372318416493785, 'NX_0_ctr': '1.00544', 'NX_0_CV': '0.01052', 'NX_0_CV_turn': '0.02632', 'NX_0_Diversity': '0.93196', 'NX_0_Novelty': '2.01064', 'NX_0_ifeat_feat': 0.6548872180451127, 'NX_10_len_tra': 10.0, 'NX_10_R_tra': 10.792554258858809, 'NX_10_ctr': '1.07926', 'NX_10_CV': '0.00721', 'NX_10_CV_turn': '0.02400', 'NX_10_Diversity': '0.92200', 'NX_10_Novelty': '1.95463', 'NX_10_ifeat_feat': 0.606}]
[I 240116 07:39:47 loggers:84] Epoch: [98], Info: [{'num_test': 100, 'len_tra': 7.6, 'R_tra': 7.206348818919622, 'ctr': '0.94820', 'CV': '0.03787', 'CV_turn': '0.16579', 'Diversity': '0.79523', 'Novelty': '1.91079', 'ifeat_feat': 0.8381578947368421, 'NX_0_len_tra': 11.11, 'NX_0_R_tra': 12.152710028135532, 'NX_0_ctr': '1.09385', 'NX_0_CV': '0.00691', 'NX_0_CV_turn': '0.02070', 'NX_0_Diversity': '0.94976', 'NX_0_Novelty': '1.66522', 'NX_0_ifeat_feat': 0.7326732673267327, 'NX_10_len_tra': 10.0, 'NX_10_R_tra': 11.084277293608094, 'NX_10_ctr': '1.10843', 'NX_10_CV': '0.00421', 'NX_10_CV_turn': '0.01400', 'NX_10_Diversity': '0.95611', 'NX_10_Novelty': '1.66358', 'NX_10_ifeat_feat': 0.71}]
[I 240116 07:48:48 loggers:84] Epoch: [99], Info: [{'num_test': 100, 'len_tra': 7.39, 'R_tra': 6.682091263059106, 'ctr': '0.90421', 'CV': '0.04388', 'CV_turn': '0.19756', 'Diversity': '0.80573', 'Novelty': '2.17072', 'ifeat_feat': 0.8281461434370772, 'NX_0_len_tra': 11.12, 'NX_0_R_tra': 11.452405166032861, 'NX_0_ctr': '1.02989', 'NX_0_CV': '0.00511', 'NX_0_CV_turn': '0.01529', 'NX_0_Diversity': '0.95742', 'NX_0_Novelty': '1.68387', 'NX_0_ifeat_feat': 0.8183453237410072, 'NX_10_len_tra': 10.0, 'NX_10_R_tra': 10.654556720298858, 'NX_10_ctr': '1.06546', 'NX_10_CV': '0.00391', 'NX_10_CV_turn': '0.01300', 'NX_10_Diversity': '0.97015', 'NX_10_Novelty': '1.59021', 'NX_10_ifeat_feat': 0.799}]
[I 240116 07:56:47 loggers:84] Epoch: [100], Info: [{'num_test': 100, 'len_tra': 7.31, 'R_tra': 6.225048748500728, 'ctr': '0.85158', 'CV': '0.04809', 'CV_turn': '0.21888', 'Diversity': '0.79032', 'Novelty': '2.29345', 'ifeat_feat': 0.8084815321477428, 'NX_0_len_tra': 11.05, 'NX_0_R_tra': 11.762020923141456, 'NX_0_ctr': '1.06444', 'NX_0_CV': '0.00481', 'NX_0_CV_turn': '0.01448', 'NX_0_Diversity': '0.95754', 'NX_0_Novelty': '1.68251', 'NX_0_ifeat_feat': 0.8180995475113122, 'NX_10_len_tra': 10.0, 'NX_10_R_tra': 11.043266485787669, 'NX_10_ctr': '1.10433', 'NX_10_CV': '0.00301', 'NX_10_CV_turn': '0.01000', 'NX_10_Diversity': '0.97037', 'NX_10_Novelty': '1.59006', 'NX_10_ifeat_feat': 0.8}]
[I 240116 07:56:47 policy_utils:427] {'duration': '58980.54s', 'train_time/model': '55464.36s', 'test_step': 72117, 'test_episode': 10100, 'test_time': '236.94s', 'test_speed': '304.37 step/s', 'best_reward': 9.15419836422534, 'best_result': '9.15  5.06', 'train_step': 1000000, 'train_episode': 148147, 'train_time/collector': '3279.24s', 'train_speed': '17.02 step/s'}
